\BOOKMARK [1][-]{section.1}{\376\377\000I\000n\000s\000t\000a\000l\000l\000a\000t\000i\000o\000n}{}% 1
\BOOKMARK [2][-]{subsection.1.1}{\376\377\000I\000n\000s\000t\000a\000l\000l\000a\000t\000i\000o\000n\000\040\000v\000i\000a\000\040\000G\000i\000t\000H\000u\000b}{section.1}% 2
\BOOKMARK [1][-]{section.2}{\376\377\000Q\000u\000i\000c\000k\000\040\000S\000t\000a\000r\000t}{}% 3
\BOOKMARK [2][-]{subsection.2.1}{\376\377\000C\000r\000e\000a\000t\000e\000\040\000a\000n\000\040\000I\000n\000s\000t\000a\000n\000c\000e\000\040\000o\000f\000\040\000t\000h\000e\000\040\000A\000I\000.\000z\000y\000m\000e\000s\000\040\000c\000l\000a\000s\000s}{section.2}% 4
\BOOKMARK [2][-]{subsection.2.2}{\376\377\000S\000e\000t\000\040\000u\000p\000\040\000A\000I\000.\000z\000y\000m\000e\000s\000\040\000f\000o\000r\000\040\000d\000e\000s\000i\000g\000n}{section.2}% 5
\BOOKMARK [2][-]{subsection.2.3}{\376\377\000S\000u\000b\000m\000i\000t\000\040\000c\000o\000n\000t\000r\000o\000l\000l\000e\000r\000\040\000t\000o\000\040\000r\000u\000n\000\040\000A\000I\000.\000z\000y\000m\000e\000s}{section.2}% 6
\BOOKMARK [2][-]{subsection.2.4}{\376\377\000A\000n\000a\000l\000y\000s\000i\000s\000\040\000t\000o\000o\000l\000s\000\040\000t\000o\000\040\000c\000h\000e\000c\000k\000\040\000A\000I\000.\000z\000y\000m\000e\000s}{section.2}% 7
\BOOKMARK [2][-]{subsection.2.5}{\376\377\000E\000x\000t\000r\000a\000c\000t\000\040\000b\000e\000s\000t\000\040\000s\000t\000r\000u\000c\000t\000u\000r\000e\000s\000\040\000a\000f\000t\000e\000r\000\040\000A\000I\000.\000z\000y\000m\000e\000s\000\040\000r\000u\000n}{section.2}% 8
\BOOKMARK [1][-]{section.3}{\376\377\000A\000v\000a\000i\000l\000a\000b\000l\000e\000\040\000T\000o\000o\000l\000s}{}% 9
\BOOKMARK [2][-]{subsection.3.1}{\376\377\000P\000r\000o\000t\000e\000i\000n\000\040\000D\000e\000s\000i\000g\000n\000\040\000T\000o\000l\000l\000s}{section.3}% 10
\BOOKMARK [3][-]{subsubsection.3.1.1}{\376\377\000R\000o\000s\000e\000t\000t\000a}{subsection.3.1}% 11
\BOOKMARK [3][-]{subsubsection.3.1.2}{\376\377\000L\000i\000g\000a\000n\000d\000M\000P\000N\000N}{subsection.3.1}% 12
\BOOKMARK [3][-]{subsubsection.3.1.3}{\376\377\000S\000o\000l\000u\000b\000l\000e\000M\000P\000N\000N\000\040\000a\000n\000d\000\040\000P\000r\000o\000t\000e\000i\000n\000M\000P\000N\000N}{subsection.3.1}% 13
\BOOKMARK [2][-]{subsection.3.2}{\376\377\000S\000t\000r\000u\000c\000t\000u\000r\000e\000\040\000P\000r\000e\000d\000i\000c\000t\000i\000o\000n\000\040\000T\000o\000o\000l\000s}{section.3}% 14
\BOOKMARK [3][-]{subsubsection.3.2.1}{\376\377\000A\000l\000p\000h\000a\000F\000o\000l\000d\0003}{subsection.3.2}% 15
\BOOKMARK [3][-]{subsubsection.3.2.2}{\376\377\000E\000S\000M\000F\000o\000l\000d}{subsection.3.2}% 16
\BOOKMARK [3][-]{subsubsection.3.2.3}{\376\377\000A\000m\000b\000e\000r\000T\000o\000o\000l\000s}{subsection.3.2}% 17
\BOOKMARK [2][-]{subsection.3.3}{\376\377\000S\000c\000o\000r\000i\000n\000g\000\040\000T\000o\000o\000l\000s}{section.3}% 18
\BOOKMARK [3][-]{subsubsection.3.3.1}{\376\377\000F\000i\000e\000l\000d\000T\000o\000o\000l\000s}{subsection.3.3}% 19
\BOOKMARK [3][-]{subsubsection.3.3.2}{\376\377\000B\000i\000o\000D\000C}{subsection.3.3}% 20
\BOOKMARK [1][-]{section.4}{\376\377\000I\000n\000t\000r\000o\000d\000u\000c\000t\000i\000o\000n}{}% 21
\BOOKMARK [2][-]{subsection.4.1}{\376\377\000C\000o\000d\000i\000n\000g\000\040\000p\000h\000i\000l\000o\000s\000o\000p\000h\000y}{section.4}% 22
\BOOKMARK [2][-]{subsection.4.2}{\376\377\000B\000a\000s\000i\000c\000\040\000c\000o\000n\000c\000e\000p\000t\000s}{section.4}% 23
\BOOKMARK [3][-]{subsubsection.4.2.1}{\376\377\000E\000v\000o\000l\000u\000t\000i\000o\000n\000a\000r\000y\000\040\000"\000r\000o\000u\000n\000d\000s\000"\000\040\000i\000n\000\040\000A\000I\000.\000z\000y\000m\000e\000s}{subsection.4.2}% 24
\BOOKMARK [3][-]{subsubsection.4.2.2}{\376\377\000S\000c\000o\000r\000i\000n\000g\000\040\000m\000e\000t\000r\000i\000c\000s}{subsection.4.2}% 25
\BOOKMARK [3][-]{subsubsection.4.2.3}{\376\377\000S\000y\000s\000t\000e\000m\000\040\000s\000t\000a\000r\000t\000u\000p}{subsection.4.2}% 26
\BOOKMARK [3][-]{subsubsection.4.2.4}{\376\377\000C\000o\000n\000t\000r\000o\000l\000l\000e\000r}{subsection.4.2}% 27
\BOOKMARK [3][-]{subsubsection.4.2.5}{\376\377\000B\000o\000l\000t\000z\000m\000a\000n\000n\000\040\000s\000e\000l\000e\000c\000t\000i\000o\000n}{subsection.4.2}% 28
\BOOKMARK [3][-]{subsubsection.4.2.6}{\376\377\000D\000a\000t\000a\000b\000a\000s\000e}{subsection.4.2}% 29
\BOOKMARK [2][-]{subsection.4.3}{\376\377\000A\000v\000a\000i\000l\000a\000b\000l\000e\000\040\000M\000o\000d\000u\000l\000e\000s\000\040\000i\000n\000\040\000A\000I\000.\000z\000y\000m\000e\000s}{section.4}% 30
\BOOKMARK [3][-]{subsubsection.4.3.1}{\376\377\000D\000e\000s\000i\000g\000n\000\040\000w\000i\000t\000h\000\040\000R\000o\000s\000e\000t\000t\000a\000D\000e\000s\000i\000g\000n}{subsection.4.3}% 31
\BOOKMARK [3][-]{subsubsection.4.3.2}{\376\377\000D\000e\000s\000i\000g\000n\000\040\000u\000s\000i\000n\000g\000\040\000P\000r\000o\000t\000e\000i\000n\000M\000P\000N\000N}{subsection.4.3}% 32
\BOOKMARK [3][-]{subsubsection.4.3.3}{\376\377\000S\000t\000r\000u\000c\000t\000u\000r\000e\000\040\000p\000r\000e\000d\000i\000c\000t\000i\000o\000n\000\040\000w\000i\000t\000h\000\040\000E\000S\000M\000f\000o\000l\000d\000,\000\040\000R\000o\000s\000e\000t\000t\000a\000R\000e\000l\000a\000x\000\040\000a\000n\000d\000\040\000M\000D\000M\000i\000n}{subsection.4.3}% 33
\BOOKMARK [3][-]{subsubsection.4.3.4}{\376\377\000E\000l\000e\000c\000t\000r\000i\000c\000\040\000f\000i\000e\000l\000d\000\040\000c\000a\000l\000c\000u\000l\000a\000t\000i\000o\000n\000s}{subsection.4.3}% 34
\BOOKMARK [1][-]{section.5}{\376\377\000F\000u\000l\000l\000\040\000M\000a\000n\000u\000a\000l}{}% 35
\BOOKMARK [2][-]{subsection.5.1}{\376\377\000I\000n\000p\000u\000t\000\040\000p\000r\000e\000p\000e\000r\000a\000t\000i\000o\000n}{section.5}% 36
\BOOKMARK [3][-]{subsubsection.5.1.1}{\376\377\000I\000n\000p\000u\000t\000\040\000f\000i\000l\000e\000s\000\040\000f\000o\000r\000\040\000R\000o\000s\000e\000t\000t\000t\000a}{subsection.5.1}% 37
\BOOKMARK [3][-]{subsubsection.5.1.2}{\376\377\000I\000n\000p\000u\000t\000\040\000f\000i\000l\000e\000s\000\040\000A\000m\000b\000e\000r\000\040\000\050\000M\000D\000M\000i\000n\000,\000\040\000F\000i\000e\000l\000d\000T\000o\000o\000l\000s\000\051}{subsection.5.1}% 38
\BOOKMARK [2][-]{subsection.5.2}{\376\377\000C\000r\000e\000a\000t\000e\000\040\000a\000n\000\040\000I\000n\000s\000t\000a\000n\000c\000e\000\040\000o\000f\000\040\000t\000h\000e\000\040\000A\000I\000.\000z\000y\000m\000e\000s\000\040\000c\000l\000a\000s\000s}{section.5}% 39
\BOOKMARK [2][-]{subsection.5.3}{\376\377\000S\000e\000t\000\040\000u\000p\000\040\000A\000I\000.\000z\000y\000m\000e\000s\000\040\000f\000o\000r\000\040\000d\000e\000s\000i\000g\000n}{section.5}% 40
\BOOKMARK [3][-]{subsubsection.5.3.1}{\376\377\000G\000e\000n\000e\000r\000a\000l\000\040\000s\000e\000t\000t\000i\000n\000g\000s}{subsection.5.3}% 41
\BOOKMARK [3][-]{subsubsection.5.3.2}{\376\377\000G\000e\000n\000e\000r\000a\000l\000\040\000d\000e\000s\000i\000g\000n\000\040\000s\000e\000t\000t\000i\000n\000g\000s}{subsection.5.3}% 42
\BOOKMARK [3][-]{subsubsection.5.3.3}{\376\377\000R\000o\000s\000e\000t\000t\000a\000D\000e\000s\000i\000g\000n\000\040\000s\000e\000t\000t\000i\000n\000g\000s}{subsection.5.3}% 43
\BOOKMARK [3][-]{subsubsection.5.3.4}{\376\377\000R\000o\000s\000e\000t\000t\000a\000D\000R\000e\000l\000a\000x\000\040\000s\000e\000t\000t\000i\000n\000g\000s}{subsection.5.3}% 44
\BOOKMARK [3][-]{subsubsection.5.3.5}{\376\377\000P\000r\000o\000t\000e\000i\000n\000M\000P\000N\000N\000\040\000s\000e\000t\000t\000i\000n\000g\000s}{subsection.5.3}% 45
\BOOKMARK [3][-]{subsubsection.5.3.6}{\376\377\000A\000l\000p\000h\000a\000F\000o\000l\000d\0003\000\040\000s\000e\000t\000t\000i\000n\000g\000s}{subsection.5.3}% 46
\BOOKMARK [3][-]{subsubsection.5.3.7}{\376\377\000E\000S\000M\000F\000o\000l\000d\000\040\000s\000e\000t\000t\000i\000n\000g\000s}{subsection.5.3}% 47
\BOOKMARK [3][-]{subsubsection.5.3.8}{\376\377\000M\000D\000M\000i\000n\000\040\000s\000e\000t\000t\000i\000n\000g\000s}{subsection.5.3}% 48
\BOOKMARK [3][-]{subsubsection.5.3.9}{\376\377\000E\000l\000e\000c\000t\000r\000i\000c\000\040\000F\000i\000e\000l\000d\000\040\000s\000e\000t\000t\000i\000n\000g\000s}{subsection.5.3}% 49
\BOOKMARK [3][-]{subsubsection.5.3.10}{\376\377\000B\000i\000o\000D\000C\000\040\000s\000e\000t\000t\000i\000n\000g\000s}{subsection.5.3}% 50
\BOOKMARK [2][-]{subsection.5.4}{\376\377\000S\000u\000b\000m\000i\000t\000\040\000c\000o\000n\000t\000r\000o\000l\000l\000e\000r\000\040\000t\000o\000\040\000r\000u\000n\000\040\000A\000I\000.\000z\000y\000m\000e\000s}{section.5}% 51
\BOOKMARK [2][-]{subsection.5.5}{\376\377\000A\000n\000a\000l\000y\000s\000i\000s\000\040\000t\000o\000o\000l\000s\000\040\000t\000o\000\040\000c\000h\000e\000c\000k\000\040\000A\000I\000.\000z\000y\000m\000e\000s}{section.5}% 52
\BOOKMARK [2][-]{subsection.5.6}{\376\377\000E\000x\000t\000r\000a\000c\000t\000\040\000b\000e\000s\000t\000\040\000s\000t\000r\000u\000c\000t\000u\000r\000e\000s\000\040\000a\000f\000t\000e\000r\000\040\000A\000I\000.\000z\000y\000m\000e\000s\000\040\000r\000u\000n}{section.5}% 53
\BOOKMARK [1][-]{section.6}{\376\377\000C\000o\000d\000e}{}% 54
\BOOKMARK [2][-]{subsection.6.1}{\376\377\000d\000e\000s\000i\000g\000n\000\137\000A\000l\000p\000h\000a\000F\000o\000l\000d\0003\000.\000p\000y}{section.6}% 55
\BOOKMARK [3][-]{subsubsection.6.1.1}{\376\377\000s\000e\000q\000\137\000t\000o\000\137\000j\000s\000o\000n\000\050\000\051}{subsection.6.1}% 56
\BOOKMARK [3][-]{subsubsection.6.1.2}{\376\377\000p\000r\000e\000p\000a\000r\000e\000\137\000A\000l\000p\000h\000a\000F\000o\000l\000d\0003\000\137\000M\000S\000A\000\050\000\051}{subsection.6.1}% 57
\BOOKMARK [3][-]{subsubsection.6.1.3}{\376\377\000p\000r\000e\000p\000a\000r\000e\000\137\000A\000l\000p\000h\000a\000F\000o\000l\000d\0003\000\137\000I\000N\000F\000\050\000\051}{subsection.6.1}% 58
\BOOKMARK [2][-]{subsection.6.2}{\376\377\000d\000e\000s\000i\000g\000n\000\137\000E\000S\000M\000f\000o\000l\000d\000.\000p\000y}{section.6}% 59
\BOOKMARK [3][-]{subsubsection.6.2.1}{\376\377\000p\000r\000e\000p\000a\000r\000e\000\137\000E\000S\000M\000f\000o\000l\000d\000\050\000\051}{subsection.6.2}% 60
\BOOKMARK [2][-]{subsection.6.3}{\376\377\000d\000e\000s\000i\000g\000n\000\137\000m\000a\000t\000c\000h\000.\000p\000y}{section.6}% 61
\BOOKMARK [3][-]{subsubsection.6.3.1}{\376\377\000r\000u\000n\000\137\000R\000o\000s\000e\000t\000t\000a\000M\000a\000t\000c\000h\000\050\000\051}{subsection.6.3}% 62
\BOOKMARK [3][-]{subsubsection.6.3.2}{\376\377\000r\000u\000n\000\137\000M\000a\000t\000c\000h\000e\000r\000\050\000\051}{subsection.6.3}% 63
\BOOKMARK [3][-]{subsubsection.6.3.3}{\376\377\000r\000u\000n\000\137\000M\000a\000t\000c\000h\000e\000r\000\137\000a\000p\000o\000\050\000\051}{subsection.6.3}% 64
\BOOKMARK [3][-]{subsubsection.6.3.4}{\376\377\000s\000e\000p\000a\000r\000a\000t\000e\000\137\000m\000a\000t\000c\000h\000e\000s\000\050\000\051}{subsection.6.3}% 65
\BOOKMARK [2][-]{subsection.6.4}{\376\377\000d\000e\000s\000i\000g\000n\000\137\000M\000D\000M\000i\000n\000.\000p\000y}{section.6}% 66
\BOOKMARK [3][-]{subsubsection.6.4.1}{\376\377\000p\000r\000e\000p\000a\000r\000e\000\137\000M\000D\000M\000i\000n\000\050\000\051}{subsection.6.4}% 67
\BOOKMARK [2][-]{subsection.6.5}{\376\377\000d\000e\000s\000i\000g\000n\000\137\000M\000P\000N\000N\000.\000p\000y}{section.6}% 68
\BOOKMARK [3][-]{subsubsection.6.5.1}{\376\377\000p\000r\000e\000p\000a\000r\000e\000\137\000L\000i\000g\000a\000n\000d\000M\000P\000N\000N\000\050\000\051}{subsection.6.5}% 69
\BOOKMARK [3][-]{subsubsection.6.5.2}{\376\377\000p\000r\000e\000p\000a\000r\000e\000\137\000P\000r\000o\000t\000e\000i\000n\000M\000P\000N\000N\000\050\000\051}{subsection.6.5}% 70
\BOOKMARK [3][-]{subsubsection.6.5.3}{\376\377\000p\000r\000e\000p\000a\000r\000e\000\137\000S\000o\000l\000u\000b\000l\000e\000M\000P\000N\000N\000\050\000\051}{subsection.6.5}% 71
\BOOKMARK [3][-]{subsubsection.6.5.4}{\376\377\000m\000a\000k\000e\000\137\000b\000i\000a\000s\000\137\000d\000i\000c\000t\000\050\000\051}{subsection.6.5}% 72
\BOOKMARK [3][-]{subsubsection.6.5.5}{\376\377\000P\000r\000o\000t\000e\000i\000n\000M\000P\000N\000N\000\137\000c\000h\000e\000c\000k\000\050\000\051}{subsection.6.5}% 73
\BOOKMARK [3][-]{subsubsection.6.5.6}{\376\377\000L\000i\000g\000a\000n\000d\000M\000P\000N\000N\000\137\000c\000h\000e\000c\000k\000\050\000\051}{subsection.6.5}% 74
\BOOKMARK [2][-]{subsection.6.6}{\376\377\000d\000e\000s\000i\000g\000n\000\137\000R\000o\000s\000e\000t\000t\000a\000D\000e\000s\000i\000g\000n\000.\000p\000y}{section.6}% 75
\BOOKMARK [3][-]{subsubsection.6.6.1}{\376\377\000p\000r\000e\000p\000a\000r\000e\000\137\000R\000o\000s\000e\000t\000t\000a\000D\000e\000s\000i\000g\000n\000\050\000\051}{subsection.6.6}% 76
\BOOKMARK [2][-]{subsection.6.7}{\376\377\000d\000e\000s\000i\000g\000n\000\137\000R\000o\000s\000e\000t\000t\000a\000R\000e\000l\000a\000x\000.\000p\000y}{section.6}% 77
\BOOKMARK [3][-]{subsubsection.6.7.1}{\376\377\000p\000r\000e\000p\000a\000r\000e\000\137\000R\000o\000s\000e\000t\000t\000a\000R\000e\000l\000a\000x\000\050\000\051}{subsection.6.7}% 78
\BOOKMARK [2][-]{subsection.6.8}{\376\377\000h\000e\000l\000p\000e\000r\000.\000p\000y}{section.6}% 79
\BOOKMARK [3][-]{subsubsection.6.8.1}{\376\377\000n\000o\000r\000m\000a\000l\000i\000z\000e\000\137\000s\000c\000o\000r\000e\000s\000\050\000\051}{subsection.6.8}% 80
\BOOKMARK [3][-]{subsubsection.6.8.2}{\376\377\000o\000n\000e\000\137\000t\000o\000\137\000t\000h\000r\000e\000e\000\137\000l\000e\000t\000t\000e\000r\000\137\000a\000a\000\050\000\051}{subsection.6.8}% 81
\BOOKMARK [3][-]{subsubsection.6.8.3}{\376\377\000r\000u\000n\000\137\000c\000o\000m\000m\000a\000n\000d\000\050\000\051}{subsection.6.8}% 82
\BOOKMARK [3][-]{subsubsection.6.8.4}{\376\377\000l\000o\000a\000d\000\137\000m\000a\000i\000n\000\137\000v\000a\000r\000i\000a\000b\000l\000e\000s\000\050\000\051}{subsection.6.8}% 83
\BOOKMARK [3][-]{subsubsection.6.8.5}{\376\377\000s\000a\000v\000e\000\137\000m\000a\000i\000n\000\137\000v\000a\000r\000i\000a\000b\000l\000e\000s\000\050\000\051}{subsection.6.8}% 84
\BOOKMARK [3][-]{subsubsection.6.8.6}{\376\377\000s\000e\000q\000u\000e\000n\000c\000e\000\137\000f\000r\000o\000m\000\137\000p\000d\000b\000\050\000\051}{subsection.6.8}% 85
\BOOKMARK [3][-]{subsubsection.6.8.7}{\376\377\000g\000e\000n\000e\000r\000a\000t\000e\000\137\000r\000e\000m\000a\000r\000k\000\137\000f\000r\000o\000m\000\137\000a\000l\000l\000\137\000s\000c\000o\000r\000e\000s\000\137\000d\000f\000\050\000\051}{subsection.6.8}% 86
\BOOKMARK [3][-]{subsubsection.6.8.8}{\376\377\000s\000a\000v\000e\000\137\000c\000a\000t\000\137\000r\000e\000s\000\137\000i\000n\000t\000o\000\137\000a\000l\000l\000\137\000s\000c\000o\000r\000e\000s\000\137\000d\000f\000\050\000\051}{subsection.6.8}% 87
\BOOKMARK [3][-]{subsubsection.6.8.9}{\376\377\000r\000e\000s\000e\000t\000\137\000t\000o\000\137\000a\000f\000t\000e\000r\000\137\000p\000a\000r\000e\000n\000t\000\137\000d\000e\000s\000i\000g\000n\000\050\000\051}{subsection.6.8}% 88
\BOOKMARK [3][-]{subsubsection.6.8.10}{\376\377\000r\000e\000s\000e\000t\000\137\000t\000o\000\137\000a\000f\000t\000e\000r\000\137\000i\000n\000d\000e\000x\000\050\000\051}{subsection.6.8}% 89
\BOOKMARK [3][-]{subsubsection.6.8.11}{\376\377\000s\000a\000v\000e\000\137\000a\000l\000l\000\137\000s\000c\000o\000r\000e\000s\000\137\000d\000f\000\050\000\051}{subsection.6.8}% 90
\BOOKMARK [3][-]{subsubsection.6.8.12}{\376\377\000s\000a\000v\000e\000\137\000r\000e\000s\000o\000u\000r\000c\000e\000\137\000l\000o\000g\000\137\000d\000f\000\050\000\051}{subsection.6.8}% 91
\BOOKMARK [3][-]{subsubsection.6.8.13}{\376\377\000g\000e\000t\000\137\000b\000e\000s\000t\000\137\000s\000t\000r\000u\000c\000t\000u\000r\000e\000s\000\050\000\051}{subsection.6.8}% 92
\BOOKMARK [3][-]{subsubsection.6.8.14}{\376\377\000r\000e\000m\000o\000v\000e\000\137\000i\000n\000t\000e\000r\000s\000e\000c\000t\000i\000o\000n\000\137\000b\000e\000s\000t\000\137\000s\000t\000r\000u\000c\000t\000u\000r\000e\000s\000\050\000\051}{subsection.6.8}% 93
\BOOKMARK [3][-]{subsubsection.6.8.15}{\376\377\000t\000r\000a\000c\000e\000\137\000m\000u\000t\000a\000t\000i\000o\000n\000\137\000t\000r\000e\000e\000\050\000\051}{subsection.6.8}% 94
\BOOKMARK [3][-]{subsubsection.6.8.16}{\376\377\000w\000a\000i\000t\000\137\000f\000o\000r\000\137\000f\000i\000l\000e\000\050\000\051}{subsection.6.8}% 95
\BOOKMARK [3][-]{subsubsection.6.8.17}{\376\377\000h\000a\000m\000m\000i\000n\000g\000\137\000d\000i\000s\000t\000a\000n\000c\000e\000\050\000\051}{subsection.6.8}% 96
\BOOKMARK [3][-]{subsubsection.6.8.18}{\376\377\000e\000x\000p\000o\000n\000e\000n\000t\000i\000a\000l\000\137\000f\000u\000n\000c\000\050\000\051}{subsection.6.8}% 97
\BOOKMARK [3][-]{subsubsection.6.8.19}{\376\377\000c\000r\000e\000a\000t\000e\000\137\000n\000e\000w\000\137\000i\000n\000d\000e\000x\000\050\000\051}{subsection.6.8}% 98
\BOOKMARK [3][-]{subsubsection.6.8.20}{\376\377\000c\000o\000u\000n\000t\000\137\000m\000u\000t\000a\000t\000i\000o\000n\000s\000\050\000\051}{subsection.6.8}% 99
\BOOKMARK [3][-]{subsubsection.6.8.21}{\376\377\000p\000r\000i\000n\000t\000\137\000s\000t\000a\000t\000i\000s\000t\000i\000c\000s\000\137\000d\000f\000\050\000\051}{subsection.6.8}% 100
\BOOKMARK [3][-]{subsubsection.6.8.22}{\376\377\000n\000e\000g\000\137\000n\000o\000r\000m\000\137\000a\000r\000r\000a\000y\000\050\000\051}{subsection.6.8}% 101
\BOOKMARK [3][-]{subsubsection.6.8.23}{\376\377\000g\000e\000t\000\137\000m\000u\000t\000a\000t\000i\000o\000n\000s\000\050\000\051}{subsection.6.8}% 102
\BOOKMARK [3][-]{subsubsection.6.8.24}{\376\377\000c\000o\000u\000n\000t\000\137\000o\000f\000f\000s\000p\000r\000i\000n\000g\000\050\000\051}{subsection.6.8}% 103
\BOOKMARK [3][-]{subsubsection.6.8.25}{\376\377\000p\000l\000o\000t\000\137\000s\000c\000o\000r\000e\000s\000\050\000\051}{subsection.6.8}% 104
\BOOKMARK [3][-]{subsubsection.6.8.26}{\376\377\000g\000e\000t\000\137\000a\000c\000t\000i\000v\000e\000\137\000s\000i\000t\000e\000\137\000s\000e\000q\000u\000e\000n\000c\000e\000\050\000\051}{subsection.6.8}% 105
\BOOKMARK [2][-]{subsection.6.9}{\376\377\000m\000a\000i\000n\000\137\000d\000e\000s\000i\000g\000n\000.\000p\000y}{section.6}% 106
\BOOKMARK [3][-]{subsubsection.6.9.1}{\376\377\000r\000u\000n\000\137\000d\000e\000s\000i\000g\000n\000\050\000\051}{subsection.6.9}% 107
\BOOKMARK [2][-]{subsection.6.10}{\376\377\000m\000a\000i\000n\000\137\000r\000u\000n\000n\000i\000n\000g\000.\000p\000y}{section.6}% 108
\BOOKMARK [3][-]{subsubsection.6.10.1}{\376\377\000s\000t\000a\000r\000t\000\137\000c\000o\000n\000t\000r\000o\000l\000l\000e\000r\000\050\000\051}{subsection.6.10}% 109
\BOOKMARK [3][-]{subsubsection.6.10.2}{\376\377\000s\000e\000l\000e\000c\000t\000\137\000s\000c\000h\000e\000d\000u\000l\000e\000d\000\137\000v\000a\000r\000i\000a\000n\000t\000\050\000\051}{subsection.6.10}% 110
\BOOKMARK [3][-]{subsubsection.6.10.3}{\376\377\000c\000h\000e\000c\000k\000\137\000r\000u\000n\000n\000i\000n\000g\000\137\000j\000o\000b\000s\000\050\000\051}{subsection.6.10}% 111
\BOOKMARK [3][-]{subsubsection.6.10.4}{\376\377\000u\000p\000d\000a\000t\000e\000\137\000p\000o\000t\000e\000n\000t\000i\000a\000l\000\050\000\051}{subsection.6.10}% 112
\BOOKMARK [3][-]{subsubsection.6.10.5}{\376\377\000u\000p\000d\000a\000t\000e\000\137\000s\000c\000o\000r\000e\000s\000\050\000\051}{subsection.6.10}% 113
\BOOKMARK [3][-]{subsubsection.6.10.6}{\376\377\000u\000p\000d\000a\000t\000e\000\137\000r\000e\000s\000o\000u\000r\000c\000e\000\137\000l\000o\000g\000\050\000\051}{subsection.6.10}% 114
\BOOKMARK [3][-]{subsubsection.6.10.7}{\376\377\000b\000o\000l\000t\000z\000m\000a\000n\000n\000\137\000s\000e\000l\000e\000c\000t\000i\000o\000n\000\050\000\051}{subsection.6.10}% 115
\BOOKMARK [3][-]{subsubsection.6.10.8}{\376\377\000s\000c\000h\000e\000d\000u\000l\000e\000\137\000d\000e\000s\000i\000g\000n\000\137\000m\000e\000t\000h\000o\000d\000\050\000\051}{subsection.6.10}% 116
\BOOKMARK [3][-]{subsubsection.6.10.9}{\376\377\000s\000t\000a\000r\000t\000\137\000c\000a\000l\000c\000u\000l\000a\000t\000i\000o\000n\000\050\000\051}{subsection.6.10}% 117
\BOOKMARK [2][-]{subsection.6.11}{\376\377\000m\000a\000i\000n\000\137\000s\000c\000r\000i\000p\000t\000s\000.\000p\000y}{section.6}% 118
\BOOKMARK [3][-]{subsubsection.6.11.1}{\376\377\000m\000a\000k\000e\000\137\000m\000a\000i\000n\000\137\000s\000c\000r\000i\000p\000t\000s\000\050\000\051}{subsection.6.11}% 119
\BOOKMARK [2][-]{subsection.6.12}{\376\377\000m\000a\000i\000n\000\137\000s\000t\000a\000r\000t\000u\000p\000.\000p\000y}{section.6}% 120
\BOOKMARK [3][-]{subsubsection.6.12.1}{\376\377\000s\000u\000b\000m\000i\000t\000\137\000c\000o\000n\000t\000r\000o\000l\000l\000e\000r\000\137\000p\000a\000r\000a\000l\000l\000e\000l\000\050\000\051}{subsection.6.12}% 121
\BOOKMARK [3][-]{subsubsection.6.12.2}{\376\377\000i\000n\000i\000t\000i\000a\000l\000i\000z\000e\000\137\000c\000o\000n\000t\000r\000o\000l\000l\000e\000r\000\050\000\051}{subsection.6.12}% 122
\BOOKMARK [3][-]{subsubsection.6.12.3}{\376\377\000p\000r\000e\000p\000a\000r\000e\000\137\000i\000n\000p\000u\000t\000\137\000f\000i\000l\000e\000s\000\050\000\051}{subsection.6.12}% 123
\BOOKMARK [3][-]{subsubsection.6.12.4}{\376\377\000i\000n\000i\000t\000i\000a\000l\000i\000z\000e\000\137\000v\000a\000r\000i\000a\000b\000l\000e\000s\000\050\000\051}{subsection.6.12}% 124
\BOOKMARK [3][-]{subsubsection.6.12.5}{\376\377\000i\000n\000i\000t\000i\000a\000l\000i\000z\000e\000\137\000l\000o\000g\000g\000i\000n\000g\000\050\000\051}{subsection.6.12}% 125
\BOOKMARK [3][-]{subsubsection.6.12.6}{\376\377\000c\000h\000e\000c\000k\000\137\000s\000e\000t\000t\000i\000n\000g\000s\000\050\000\051}{subsection.6.12}% 126
\BOOKMARK [3][-]{subsubsection.6.12.7}{\376\377\000a\000i\000z\000y\000m\000e\000s\000\137\000s\000e\000t\000u\000p\000\050\000\051}{subsection.6.12}% 127
\BOOKMARK [3][-]{subsubsection.6.12.8}{\376\377\000m\000a\000k\000e\000\137\000e\000m\000p\000t\000y\000\137\000a\000l\000l\000\137\000s\000c\000o\000r\000e\000s\000\137\000d\000f\000\050\000\051}{subsection.6.12}% 128
\BOOKMARK [3][-]{subsubsection.6.12.9}{\376\377\000m\000a\000k\000e\000\137\000e\000m\000p\000t\000y\000\137\000r\000e\000s\000o\000u\000r\000c\000e\000\137\000l\000o\000g\000\137\000d\000f\000\050\000\051}{subsection.6.12}% 129
\BOOKMARK [3][-]{subsubsection.6.12.10}{\376\377\000s\000c\000h\000e\000d\000l\000u\000e\000\137\000p\000a\000r\000e\000n\000t\000\137\000d\000e\000s\000i\000g\000n\000\050\000\051}{subsection.6.12}% 130
\BOOKMARK [2][-]{subsection.6.13}{\376\377\000p\000l\000o\000t\000t\000i\000n\000g\000.\000p\000y}{section.6}% 131
\BOOKMARK [3][-]{subsubsection.6.13.1}{\376\377\000m\000a\000k\000e\000\137\000p\000l\000o\000t\000s\000\050\000\051}{subsection.6.13}% 132
\BOOKMARK [3][-]{subsubsection.6.13.2}{\376\377\000l\000o\000a\000d\000\137\000p\000l\000o\000t\000\137\000s\000c\000o\000r\000e\000s\000\137\000d\000f\000\050\000\051}{subsection.6.13}% 133
\BOOKMARK [3][-]{subsubsection.6.13.3}{\376\377\000p\000l\000o\000t\000\137\000s\000t\000a\000t\000i\000s\000t\000i\000c\000s\000\050\000\051}{subsection.6.13}% 134
\BOOKMARK [3][-]{subsubsection.6.13.4}{\376\377\000p\000l\000o\000t\000\137\000s\000c\000o\000r\000e\000s\000\137\000h\000i\000s\000t\000\050\000\051}{subsection.6.13}% 135
\BOOKMARK [3][-]{subsubsection.6.13.5}{\376\377\000p\000l\000o\000t\000\137\000s\000c\000o\000r\000e\000s\000\137\000v\000\137\000i\000n\000d\000e\000x\000\050\000\051}{subsection.6.13}% 136
\BOOKMARK [3][-]{subsubsection.6.13.6}{\376\377\000p\000l\000o\000t\000\137\000s\000c\000o\000r\000e\000s\000\137\000v\000\137\000g\000e\000n\000e\000r\000a\000t\000i\000o\000n\000\050\000\051}{subsection.6.13}% 137
\BOOKMARK [3][-]{subsubsection.6.13.7}{\376\377\000p\000l\000o\000t\000\137\000m\000u\000t\000a\000t\000i\000o\000n\000s\000\137\000v\000\137\000g\000e\000n\000e\000r\000a\000t\000i\000o\000n\000\050\000\051}{subsection.6.13}% 138
\BOOKMARK [3][-]{subsubsection.6.13.8}{\376\377\000p\000r\000i\000n\000t\000\137\000v\000a\000l\000s\000\050\000\051}{subsection.6.13}% 139
\BOOKMARK [3][-]{subsubsection.6.13.9}{\376\377\000c\000o\000m\000b\000i\000n\000e\000\137\000i\000m\000a\000g\000e\000s\000\050\000\051}{subsection.6.13}% 140
\BOOKMARK [3][-]{subsubsection.6.13.10}{\376\377\000p\000l\000o\000t\000\137\000r\000e\000s\000o\000u\000r\000c\000e\000\137\000l\000o\000g\000\050\000\051}{subsection.6.13}% 141
\BOOKMARK [3][-]{subsubsection.6.13.11}{\376\377\000p\000l\000o\000t\000\137\000s\000c\000o\000r\000e\000\137\000v\000\137\000i\000n\000d\000e\000x\000\050\000\051}{subsection.6.13}% 142
\BOOKMARK [3][-]{subsubsection.6.13.12}{\376\377\000p\000l\000o\000t\000\137\000s\000c\000o\000r\000e\000\137\000h\000i\000s\000t\000\050\000\051}{subsection.6.13}% 143
\BOOKMARK [3][-]{subsubsection.6.13.13}{\376\377\000p\000l\000o\000t\000\137\000s\000c\000o\000r\000e\000\137\000v\000\137\000g\000e\000n\000e\000r\000a\000t\000i\000o\000n\000\137\000v\000i\000o\000l\000i\000n\000\050\000\051}{subsection.6.13}% 144
\BOOKMARK [2][-]{subsection.6.14}{\376\377\000p\000l\000o\000t\000t\000i\000n\000g\000\137\000t\000r\000e\000e\000.\000p\000y}{section.6}% 145
\BOOKMARK [3][-]{subsubsection.6.14.1}{\376\377\000p\000l\000o\000t\000\137\000t\000r\000e\000e\000\050\000\051}{subsection.6.14}% 146
\BOOKMARK [3][-]{subsubsection.6.14.2}{\376\377\000c\000a\000l\000c\000u\000l\000a\000t\000e\000\137\000s\000u\000b\000t\000r\000e\000e\000\137\000s\000i\000z\000e\000s\000\050\000\051}{subsection.6.14}% 147
\BOOKMARK [3][-]{subsubsection.6.14.3}{\376\377\000a\000s\000s\000i\000g\000n\000\137\000p\000o\000l\000a\000r\000\137\000p\000o\000s\000i\000t\000i\000o\000n\000s\000\050\000\051}{subsection.6.14}% 148
\BOOKMARK [3][-]{subsubsection.6.14.4}{\376\377\000a\000d\000j\000u\000s\000t\000\137\000u\000n\000i\000f\000o\000r\000m\000\137\000a\000n\000g\000l\000e\000s\000\050\000\051}{subsection.6.14}% 149
\BOOKMARK [3][-]{subsubsection.6.14.5}{\376\377\000p\000o\000l\000a\000r\000\137\000t\000o\000\137\000c\000a\000r\000t\000e\000s\000i\000a\000n\000\050\000\051}{subsection.6.14}% 150
\BOOKMARK [2][-]{subsection.6.15}{\376\377\000s\000c\000o\000r\000i\000n\000g\000\137\000B\000i\000o\000D\000C\000.\000p\000y}{section.6}% 151
\BOOKMARK [3][-]{subsubsection.6.15.1}{\376\377\000p\000r\000e\000p\000a\000r\000e\000\137\000B\000i\000o\000D\000C\000\050\000\051}{subsection.6.15}% 152
\BOOKMARK [3][-]{subsubsection.6.15.2}{\376\377\000g\000e\000t\000\137\000r\000e\000d\000o\000x\000\137\000s\000c\000o\000r\000e\000\050\000\051}{subsection.6.15}% 153
\BOOKMARK [3][-]{subsubsection.6.15.3}{\376\377\000B\000i\000o\000D\000C\000\137\000c\000h\000e\000c\000k\000\050\000\051}{subsection.6.15}% 154
\BOOKMARK [2][-]{subsection.6.16}{\376\377\000s\000c\000o\000r\000i\000n\000g\000\137\000e\000f\000i\000e\000l\000d\000s\000.\000p\000y}{section.6}% 155
\BOOKMARK [3][-]{subsubsection.6.16.1}{\376\377\000p\000r\000e\000p\000a\000r\000e\000\137\000e\000f\000i\000e\000l\000d\000s\000\050\000\051}{subsection.6.16}% 156
\BOOKMARK [3][-]{subsubsection.6.16.2}{\376\377\000g\000e\000t\000\137\000e\000f\000i\000e\000l\000d\000s\000\137\000s\000c\000o\000r\000e\000\050\000\051}{subsection.6.16}% 157
\BOOKMARK [3][-]{subsubsection.6.16.3}{\376\377\000u\000p\000d\000a\000t\000e\000\137\000e\000f\000i\000e\000l\000d\000s\000d\000f\000\050\000\051}{subsection.6.16}% 158
\BOOKMARK [2][-]{subsection.6.17}{\376\377\000s\000e\000t\000u\000p\000\137\000s\000y\000s\000t\000e\000m\000.\000p\000y}{section.6}% 159
\BOOKMARK [3][-]{subsubsection.6.17.1}{\376\377\000s\000e\000t\000\137\000s\000y\000s\000t\000e\000m\000\050\000\051}{subsection.6.17}% 160
\BOOKMARK [3][-]{subsubsection.6.17.2}{\376\377\000s\000u\000b\000m\000i\000t\000\137\000h\000e\000a\000d\000\050\000\051}{subsection.6.17}% 161
