2024-10-14 20:35:46 - DEBUG - Updating scores
2024-10-14 20:35:46 - DEBUG - Parent design not yet done. 1/10 jobs submitted.
2024-10-14 20:35:46 - DEBUG - Child index 0 created for Parent.
2024-10-14 20:39:00 - DEBUG - Updating scores
2024-10-14 20:39:00 - DEBUG - Parent design not yet done. 2/10 jobs submitted.
2024-10-14 20:39:00 - DEBUG - Child index 1 created for Parent.
2024-10-14 20:39:00 - DEBUG - An unexpected error occurred while tokenizing input
The following traceback may be corrupted or invalid
The error message is: ('EOF in multi-line string', (1, 0))

2024-10-14 20:43:04 - DEBUG - Updating scores
2024-10-14 20:43:04 - DEBUG - Parent design not yet done. 3/10 jobs submitted.
2024-10-14 20:43:04 - DEBUG - Child index 2 created for Parent.
2024-10-14 20:43:04 - DEBUG - Run RosettaDesign for index 2 based on index 2.
2024-10-14 20:43:04 - DEBUG - Your job 1636381 ("REF_RosettaDesign_2") has been submitted
2024-10-14 20:43:05 - DEBUG - Updating scores
2024-10-14 20:43:05 - DEBUG - Parent design not yet done. 4/10 jobs submitted.
2024-10-14 20:43:05 - DEBUG - Child index 3 created for Parent.
2024-10-14 20:43:05 - DEBUG - Run RosettaDesign for index 3 based on index 3.
2024-10-14 20:43:05 - DEBUG - Your job 1636382 ("REF_RosettaDesign_3") has been submitted
2024-10-14 20:43:05 - DEBUG - Updating scores
2024-10-14 20:43:05 - DEBUG - Parent design not yet done. 5/10 jobs submitted.
2024-10-14 20:43:05 - DEBUG - Child index 4 created for Parent.
2024-10-14 20:43:05 - DEBUG - Run RosettaDesign for index 4 based on index 4.
2024-10-14 20:43:05 - DEBUG - Your job 1636383 ("REF_RosettaDesign_4") has been submitted
2024-10-14 20:43:05 - DEBUG - Updating scores
2024-10-14 20:43:05 - DEBUG - Parent design not yet done. 6/10 jobs submitted.
2024-10-14 20:43:05 - DEBUG - Child index 5 created for Parent.
2024-10-14 20:43:05 - DEBUG - Run RosettaDesign for index 5 based on index 5.
2024-10-14 20:43:05 - DEBUG - Your job 1636384 ("REF_RosettaDesign_5") has been submitted
2024-10-14 20:43:05 - DEBUG - Updating scores
2024-10-14 20:43:05 - DEBUG - Parent design not yet done. 7/10 jobs submitted.
2024-10-14 20:43:05 - DEBUG - Child index 6 created for Parent.
2024-10-14 20:43:05 - DEBUG - Run RosettaDesign for index 6 based on index 6.
2024-10-14 20:43:05 - DEBUG - Your job 1636385 ("REF_RosettaDesign_6") has been submitted
2024-10-14 20:43:05 - DEBUG - Updating scores
2024-10-14 20:43:05 - DEBUG - Parent design not yet done. 8/10 jobs submitted.
2024-10-14 20:43:05 - DEBUG - Child index 7 created for Parent.
2024-10-14 20:43:05 - DEBUG - Run RosettaDesign for index 7 based on index 7.
2024-10-14 20:43:05 - DEBUG - Your job 1636386 ("REF_RosettaDesign_7") has been submitted
2024-10-14 20:43:05 - DEBUG - Updating scores
2024-10-14 20:43:05 - DEBUG - Parent design not yet done. 9/10 jobs submitted.
2024-10-14 20:43:06 - DEBUG - Child index 8 created for Parent.
2024-10-14 20:43:06 - DEBUG - Run RosettaDesign for index 8 based on index 8.
2024-10-14 20:43:06 - DEBUG - Your job 1636387 ("REF_RosettaDesign_8") has been submitted
2024-10-14 20:43:06 - DEBUG - Updating scores
2024-10-14 20:43:06 - DEBUG - Parent design not yet done. 10/10 jobs submitted.
2024-10-14 20:43:06 - DEBUG - Child index 9 created for Parent.
2024-10-14 20:43:06 - DEBUG - Run RosettaDesign for index 9 based on index 9.
2024-10-14 20:43:06 - DEBUG - Your job 1636388 ("REF_RosettaDesign_9") has been submitted
2024-10-14 20:43:06 - DEBUG - Updating scores
2024-10-14 20:43:06 - DEBUG - Updating scores
2024-10-14 20:43:06 - DEBUG - Updating scores
2024-10-14 20:43:06 - DEBUG - Updating scores
2024-10-14 20:43:06 - DEBUG - Updating scores
2024-10-14 20:43:07 - DEBUG - Updating scores
2024-10-14 20:43:07 - DEBUG - Updating scores
2024-10-14 20:43:07 - DEBUG - Updating scores
2024-10-14 20:43:07 - DEBUG - Updating scores
2024-10-14 20:43:07 - DEBUG - Updating scores
2024-10-14 20:43:07 - DEBUG - Updating scores
2024-10-14 20:43:08 - DEBUG - Updating scores
2024-10-14 20:43:08 - DEBUG - Updating scores
2024-10-14 20:43:08 - DEBUG - Updating scores
2024-10-14 20:43:08 - DEBUG - Updating scores
2024-10-14 20:43:08 - DEBUG - Updating scores
2024-10-14 20:43:08 - DEBUG - Updating scores
2024-10-14 20:43:08 - DEBUG - Updating scores
2024-10-14 20:43:08 - DEBUG - Updating scores
2024-10-14 20:43:09 - DEBUG - Updating scores
2024-10-14 20:43:09 - DEBUG - Updating scores
2024-10-14 20:43:09 - DEBUG - Updating scores
2024-10-14 20:43:09 - DEBUG - Updating scores
2024-10-14 20:43:09 - DEBUG - Updating scores
2024-10-14 20:43:09 - DEBUG - Updating scores
2024-10-14 20:43:09 - DEBUG - Updating scores
2024-10-14 20:43:10 - DEBUG - Updating scores
2024-10-14 20:43:10 - DEBUG - Updating scores
2024-10-14 20:43:10 - DEBUG - Updating scores
2024-10-14 20:43:10 - DEBUG - Updating scores
2024-10-14 20:43:10 - DEBUG - Updating scores
2024-10-14 20:43:10 - DEBUG - Updating scores
2024-10-14 20:43:10 - DEBUG - Updating scores
2024-10-14 20:43:11 - DEBUG - Updating scores
2024-10-14 20:43:11 - DEBUG - Updating scores
2024-10-14 20:43:11 - DEBUG - Updating scores
2024-10-14 20:43:11 - DEBUG - Updating scores
2024-10-14 20:43:11 - DEBUG - Updating scores
2024-10-14 20:43:11 - DEBUG - Updating scores
2024-10-14 20:43:11 - DEBUG - Updating scores
2024-10-14 20:43:12 - DEBUG - Updating scores
2024-10-14 20:43:12 - DEBUG - Updating scores
2024-10-14 20:43:12 - DEBUG - Updating scores
2024-10-14 20:43:12 - DEBUG - Updating scores
2024-10-14 20:43:12 - DEBUG - Updating scores
2024-10-14 20:43:12 - DEBUG - Updating scores
2024-10-14 20:43:12 - DEBUG - Updating scores
2024-10-14 20:43:12 - DEBUG - Updating scores
2024-10-14 20:43:13 - DEBUG - Updating scores
2024-10-14 20:43:13 - DEBUG - Updating scores
2024-10-14 20:43:13 - DEBUG - Updating scores
2024-10-14 20:43:13 - DEBUG - Updating scores
2024-10-14 20:43:13 - DEBUG - Updating scores
2024-10-14 20:43:13 - DEBUG - Updating scores
2024-10-14 20:43:13 - DEBUG - Updating scores
2024-10-14 20:43:14 - DEBUG - Updating scores
2024-10-14 20:43:14 - DEBUG - Updating scores
2024-10-14 20:43:14 - DEBUG - Updating scores
2024-10-14 20:43:14 - DEBUG - Updating scores
2024-10-14 20:43:14 - DEBUG - Updating scores
2024-10-14 20:43:14 - DEBUG - Updating scores
2024-10-14 20:43:14 - DEBUG - Updating scores
2024-10-14 20:43:15 - DEBUG - Updating scores
2024-10-14 20:43:15 - DEBUG - Updating scores
2024-10-14 20:43:15 - DEBUG - Updating scores
2024-10-14 20:43:15 - DEBUG - Updating scores
2024-10-14 20:43:15 - DEBUG - Updating scores
2024-10-14 20:43:15 - DEBUG - Updating scores
2024-10-14 20:43:15 - DEBUG - Updating scores
2024-10-14 20:43:16 - DEBUG - Updating scores
2024-10-14 20:43:16 - DEBUG - Updating scores
2024-10-14 20:43:16 - DEBUG - Updating scores
2024-10-14 20:43:16 - DEBUG - Updating scores
2024-10-14 20:43:16 - DEBUG - Updating scores
2024-10-14 20:43:16 - DEBUG - Updating scores
2024-10-14 20:43:16 - DEBUG - Updating scores
2024-10-14 20:43:17 - DEBUG - Updating scores
2024-10-14 20:43:17 - DEBUG - Updating scores
2024-10-14 20:43:17 - DEBUG - Updating scores
2024-10-14 20:43:17 - DEBUG - Updating scores
2024-10-14 20:43:17 - DEBUG - Updating scores
2024-10-14 20:43:17 - DEBUG - Updating scores
2024-10-14 20:43:17 - DEBUG - Updating scores
2024-10-14 20:43:18 - DEBUG - Updating scores
2024-10-14 20:43:18 - DEBUG - Updating scores
2024-10-14 20:43:18 - DEBUG - Updating scores
2024-10-14 20:43:18 - DEBUG - Updating scores
2024-10-14 20:43:18 - DEBUG - Updating scores
2024-10-14 20:43:18 - DEBUG - Updating scores
2024-10-14 20:43:18 - DEBUG - Updating scores
2024-10-14 20:43:19 - DEBUG - Updating scores
2024-10-14 20:43:19 - DEBUG - Updating scores
2024-10-14 20:43:19 - DEBUG - Updating scores
2024-10-14 20:43:19 - DEBUG - Updating scores
2024-10-14 20:43:19 - DEBUG - Updating scores
2024-10-14 20:43:19 - DEBUG - Updating scores
2024-10-14 20:43:19 - DEBUG - Updating scores
2024-10-14 20:43:20 - DEBUG - Updating scores
2024-10-14 20:43:20 - DEBUG - Updating scores
2024-10-14 20:43:20 - DEBUG - Updating scores
2024-10-14 20:43:20 - DEBUG - Updating scores
2024-10-14 20:43:20 - DEBUG - Updating scores
2024-10-14 20:43:20 - DEBUG - Updating scores
2024-10-14 20:43:20 - DEBUG - Updating scores
2024-10-14 20:43:20 - DEBUG - Updating scores
2024-10-14 20:43:21 - DEBUG - Updating scores
2024-10-14 20:43:21 - DEBUG - Updating scores
2024-10-14 20:43:21 - DEBUG - Updating scores
2024-10-14 20:43:21 - DEBUG - Updating scores
2024-10-14 20:43:22 - DEBUG - Updating scores
2024-10-14 20:43:22 - DEBUG - Updating scores
2024-10-14 20:43:22 - DEBUG - Updating scores
2024-10-14 20:43:22 - DEBUG - Updating scores
2024-10-14 20:43:22 - DEBUG - Updating scores
2024-10-14 20:43:22 - DEBUG - Updating scores
2024-10-14 20:43:23 - DEBUG - Updating scores
2024-10-14 20:43:23 - DEBUG - Updating scores
2024-10-14 20:43:23 - DEBUG - Updating scores
2024-10-14 20:43:24 - DEBUG - Updating scores
2024-10-14 20:43:24 - DEBUG - Updating scores
2024-10-14 20:43:24 - DEBUG - Updating scores
2024-10-14 20:43:24 - DEBUG - Updating scores
2024-10-14 20:43:25 - DEBUG - Updating scores
2024-10-14 20:43:25 - DEBUG - Updating scores
2024-10-14 20:43:25 - DEBUG - Updating scores
2024-10-14 20:43:25 - DEBUG - Updating scores
2024-10-14 20:43:26 - DEBUG - Updating scores
2024-10-14 20:43:26 - DEBUG - Updating scores
2024-10-14 20:43:26 - DEBUG - Updating scores
2024-10-14 20:43:26 - DEBUG - Updating scores
2024-10-14 20:43:26 - DEBUG - Updating scores
2024-10-14 20:43:26 - DEBUG - Updating scores
2024-10-14 20:43:26 - DEBUG - Updating scores
2024-10-14 20:43:27 - DEBUG - Updating scores
2024-10-14 20:43:27 - DEBUG - Updating scores
2024-10-14 20:43:27 - DEBUG - Updating scores
2024-10-14 20:43:27 - DEBUG - Updating scores
2024-10-14 20:43:27 - DEBUG - Updating scores
2024-10-14 20:43:27 - DEBUG - Updating scores
2024-10-14 20:43:27 - DEBUG - Updating scores
2024-10-14 20:43:28 - DEBUG - Updating scores
2024-10-14 20:43:28 - DEBUG - Updating scores
2024-10-14 20:43:28 - DEBUG - Updating scores
2024-10-14 20:43:28 - DEBUG - Updating scores
2024-10-14 20:43:28 - DEBUG - Updating scores
2024-10-14 20:43:28 - DEBUG - Updating scores
2024-10-14 20:43:28 - DEBUG - Updating scores
2024-10-14 20:43:29 - DEBUG - Updating scores
2024-10-14 20:43:29 - DEBUG - Updating scores
2024-10-14 20:43:29 - DEBUG - Updating scores
2024-10-14 20:43:29 - DEBUG - Updating scores
2024-10-14 20:43:29 - DEBUG - Updating scores
2024-10-14 20:43:29 - DEBUG - Updating scores
2024-10-14 20:43:29 - DEBUG - Updating scores
2024-10-14 20:43:30 - DEBUG - Updating scores
2024-10-14 20:43:30 - DEBUG - Updating scores
2024-10-14 20:43:30 - DEBUG - Updating scores
2024-10-14 20:43:30 - DEBUG - Updating scores
2024-10-14 20:43:30 - DEBUG - Updating scores
2024-10-14 20:43:30 - DEBUG - Updating scores
2024-10-14 20:43:31 - DEBUG - Updating scores
2024-10-14 20:43:31 - DEBUG - Updating scores
2024-10-14 20:43:31 - DEBUG - Updating scores
2024-10-14 20:43:31 - DEBUG - Updating scores
2024-10-14 20:43:31 - DEBUG - Updating scores
2024-10-14 20:43:31 - DEBUG - Updating scores
2024-10-14 20:43:31 - DEBUG - Updating scores
2024-10-14 20:43:32 - DEBUG - Updating scores
2024-10-14 20:43:32 - DEBUG - Updating scores
2024-10-14 20:43:32 - DEBUG - Updating scores
2024-10-14 20:43:32 - DEBUG - Updating scores
2024-10-14 20:43:32 - DEBUG - Updating scores
2024-10-14 20:43:32 - DEBUG - Updating scores
2024-10-14 20:43:32 - DEBUG - Updating scores
2024-10-14 20:43:33 - DEBUG - Updating scores
2024-10-14 20:43:33 - DEBUG - Updating scores
2024-10-14 20:43:33 - DEBUG - Updating scores
2024-10-14 20:43:33 - DEBUG - Updating scores
2024-10-14 20:43:33 - DEBUG - Updating scores
2024-10-14 20:43:33 - DEBUG - Updating scores
2024-10-14 20:43:34 - DEBUG - Updating scores
2024-10-14 20:43:34 - DEBUG - Updating scores
2024-10-14 20:43:34 - DEBUG - Updating scores
2024-10-14 20:43:34 - DEBUG - Updating scores
2024-10-14 20:43:34 - DEBUG - Updating scores
2024-10-14 20:43:34 - DEBUG - Updating scores
2024-10-14 20:43:34 - DEBUG - Updating scores
2024-10-14 20:43:35 - DEBUG - Updating scores
2024-10-14 20:43:35 - DEBUG - Updating scores
2024-10-14 20:43:35 - DEBUG - Updating scores
2024-10-14 20:43:35 - DEBUG - Updating scores
2024-10-14 20:43:35 - DEBUG - Updating scores
2024-10-14 20:43:35 - DEBUG - Updating scores
2024-10-14 20:43:35 - DEBUG - Updating scores
2024-10-14 20:43:36 - DEBUG - Updating scores
2024-10-14 20:43:36 - DEBUG - Updating scores
2024-10-14 20:43:36 - DEBUG - Updating scores
2024-10-14 20:43:36 - DEBUG - Updating scores
2024-10-14 20:43:36 - DEBUG - Updating scores
2024-10-14 20:43:36 - DEBUG - Updating scores
2024-10-14 20:43:36 - DEBUG - Updating scores
2024-10-14 20:43:36 - DEBUG - Updating scores
2024-10-14 20:43:37 - DEBUG - Updating scores
2024-10-14 20:43:37 - DEBUG - Updating scores
2024-10-14 20:43:37 - DEBUG - Updating scores
2024-10-14 20:43:37 - DEBUG - Updating scores
2024-10-14 20:43:37 - DEBUG - Updating scores
2024-10-14 20:43:37 - DEBUG - Updating scores
2024-10-14 20:43:37 - DEBUG - Updating scores
2024-10-14 20:43:38 - DEBUG - Updating scores
2024-10-14 20:43:38 - DEBUG - Updating scores
2024-10-14 20:43:38 - DEBUG - Updating scores
2024-10-14 20:43:38 - DEBUG - Updating scores
2024-10-14 20:43:38 - DEBUG - Updating scores
2024-10-14 20:43:38 - DEBUG - Updating scores
2024-10-14 20:43:38 - DEBUG - Updating scores
2024-10-14 20:43:39 - DEBUG - Updating scores
2024-10-14 20:43:39 - DEBUG - Updating scores
2024-10-14 20:43:39 - DEBUG - Updating scores
2024-10-14 20:43:39 - DEBUG - Updating scores
2024-10-14 20:43:39 - DEBUG - Updating scores
2024-10-14 20:43:39 - DEBUG - Updating scores
2024-10-14 20:43:39 - DEBUG - Updating scores
2024-10-14 20:43:40 - DEBUG - Updating scores
2024-10-14 20:43:40 - DEBUG - Updating scores
2024-10-14 20:43:40 - DEBUG - Updating scores
2024-10-14 20:43:40 - DEBUG - Updating scores
2024-10-14 20:43:40 - DEBUG - Updating scores
2024-10-14 20:43:40 - DEBUG - Updating scores
2024-10-14 20:43:40 - DEBUG - Updating scores
2024-10-14 20:43:41 - DEBUG - Updating scores
2024-10-14 20:43:41 - DEBUG - Updating scores
2024-10-14 20:43:41 - DEBUG - Updating scores
2024-10-14 20:43:41 - DEBUG - Updating scores
2024-10-14 20:43:41 - DEBUG - Updating scores
2024-10-14 20:43:41 - DEBUG - Updating scores
2024-10-14 20:43:41 - DEBUG - Updating scores
2024-10-14 20:43:42 - DEBUG - Updating scores
2024-10-14 20:43:42 - DEBUG - Updating scores
2024-10-14 20:43:42 - DEBUG - Updating scores
2024-10-14 20:43:42 - DEBUG - Updating scores
2024-10-14 20:43:42 - DEBUG - Updating scores
2024-10-14 20:43:42 - DEBUG - Updating scores
2024-10-14 20:43:42 - DEBUG - Updating scores
2024-10-14 20:43:43 - DEBUG - Updating scores
2024-10-14 20:43:43 - DEBUG - Updating scores
2024-10-14 20:43:43 - DEBUG - Updating scores
2024-10-14 20:43:43 - DEBUG - Updating scores
2024-10-14 20:43:43 - DEBUG - Updating scores
2024-10-14 20:43:43 - DEBUG - Updating scores
2024-10-14 20:43:43 - DEBUG - Updating scores
2024-10-14 20:43:43 - DEBUG - Updating scores
2024-10-14 20:43:44 - DEBUG - Updating scores
2024-10-14 20:43:44 - DEBUG - Updating scores
2024-10-14 20:43:44 - DEBUG - Updating scores
2024-10-14 20:43:44 - DEBUG - Updating scores
2024-10-14 20:43:44 - DEBUG - Updating scores
2024-10-14 20:43:44 - DEBUG - Updating scores
2024-10-14 20:43:44 - DEBUG - Updating scores
2024-10-14 20:43:45 - DEBUG - Updating scores
2024-10-14 20:43:45 - DEBUG - Updating scores
2024-10-14 20:43:45 - DEBUG - Updating scores
2024-10-14 20:43:45 - DEBUG - Updating scores
2024-10-14 20:43:45 - DEBUG - Updating scores
2024-10-14 20:43:45 - DEBUG - Updating scores
2024-10-14 20:43:45 - DEBUG - Updating scores
2024-10-14 20:43:46 - DEBUG - Updating scores
2024-10-14 20:43:46 - DEBUG - Updating scores
2024-10-14 20:43:46 - DEBUG - Updating scores
2024-10-14 20:43:46 - DEBUG - Updating scores
2024-10-14 20:43:46 - DEBUG - Updating scores
2024-10-14 20:43:46 - DEBUG - Updating scores
2024-10-14 20:43:46 - DEBUG - Updating scores
2024-10-14 20:43:47 - DEBUG - Updating scores
2024-10-14 20:43:47 - DEBUG - Updating scores
2024-10-14 20:43:47 - DEBUG - Updating scores
2024-10-14 20:43:47 - DEBUG - Updating scores
2024-10-14 20:43:47 - DEBUG - Updating scores
2024-10-14 20:43:47 - DEBUG - Updating scores
2024-10-14 20:43:47 - DEBUG - Updating scores
2024-10-14 20:43:48 - DEBUG - Updating scores
2024-10-14 20:43:48 - DEBUG - Updating scores
2024-10-14 20:43:48 - DEBUG - Updating scores
2024-10-14 20:43:48 - DEBUG - Updating scores
2024-10-14 20:43:48 - DEBUG - Updating scores
2024-10-14 20:43:48 - DEBUG - Updating scores
2024-10-14 20:43:48 - DEBUG - Updating scores
2024-10-14 20:43:49 - DEBUG - Updating scores
2024-10-14 20:43:49 - DEBUG - Updating scores
2024-10-14 20:43:49 - DEBUG - Updating scores
2024-10-14 20:43:49 - DEBUG - Updating scores
2024-10-14 20:43:49 - DEBUG - Updating scores
2024-10-14 20:43:49 - DEBUG - Updating scores
2024-10-14 20:43:49 - DEBUG - Updating scores
2024-10-14 20:43:50 - DEBUG - Updating scores
2024-10-14 20:43:50 - DEBUG - Updating scores
2024-10-14 20:43:50 - DEBUG - Updating scores
2024-10-14 20:43:50 - DEBUG - Updating scores
2024-10-14 20:43:50 - DEBUG - Updating scores
2024-10-14 20:43:50 - DEBUG - Updating scores
2024-10-14 20:43:50 - DEBUG - Updating scores
2024-10-14 20:43:51 - DEBUG - Updating scores
2024-10-14 20:43:51 - DEBUG - Updating scores
2024-10-14 20:43:51 - DEBUG - Updating scores
2024-10-14 20:43:51 - DEBUG - Updating scores
2024-10-14 20:43:51 - DEBUG - Updating scores
2024-10-14 20:43:51 - DEBUG - Updating scores
2024-10-14 20:43:51 - DEBUG - Updating scores
2024-10-14 20:43:51 - DEBUG - Updating scores
2024-10-14 20:43:52 - DEBUG - Updating scores
2024-10-14 20:43:52 - DEBUG - Updating scores
2024-10-14 20:43:52 - DEBUG - Updating scores
2024-10-14 20:43:52 - DEBUG - Updating scores
2024-10-14 20:43:52 - DEBUG - Updating scores
2024-10-14 20:43:52 - DEBUG - Updating scores
2024-10-14 20:43:52 - DEBUG - Updating scores
2024-10-14 20:43:53 - DEBUG - Updating scores
2024-10-14 20:43:53 - DEBUG - Updating scores
2024-10-14 20:43:53 - DEBUG - Updating scores
2024-10-14 20:43:53 - DEBUG - Updating scores
2024-10-14 20:43:53 - DEBUG - Updating scores
2024-10-14 20:43:53 - DEBUG - Updating scores
2024-10-14 20:43:53 - DEBUG - Updating scores
2024-10-14 20:43:54 - DEBUG - Updating scores
2024-10-14 20:43:54 - DEBUG - Updating scores
2024-10-14 20:43:54 - DEBUG - Updating scores
2024-10-14 20:43:54 - DEBUG - Updating scores
2024-10-14 20:43:54 - DEBUG - Updating scores
2024-10-14 20:43:54 - DEBUG - Updating scores
2024-10-14 20:43:55 - DEBUG - Updating scores
2024-10-14 20:43:55 - DEBUG - Updating scores
2024-10-14 20:43:55 - DEBUG - Updating scores
2024-10-14 20:43:55 - DEBUG - Updating scores
2024-10-14 20:43:55 - DEBUG - Updating scores
2024-10-14 20:43:55 - DEBUG - Updating scores
2024-10-14 20:43:55 - DEBUG - Updating scores
2024-10-14 20:43:55 - DEBUG - Updating scores
2024-10-14 20:43:56 - DEBUG - Updating scores
2024-10-14 20:43:56 - DEBUG - Updating scores
2024-10-14 20:43:56 - DEBUG - Updating scores
2024-10-14 20:43:56 - DEBUG - Updating scores
2024-10-14 20:43:56 - DEBUG - Updating scores
2024-10-14 20:43:56 - DEBUG - Updating scores
2024-10-14 20:43:57 - DEBUG - Updating scores
2024-10-14 20:43:57 - DEBUG - Updating scores
2024-10-14 20:43:57 - DEBUG - Updating scores
2024-10-14 20:43:57 - DEBUG - Updating scores
2024-10-14 20:43:57 - DEBUG - Updating scores
2024-10-14 20:43:57 - DEBUG - Updating scores
2024-10-14 20:43:57 - DEBUG - Updating scores
2024-10-14 20:43:57 - DEBUG - Updating scores
2024-10-14 20:43:58 - DEBUG - Updating scores
2024-10-14 20:43:58 - DEBUG - Updating scores
2024-10-14 20:43:58 - DEBUG - Updating scores
2024-10-14 20:43:58 - DEBUG - Updating scores
2024-10-14 20:43:58 - DEBUG - Updating scores
2024-10-14 20:43:58 - DEBUG - Updating scores
2024-10-14 20:43:58 - DEBUG - Updating scores
2024-10-14 20:43:59 - DEBUG - Updating scores
2024-10-14 20:43:59 - DEBUG - Updating scores
2024-10-14 20:43:59 - DEBUG - Updating scores
2024-10-14 20:43:59 - DEBUG - Updating scores
2024-10-14 20:43:59 - DEBUG - Updating scores
2024-10-14 20:43:59 - DEBUG - Updating scores
2024-10-14 20:43:59 - DEBUG - Updating scores
2024-10-14 20:44:00 - DEBUG - Updating scores
2024-10-14 20:44:00 - DEBUG - Updating scores
2024-10-14 20:44:00 - DEBUG - Updating scores
2024-10-14 20:44:00 - DEBUG - Updating scores
2024-10-14 20:44:00 - DEBUG - Updating scores
2024-10-14 20:44:00 - DEBUG - Updating scores
2024-10-14 20:44:00 - DEBUG - Updating scores
2024-10-14 20:44:01 - DEBUG - Updating scores
2024-10-14 20:44:01 - DEBUG - Updating scores
2024-10-14 20:44:01 - DEBUG - Updating scores
2024-10-14 20:44:01 - DEBUG - Updating scores
2024-10-14 20:44:01 - DEBUG - Updating scores
2024-10-14 20:44:01 - DEBUG - Updating scores
2024-10-14 20:44:01 - DEBUG - Updating scores
2024-10-14 20:44:02 - DEBUG - Updating scores
2024-10-14 20:44:02 - DEBUG - Updating scores
2024-10-14 20:44:02 - DEBUG - Updating scores
2024-10-14 20:44:02 - DEBUG - Updating scores
2024-10-14 20:44:02 - DEBUG - Updating scores
2024-10-14 20:44:02 - DEBUG - Updating scores
2024-10-14 20:44:02 - DEBUG - Updating scores
2024-10-14 20:44:03 - DEBUG - Updating scores
2024-10-14 20:44:03 - DEBUG - Updating scores
2024-10-14 20:44:03 - DEBUG - Updating scores
2024-10-14 20:44:03 - DEBUG - Updating scores
2024-10-14 20:44:03 - DEBUG - Updating scores
2024-10-14 20:44:03 - DEBUG - Updating scores
2024-10-14 20:44:03 - DEBUG - Updating scores
2024-10-14 20:44:04 - DEBUG - Updating scores
2024-10-14 20:44:04 - DEBUG - Updating scores
2024-10-14 20:44:04 - DEBUG - Updating scores
2024-10-14 20:44:04 - DEBUG - Updating scores
2024-10-14 20:44:04 - DEBUG - Updating scores
2024-10-14 20:44:04 - DEBUG - Updating scores
2024-10-14 20:44:04 - DEBUG - Updating scores
2024-10-14 20:44:05 - DEBUG - Updating scores
2024-10-14 20:44:05 - DEBUG - Updating scores
2024-10-14 20:44:05 - DEBUG - Updating scores
2024-10-14 20:44:05 - DEBUG - Updating scores
2024-10-14 20:44:05 - DEBUG - Updating scores
2024-10-14 20:44:05 - DEBUG - Updating scores
2024-10-14 20:44:05 - DEBUG - Updating scores
2024-10-14 20:44:06 - DEBUG - Updating scores
2024-10-14 20:44:06 - DEBUG - Updating scores
2024-10-14 20:44:06 - DEBUG - Updating scores
2024-10-14 20:44:06 - DEBUG - Updating scores
2024-10-14 20:44:06 - DEBUG - Updating scores
2024-10-14 20:44:06 - DEBUG - Updating scores
2024-10-14 20:44:06 - DEBUG - Updating scores
2024-10-14 20:44:07 - DEBUG - Updating scores
2024-10-14 20:44:07 - DEBUG - Updating scores
2024-10-14 20:44:07 - DEBUG - Updating scores
2024-10-14 20:44:07 - DEBUG - Updating scores
2024-10-14 20:44:07 - DEBUG - Updating scores
2024-10-14 20:44:07 - DEBUG - Updating scores
2024-10-14 20:44:07 - DEBUG - Updating scores
2024-10-14 20:44:07 - DEBUG - Updating scores
2024-10-14 20:44:08 - DEBUG - Updating scores
2024-10-14 20:44:08 - DEBUG - Updating scores
2024-10-14 20:44:08 - DEBUG - Updating scores
2024-10-14 20:44:08 - DEBUG - Updating scores
2024-10-14 20:44:08 - DEBUG - Updating scores
2024-10-14 20:44:08 - DEBUG - Updating scores
2024-10-14 20:44:08 - DEBUG - Updating scores
2024-10-14 20:44:09 - DEBUG - Updating scores
2024-10-14 20:44:09 - DEBUG - Updating scores
2024-10-14 20:44:09 - DEBUG - Updating scores
2024-10-14 20:44:09 - DEBUG - Updating scores
2024-10-14 20:44:09 - DEBUG - Updating scores
2024-10-14 20:44:09 - DEBUG - Updating scores
2024-10-14 20:44:09 - DEBUG - Updating scores
2024-10-14 20:44:10 - DEBUG - Updating scores
2024-10-14 20:44:10 - DEBUG - Updating scores
2024-10-14 20:44:10 - DEBUG - Updating scores
2024-10-14 20:44:10 - DEBUG - Updating scores
2024-10-14 20:44:10 - DEBUG - Updating scores
2024-10-14 20:44:10 - DEBUG - Updating scores
2024-10-14 20:44:10 - DEBUG - Updating scores
2024-10-14 20:44:11 - DEBUG - Updating scores
2024-10-14 20:44:11 - DEBUG - Updating scores
2024-10-14 20:44:11 - DEBUG - Updating scores
2024-10-14 20:44:11 - DEBUG - Updating scores
2024-10-14 20:44:11 - DEBUG - Updating scores
2024-10-14 20:44:11 - DEBUG - Updating scores
2024-10-14 20:44:11 - DEBUG - Updating scores
2024-10-14 20:44:12 - DEBUG - Updating scores
2024-10-14 20:44:12 - DEBUG - Updating scores
2024-10-14 20:44:12 - DEBUG - Updating scores
2024-10-14 20:44:12 - DEBUG - Updating scores
2024-10-14 20:44:12 - DEBUG - Updating scores
2024-10-14 20:44:12 - DEBUG - Updating scores
2024-10-14 20:44:12 - DEBUG - Updating scores
2024-10-14 20:44:13 - DEBUG - Updating scores
2024-10-14 20:44:13 - DEBUG - Updating scores
2024-10-14 20:44:13 - DEBUG - Updating scores
2024-10-14 20:44:13 - DEBUG - Updating scores
2024-10-14 20:44:13 - DEBUG - Updating scores
2024-10-14 20:44:13 - DEBUG - Updating scores
2024-10-14 20:44:13 - DEBUG - Updating scores
2024-10-14 20:44:14 - DEBUG - Updating scores
2024-10-14 20:44:14 - DEBUG - Updating scores
2024-10-14 20:44:14 - DEBUG - Updating scores
2024-10-14 20:44:14 - DEBUG - Updating scores
2024-10-14 20:44:14 - DEBUG - Updating scores
2024-10-14 20:44:14 - DEBUG - Updating scores
2024-10-14 20:44:14 - DEBUG - Updating scores
2024-10-14 20:44:15 - DEBUG - Updating scores
2024-10-14 20:44:15 - DEBUG - Updating scores
2024-10-14 20:44:15 - DEBUG - Updating scores
2024-10-14 20:44:15 - DEBUG - Updating scores
2024-10-14 20:44:15 - DEBUG - Updating scores
2024-10-14 20:44:15 - DEBUG - Updating scores
2024-10-14 20:44:15 - DEBUG - Updating scores
2024-10-14 20:44:15 - DEBUG - Updating scores
2024-10-14 20:44:16 - DEBUG - Updating scores
2024-10-14 20:44:16 - DEBUG - Updating scores
2024-10-14 20:44:16 - DEBUG - Updating scores
2024-10-14 20:44:16 - DEBUG - Updating scores
2024-10-14 20:44:16 - DEBUG - Updating scores
2024-10-14 20:44:16 - DEBUG - Updating scores
2024-10-14 20:44:16 - DEBUG - Updating scores
2024-10-14 20:44:17 - DEBUG - Updating scores
2024-10-14 20:44:17 - DEBUG - Updating scores
2024-10-14 20:44:17 - DEBUG - Updating scores
2024-10-14 20:44:17 - DEBUG - Updating scores
2024-10-14 20:44:17 - DEBUG - Updating scores
2024-10-14 20:44:17 - DEBUG - Updating scores
2024-10-14 20:44:17 - DEBUG - Updating scores
2024-10-14 20:44:18 - DEBUG - Updating scores
2024-10-14 20:44:18 - DEBUG - Updating scores
2024-10-14 20:44:18 - DEBUG - Updating scores
2024-10-14 20:44:18 - DEBUG - Updating scores
2024-10-14 20:44:18 - DEBUG - Updating scores
2024-10-14 20:44:18 - DEBUG - Updating scores
2024-10-14 20:44:18 - DEBUG - Updating scores
2024-10-14 20:44:19 - DEBUG - Updating scores
2024-10-14 20:44:19 - DEBUG - Updating scores
2024-10-14 20:44:19 - DEBUG - Updating scores
2024-10-14 20:44:19 - DEBUG - Updating scores
2024-10-14 20:44:19 - DEBUG - Updating scores
2024-10-14 20:44:19 - DEBUG - Updating scores
2024-10-14 20:44:19 - DEBUG - Updating scores
2024-10-14 20:44:20 - DEBUG - Updating scores
2024-10-14 20:44:20 - DEBUG - Updating scores
2024-10-14 20:44:20 - DEBUG - Updating scores
2024-10-14 20:44:20 - DEBUG - Updating scores
2024-10-14 20:44:20 - DEBUG - Updating scores
2024-10-14 20:44:20 - DEBUG - Updating scores
2024-10-14 20:44:21 - DEBUG - Updating scores
2024-10-14 20:44:21 - DEBUG - Updating scores
2024-10-14 20:44:21 - DEBUG - Updating scores
2024-10-14 20:44:21 - DEBUG - Updating scores
2024-10-14 20:44:21 - DEBUG - Updating scores
2024-10-14 20:44:21 - DEBUG - Updating scores
2024-10-14 20:44:21 - DEBUG - Updating scores
2024-10-14 20:44:22 - DEBUG - Updating scores
2024-10-14 20:44:22 - DEBUG - Updating scores
2024-10-14 20:44:22 - DEBUG - Updating scores
2024-10-14 20:44:22 - DEBUG - Updating scores
2024-10-14 20:44:22 - DEBUG - Updating scores
2024-10-14 20:44:22 - DEBUG - Updating scores
2024-10-14 20:44:22 - DEBUG - Updating scores
2024-10-14 20:44:23 - DEBUG - Updating scores
2024-10-14 20:44:23 - DEBUG - Updating scores
2024-10-14 20:44:23 - DEBUG - Updating scores
2024-10-14 20:44:23 - DEBUG - Updating scores
2024-10-14 20:44:23 - DEBUG - Updating scores
2024-10-14 20:44:23 - DEBUG - Updating scores
2024-10-14 20:44:23 - DEBUG - Updating scores
2024-10-14 20:44:24 - DEBUG - Updating scores
2024-10-14 20:44:24 - DEBUG - Updating scores
2024-10-14 20:44:24 - DEBUG - Updating scores
2024-10-14 20:44:24 - DEBUG - Updating scores
2024-10-14 20:44:24 - DEBUG - Updating scores
2024-10-14 20:44:24 - DEBUG - Updating scores
2024-10-14 20:44:24 - DEBUG - Updating scores
2024-10-14 20:44:25 - DEBUG - Updating scores
2024-10-14 20:44:25 - DEBUG - Updating scores
2024-10-14 20:44:25 - DEBUG - Updating scores
2024-10-14 20:44:25 - DEBUG - Updating scores
2024-10-14 20:44:25 - DEBUG - Updating scores
2024-10-14 20:44:25 - DEBUG - Updating scores
2024-10-14 20:44:25 - DEBUG - Updating scores
2024-10-14 20:44:26 - DEBUG - Updating scores
2024-10-14 20:44:26 - DEBUG - Updating scores
2024-10-14 20:44:26 - DEBUG - Updating scores
2024-10-14 20:44:26 - DEBUG - Updating scores
2024-10-14 20:44:26 - DEBUG - Updating scores
2024-10-14 20:44:26 - DEBUG - Updating scores
2024-10-14 20:44:26 - DEBUG - Updating scores
2024-10-14 20:44:27 - DEBUG - Updating scores
2024-10-14 20:44:27 - DEBUG - Updating scores
2024-10-14 20:44:27 - DEBUG - Updating scores
2024-10-14 20:44:27 - DEBUG - Updating scores
2024-10-14 20:44:27 - DEBUG - Updating scores
2024-10-14 20:44:27 - DEBUG - Updating scores
2024-10-14 20:44:27 - DEBUG - Updating scores
2024-10-14 20:44:28 - DEBUG - Updating scores
2024-10-14 20:44:28 - DEBUG - Updating scores
2024-10-14 20:44:28 - DEBUG - Updating scores
2024-10-14 20:44:28 - DEBUG - Updating scores
2024-10-14 20:44:28 - DEBUG - Updating scores
2024-10-14 20:44:28 - DEBUG - Updating scores
2024-10-14 20:44:28 - DEBUG - Updating scores
2024-10-14 20:44:29 - DEBUG - Updating scores
2024-10-14 20:44:29 - DEBUG - Updating scores
2024-10-14 20:44:29 - DEBUG - Updating scores
2024-10-14 20:44:29 - DEBUG - Updating scores
2024-10-14 20:44:29 - DEBUG - Updating scores
2024-10-14 20:44:29 - DEBUG - Updating scores
2024-10-14 20:44:29 - DEBUG - Updating scores
2024-10-14 20:44:30 - DEBUG - Updating scores
2024-10-14 20:44:30 - DEBUG - Updating scores
2024-10-14 20:44:30 - DEBUG - Updating scores
2024-10-14 20:44:30 - DEBUG - Updating scores
2024-10-14 20:44:30 - DEBUG - Updating scores
2024-10-14 20:44:30 - DEBUG - Updating scores
2024-10-14 20:44:30 - DEBUG - Updating scores
2024-10-14 20:44:31 - DEBUG - Updating scores
2024-10-14 20:44:31 - DEBUG - Updating scores
2024-10-14 20:44:31 - DEBUG - Updating scores
2024-10-14 20:44:31 - DEBUG - Updating scores
2024-10-14 20:44:31 - DEBUG - Updating scores
2024-10-14 20:44:31 - DEBUG - Updating scores
2024-10-14 20:44:31 - DEBUG - Updating scores
2024-10-14 20:44:31 - DEBUG - Updating scores
2024-10-14 20:44:32 - DEBUG - Updating scores
2024-10-14 20:44:32 - DEBUG - Updating scores
2024-10-14 20:44:32 - DEBUG - Updating scores
2024-10-14 20:44:32 - DEBUG - Updating scores
2024-10-14 20:44:32 - DEBUG - Updating scores
2024-10-14 20:44:32 - DEBUG - Updating scores
2024-10-14 20:44:32 - DEBUG - Updating scores
2024-10-14 20:44:33 - DEBUG - Updating scores
2024-10-14 20:44:33 - DEBUG - Updating scores
2024-10-14 20:44:33 - DEBUG - Updating scores
2024-10-14 20:44:33 - DEBUG - Updating scores
2024-10-14 20:44:33 - DEBUG - Updating scores
2024-10-14 20:44:33 - DEBUG - Updating scores
2024-10-14 20:44:33 - DEBUG - Updating scores
2024-10-14 20:44:34 - DEBUG - Updating scores
2024-10-14 20:44:34 - DEBUG - Updating scores
2024-10-14 20:44:34 - DEBUG - Updating scores
2024-10-14 20:44:34 - DEBUG - Updating scores
2024-10-14 20:44:34 - DEBUG - Updating scores
2024-10-14 20:44:34 - DEBUG - Updating scores
2024-10-14 20:44:34 - DEBUG - Updating scores
2024-10-14 20:44:35 - DEBUG - Updating scores
2024-10-14 20:44:35 - DEBUG - Updating scores
2024-10-14 20:44:35 - DEBUG - Updating scores
2024-10-14 20:44:35 - DEBUG - Updating scores
2024-10-14 20:44:35 - DEBUG - Updating scores
2024-10-14 20:44:35 - DEBUG - Updating scores
2024-10-14 20:44:35 - DEBUG - Updating scores
2024-10-14 20:44:36 - DEBUG - Updating scores
2024-10-14 20:44:36 - DEBUG - Updating scores
2024-10-14 20:44:36 - DEBUG - Updating scores
2024-10-14 20:44:36 - DEBUG - Updating scores
2024-10-14 20:44:36 - DEBUG - Updating scores
2024-10-14 20:44:36 - DEBUG - Updating scores
2024-10-14 20:44:36 - DEBUG - Updating scores
2024-10-14 20:44:37 - DEBUG - Updating scores
2024-10-14 20:44:37 - DEBUG - Updating scores
2024-10-14 20:44:37 - DEBUG - Updating scores
2024-10-14 20:44:37 - DEBUG - Updating scores
2024-10-14 20:44:37 - DEBUG - Updating scores
2024-10-14 20:44:37 - DEBUG - Updating scores
2024-10-14 20:44:37 - DEBUG - Updating scores
2024-10-14 20:44:38 - DEBUG - Updating scores
2024-10-14 20:44:38 - DEBUG - Updating scores
2024-10-14 20:44:38 - DEBUG - Updating scores
2024-10-14 20:44:38 - DEBUG - Updating scores
2024-10-14 20:44:38 - DEBUG - Updating scores
2024-10-14 20:44:38 - DEBUG - Updating scores
2024-10-14 20:44:38 - DEBUG - Updating scores
2024-10-14 20:44:39 - DEBUG - Updating scores
2024-10-14 20:44:39 - DEBUG - Updating scores
2024-10-14 20:44:39 - DEBUG - Updating scores
2024-10-14 20:44:39 - DEBUG - Updating scores
2024-10-14 20:44:39 - DEBUG - Updating scores
2024-10-14 20:44:39 - DEBUG - Updating scores
2024-10-14 20:44:39 - DEBUG - Updating scores
2024-10-14 20:44:40 - DEBUG - Updating scores
2024-10-14 20:44:40 - DEBUG - Updating scores
2024-10-14 20:44:40 - DEBUG - Updating scores
2024-10-14 20:44:40 - DEBUG - Updating scores
2024-10-14 20:44:40 - DEBUG - Updating scores
2024-10-14 20:44:40 - DEBUG - Updating scores
2024-10-14 20:44:40 - DEBUG - Updating scores
2024-10-14 20:44:40 - DEBUG - Updating scores
2024-10-14 20:44:41 - DEBUG - Updating scores
2024-10-14 20:44:41 - DEBUG - Updating scores
2024-10-14 20:44:41 - DEBUG - Updating scores
2024-10-14 20:44:41 - DEBUG - Updating scores
2024-10-14 20:44:41 - DEBUG - Updating scores
2024-10-14 20:44:41 - DEBUG - Updating scores
2024-10-14 20:44:41 - DEBUG - Updating scores
2024-10-14 20:44:42 - DEBUG - Updating scores
2024-10-14 20:44:42 - DEBUG - Updating scores
2024-10-14 20:44:42 - DEBUG - Updating scores
2024-10-14 20:44:42 - DEBUG - Updating scores
2024-10-14 20:44:42 - DEBUG - Updating scores
2024-10-14 20:44:42 - DEBUG - Updating scores
2024-10-14 20:44:42 - DEBUG - Updating scores
2024-10-14 20:44:43 - DEBUG - Updating scores
2024-10-14 20:44:43 - DEBUG - Updating scores
2024-10-14 20:44:43 - DEBUG - Updating scores
2024-10-14 20:44:43 - DEBUG - Updating scores
2024-10-14 20:44:43 - DEBUG - Updating scores
2024-10-14 20:44:43 - DEBUG - Updating scores
2024-10-14 20:44:43 - DEBUG - Updating scores
2024-10-14 20:44:44 - DEBUG - Updating scores
2024-10-14 20:44:44 - DEBUG - Updating scores
2024-10-14 20:44:44 - DEBUG - Updating scores
2024-10-14 20:44:44 - DEBUG - Updating scores
2024-10-14 20:44:44 - DEBUG - Updating scores
2024-10-14 20:44:44 - DEBUG - Updating scores
2024-10-14 20:44:44 - DEBUG - Updating scores
2024-10-14 20:44:45 - DEBUG - Updating scores
2024-10-14 20:44:45 - DEBUG - Updating scores
2024-10-14 20:44:45 - DEBUG - Updating scores
2024-10-14 20:44:45 - DEBUG - Updating scores
2024-10-14 20:44:45 - DEBUG - Updating scores
2024-10-14 20:44:45 - DEBUG - Updating scores
2024-10-14 20:44:45 - DEBUG - Updating scores
2024-10-14 20:44:46 - DEBUG - Updating scores
2024-10-14 20:44:46 - DEBUG - Updating scores
2024-10-14 20:44:46 - DEBUG - Updating scores
2024-10-14 20:44:46 - DEBUG - Updating scores
2024-10-14 20:44:46 - DEBUG - Updating scores
2024-10-14 20:44:46 - DEBUG - Updating scores
2024-10-14 20:44:46 - DEBUG - Updating scores
2024-10-14 20:44:47 - DEBUG - Updating scores
2024-10-14 20:44:47 - DEBUG - Updating scores
2024-10-14 20:44:47 - DEBUG - Updating scores
2024-10-14 20:44:47 - DEBUG - Updating scores
2024-10-14 20:44:47 - DEBUG - Updating scores
2024-10-14 20:44:47 - DEBUG - Updating scores
2024-10-14 20:44:47 - DEBUG - Updating scores
2024-10-14 20:44:48 - DEBUG - Updating scores
2024-10-14 20:44:48 - DEBUG - Updating scores
2024-10-14 20:44:48 - DEBUG - Updating scores
2024-10-14 20:44:48 - DEBUG - Updating scores
2024-10-14 20:44:48 - DEBUG - Updating scores
2024-10-14 20:44:48 - DEBUG - Updating scores
2024-10-14 20:44:48 - DEBUG - Updating scores
2024-10-14 20:44:49 - DEBUG - Updating scores
2024-10-14 20:44:49 - DEBUG - Updating scores
2024-10-14 20:44:49 - DEBUG - Updating scores
2024-10-14 20:44:49 - DEBUG - Updating scores
2024-10-14 20:44:49 - DEBUG - Updating scores
2024-10-14 20:44:49 - DEBUG - Updating scores
2024-10-14 20:44:49 - DEBUG - Updating scores
2024-10-14 20:44:50 - DEBUG - Updating scores
2024-10-14 20:44:50 - DEBUG - Updating scores
2024-10-14 20:44:50 - DEBUG - Updating scores
2024-10-14 20:44:50 - DEBUG - Updating scores
2024-10-14 20:44:50 - DEBUG - Updating scores
2024-10-14 20:44:50 - DEBUG - Updating scores
2024-10-14 20:44:50 - DEBUG - Updating scores
2024-10-14 20:44:51 - DEBUG - Updating scores
2024-10-14 20:44:51 - DEBUG - Updating scores
2024-10-14 20:44:51 - DEBUG - Updating scores
2024-10-14 20:44:51 - DEBUG - Updating scores
2024-10-14 20:44:51 - DEBUG - Updating scores
2024-10-14 20:44:51 - DEBUG - Updating scores
2024-10-14 20:44:51 - DEBUG - Updating scores
2024-10-14 20:44:52 - DEBUG - Updating scores
2024-10-14 20:44:52 - DEBUG - Updating scores
2024-10-14 20:44:52 - DEBUG - Updating scores
2024-10-14 20:44:52 - DEBUG - Updating scores
2024-10-14 20:44:52 - DEBUG - Updating scores
2024-10-14 20:44:52 - DEBUG - Updating scores
2024-10-14 20:44:52 - DEBUG - Updating scores
2024-10-14 20:44:53 - DEBUG - Updating scores
2024-10-14 20:44:53 - DEBUG - Updating scores
2024-10-14 20:44:53 - DEBUG - Updating scores
2024-10-14 20:44:53 - DEBUG - Updating scores
2024-10-14 20:44:53 - DEBUG - Updating scores
2024-10-14 20:44:53 - DEBUG - Updating scores
2024-10-14 20:44:53 - DEBUG - Updating scores
2024-10-14 20:44:53 - DEBUG - Updating scores
2024-10-14 20:44:54 - DEBUG - Updating scores
2024-10-14 20:44:54 - DEBUG - Updating scores
2024-10-14 20:44:54 - DEBUG - Updating scores
2024-10-14 20:44:54 - DEBUG - Updating scores
2024-10-14 20:44:54 - DEBUG - Updating scores
2024-10-14 20:44:54 - DEBUG - Updating scores
2024-10-14 20:44:54 - DEBUG - Updating scores
2024-10-14 20:44:55 - DEBUG - Updating scores
2024-10-14 20:44:55 - DEBUG - Updating scores
2024-10-14 20:44:55 - DEBUG - Updating scores
2024-10-14 20:44:55 - DEBUG - Updating scores
2024-10-14 20:44:55 - DEBUG - Updating scores
2024-10-14 20:44:55 - DEBUG - Updating scores
2024-10-14 20:44:55 - DEBUG - Updating scores
2024-10-14 20:44:56 - DEBUG - Updating scores
2024-10-14 20:44:56 - DEBUG - Updating scores
2024-10-14 20:44:56 - DEBUG - Updating scores
2024-10-14 20:44:56 - DEBUG - Updating scores
2024-10-14 20:44:56 - DEBUG - Updating scores
2024-10-14 20:44:56 - DEBUG - Updating scores
2024-10-14 20:44:56 - DEBUG - Updating scores
2024-10-14 20:44:57 - DEBUG - Updating scores
2024-10-14 20:44:57 - DEBUG - Updating scores
2024-10-14 20:44:57 - DEBUG - Updating scores
2024-10-14 20:44:57 - DEBUG - Updating scores
2024-10-14 20:44:57 - DEBUG - Updating scores
2024-10-14 20:44:57 - DEBUG - Updating scores
2024-10-14 20:44:57 - DEBUG - Updating scores
2024-10-14 20:44:58 - DEBUG - Updating scores
2024-10-14 20:44:58 - DEBUG - Updating scores
2024-10-14 20:44:58 - DEBUG - Updating scores
2024-10-14 20:44:58 - DEBUG - Updating scores
2024-10-14 20:44:58 - DEBUG - Updating scores
2024-10-14 20:44:58 - DEBUG - Updating scores
2024-10-14 20:44:58 - DEBUG - Updating scores
2024-10-14 20:44:59 - DEBUG - Updating scores
2024-10-14 20:44:59 - DEBUG - Updating scores
2024-10-14 20:44:59 - DEBUG - Updating scores
2024-10-14 20:44:59 - DEBUG - Updating scores
2024-10-14 20:44:59 - DEBUG - Updating scores
2024-10-14 20:44:59 - DEBUG - Updating scores
2024-10-14 20:44:59 - DEBUG - Updating scores
2024-10-14 20:45:00 - DEBUG - Updating scores
2024-10-14 20:45:00 - DEBUG - Updating scores
2024-10-14 20:45:00 - DEBUG - Updating scores
2024-10-14 20:45:00 - DEBUG - Updating scores
2024-10-14 20:45:00 - DEBUG - Updating scores
2024-10-14 20:45:00 - DEBUG - Updating scores
2024-10-14 20:45:00 - DEBUG - Updating scores
2024-10-14 20:45:00 - DEBUG - Updating scores
2024-10-14 20:45:01 - DEBUG - Updating scores
2024-10-14 20:45:01 - DEBUG - Updating scores
2024-10-14 20:45:01 - DEBUG - Updating scores
2024-10-14 20:45:01 - DEBUG - Updating scores
2024-10-14 20:45:01 - DEBUG - Updating scores
2024-10-14 20:45:02 - DEBUG - Updating scores
2024-10-14 20:45:02 - DEBUG - Updating scores
2024-10-14 20:45:02 - DEBUG - Updating scores
2024-10-14 20:45:02 - DEBUG - Updating scores
2024-10-14 20:45:02 - DEBUG - Updating scores
2024-10-14 20:45:02 - DEBUG - Updating scores
2024-10-14 20:45:02 - DEBUG - Updating scores
2024-10-14 20:45:03 - DEBUG - Updating scores
2024-10-14 20:45:03 - DEBUG - Updating scores
2024-10-14 20:45:03 - DEBUG - Updating scores
2024-10-14 20:45:03 - DEBUG - Updating scores
2024-10-14 20:45:03 - DEBUG - Updating scores
2024-10-14 20:45:03 - DEBUG - Updating scores
2024-10-14 20:45:03 - DEBUG - Updating scores
2024-10-14 20:45:04 - DEBUG - Updating scores
2024-10-14 20:45:04 - DEBUG - Updating scores
2024-10-14 20:45:04 - DEBUG - Updating scores
2024-10-14 20:45:04 - DEBUG - Updating scores
2024-10-14 20:45:04 - DEBUG - Updating scores
2024-10-14 20:45:04 - DEBUG - Updating scores
2024-10-14 20:45:04 - DEBUG - Updating scores
2024-10-14 20:45:05 - DEBUG - Updating scores
2024-10-14 20:45:05 - DEBUG - Updating scores
2024-10-14 20:45:05 - DEBUG - Updating scores
2024-10-14 20:45:05 - DEBUG - Updating scores
2024-10-14 20:45:05 - DEBUG - Updating scores
2024-10-14 20:45:05 - DEBUG - Updating scores
2024-10-14 20:45:05 - DEBUG - Updating scores
2024-10-14 20:45:06 - DEBUG - Updating scores
2024-10-14 20:45:06 - DEBUG - Updating scores
2024-10-14 20:45:06 - DEBUG - Updating scores
2024-10-14 20:45:06 - DEBUG - Updating scores
2024-10-14 20:45:06 - DEBUG - Updating scores
2024-10-14 20:45:06 - DEBUG - Updating scores
2024-10-14 20:45:07 - DEBUG - Updating scores
2024-10-14 20:45:07 - DEBUG - Updating scores
2024-10-14 20:45:07 - DEBUG - Updating scores
2024-10-14 20:45:07 - DEBUG - Updating scores
2024-10-14 20:45:07 - DEBUG - Updating scores
2024-10-14 20:45:07 - DEBUG - Updating scores
2024-10-14 20:45:07 - DEBUG - Updating scores
2024-10-14 20:45:08 - DEBUG - Updating scores
2024-10-14 20:45:08 - DEBUG - Updating scores
2024-10-14 20:45:08 - DEBUG - Updating scores
2024-10-14 20:45:08 - DEBUG - Updating scores
2024-10-14 20:45:08 - DEBUG - Updating scores
2024-10-14 20:45:08 - DEBUG - Updating scores
2024-10-14 20:45:08 - DEBUG - Updating scores
2024-10-14 20:45:09 - DEBUG - Updating scores
2024-10-14 20:45:09 - DEBUG - Updating scores
2024-10-14 20:45:09 - DEBUG - Updating scores
2024-10-14 20:45:09 - DEBUG - Updating scores
2024-10-14 20:45:09 - DEBUG - Updating scores
2024-10-14 20:45:09 - DEBUG - Updating scores
2024-10-14 20:45:09 - DEBUG - Updating scores
2024-10-14 20:45:10 - DEBUG - Updating scores
2024-10-14 20:45:10 - DEBUG - Updating scores
2024-10-14 20:45:10 - DEBUG - Updating scores
2024-10-14 20:45:10 - DEBUG - Updating scores
2024-10-14 20:45:10 - DEBUG - Updating scores
2024-10-14 20:45:10 - DEBUG - Updating scores
2024-10-14 20:45:10 - DEBUG - Updating scores
2024-10-14 20:45:11 - DEBUG - Updating scores
2024-10-14 20:45:11 - DEBUG - Updating scores
2024-10-14 20:45:11 - DEBUG - Updating scores
2024-10-14 20:45:11 - DEBUG - Updating scores
2024-10-14 20:45:11 - DEBUG - Updating scores
2024-10-14 20:45:11 - DEBUG - Updating scores
2024-10-14 20:45:11 - DEBUG - Updating scores
2024-10-14 20:45:12 - DEBUG - Updating scores
2024-10-14 20:45:12 - DEBUG - Updating scores
2024-10-14 20:45:12 - DEBUG - Updating scores
2024-10-14 20:45:12 - DEBUG - Updating scores
2024-10-14 20:45:12 - DEBUG - Updating scores
2024-10-14 20:45:12 - DEBUG - Updating scores
2024-10-14 20:45:12 - DEBUG - Updating scores
2024-10-14 20:45:13 - DEBUG - Updating scores
2024-10-14 20:45:13 - DEBUG - Updating scores
2024-10-14 20:45:13 - DEBUG - Updating scores
2024-10-14 20:45:13 - DEBUG - Updating scores
2024-10-14 20:45:13 - DEBUG - Updating scores
2024-10-14 20:45:13 - DEBUG - Updating scores
2024-10-14 20:45:13 - DEBUG - Updating scores
2024-10-14 20:45:14 - DEBUG - Updating scores
2024-10-14 20:45:14 - DEBUG - Updating scores
2024-10-14 20:45:14 - DEBUG - Updating scores
2024-10-14 20:45:14 - DEBUG - Updating scores
2024-10-14 20:45:14 - DEBUG - Updating scores
2024-10-14 20:45:14 - DEBUG - Updating scores
2024-10-14 20:45:14 - DEBUG - Updating scores
2024-10-14 20:45:15 - DEBUG - Updating scores
2024-10-14 20:45:15 - DEBUG - Updating scores
2024-10-14 20:45:15 - DEBUG - Updating scores
2024-10-14 20:45:15 - DEBUG - Updating scores
2024-10-14 20:45:15 - DEBUG - Updating scores
2024-10-14 20:45:15 - DEBUG - Updating scores
2024-10-14 20:45:15 - DEBUG - Updating scores
2024-10-14 20:45:16 - DEBUG - Updating scores
2024-10-14 20:45:16 - DEBUG - Updating scores
2024-10-14 20:45:16 - DEBUG - Updating scores
2024-10-14 20:45:16 - DEBUG - Updating scores
2024-10-14 20:45:16 - DEBUG - Updating scores
2024-10-14 20:45:16 - DEBUG - Updating scores
2024-10-14 20:45:16 - DEBUG - Updating scores
2024-10-14 20:45:17 - DEBUG - Updating scores
2024-10-14 20:45:17 - DEBUG - Updating scores
2024-10-14 20:45:17 - DEBUG - Updating scores
2024-10-14 20:45:17 - DEBUG - Updating scores
2024-10-14 20:45:17 - DEBUG - Updating scores
2024-10-14 20:45:17 - DEBUG - Updating scores
2024-10-14 20:45:17 - DEBUG - Updating scores
2024-10-14 20:45:18 - DEBUG - Updating scores
2024-10-14 20:45:18 - DEBUG - Updating scores
2024-10-14 20:45:18 - DEBUG - Updating scores
2024-10-14 20:45:18 - DEBUG - Updating scores
2024-10-14 20:45:18 - DEBUG - Updating scores
2024-10-14 20:45:18 - DEBUG - Updating scores
2024-10-14 20:45:18 - DEBUG - Updating scores
2024-10-14 20:45:19 - DEBUG - Updating scores
2024-10-14 20:45:19 - DEBUG - Updating scores
2024-10-14 20:45:19 - DEBUG - Updating scores
2024-10-14 20:45:19 - DEBUG - Updating scores
2024-10-14 20:45:19 - DEBUG - Updating scores
2024-10-14 20:45:19 - DEBUG - Updating scores
2024-10-14 20:45:19 - DEBUG - Updating scores
2024-10-14 20:45:20 - DEBUG - Updating scores
2024-10-14 20:45:20 - DEBUG - Updating scores
2024-10-14 20:45:20 - DEBUG - Updating scores
2024-10-14 20:45:20 - DEBUG - Updating scores
2024-10-14 20:45:20 - DEBUG - Updating scores
2024-10-14 20:45:20 - DEBUG - Updating scores
2024-10-14 20:45:20 - DEBUG - Updating scores
2024-10-14 20:45:21 - DEBUG - Updating scores
