
CPPTRAJ: Trajectory Analysis. V4.14.0 (AmberTools V19.10)
    ___  ___  ___  ___
     | \/ | \/ | \/ | 
    _|_/\_|_/\_|_/\_|_

| Date/time: 10/08/24 11:27:49
| Available memory: 29.629 GB

INPUT: Reading input from '/home/bunzelh/AIzymes/design/HAB/HAB_refactor_mixed_013/6/RosettaRelax/7vuu_6_CPPTraj_aligned.in'
  [parm /home/bunzelh/AIzymes/design/HAB/HAB_refactor_mixed_013/6/RosettaRelax/7vuu_6_old_bb.pdb]
	Reading '/home/bunzelh/AIzymes/design/HAB/HAB_refactor_mixed_013/6/RosettaRelax/7vuu_6_old_bb.pdb' as PDB File
	Reading bond info from CONECT records.
	Not reading bond info from LINK records.
	Determining bond info from distances.
Warning: 7vuu_6_old_bb.pdb: Determining default bond distances from element types.
  [reference /home/bunzelh/AIzymes/design/HAB/HAB_refactor_mixed_013/6/RosettaRelax/7vuu_6_old_bb.pdb [ref]]
	Reading '/home/bunzelh/AIzymes/design/HAB/HAB_refactor_mixed_013/6/RosettaRelax/7vuu_6_old_bb.pdb' as PDB
	Setting active reference for distance-based masks: '7vuu_6_old_bb.pdb'
  [trajin /home/bunzelh/AIzymes/design/HAB/HAB_refactor_mixed_013/6/RosettaRelax/7vuu_6_new_bb.pdb]
	Reading '/home/bunzelh/AIzymes/design/HAB/HAB_refactor_mixed_013/6/RosettaRelax/7vuu_6_new_bb.pdb' as PDB
  [rmsd @CA ref [ref]]
    RMSD: (@CA), reference is "[ref]:1" (@CA).
	Best-fit RMSD will be calculated, coords will be rotated and translated.
  [trajout /home/bunzelh/AIzymes/design/HAB/HAB_refactor_mixed_013/6/RosettaRelax/7vuu_6_aligned.pdb noter]
	Writing '/home/bunzelh/AIzymes/design/HAB/HAB_refactor_mixed_013/6/RosettaRelax/7vuu_6_aligned.pdb' as PDB
---------- RUN BEGIN -------------------------------------------------

PARAMETER FILES (1 total):
 0: 7vuu_6_old_bb.pdb, 252 atoms, 63 res, box: None, 1 mol

INPUT TRAJECTORIES (1 total):
 0: '7vuu_6_new_bb.pdb' is a PDB file, Parm 7vuu_6_old_bb.pdb (reading 1 of 1)
  Coordinate processing will occur on 1 frames.

REFERENCE FRAMES (1 total):
    0: [ref]:1
	Active reference frame for distance-based masks is '[ref]:1'

OUTPUT TRAJECTORIES (1 total):
  '7vuu_6_aligned.pdb' (1 frames) is a PDB file

BEGIN TRAJECTORY PROCESSING:
.....................................................
ACTION SETUP FOR PARM '7vuu_6_old_bb.pdb' (1 actions):
  0: [rmsd @CA ref [ref]]
	Target mask: [@CA](63)
	Reference mask: [@CA](63)
.....................................................
ACTIVE OUTPUT TRAJECTORIES (1):
  /home/bunzelh/AIzymes/design/HAB/HAB_refactor_mixed_013/6/RosettaRelax/7vuu_6_aligned.pdb (coordinates)
----- 7vuu_6_new_bb.pdb (1-1, 1) -----
100% Complete.

Read 1 frames and processed 1 frames.
TIME: Avg. throughput= 357.6538 frames / second.

ACTION OUTPUT:
TIME: Analyses took 0.0000 seconds.

DATASETS (1 total):
	RMSD_00002 "RMSD_00002" (double, rms), size is 1 (0.008 kB)
    Total data set memory usage is at least 0.008 kB

RUN TIMING:
TIME:		Init               : 0.0000 s (  0.37%)
TIME:		Trajectory Process : 0.0028 s ( 51.24%)
TIME:		Action Post        : 0.0000 s (  0.00%)
TIME:		Analysis           : 0.0000 s (  0.00%)
TIME:		Data File Write    : 0.0000 s (  0.29%)
TIME:		Other              : 0.0026 s (  0.48%)
TIME:	Run Total 0.0055 s
---------- RUN END ---------------------------------------------------
TIME: Total execution time: 10.0799 seconds.
--------------------------------------------------------------------------------
To cite CPPTRAJ use:
Daniel R. Roe and Thomas E. Cheatham, III, "PTRAJ and CPPTRAJ: Software for
  Processing and Analysis of Molecular Dynamics Trajectory Data". J. Chem.
  Theory Comput., 2013, 9 (7), pp 3084-3095.

