/home/bunzelh/AIzymes/design/VD/241016_VD_KSI_pos_control/33
core.init: Checking for fconfig files in pwd and ./rosetta/flags 
core.init: Rosetta version: rosetta.source.release-280 r280 2021.16+release.8ee4f02 8ee4f02ac5768a8a339ffada74cb0ff5f778b3e6 https://www.rosettacommons.org 2021-04-20T20:57:38.289184
core.init: command: /home/bunzelh/rosetta_src_2021.16.61629_bundle/main/source//bin/rosetta_scripts.linuxgccrelease -s /home/bunzelh/AIzymes/design/VD/241016_VD_KSI_pos_control/33/RosettaRelax/1ohp_33_input.pdb -extra_res_fa /home/bunzelh/AIzymes/design/VD/Input/5TS.params -parser:protocol /home/bunzelh/AIzymes/design/VD/241016_VD_KSI_pos_control/33/scripts/RosettaRelax_33.xml -out:file:scorefile /home/bunzelh/AIzymes/design/VD/241016_VD_KSI_pos_control/33/score_RosettaRelax.sc -nstruct 1 -ignore_zero_occupancy false -corrections::beta_nov16 true -run:preserve_header true -overwrite -ex1 -ex2
basic.random.init_random_generator: 'RNG device' seed mode, using '/dev/urandom', seed=885379020 seed_offset=0 real_seed=885379020
basic.random.init_random_generator: RandomGenerator:init: Normal mode, seed=885379020 RG_type=mt19937
core.init: Resolved executable path: /home/bunzelh/rosetta_src_2021.16.61629_bundle/main/source/build/src/release/linux/3.10/64/x86/gcc/4.8/default/rosetta_scripts.default.linuxgccrelease
core.init: Looking for database based on location of executable: /home/bunzelh/rosetta_src_2021.16.61629_bundle/main/database/
protocols.jd2.PDBJobInputter: Instantiate PDBJobInputter
protocols.jd2.PDBJobInputter: PDBJobInputter::fill_jobs
protocols.jd2.PDBJobInputter: pushed /home/bunzelh/AIzymes/design/VD/241016_VD_KSI_pos_control/33/RosettaRelax/1ohp_33_input.pdb nstruct index 1
protocols.evaluation.ChiWellRmsdEvaluatorCreator: Evaluation Creator active ... 
protocols.jd2.PDBJobInputter: PDBJobInputter::pose_from_job
protocols.jd2.PDBJobInputter: filling pose from PDB /home/bunzelh/AIzymes/design/VD/241016_VD_KSI_pos_control/33/RosettaRelax/1ohp_33_input.pdb
core.chemical.GlobalResidueTypeSet: Finished initializing fa_standard residue type set.  Created 985 residue types
core.chemical.GlobalResidueTypeSet: Total time to initialize 3.02 seconds.
core.import_pose.import_pose: File '/home/bunzelh/AIzymes/design/VD/241016_VD_KSI_pos_control/33/RosettaRelax/1ohp_33_input.pdb' automatically determined to be of type PDB
core.conformation.Conformation: [ WARNING ] missing heavyatom:  CB  on residue MET:NtermProteinFull 1
core.conformation.Conformation: [ WARNING ] missing heavyatom:  CG  on residue MET:NtermProteinFull 1
core.conformation.Conformation: [ WARNING ] missing heavyatom:  SD  on residue MET:NtermProteinFull 1
core.conformation.Conformation: [ WARNING ] missing heavyatom:  CE  on residue MET:NtermProteinFull 1
core.conformation.Conformation: [ WARNING ] missing heavyatom:  CB  on residue ASN 2
core.conformation.Conformation: [ WARNING ] missing heavyatom:  CG  on residue ASN 2
core.conformation.Conformation: [ WARNING ] missing heavyatom:  OD1 on residue ASN 2
core.conformation.Conformation: [ WARNING ] missing heavyatom:  ND2 on residue ASN 2
core.conformation.Conformation: [ WARNING ] missing heavyatom:  CB  on residue THR 3
core.conformation.Conformation: [ WARNING ] missing heavyatom:  OG1 on residue THR 3
core.conformation.Conformation: [ WARNING ] missing heavyatom:  CG2 on residue THR 3
core.conformation.Conformation: [ WARNING ] missing heavyatom:  CB  on residue PRO 4
core.conformation.Conformation: [ WARNING ] missing heavyatom:  CG  on residue PRO 4
core.conformation.Conformation: [ WARNING ] missing heavyatom:  CD  on residue PRO 4
core.conformation.Conformation: [ WARNING ] missing heavyatom:  CB  on residue GLU 5
core.conformation.Conformation: [ WARNING ] missing heavyatom:  CG  on residue GLU 5
core.conformation.Conformation: [ WARNING ] missing heavyatom:  CD  on residue GLU 5
core.conformation.Conformation: [ WARNING ] missing heavyatom:  OE1 on residue GLU 5
core.conformation.Conformation: [ WARNING ] missing heavyatom:  OE2 on residue GLU 5
core.conformation.Conformation: [ WARNING ] missing heavyatom:  CB  on residue HIS 6
core.conformation.Conformation: [ WARNING ] missing heavyatom:  CG  on residue HIS 6
core.conformation.Conformation: [ WARNING ] missing heavyatom:  ND1 on residue HIS 6
core.conformation.Conformation: [ WARNING ] missing heavyatom:  CD2 on residue HIS 6
core.conformation.Conformation: [ WARNING ] missing heavyatom:  CE1 on residue HIS 6
core.conformation.Conformation: [ WARNING ] missing heavyatom:  NE2 on residue HIS 6
core.conformation.Conformation: [ WARNING ] missing heavyatom:  CB  on residue MET 7
core.conformation.Conformation: [ WARNING ] missing heavyatom:  CG  on residue MET 7
core.conformation.Conformation: [ WARNING ] missing heavyatom:  SD  on residue MET 7
core.conformation.Conformation: [ WARNING ] missing heavyatom:  CE  on residue MET 7
core.conformation.Conformation: [ WARNING ] missing heavyatom:  CB  on residue THR 8
core.conformation.Conformation: [ WARNING ] missing heavyatom:  OG1 on residue THR 8
core.conformation.Conformation: [ WARNING ] missing heavyatom:  CG2 on residue THR 8
core.conformation.Conformation: [ WARNING ] missing heavyatom:  CB  on residue ALA 9
core.conformation.Conformation: [ WARNING ] missing heavyatom:  CB  on residue VAL 10
core.conformation.Conformation: [ WARNING ] missing heavyatom:  CG1 on residue VAL 10
core.conformation.Conformation: [ WARNING ] missing heavyatom:  CG2 on residue VAL 10
core.conformation.Conformation: [ WARNING ] missing heavyatom:  CB  on residue ILE 11
core.conformation.Conformation: [ WARNING ] missing heavyatom:  CG1 on residue ILE 11
core.conformation.Conformation: [ WARNING ] missing heavyatom:  CG2 on residue ILE 11
core.conformation.Conformation: [ WARNING ] missing heavyatom:  CD1 on residue ILE 11
core.conformation.Conformation: [ WARNING ] missing heavyatom:  CB  on residue GLN 12
core.conformation.Conformation: [ WARNING ] missing heavyatom:  CG  on residue GLN 12
core.conformation.Conformation: [ WARNING ] missing heavyatom:  CD  on residue GLN 12
core.conformation.Conformation: [ WARNING ] missing heavyatom:  OE1 on residue GLN 12
core.conformation.Conformation: [ WARNING ] missing heavyatom:  NE2 on residue GLN 12
core.conformation.Conformation: [ WARNING ] missing heavyatom:  CB  on residue ARG 13
core.conformation.Conformation: [ WARNING ] missing heavyatom:  CG  on residue ARG 13
core.conformation.Conformation: [ WARNING ] missing heavyatom:  CD  on residue ARG 13
core.conformation.Conformation: [ WARNING ] missing heavyatom:  NE  on residue ARG 13
core.conformation.Conformation: [ WARNING ] missing heavyatom:  CZ  on residue ARG 13
core.conformation.Conformation: [ WARNING ] missing heavyatom:  NH1 on residue ARG 13
core.conformation.Conformation: [ WARNING ] missing heavyatom:  NH2 on residue ARG 13
core.conformation.Conformation: [ WARNING ] missing heavyatom:  CB  on residue LEU 14
core.conformation.Conformation: [ WARNING ] missing heavyatom:  CG  on residue LEU 14
core.conformation.Conformation: [ WARNING ] missing heavyatom:  CD1 on residue LEU 14
core.conformation.Conformation: [ WARNING ] missing heavyatom:  CD2 on residue LEU 14
core.conformation.Conformation: [ WARNING ] missing heavyatom:  CB  on residue VAL 15
core.conformation.Conformation: [ WARNING ] missing heavyatom:  CG1 on residue VAL 15
core.conformation.Conformation: [ WARNING ] missing heavyatom:  CG2 on residue VAL 15
core.conformation.Conformation: [ WARNING ] missing heavyatom:  CB  on residue ALA 16
core.conformation.Conformation: [ WARNING ] missing heavyatom:  CB  on residue ALA 17
core.conformation.Conformation: [ WARNING ] missing heavyatom:  CB  on residue MET 18
core.conformation.Conformation: [ WARNING ] missing heavyatom:  CG  on residue MET 18
core.conformation.Conformation: [ WARNING ] missing heavyatom:  SD  on residue MET 18
core.conformation.Conformation: [ WARNING ] missing heavyatom:  CE  on residue MET 18
core.conformation.Conformation: [ WARNING ] missing heavyatom:  CB  on residue ASN 19
core.conformation.Conformation: [ WARNING ] missing heavyatom:  CG  on residue ASN 19
core.conformation.Conformation: [ WARNING ] missing heavyatom:  OD1 on residue ASN 19
core.conformation.Conformation: [ WARNING ] missing heavyatom:  ND2 on residue ASN 19
core.conformation.Conformation: [ WARNING ] missing heavyatom:  CB  on residue ALA 20
core.conformation.Conformation: [ WARNING ] missing heavyatom:  CB  on residue ASP 22
core.conformation.Conformation: [ WARNING ] missing heavyatom:  CG  on residue ASP 22
core.conformation.Conformation: [ WARNING ] missing heavyatom:  OD1 on residue ASP 22
core.conformation.Conformation: [ WARNING ] missing heavyatom:  OD2 on residue ASP 22
core.conformation.Conformation: [ WARNING ] missing heavyatom:  CB  on residue LEU 23
core.conformation.Conformation: [ WARNING ] missing heavyatom:  CG  on residue LEU 23
core.conformation.Conformation: [ WARNING ] missing heavyatom:  CD1 on residue LEU 23
core.conformation.Conformation: [ WARNING ] missing heavyatom:  CD2 on residue LEU 23
core.conformation.Conformation: [ WARNING ] missing heavyatom:  CB  on residue ASP 24
core.conformation.Conformation: [ WARNING ] missing heavyatom:  CG  on residue ASP 24
core.conformation.Conformation: [ WARNING ] missing heavyatom:  OD1 on residue ASP 24
core.conformation.Conformation: [ WARNING ] missing heavyatom:  OD2 on residue ASP 24
core.conformation.Conformation: [ WARNING ] missing heavyatom:  CB  on residue ILE 26
core.conformation.Conformation: [ WARNING ] missing heavyatom:  CG1 on residue ILE 26
core.conformation.Conformation: [ WARNING ] missing heavyatom:  CG2 on residue ILE 26
core.conformation.Conformation: [ WARNING ] missing heavyatom:  CD1 on residue ILE 26
core.conformation.Conformation: [ WARNING ] missing heavyatom:  CB  on residue VAL 27
core.conformation.Conformation: [ WARNING ] missing heavyatom:  CG1 on residue VAL 27
core.conformation.Conformation: [ WARNING ] missing heavyatom:  CG2 on residue VAL 27
core.conformation.Conformation: [ WARNING ] missing heavyatom:  CB  on residue ALA 28
core.conformation.Conformation: [ WARNING ] missing heavyatom:  CB  on residue LEU 29
core.conformation.Conformation: [ WARNING ] missing heavyatom:  CG  on residue LEU 29
core.conformation.Conformation: [ WARNING ] missing heavyatom:  CD1 on residue LEU 29
core.conformation.Conformation: [ WARNING ] missing heavyatom:  CD2 on residue LEU 29
core.conformation.Conformation: [ WARNING ] missing heavyatom:  CB  on residue PHE 30
core.conformation.Conformation: [ WARNING ] missing heavyatom:  CG  on residue PHE 30
core.conformation.Conformation: [ WARNING ] missing heavyatom:  CD1 on residue PHE 30
core.conformation.Conformation: [ WARNING ] missing heavyatom:  CD2 on residue PHE 30
core.conformation.Conformation: [ WARNING ] missing heavyatom:  CE1 on residue PHE 30
core.conformation.Conformation: [ WARNING ] missing heavyatom:  CE2 on residue PHE 30
core.conformation.Conformation: [ WARNING ] missing heavyatom:  CZ  on residue PHE 30
core.conformation.Conformation: [ WARNING ] missing heavyatom:  CB  on residue ALA 31
core.conformation.Conformation: [ WARNING ] missing heavyatom:  CB  on residue ASP 32
core.conformation.Conformation: [ WARNING ] missing heavyatom:  CG  on residue ASP 32
core.conformation.Conformation: [ WARNING ] missing heavyatom:  OD1 on residue ASP 32
core.conformation.Conformation: [ WARNING ] missing heavyatom:  OD2 on residue ASP 32
core.conformation.Conformation: [ WARNING ] missing heavyatom:  CB  on residue ASP 33
core.conformation.Conformation: [ WARNING ] missing heavyatom:  CG  on residue ASP 33
core.conformation.Conformation: [ WARNING ] missing heavyatom:  OD1 on residue ASP 33
core.conformation.Conformation: [ WARNING ] missing heavyatom:  OD2 on residue ASP 33
core.conformation.Conformation: [ WARNING ] missing heavyatom:  CB  on residue ALA 34
core.conformation.Conformation: [ WARNING ] missing heavyatom:  CB  on residue THR 35
core.conformation.Conformation: [ WARNING ] missing heavyatom:  OG1 on residue THR 35
core.conformation.Conformation: [ WARNING ] missing heavyatom:  CG2 on residue THR 35
core.conformation.Conformation: [ WARNING ] missing heavyatom:  CB  on residue VAL 36
core.conformation.Conformation: [ WARNING ] missing heavyatom:  CG1 on residue VAL 36
core.conformation.Conformation: [ WARNING ] missing heavyatom:  CG2 on residue VAL 36
core.conformation.Conformation: [ WARNING ] missing heavyatom:  CB  on residue GLU 37
core.conformation.Conformation: [ WARNING ] missing heavyatom:  CG  on residue GLU 37
core.conformation.Conformation: [ WARNING ] missing heavyatom:  CD  on residue GLU 37
core.conformation.Conformation: [ WARNING ] missing heavyatom:  OE1 on residue GLU 37
core.conformation.Conformation: [ WARNING ] missing heavyatom:  OE2 on residue GLU 37
core.conformation.Conformation: [ WARNING ] missing heavyatom:  CB  on residue ASN 38
core.conformation.Conformation: [ WARNING ] missing heavyatom:  CG  on residue ASN 38
core.conformation.Conformation: [ WARNING ] missing heavyatom:  OD1 on residue ASN 38
core.conformation.Conformation: [ WARNING ] missing heavyatom:  ND2 on residue ASN 38
core.conformation.Conformation: [ WARNING ] missing heavyatom:  CB  on residue PRO 39
core.conformation.Conformation: [ WARNING ] missing heavyatom:  CG  on residue PRO 39
core.conformation.Conformation: [ WARNING ] missing heavyatom:  CD  on residue PRO 39
core.conformation.Conformation: [ WARNING ] missing heavyatom:  CB  on residue VAL 40
core.conformation.Conformation: [ WARNING ] missing heavyatom:  CG1 on residue VAL 40
core.conformation.Conformation: [ WARNING ] missing heavyatom:  CG2 on residue VAL 40
core.conformation.Conformation: [ WARNING ] missing heavyatom:  CB  on residue SER 42
core.conformation.Conformation: [ WARNING ] missing heavyatom:  OG  on residue SER 42
core.conformation.Conformation: [ WARNING ] missing heavyatom:  CB  on residue GLU 43
core.conformation.Conformation: [ WARNING ] missing heavyatom:  CG  on residue GLU 43
core.conformation.Conformation: [ WARNING ] missing heavyatom:  CD  on residue GLU 43
core.conformation.Conformation: [ WARNING ] missing heavyatom:  OE1 on residue GLU 43
core.conformation.Conformation: [ WARNING ] missing heavyatom:  OE2 on residue GLU 43
core.conformation.Conformation: [ WARNING ] missing heavyatom:  CB  on residue PRO 44
core.conformation.Conformation: [ WARNING ] missing heavyatom:  CG  on residue PRO 44
core.conformation.Conformation: [ WARNING ] missing heavyatom:  CD  on residue PRO 44
core.conformation.Conformation: [ WARNING ] missing heavyatom:  CB  on residue ARG 45
core.conformation.Conformation: [ WARNING ] missing heavyatom:  CG  on residue ARG 45
core.conformation.Conformation: [ WARNING ] missing heavyatom:  CD  on residue ARG 45
core.conformation.Conformation: [ WARNING ] missing heavyatom:  NE  on residue ARG 45
core.conformation.Conformation: [ WARNING ] missing heavyatom:  CZ  on residue ARG 45
core.conformation.Conformation: [ WARNING ] missing heavyatom:  NH1 on residue ARG 45
core.conformation.Conformation: [ WARNING ] missing heavyatom:  NH2 on residue ARG 45
core.conformation.Conformation: [ WARNING ] missing heavyatom:  CB  on residue SER 46
core.conformation.Conformation: [ WARNING ] missing heavyatom:  OG  on residue SER 46
core.conformation.Conformation: [ WARNING ] missing heavyatom:  CB  on residue THR 48
core.conformation.Conformation: [ WARNING ] missing heavyatom:  OG1 on residue THR 48
core.conformation.Conformation: [ WARNING ] missing heavyatom:  CG2 on residue THR 48
core.conformation.Conformation: [ WARNING ] missing heavyatom:  CB  on residue ALA 49
core.conformation.Conformation: [ WARNING ] missing heavyatom:  CB  on residue ALA 50
core.conformation.Conformation: [ WARNING ] missing heavyatom:  CB  on residue ILE 51
core.conformation.Conformation: [ WARNING ] missing heavyatom:  CG1 on residue ILE 51
core.conformation.Conformation: [ WARNING ] missing heavyatom:  CG2 on residue ILE 51
core.conformation.Conformation: [ WARNING ] missing heavyatom:  CD1 on residue ILE 51
core.conformation.Conformation: [ WARNING ] missing heavyatom:  CB  on residue ARG 52
core.conformation.Conformation: [ WARNING ] missing heavyatom:  CG  on residue ARG 52
core.conformation.Conformation: [ WARNING ] missing heavyatom:  CD  on residue ARG 52
core.conformation.Conformation: [ WARNING ] missing heavyatom:  NE  on residue ARG 52
core.conformation.Conformation: [ WARNING ] missing heavyatom:  CZ  on residue ARG 52
core.conformation.Conformation: [ WARNING ] missing heavyatom:  NH1 on residue ARG 52
core.conformation.Conformation: [ WARNING ] missing heavyatom:  NH2 on residue ARG 52
core.conformation.Conformation: [ WARNING ] missing heavyatom:  CB  on residue GLU 53
core.conformation.Conformation: [ WARNING ] missing heavyatom:  CG  on residue GLU 53
core.conformation.Conformation: [ WARNING ] missing heavyatom:  CD  on residue GLU 53
core.conformation.Conformation: [ WARNING ] missing heavyatom:  OE1 on residue GLU 53
core.conformation.Conformation: [ WARNING ] missing heavyatom:  OE2 on residue GLU 53
core.conformation.Conformation: [ WARNING ] missing heavyatom:  CB  on residue TRP 54
core.conformation.Conformation: [ WARNING ] missing heavyatom:  CG  on residue TRP 54
core.conformation.Conformation: [ WARNING ] missing heavyatom:  CD1 on residue TRP 54
core.conformation.Conformation: [ WARNING ] missing heavyatom:  CD2 on residue TRP 54
core.conformation.Conformation: [ WARNING ] missing heavyatom:  NE1 on residue TRP 54
core.conformation.Conformation: [ WARNING ] missing heavyatom:  CE2 on residue TRP 54
core.conformation.Conformation: [ WARNING ] missing heavyatom:  CE3 on residue TRP 54
core.conformation.Conformation: [ WARNING ] missing heavyatom:  CZ2 on residue TRP 54
core.conformation.Conformation: [ WARNING ] missing heavyatom:  CZ3 on residue TRP 54
core.conformation.Conformation: [ WARNING ] missing heavyatom:  CH2 on residue TRP 54
core.conformation.Conformation: [ WARNING ] missing heavyatom:  CB  on residue TYR 55
core.conformation.Conformation: [ WARNING ] missing heavyatom:  CG  on residue TYR 55
core.conformation.Conformation: [ WARNING ] missing heavyatom:  CD1 on residue TYR 55
core.conformation.Conformation: [ WARNING ] missing heavyatom:  CD2 on residue TYR 55
core.conformation.Conformation: [ WARNING ] missing heavyatom:  CE1 on residue TYR 55
core.conformation.Conformation: [ WARNING ] missing heavyatom:  CE2 on residue TYR 55
core.conformation.Conformation: [ WARNING ] missing heavyatom:  CZ  on residue TYR 55
core.conformation.Conformation: [ WARNING ] missing heavyatom:  OH  on residue TYR 55
core.conformation.Conformation: [ WARNING ] missing heavyatom:  CB  on residue ALA 56
core.conformation.Conformation: [ WARNING ] missing heavyatom:  CB  on residue ASN 57
core.conformation.Conformation: [ WARNING ] missing heavyatom:  CG  on residue ASN 57
core.conformation.Conformation: [ WARNING ] missing heavyatom:  OD1 on residue ASN 57
core.conformation.Conformation: [ WARNING ] missing heavyatom:  ND2 on residue ASN 57
core.conformation.Conformation: [ WARNING ] missing heavyatom:  CB  on residue PHE 58
core.conformation.Conformation: [ WARNING ] missing heavyatom:  CG  on residue PHE 58
core.conformation.Conformation: [ WARNING ] missing heavyatom:  CD1 on residue PHE 58
core.conformation.Conformation: [ WARNING ] missing heavyatom:  CD2 on residue PHE 58
core.conformation.Conformation: [ WARNING ] missing heavyatom:  CE1 on residue PHE 58
core.conformation.Conformation: [ WARNING ] missing heavyatom:  CE2 on residue PHE 58
core.conformation.Conformation: [ WARNING ] missing heavyatom:  CZ  on residue PHE 58
core.conformation.Conformation: [ WARNING ] missing heavyatom:  CB  on residue PHE 59
core.conformation.Conformation: [ WARNING ] missing heavyatom:  CG  on residue PHE 59
core.conformation.Conformation: [ WARNING ] missing heavyatom:  CD1 on residue PHE 59
core.conformation.Conformation: [ WARNING ] missing heavyatom:  CD2 on residue PHE 59
core.conformation.Conformation: [ WARNING ] missing heavyatom:  CE1 on residue PHE 59
core.conformation.Conformation: [ WARNING ] missing heavyatom:  CE2 on residue PHE 59
core.conformation.Conformation: [ WARNING ] missing heavyatom:  CZ  on residue PHE 59
core.conformation.Conformation: [ WARNING ] missing heavyatom:  CB  on residue LYS 60
core.conformation.Conformation: [ WARNING ] missing heavyatom:  CG  on residue LYS 60
core.conformation.Conformation: [ WARNING ] missing heavyatom:  CD  on residue LYS 60
core.conformation.Conformation: [ WARNING ] missing heavyatom:  CE  on residue LYS 60
core.conformation.Conformation: [ WARNING ] missing heavyatom:  NZ  on residue LYS 60
core.conformation.Conformation: [ WARNING ] missing heavyatom:  CB  on residue LEU 61
core.conformation.Conformation: [ WARNING ] missing heavyatom:  CG  on residue LEU 61
core.conformation.Conformation: [ WARNING ] missing heavyatom:  CD1 on residue LEU 61
core.conformation.Conformation: [ WARNING ] missing heavyatom:  CD2 on residue LEU 61
core.conformation.Conformation: [ WARNING ] missing heavyatom:  CB  on residue PRO 62
core.conformation.Conformation: [ WARNING ] missing heavyatom:  CG  on residue PRO 62
core.conformation.Conformation: [ WARNING ] missing heavyatom:  CD  on residue PRO 62
core.conformation.Conformation: [ WARNING ] missing heavyatom:  CB  on residue TYR 63
core.conformation.Conformation: [ WARNING ] missing heavyatom:  CG  on residue TYR 63
core.conformation.Conformation: [ WARNING ] missing heavyatom:  CD1 on residue TYR 63
core.conformation.Conformation: [ WARNING ] missing heavyatom:  CD2 on residue TYR 63
core.conformation.Conformation: [ WARNING ] missing heavyatom:  CE1 on residue TYR 63
core.conformation.Conformation: [ WARNING ] missing heavyatom:  CE2 on residue TYR 63
core.conformation.Conformation: [ WARNING ] missing heavyatom:  CZ  on residue TYR 63
core.conformation.Conformation: [ WARNING ] missing heavyatom:  OH  on residue TYR 63
core.conformation.Conformation: [ WARNING ] missing heavyatom:  CB  on residue ALA 64
core.conformation.Conformation: [ WARNING ] missing heavyatom:  CB  on residue VAL 65
core.conformation.Conformation: [ WARNING ] missing heavyatom:  CG1 on residue VAL 65
core.conformation.Conformation: [ WARNING ] missing heavyatom:  CG2 on residue VAL 65
core.conformation.Conformation: [ WARNING ] missing heavyatom:  CB  on residue GLU 66
core.conformation.Conformation: [ WARNING ] missing heavyatom:  CG  on residue GLU 66
core.conformation.Conformation: [ WARNING ] missing heavyatom:  CD  on residue GLU 66
core.conformation.Conformation: [ WARNING ] missing heavyatom:  OE1 on residue GLU 66
core.conformation.Conformation: [ WARNING ] missing heavyatom:  OE2 on residue GLU 66
core.conformation.Conformation: [ WARNING ] missing heavyatom:  CB  on residue LEU 67
core.conformation.Conformation: [ WARNING ] missing heavyatom:  CG  on residue LEU 67
core.conformation.Conformation: [ WARNING ] missing heavyatom:  CD1 on residue LEU 67
core.conformation.Conformation: [ WARNING ] missing heavyatom:  CD2 on residue LEU 67
core.conformation.Conformation: [ WARNING ] missing heavyatom:  CB  on residue THR 68
core.conformation.Conformation: [ WARNING ] missing heavyatom:  OG1 on residue THR 68
core.conformation.Conformation: [ WARNING ] missing heavyatom:  CG2 on residue THR 68
core.conformation.Conformation: [ WARNING ] missing heavyatom:  CB  on residue GLN 69
core.conformation.Conformation: [ WARNING ] missing heavyatom:  CG  on residue GLN 69
core.conformation.Conformation: [ WARNING ] missing heavyatom:  CD  on residue GLN 69
core.conformation.Conformation: [ WARNING ] missing heavyatom:  OE1 on residue GLN 69
core.conformation.Conformation: [ WARNING ] missing heavyatom:  NE2 on residue GLN 69
core.conformation.Conformation: [ WARNING ] missing heavyatom:  CB  on residue GLU 70
core.conformation.Conformation: [ WARNING ] missing heavyatom:  CG  on residue GLU 70
core.conformation.Conformation: [ WARNING ] missing heavyatom:  CD  on residue GLU 70
core.conformation.Conformation: [ WARNING ] missing heavyatom:  OE1 on residue GLU 70
core.conformation.Conformation: [ WARNING ] missing heavyatom:  OE2 on residue GLU 70
core.conformation.Conformation: [ WARNING ] missing heavyatom:  CB  on residue ILE 71
core.conformation.Conformation: [ WARNING ] missing heavyatom:  CG1 on residue ILE 71
core.conformation.Conformation: [ WARNING ] missing heavyatom:  CG2 on residue ILE 71
core.conformation.Conformation: [ WARNING ] missing heavyatom:  CD1 on residue ILE 71
core.conformation.Conformation: [ WARNING ] missing heavyatom:  CB  on residue ARG 72
core.conformation.Conformation: [ WARNING ] missing heavyatom:  CG  on residue ARG 72
core.conformation.Conformation: [ WARNING ] missing heavyatom:  CD  on residue ARG 72
core.conformation.Conformation: [ WARNING ] missing heavyatom:  NE  on residue ARG 72
core.conformation.Conformation: [ WARNING ] missing heavyatom:  CZ  on residue ARG 72
core.conformation.Conformation: [ WARNING ] missing heavyatom:  NH1 on residue ARG 72
core.conformation.Conformation: [ WARNING ] missing heavyatom:  NH2 on residue ARG 72
core.conformation.Conformation: [ WARNING ] missing heavyatom:  CB  on residue ALA 73
core.conformation.Conformation: [ WARNING ] missing heavyatom:  CB  on residue VAL 74
core.conformation.Conformation: [ WARNING ] missing heavyatom:  CG1 on residue VAL 74
core.conformation.Conformation: [ WARNING ] missing heavyatom:  CG2 on residue VAL 74
core.conformation.Conformation: [ WARNING ] missing heavyatom:  CB  on residue ALA 75
core.conformation.Conformation: [ WARNING ] missing heavyatom:  CB  on residue ASN 76
core.conformation.Conformation: [ WARNING ] missing heavyatom:  CG  on residue ASN 76
core.conformation.Conformation: [ WARNING ] missing heavyatom:  OD1 on residue ASN 76
core.conformation.Conformation: [ WARNING ] missing heavyatom:  ND2 on residue ASN 76
core.conformation.Conformation: [ WARNING ] missing heavyatom:  CB  on residue GLU 77
core.conformation.Conformation: [ WARNING ] missing heavyatom:  CG  on residue GLU 77
core.conformation.Conformation: [ WARNING ] missing heavyatom:  CD  on residue GLU 77
core.conformation.Conformation: [ WARNING ] missing heavyatom:  OE1 on residue GLU 77
core.conformation.Conformation: [ WARNING ] missing heavyatom:  OE2 on residue GLU 77
core.conformation.Conformation: [ WARNING ] missing heavyatom:  CB  on residue ALA 78
core.conformation.Conformation: [ WARNING ] missing heavyatom:  CB  on residue ALA 79
core.conformation.Conformation: [ WARNING ] missing heavyatom:  CB  on residue PHE 80
core.conformation.Conformation: [ WARNING ] missing heavyatom:  CG  on residue PHE 80
core.conformation.Conformation: [ WARNING ] missing heavyatom:  CD1 on residue PHE 80
core.conformation.Conformation: [ WARNING ] missing heavyatom:  CD2 on residue PHE 80
core.conformation.Conformation: [ WARNING ] missing heavyatom:  CE1 on residue PHE 80
core.conformation.Conformation: [ WARNING ] missing heavyatom:  CE2 on residue PHE 80
core.conformation.Conformation: [ WARNING ] missing heavyatom:  CZ  on residue PHE 80
core.conformation.Conformation: [ WARNING ] missing heavyatom:  CB  on residue ALA 81
core.conformation.Conformation: [ WARNING ] missing heavyatom:  CB  on residue PHE 82
core.conformation.Conformation: [ WARNING ] missing heavyatom:  CG  on residue PHE 82
core.conformation.Conformation: [ WARNING ] missing heavyatom:  CD1 on residue PHE 82
core.conformation.Conformation: [ WARNING ] missing heavyatom:  CD2 on residue PHE 82
core.conformation.Conformation: [ WARNING ] missing heavyatom:  CE1 on residue PHE 82
core.conformation.Conformation: [ WARNING ] missing heavyatom:  CE2 on residue PHE 82
core.conformation.Conformation: [ WARNING ] missing heavyatom:  CZ  on residue PHE 82
core.conformation.Conformation: [ WARNING ] missing heavyatom:  CB  on residue ILE 83
core.conformation.Conformation: [ WARNING ] missing heavyatom:  CG1 on residue ILE 83
core.conformation.Conformation: [ WARNING ] missing heavyatom:  CG2 on residue ILE 83
core.conformation.Conformation: [ WARNING ] missing heavyatom:  CD1 on residue ILE 83
core.conformation.Conformation: [ WARNING ] missing heavyatom:  CB  on residue ILE 84
core.conformation.Conformation: [ WARNING ] missing heavyatom:  CG1 on residue ILE 84
core.conformation.Conformation: [ WARNING ] missing heavyatom:  CG2 on residue ILE 84
core.conformation.Conformation: [ WARNING ] missing heavyatom:  CD1 on residue ILE 84
core.conformation.Conformation: [ WARNING ] missing heavyatom:  CB  on residue SER 85
core.conformation.Conformation: [ WARNING ] missing heavyatom:  OG  on residue SER 85
core.conformation.Conformation: [ WARNING ] missing heavyatom:  CB  on residue PHE 86
core.conformation.Conformation: [ WARNING ] missing heavyatom:  CG  on residue PHE 86
core.conformation.Conformation: [ WARNING ] missing heavyatom:  CD1 on residue PHE 86
core.conformation.Conformation: [ WARNING ] missing heavyatom:  CD2 on residue PHE 86
core.conformation.Conformation: [ WARNING ] missing heavyatom:  CE1 on residue PHE 86
core.conformation.Conformation: [ WARNING ] missing heavyatom:  CE2 on residue PHE 86
core.conformation.Conformation: [ WARNING ] missing heavyatom:  CZ  on residue PHE 86
core.conformation.Conformation: [ WARNING ] missing heavyatom:  CB  on residue GLU 87
core.conformation.Conformation: [ WARNING ] missing heavyatom:  CG  on residue GLU 87
core.conformation.Conformation: [ WARNING ] missing heavyatom:  CD  on residue GLU 87
core.conformation.Conformation: [ WARNING ] missing heavyatom:  OE1 on residue GLU 87
core.conformation.Conformation: [ WARNING ] missing heavyatom:  OE2 on residue GLU 87
core.conformation.Conformation: [ WARNING ] missing heavyatom:  CB  on residue TYR 88
core.conformation.Conformation: [ WARNING ] missing heavyatom:  CG  on residue TYR 88
core.conformation.Conformation: [ WARNING ] missing heavyatom:  CD1 on residue TYR 88
core.conformation.Conformation: [ WARNING ] missing heavyatom:  CD2 on residue TYR 88
core.conformation.Conformation: [ WARNING ] missing heavyatom:  CE1 on residue TYR 88
core.conformation.Conformation: [ WARNING ] missing heavyatom:  CE2 on residue TYR 88
core.conformation.Conformation: [ WARNING ] missing heavyatom:  CZ  on residue TYR 88
core.conformation.Conformation: [ WARNING ] missing heavyatom:  OH  on residue TYR 88
core.conformation.Conformation: [ WARNING ] missing heavyatom:  CB  on residue GLN 89
core.conformation.Conformation: [ WARNING ] missing heavyatom:  CG  on residue GLN 89
core.conformation.Conformation: [ WARNING ] missing heavyatom:  CD  on residue GLN 89
core.conformation.Conformation: [ WARNING ] missing heavyatom:  OE1 on residue GLN 89
core.conformation.Conformation: [ WARNING ] missing heavyatom:  NE2 on residue GLN 89
core.conformation.Conformation: [ WARNING ] missing heavyatom:  CB  on residue ARG 91
core.conformation.Conformation: [ WARNING ] missing heavyatom:  CG  on residue ARG 91
core.conformation.Conformation: [ WARNING ] missing heavyatom:  CD  on residue ARG 91
core.conformation.Conformation: [ WARNING ] missing heavyatom:  NE  on residue ARG 91
core.conformation.Conformation: [ WARNING ] missing heavyatom:  CZ  on residue ARG 91
core.conformation.Conformation: [ WARNING ] missing heavyatom:  NH1 on residue ARG 91
core.conformation.Conformation: [ WARNING ] missing heavyatom:  NH2 on residue ARG 91
core.conformation.Conformation: [ WARNING ] missing heavyatom:  CB  on residue LYS 92
core.conformation.Conformation: [ WARNING ] missing heavyatom:  CG  on residue LYS 92
core.conformation.Conformation: [ WARNING ] missing heavyatom:  CD  on residue LYS 92
core.conformation.Conformation: [ WARNING ] missing heavyatom:  CE  on residue LYS 92
core.conformation.Conformation: [ WARNING ] missing heavyatom:  NZ  on residue LYS 92
core.conformation.Conformation: [ WARNING ] missing heavyatom:  CB  on residue VAL 93
core.conformation.Conformation: [ WARNING ] missing heavyatom:  CG1 on residue VAL 93
core.conformation.Conformation: [ WARNING ] missing heavyatom:  CG2 on residue VAL 93
core.conformation.Conformation: [ WARNING ] missing heavyatom:  CB  on residue VAL 94
core.conformation.Conformation: [ WARNING ] missing heavyatom:  CG1 on residue VAL 94
core.conformation.Conformation: [ WARNING ] missing heavyatom:  CG2 on residue VAL 94
core.conformation.Conformation: [ WARNING ] missing heavyatom:  CB  on residue LEU 95
core.conformation.Conformation: [ WARNING ] missing heavyatom:  CG  on residue LEU 95
core.conformation.Conformation: [ WARNING ] missing heavyatom:  CD1 on residue LEU 95
core.conformation.Conformation: [ WARNING ] missing heavyatom:  CD2 on residue LEU 95
core.conformation.Conformation: [ WARNING ] missing heavyatom:  CB  on residue ALA 96
core.conformation.Conformation: [ WARNING ] missing heavyatom:  CB  on residue VAL 97
core.conformation.Conformation: [ WARNING ] missing heavyatom:  CG1 on residue VAL 97
core.conformation.Conformation: [ WARNING ] missing heavyatom:  CG2 on residue VAL 97
core.conformation.Conformation: [ WARNING ] missing heavyatom:  CB  on residue ILE 98
core.conformation.Conformation: [ WARNING ] missing heavyatom:  CG1 on residue ILE 98
core.conformation.Conformation: [ WARNING ] missing heavyatom:  CG2 on residue ILE 98
core.conformation.Conformation: [ WARNING ] missing heavyatom:  CD1 on residue ILE 98
core.conformation.Conformation: [ WARNING ] missing heavyatom:  CB  on residue ASP 99
core.conformation.Conformation: [ WARNING ] missing heavyatom:  CG  on residue ASP 99
core.conformation.Conformation: [ WARNING ] missing heavyatom:  OD1 on residue ASP 99
core.conformation.Conformation: [ WARNING ] missing heavyatom:  OD2 on residue ASP 99
core.conformation.Conformation: [ WARNING ] missing heavyatom:  CB  on residue HIS 100
core.conformation.Conformation: [ WARNING ] missing heavyatom:  CG  on residue HIS 100
core.conformation.Conformation: [ WARNING ] missing heavyatom:  ND1 on residue HIS 100
core.conformation.Conformation: [ WARNING ] missing heavyatom:  CD2 on residue HIS 100
core.conformation.Conformation: [ WARNING ] missing heavyatom:  CE1 on residue HIS 100
core.conformation.Conformation: [ WARNING ] missing heavyatom:  NE2 on residue HIS 100
core.conformation.Conformation: [ WARNING ] missing heavyatom:  CB  on residue ILE 101
core.conformation.Conformation: [ WARNING ] missing heavyatom:  CG1 on residue ILE 101
core.conformation.Conformation: [ WARNING ] missing heavyatom:  CG2 on residue ILE 101
core.conformation.Conformation: [ WARNING ] missing heavyatom:  CD1 on residue ILE 101
core.conformation.Conformation: [ WARNING ] missing heavyatom:  CB  on residue ARG 102
core.conformation.Conformation: [ WARNING ] missing heavyatom:  CG  on residue ARG 102
core.conformation.Conformation: [ WARNING ] missing heavyatom:  CD  on residue ARG 102
core.conformation.Conformation: [ WARNING ] missing heavyatom:  NE  on residue ARG 102
core.conformation.Conformation: [ WARNING ] missing heavyatom:  CZ  on residue ARG 102
core.conformation.Conformation: [ WARNING ] missing heavyatom:  NH1 on residue ARG 102
core.conformation.Conformation: [ WARNING ] missing heavyatom:  NH2 on residue ARG 102
core.conformation.Conformation: [ WARNING ] missing heavyatom:  CB  on residue PHE 103
core.conformation.Conformation: [ WARNING ] missing heavyatom:  CG  on residue PHE 103
core.conformation.Conformation: [ WARNING ] missing heavyatom:  CD1 on residue PHE 103
core.conformation.Conformation: [ WARNING ] missing heavyatom:  CD2 on residue PHE 103
core.conformation.Conformation: [ WARNING ] missing heavyatom:  CE1 on residue PHE 103
core.conformation.Conformation: [ WARNING ] missing heavyatom:  CE2 on residue PHE 103
core.conformation.Conformation: [ WARNING ] missing heavyatom:  CZ  on residue PHE 103
core.conformation.Conformation: [ WARNING ] missing heavyatom:  CB  on residue ASN 104
core.conformation.Conformation: [ WARNING ] missing heavyatom:  CG  on residue ASN 104
core.conformation.Conformation: [ WARNING ] missing heavyatom:  OD1 on residue ASN 104
core.conformation.Conformation: [ WARNING ] missing heavyatom:  ND2 on residue ASN 104
core.conformation.Conformation: [ WARNING ] missing heavyatom:  CB  on residue ALA 106
core.conformation.Conformation: [ WARNING ] missing heavyatom:  CB  on residue LYS 108
core.conformation.Conformation: [ WARNING ] missing heavyatom:  CG  on residue LYS 108
core.conformation.Conformation: [ WARNING ] missing heavyatom:  CD  on residue LYS 108
core.conformation.Conformation: [ WARNING ] missing heavyatom:  CE  on residue LYS 108
core.conformation.Conformation: [ WARNING ] missing heavyatom:  NZ  on residue LYS 108
core.conformation.Conformation: [ WARNING ] missing heavyatom:  CB  on residue ILE 109
core.conformation.Conformation: [ WARNING ] missing heavyatom:  CG1 on residue ILE 109
core.conformation.Conformation: [ WARNING ] missing heavyatom:  CG2 on residue ILE 109
core.conformation.Conformation: [ WARNING ] missing heavyatom:  CD1 on residue ILE 109
core.conformation.Conformation: [ WARNING ] missing heavyatom:  CB  on residue VAL 110
core.conformation.Conformation: [ WARNING ] missing heavyatom:  CG1 on residue VAL 110
core.conformation.Conformation: [ WARNING ] missing heavyatom:  CG2 on residue VAL 110
core.conformation.Conformation: [ WARNING ] missing heavyatom:  CB  on residue SER 111
core.conformation.Conformation: [ WARNING ] missing heavyatom:  OG  on residue SER 111
core.conformation.Conformation: [ WARNING ] missing heavyatom:  CB  on residue MET 112
core.conformation.Conformation: [ WARNING ] missing heavyatom:  CG  on residue MET 112
core.conformation.Conformation: [ WARNING ] missing heavyatom:  SD  on residue MET 112
core.conformation.Conformation: [ WARNING ] missing heavyatom:  CE  on residue MET 112
core.conformation.Conformation: [ WARNING ] missing heavyatom:  CB  on residue ARG 113
core.conformation.Conformation: [ WARNING ] missing heavyatom:  CG  on residue ARG 113
core.conformation.Conformation: [ WARNING ] missing heavyatom:  CD  on residue ARG 113
core.conformation.Conformation: [ WARNING ] missing heavyatom:  NE  on residue ARG 113
core.conformation.Conformation: [ WARNING ] missing heavyatom:  CZ  on residue ARG 113
core.conformation.Conformation: [ WARNING ] missing heavyatom:  NH1 on residue ARG 113
core.conformation.Conformation: [ WARNING ] missing heavyatom:  NH2 on residue ARG 113
core.conformation.Conformation: [ WARNING ] missing heavyatom:  CB  on residue VAL 114
core.conformation.Conformation: [ WARNING ] missing heavyatom:  CG1 on residue VAL 114
core.conformation.Conformation: [ WARNING ] missing heavyatom:  CG2 on residue VAL 114
core.conformation.Conformation: [ WARNING ] missing heavyatom:  CB  on residue LEU 115
core.conformation.Conformation: [ WARNING ] missing heavyatom:  CG  on residue LEU 115
core.conformation.Conformation: [ WARNING ] missing heavyatom:  CD1 on residue LEU 115
core.conformation.Conformation: [ WARNING ] missing heavyatom:  CD2 on residue LEU 115
core.conformation.Conformation: [ WARNING ] missing heavyatom:  CB  on residue PHE 116
core.conformation.Conformation: [ WARNING ] missing heavyatom:  CG  on residue PHE 116
core.conformation.Conformation: [ WARNING ] missing heavyatom:  CD1 on residue PHE 116
core.conformation.Conformation: [ WARNING ] missing heavyatom:  CD2 on residue PHE 116
core.conformation.Conformation: [ WARNING ] missing heavyatom:  CE1 on residue PHE 116
core.conformation.Conformation: [ WARNING ] missing heavyatom:  CE2 on residue PHE 116
core.conformation.Conformation: [ WARNING ] missing heavyatom:  CZ  on residue PHE 116
core.conformation.Conformation: [ WARNING ] missing heavyatom:  CB  on residue GLU 118
core.conformation.Conformation: [ WARNING ] missing heavyatom:  CG  on residue GLU 118
core.conformation.Conformation: [ WARNING ] missing heavyatom:  CD  on residue GLU 118
core.conformation.Conformation: [ WARNING ] missing heavyatom:  OE1 on residue GLU 118
core.conformation.Conformation: [ WARNING ] missing heavyatom:  OE2 on residue GLU 118
core.conformation.Conformation: [ WARNING ] missing heavyatom:  CB  on residue LYS 119
core.conformation.Conformation: [ WARNING ] missing heavyatom:  CG  on residue LYS 119
core.conformation.Conformation: [ WARNING ] missing heavyatom:  CD  on residue LYS 119
core.conformation.Conformation: [ WARNING ] missing heavyatom:  CE  on residue LYS 119
core.conformation.Conformation: [ WARNING ] missing heavyatom:  NZ  on residue LYS 119
core.conformation.Conformation: [ WARNING ] missing heavyatom:  CB  on residue ASN 120
core.conformation.Conformation: [ WARNING ] missing heavyatom:  CG  on residue ASN 120
core.conformation.Conformation: [ WARNING ] missing heavyatom:  OD1 on residue ASN 120
core.conformation.Conformation: [ WARNING ] missing heavyatom:  ND2 on residue ASN 120
core.conformation.Conformation: [ WARNING ] missing heavyatom:  CB  on residue ILE 121
core.conformation.Conformation: [ WARNING ] missing heavyatom:  CG1 on residue ILE 121
core.conformation.Conformation: [ WARNING ] missing heavyatom:  CG2 on residue ILE 121
core.conformation.Conformation: [ WARNING ] missing heavyatom:  CD1 on residue ILE 121
core.conformation.Conformation: [ WARNING ] missing heavyatom:  CB  on residue HIS 122
core.conformation.Conformation: [ WARNING ] missing heavyatom:  CG  on residue HIS 122
core.conformation.Conformation: [ WARNING ] missing heavyatom:  ND1 on residue HIS 122
core.conformation.Conformation: [ WARNING ] missing heavyatom:  CD2 on residue HIS 122
core.conformation.Conformation: [ WARNING ] missing heavyatom:  CE1 on residue HIS 122
core.conformation.Conformation: [ WARNING ] missing heavyatom:  NE2 on residue HIS 122
core.conformation.Conformation: [ WARNING ] missing heavyatom:  CB  on residue ALA 123
core.conformation.Conformation: [ WARNING ] missing heavyatom:  OXT on residue ALA:CtermProteinFull 125
core.conformation.Conformation: [ WARNING ] missing heavyatom:  CB  on residue ALA:CtermProteinFull 125
core.pack.pack_missing_sidechains: packing residue number 1 because of missing atom number 5 atom name  CB 
core.pack.pack_missing_sidechains: packing residue number 2 because of missing atom number 5 atom name  CB 
core.pack.pack_missing_sidechains: packing residue number 3 because of missing atom number 5 atom name  CB 
core.pack.pack_missing_sidechains: packing residue number 4 because of missing atom number 5 atom name  CB 
core.pack.pack_missing_sidechains: packing residue number 5 because of missing atom number 5 atom name  CB 
core.pack.pack_missing_sidechains: packing residue number 6 because of missing atom number 5 atom name  CB 
core.pack.pack_missing_sidechains: packing residue number 7 because of missing atom number 5 atom name  CB 
core.pack.pack_missing_sidechains: packing residue number 8 because of missing atom number 5 atom name  CB 
core.pack.pack_missing_sidechains: packing residue number 9 because of missing atom number 5 atom name  CB 
core.pack.pack_missing_sidechains: packing residue number 10 because of missing atom number 5 atom name  CB 
core.pack.pack_missing_sidechains: packing residue number 11 because of missing atom number 5 atom name  CB 
core.pack.pack_missing_sidechains: packing residue number 12 because of missing atom number 5 atom name  CB 
core.pack.pack_missing_sidechains: packing residue number 13 because of missing atom number 5 atom name  CB 
core.pack.pack_missing_sidechains: packing residue number 14 because of missing atom number 5 atom name  CB 
core.pack.pack_missing_sidechains: packing residue number 15 because of missing atom number 5 atom name  CB 
core.pack.pack_missing_sidechains: packing residue number 16 because of missing atom number 5 atom name  CB 
core.pack.pack_missing_sidechains: packing residue number 17 because of missing atom number 5 atom name  CB 
core.pack.pack_missing_sidechains: packing residue number 18 because of missing atom number 5 atom name  CB 
core.pack.pack_missing_sidechains: packing residue number 19 because of missing atom number 5 atom name  CB 
core.pack.pack_missing_sidechains: packing residue number 20 because of missing atom number 5 atom name  CB 
core.pack.pack_missing_sidechains: packing residue number 22 because of missing atom number 5 atom name  CB 
core.pack.pack_missing_sidechains: packing residue number 23 because of missing atom number 5 atom name  CB 
core.pack.pack_missing_sidechains: packing residue number 24 because of missing atom number 5 atom name  CB 
core.pack.pack_missing_sidechains: packing residue number 26 because of missing atom number 5 atom name  CB 
core.pack.pack_missing_sidechains: packing residue number 27 because of missing atom number 5 atom name  CB 
core.pack.pack_missing_sidechains: packing residue number 28 because of missing atom number 5 atom name  CB 
core.pack.pack_missing_sidechains: packing residue number 29 because of missing atom number 5 atom name  CB 
core.pack.pack_missing_sidechains: packing residue number 30 because of missing atom number 5 atom name  CB 
core.pack.pack_missing_sidechains: packing residue number 31 because of missing atom number 5 atom name  CB 
core.pack.pack_missing_sidechains: packing residue number 32 because of missing atom number 5 atom name  CB 
core.pack.pack_missing_sidechains: packing residue number 33 because of missing atom number 5 atom name  CB 
core.pack.pack_missing_sidechains: packing residue number 34 because of missing atom number 5 atom name  CB 
core.pack.pack_missing_sidechains: packing residue number 35 because of missing atom number 5 atom name  CB 
core.pack.pack_missing_sidechains: packing residue number 36 because of missing atom number 5 atom name  CB 
core.pack.pack_missing_sidechains: packing residue number 37 because of missing atom number 5 atom name  CB 
core.pack.pack_missing_sidechains: packing residue number 38 because of missing atom number 5 atom name  CB 
core.pack.pack_missing_sidechains: packing residue number 39 because of missing atom number 5 atom name  CB 
core.pack.pack_missing_sidechains: packing residue number 40 because of missing atom number 5 atom name  CB 
core.pack.pack_missing_sidechains: packing residue number 42 because of missing atom number 5 atom name  CB 
core.pack.pack_missing_sidechains: packing residue number 43 because of missing atom number 5 atom name  CB 
core.pack.pack_missing_sidechains: packing residue number 44 because of missing atom number 5 atom name  CB 
core.pack.pack_missing_sidechains: packing residue number 45 because of missing atom number 5 atom name  CB 
core.pack.pack_missing_sidechains: packing residue number 46 because of missing atom number 5 atom name  CB 
core.pack.pack_missing_sidechains: packing residue number 48 because of missing atom number 5 atom name  CB 
core.pack.pack_missing_sidechains: packing residue number 49 because of missing atom number 5 atom name  CB 
core.pack.pack_missing_sidechains: packing residue number 50 because of missing atom number 5 atom name  CB 
core.pack.pack_missing_sidechains: packing residue number 51 because of missing atom number 5 atom name  CB 
core.pack.pack_missing_sidechains: packing residue number 52 because of missing atom number 5 atom name  CB 
core.pack.pack_missing_sidechains: packing residue number 53 because of missing atom number 5 atom name  CB 
core.pack.pack_missing_sidechains: packing residue number 54 because of missing atom number 5 atom name  CB 
core.pack.pack_missing_sidechains: packing residue number 55 because of missing atom number 5 atom name  CB 
core.pack.pack_missing_sidechains: packing residue number 56 because of missing atom number 5 atom name  CB 
core.pack.pack_missing_sidechains: packing residue number 57 because of missing atom number 5 atom name  CB 
core.pack.pack_missing_sidechains: packing residue number 58 because of missing atom number 5 atom name  CB 
core.pack.pack_missing_sidechains: packing residue number 59 because of missing atom number 5 atom name  CB 
core.pack.pack_missing_sidechains: packing residue number 60 because of missing atom number 5 atom name  CB 
core.pack.pack_missing_sidechains: packing residue number 61 because of missing atom number 5 atom name  CB 
core.pack.pack_missing_sidechains: packing residue number 62 because of missing atom number 5 atom name  CB 
core.pack.pack_missing_sidechains: packing residue number 63 because of missing atom number 5 atom name  CB 
core.pack.pack_missing_sidechains: packing residue number 64 because of missing atom number 5 atom name  CB 
core.pack.pack_missing_sidechains: packing residue number 65 because of missing atom number 5 atom name  CB 
core.pack.pack_missing_sidechains: packing residue number 66 because of missing atom number 5 atom name  CB 
core.pack.pack_missing_sidechains: packing residue number 67 because of missing atom number 5 atom name  CB 
core.pack.pack_missing_sidechains: packing residue number 68 because of missing atom number 5 atom name  CB 
core.pack.pack_missing_sidechains: packing residue number 69 because of missing atom number 5 atom name  CB 
core.pack.pack_missing_sidechains: packing residue number 70 because of missing atom number 5 atom name  CB 
core.pack.pack_missing_sidechains: packing residue number 71 because of missing atom number 5 atom name  CB 
core.pack.pack_missing_sidechains: packing residue number 72 because of missing atom number 5 atom name  CB 
core.pack.pack_missing_sidechains: packing residue number 73 because of missing atom number 5 atom name  CB 
core.pack.pack_missing_sidechains: packing residue number 74 because of missing atom number 5 atom name  CB 
core.pack.pack_missing_sidechains: packing residue number 75 because of missing atom number 5 atom name  CB 
core.pack.pack_missing_sidechains: packing residue number 76 because of missing atom number 5 atom name  CB 
core.pack.pack_missing_sidechains: packing residue number 77 because of missing atom number 5 atom name  CB 
core.pack.pack_missing_sidechains: packing residue number 78 because of missing atom number 5 atom name  CB 
core.pack.pack_missing_sidechains: packing residue number 79 because of missing atom number 5 atom name  CB 
core.pack.pack_missing_sidechains: packing residue number 80 because of missing atom number 5 atom name  CB 
core.pack.pack_missing_sidechains: packing residue number 81 because of missing atom number 5 atom name  CB 
core.pack.pack_missing_sidechains: packing residue number 82 because of missing atom number 5 atom name  CB 
core.pack.pack_missing_sidechains: packing residue number 83 because of missing atom number 5 atom name  CB 
core.pack.pack_missing_sidechains: packing residue number 84 because of missing atom number 5 atom name  CB 
core.pack.pack_missing_sidechains: packing residue number 85 because of missing atom number 5 atom name  CB 
core.pack.pack_missing_sidechains: packing residue number 86 because of missing atom number 5 atom name  CB 
core.pack.pack_missing_sidechains: packing residue number 87 because of missing atom number 5 atom name  CB 
core.pack.pack_missing_sidechains: packing residue number 88 because of missing atom number 5 atom name  CB 
core.pack.pack_missing_sidechains: packing residue number 89 because of missing atom number 5 atom name  CB 
core.pack.pack_missing_sidechains: packing residue number 91 because of missing atom number 5 atom name  CB 
core.pack.pack_missing_sidechains: packing residue number 92 because of missing atom number 5 atom name  CB 
core.pack.pack_missing_sidechains: packing residue number 93 because of missing atom number 5 atom name  CB 
core.pack.pack_missing_sidechains: packing residue number 94 because of missing atom number 5 atom name  CB 
core.pack.pack_missing_sidechains: packing residue number 95 because of missing atom number 5 atom name  CB 
core.pack.pack_missing_sidechains: packing residue number 96 because of missing atom number 5 atom name  CB 
core.pack.pack_missing_sidechains: packing residue number 97 because of missing atom number 5 atom name  CB 
core.pack.pack_missing_sidechains: packing residue number 98 because of missing atom number 5 atom name  CB 
core.pack.pack_missing_sidechains: packing residue number 99 because of missing atom number 5 atom name  CB 
core.pack.pack_missing_sidechains: packing residue number 100 because of missing atom number 5 atom name  CB 
core.pack.pack_missing_sidechains: packing residue number 101 because of missing atom number 5 atom name  CB 
core.pack.pack_missing_sidechains: packing residue number 102 because of missing atom number 5 atom name  CB 
core.pack.pack_missing_sidechains: packing residue number 103 because of missing atom number 5 atom name  CB 
core.pack.pack_missing_sidechains: packing residue number 104 because of missing atom number 5 atom name  CB 
core.pack.pack_missing_sidechains: packing residue number 106 because of missing atom number 5 atom name  CB 
core.pack.pack_missing_sidechains: packing residue number 108 because of missing atom number 5 atom name  CB 
core.pack.pack_missing_sidechains: packing residue number 109 because of missing atom number 5 atom name  CB 
core.pack.pack_missing_sidechains: packing residue number 110 because of missing atom number 5 atom name  CB 
core.pack.pack_missing_sidechains: packing residue number 111 because of missing atom number 5 atom name  CB 
core.pack.pack_missing_sidechains: packing residue number 112 because of missing atom number 5 atom name  CB 
core.pack.pack_missing_sidechains: packing residue number 113 because of missing atom number 5 atom name  CB 
core.pack.pack_missing_sidechains: packing residue number 114 because of missing atom number 5 atom name  CB 
core.pack.pack_missing_sidechains: packing residue number 115 because of missing atom number 5 atom name  CB 
core.pack.pack_missing_sidechains: packing residue number 116 because of missing atom number 5 atom name  CB 
core.pack.pack_missing_sidechains: packing residue number 118 because of missing atom number 5 atom name  CB 
core.pack.pack_missing_sidechains: packing residue number 119 because of missing atom number 5 atom name  CB 
core.pack.pack_missing_sidechains: packing residue number 120 because of missing atom number 5 atom name  CB 
core.pack.pack_missing_sidechains: packing residue number 121 because of missing atom number 5 atom name  CB 
core.pack.pack_missing_sidechains: packing residue number 122 because of missing atom number 5 atom name  CB 
core.pack.pack_missing_sidechains: packing residue number 123 because of missing atom number 5 atom name  CB 
core.pack.pack_missing_sidechains: packing residue number 125 because of missing atom number 6 atom name  CB 
core.pack.task: Packer task: initialize from command line() 
core.scoring.ScoreFunctionFactory: SCOREFUNCTION: beta_nov16.wts
core.scoring.etable: Starting energy table calculation
core.scoring.etable: smooth_etable: changing atr/rep split to bottom of energy well
core.scoring.etable: smooth_etable: spline smoothing lj etables (maxdis = 6)
core.scoring.etable: smooth_etable: spline smoothing solvation etables (max_dis = 6)
core.scoring.etable: Finished calculating energy tables.
basic.io.database: Database file opened: scoring/score_functions/hbonds/ref2015_params/HBPoly1D.csv
basic.io.database: Database file opened: scoring/score_functions/hbonds/ref2015_params/HBFadeIntervals.csv
basic.io.database: Database file opened: scoring/score_functions/hbonds/ref2015_params/HBEval.csv
basic.io.database: Database file opened: scoring/score_functions/hbonds/ref2015_params/DonStrength.csv
basic.io.database: Database file opened: scoring/score_functions/hbonds/ref2015_params/AccStrength.csv
basic.io.database: Database file opened: scoring/score_functions/rama/fd_beta_nov2016/all.ramaProb
basic.io.database: Database file opened: scoring/score_functions/rama/fd_beta_nov2016/prepro.ramaProb
basic.io.database: Database file opened: scoring/score_functions/omega/omega_ppdep.all.txt
basic.io.database: Database file opened: scoring/score_functions/omega/omega_ppdep.gly.txt
basic.io.database: Database file opened: scoring/score_functions/omega/omega_ppdep.pro.txt
basic.io.database: Database file opened: scoring/score_functions/omega/omega_ppdep.valile.txt
basic.io.database: Database file opened: scoring/score_functions/P_AA_pp/P_AA
basic.io.database: Database file opened: scoring/score_functions/P_AA_pp/P_AA_n
core.scoring.P_AA: shapovalov_lib::shap_p_aa_pp_smooth_level of 1( aka low_smooth ) got activated.
basic.io.database: Database file opened: scoring/score_functions/P_AA_pp/shapovalov/10deg/kappa131/a20.prop
basic.io.database: Database file opened: scoring/score_functions/bondlength_bondangle/hydroxyl_torsion_preference.txt
basic.io.database: Database file opened: scoring/score_functions/elec_cp_reps.dat
core.scoring.elec.util: Read 40 countpair representative atoms
core.pack.dunbrack.RotamerLibrary: shapovalov_lib_fixes_enable option is true.
core.pack.dunbrack.RotamerLibrary: Binary rotamer library selected: /home/bunzelh/rosetta_src_2021.16.61629_bundle/main/database/rotamer/beta_nov2016/Dunbrack10.lib.bin
core.pack.dunbrack.RotamerLibrary: Using Dunbrack library binary file '/home/bunzelh/rosetta_src_2021.16.61629_bundle/main/database/rotamer/beta_nov2016/Dunbrack10.lib.bin'.
core.pack.dunbrack.RotamerLibrary: Dunbrack 2010 library took 0.32 seconds to load from binary
core.pack.pack_rotamers: built 4184 rotamers at 116 positions.
core.pack.interaction_graph.interaction_graph_factory: Instantiating DensePDInteractionGraph
protocols.rosetta_scripts.RosettaScriptsParser: dock_design_filename=/home/bunzelh/AIzymes/design/VD/241016_VD_KSI_pos_control/33/scripts/RosettaRelax_33.xml
protocols.rosetta_scripts.RosettaScriptsParser: Generating XML Schema for rosetta_scripts...
protocols.rosetta_scripts.RosettaScriptsParser: ...done
protocols.rosetta_scripts.RosettaScriptsParser: Initializing schema validator...
protocols.rosetta_scripts.RosettaScriptsParser: ...done
protocols.rosetta_scripts.RosettaScriptsParser: Validating input script...
protocols.rosetta_scripts.RosettaScriptsParser: ...done
protocols.rosetta_scripts.RosettaScriptsParser: Parsed script:
<ROSETTASCRIPTS>
	<SCOREFXNS>
		<ScoreFunction name="score" weights="beta_nov16">
			<Reweight scoretype="atom_pair_constraint" weight="1"/>
			<Reweight scoretype="angle_constraint" weight="1"/>
			<Reweight scoretype="dihedral_constraint" weight="1"/>
		</ScoreFunction>
		<ScoreFunction name="score_final" weights="beta_nov16">
			<Reweight scoretype="atom_pair_constraint" weight="1"/>
			<Reweight scoretype="angle_constraint" weight="1"/>
			<Reweight scoretype="dihedral_constraint" weight="1"/>
		</ScoreFunction>
	</SCOREFXNS>
	<MOVERS>
		<FastRelax disable_design="false" name="mv_relax" repeats="3"/>
		<AddOrRemoveMatchCsts cst_instruction="add_new" cstfile="/home/bunzelh/AIzymes/design/VD/Input/5TS_enzdes_planar_tAB100.cst" name="mv_add_cst"/>
		<InterfaceScoreCalculator chains="X" name="mv_inter" scorefxn="score_final"/>
	</MOVERS>
	<PROTOCOLS>
		<Add mover_name="mv_relax"/>
		<Add mover_name="mv_add_cst"/>
		<Add mover_name="mv_inter"/>
	</PROTOCOLS>
</ROSETTASCRIPTS>
core.scoring.ScoreFunctionFactory: SCOREFUNCTION: beta_nov16.wts
core.scoring.etable: Starting energy table calculation
core.scoring.etable: smooth_etable: changing atr/rep split to bottom of energy well
core.scoring.etable: smooth_etable: spline smoothing lj etables (maxdis = 6)
core.scoring.etable: smooth_etable: spline smoothing solvation etables (max_dis = 6)
core.scoring.etable: Finished calculating energy tables.
basic.io.database: Database file opened: scoring/score_functions/PairEPotential/pdb_pair_stats_fine
basic.io.database: Database file opened: scoring/score_functions/InterchainPotential/interchain_env_log.txt
basic.io.database: Database file opened: scoring/score_functions/InterchainPotential/interchain_pair_log.txt
basic.io.database: Database file opened: scoring/score_functions/EnvPairPotential/env_log.txt
basic.io.database: Database file opened: scoring/score_functions/EnvPairPotential/cbeta_den.txt
basic.io.database: Database file opened: scoring/score_functions/EnvPairPotential/pair_log.txt
basic.io.database: Database file opened: scoring/score_functions/EnvPairPotential/cenpack_log.txt
core.scoring.ramachandran: shapovalov_lib::shap_rama_smooth_level of 4( aka highest_smooth ) got activated.
basic.io.database: Database file opened: scoring/score_functions/rama/shapovalov/kappa25/all.ramaProb
protocols.jd2.parser.ScoreFunctionLoader: defined score function "score" with weights "beta_nov16"
protocols.jd2.parser.ScoreFunctionLoader:  setting score weight atom_pair_constraint to 1
protocols.jd2.parser.ScoreFunctionLoader:  setting score weight angle_constraint to 1
protocols.jd2.parser.ScoreFunctionLoader:  setting score weight dihedral_constraint to 1
protocols.jd2.parser.ScoreFunctionLoader: defined score function "score_final" with weights "beta_nov16"
protocols.jd2.parser.ScoreFunctionLoader:  setting score_final weight atom_pair_constraint to 1
protocols.jd2.parser.ScoreFunctionLoader:  setting score_final weight angle_constraint to 1
protocols.jd2.parser.ScoreFunctionLoader:  setting score_final weight dihedral_constraint to 1
protocols.relax.RelaxScriptManager: Reading relax scripts list from database.
core.scoring.ScoreFunctionFactory: SCOREFUNCTION: beta_nov16.wts
protocols.relax.RelaxScriptManager: Looking for MonomerRelax2019.txt
protocols.relax.RelaxScriptManager: ================== Reading script file: /home/bunzelh/rosetta_src_2021.16.61629_bundle/main/database/sampling/relax_scripts/MonomerRelax2019.txt ==================
protocols.relax.RelaxScriptManager: repeat %%nrepeats%%
protocols.relax.RelaxScriptManager: coord_cst_weight 1.0
protocols.relax.RelaxScriptManager: scale:fa_rep 0.040
protocols.relax.RelaxScriptManager: repack
protocols.relax.RelaxScriptManager: scale:fa_rep 0.051
protocols.relax.RelaxScriptManager: min 0.01
protocols.relax.RelaxScriptManager: coord_cst_weight 0.5
protocols.relax.RelaxScriptManager: scale:fa_rep 0.265
protocols.relax.RelaxScriptManager: repack
protocols.relax.RelaxScriptManager: scale:fa_rep 0.280
protocols.relax.RelaxScriptManager: min 0.01
protocols.relax.RelaxScriptManager: coord_cst_weight 0.0
protocols.relax.RelaxScriptManager: scale:fa_rep 0.559
protocols.relax.RelaxScriptManager: repack
protocols.relax.RelaxScriptManager: scale:fa_rep 0.581
protocols.relax.RelaxScriptManager: min 0.01
protocols.relax.RelaxScriptManager: coord_cst_weight 0.0
protocols.relax.RelaxScriptManager: scale:fa_rep 1
protocols.relax.RelaxScriptManager: repack
protocols.relax.RelaxScriptManager: min 0.00001
protocols.relax.RelaxScriptManager: accept_to_best
protocols.relax.RelaxScriptManager: endrepeat
protocols.relax.RelaxScriptManager: Looking for MonomerDesign2019.txt
protocols.relax.RelaxScriptManager: ================== Reading script file: /home/bunzelh/rosetta_src_2021.16.61629_bundle/main/database/sampling/relax_scripts/MonomerDesign2019.txt ==================
protocols.relax.RelaxScriptManager: repeat %%nrepeats%%
protocols.relax.RelaxScriptManager: coord_cst_weight 1.0
protocols.relax.RelaxScriptManager: scale:fa_rep 0.059
protocols.relax.RelaxScriptManager: repack
protocols.relax.RelaxScriptManager: scale:fa_rep 0.092
protocols.relax.RelaxScriptManager: min 0.01
protocols.relax.RelaxScriptManager: coord_cst_weight 0.5
protocols.relax.RelaxScriptManager: scale:fa_rep 0.280
protocols.relax.RelaxScriptManager: repack
protocols.relax.RelaxScriptManager: scale:fa_rep 0.323
protocols.relax.RelaxScriptManager: min 0.01
protocols.relax.RelaxScriptManager: coord_cst_weight 0.0
protocols.relax.RelaxScriptManager: scale:fa_rep 0.568
protocols.relax.RelaxScriptManager: repack
protocols.relax.RelaxScriptManager: scale:fa_rep 0.633
protocols.relax.RelaxScriptManager: min 0.01
protocols.relax.RelaxScriptManager: coord_cst_weight 0.0
protocols.relax.RelaxScriptManager: scale:fa_rep 1
protocols.relax.RelaxScriptManager: repack
protocols.relax.RelaxScriptManager: min 0.00001
protocols.relax.RelaxScriptManager: accept_to_best
protocols.relax.RelaxScriptManager: endrepeat
protocols.rosetta_scripts.RosettaScriptsParser: Defined mover named "mv_relax" of type FastRelax
protocols.rosetta_scripts.RosettaScriptsParser: Defined mover named "mv_add_cst" of type AddOrRemoveMatchCsts
protocols.rosetta_scripts.RosettaScriptsParser: Defined mover named "mv_inter" of type InterfaceScoreCalculator
protocols.rosetta_scripts.ParsedProtocol: ParsedProtocol mover with the following settings
protocols.rosetta_scripts.ParsedProtocol: Added mover "mv_relax"
protocols.rosetta_scripts.ParsedProtocol: Added mover "mv_add_cst"
protocols.rosetta_scripts.ParsedProtocol: Added mover "mv_inter"
protocols.jd2.PDBJobInputter: PDBJobInputter::pose_from_job
protocols.jd2.PDBJobInputter: filling pose from saved copy /home/bunzelh/AIzymes/design/VD/241016_VD_KSI_pos_control/33/RosettaRelax/1ohp_33_input.pdb
protocols.rosetta_scripts.ParsedProtocol: =======================BEGIN MOVER FastRelax - mv_relax=======================
protocols.relax.FastRelax: CMD: repeat  -184.111  0  0  0.55
protocols.relax.FastRelax: CMD: coord_cst_weight  -184.111  0  0  0.55
protocols.relax.FastRelax: CMD: scale:fa_rep  -339.927  0  0  0.03245
core.pack.task: Packer task: initialize from command line() 
core.pack.rotamer_set.RotamerSet_: Using simple Rotamer generation logic for 5TS
core.pack.pack_rotamers: built 5495 rotamers at 126 positions.
core.pack.interaction_graph.interaction_graph_factory: Instantiating DensePDInteractionGraph
protocols.relax.FastRelax: CMD: repack  -387.306  0  0  0.03245
protocols.relax.FastRelax: CMD: scale:fa_rep  -371.97  0  0  0.0506
protocols.relax.FastRelax: CMD: min  -500.046  0.83127  0.83127  0.0506
protocols.relax.FastRelax: CMD: coord_cst_weight  -500.046  0.83127  0.83127  0.0506
protocols.relax.FastRelax: CMD: scale:fa_rep  -394.657  0.83127  0.83127  0.154
core.pack.task: Packer task: initialize from command line() 
core.pack.rotamer_set.RotamerSet_: Using simple Rotamer generation logic for 5TS
core.pack.pack_rotamers: built 5701 rotamers at 126 positions.
core.pack.interaction_graph.interaction_graph_factory: Instantiating DensePDInteractionGraph
protocols.relax.FastRelax: CMD: repack  -399.298  0.83127  0.83127  0.154
protocols.relax.FastRelax: CMD: scale:fa_rep  -378.411  0.83127  0.83127  0.17765
protocols.relax.FastRelax: CMD: min  -422.237  0.700791  0.700791  0.17765
protocols.relax.FastRelax: CMD: coord_cst_weight  -422.237  0.700791  0.700791  0.17765
protocols.relax.FastRelax: CMD: scale:fa_rep  -368.15  0.700791  0.700791  0.3124
core.pack.task: Packer task: initialize from command line() 
core.pack.rotamer_set.RotamerSet_: Using simple Rotamer generation logic for 5TS
core.pack.pack_rotamers: built 4670 rotamers at 126 positions.
core.pack.interaction_graph.interaction_graph_factory: Instantiating DensePDInteractionGraph
protocols.relax.FastRelax: CMD: repack  -368.98  0.700791  0.700791  0.3124
protocols.relax.FastRelax: CMD: scale:fa_rep  -354.875  0.700791  0.700791  0.34815
protocols.relax.FastRelax: CMD: min  -376.253  0.665916  0.665916  0.34815
protocols.relax.FastRelax: CMD: coord_cst_weight  -376.253  0.665916  0.665916  0.34815
protocols.relax.FastRelax: CMD: scale:fa_rep  -327.195  0.665916  0.665916  0.55
core.pack.task: Packer task: initialize from command line() 
core.pack.rotamer_set.RotamerSet_: Using simple Rotamer generation logic for 5TS
core.pack.pack_rotamers: built 4376 rotamers at 126 positions.
core.pack.interaction_graph.interaction_graph_factory: Instantiating DensePDInteractionGraph
protocols.relax.FastRelax: CMD: repack  -327.68  0.665916  0.665916  0.55
protocols.relax.FastRelax: CMD: min  -364.967  0.610378  0.610378  0.55
protocols.relax.FastRelax: MRP: 0  -364.967  -364.967  0.610378  0.610378  
protocols.relax.FastRelax: CMD: accept_to_best  -364.967  0.610378  0.610378  0.55
protocols.relax.FastRelax: CMD: endrepeat  -364.967  0.610378  0.610378  0.55
protocols.relax.FastRelax: CMD: coord_cst_weight  -364.967  0.610378  0.610378  0.55
protocols.relax.FastRelax: CMD: scale:fa_rep  -440.733  0.610378  0.610378  0.03245
core.pack.task: Packer task: initialize from command line() 
core.pack.rotamer_set.RotamerSet_: Using simple Rotamer generation logic for 5TS
core.pack.pack_rotamers: built 4879 rotamers at 126 positions.
core.pack.interaction_graph.interaction_graph_factory: Instantiating DensePDInteractionGraph
protocols.relax.FastRelax: CMD: repack  -448.58  0.610378  0.610378  0.03245
protocols.relax.FastRelax: CMD: scale:fa_rep  -440.639  0.610378  0.610378  0.0506
protocols.relax.FastRelax: CMD: min  -520.909  0.944206  0.944206  0.0506
protocols.relax.FastRelax: CMD: coord_cst_weight  -520.909  0.944206  0.944206  0.0506
protocols.relax.FastRelax: CMD: scale:fa_rep  -420.359  0.944206  0.944206  0.154
core.pack.task: Packer task: initialize from command line() 
core.pack.rotamer_set.RotamerSet_: Using simple Rotamer generation logic for 5TS
core.pack.pack_rotamers: built 5201 rotamers at 126 positions.
core.pack.interaction_graph.interaction_graph_factory: Instantiating DensePDInteractionGraph
protocols.relax.FastRelax: CMD: repack  -422.16  0.944206  0.944206  0.154
protocols.relax.FastRelax: CMD: scale:fa_rep  -400.289  0.944206  0.944206  0.17765
protocols.relax.FastRelax: CMD: min  -449.775  0.750412  0.750412  0.17765
protocols.relax.FastRelax: CMD: coord_cst_weight  -449.775  0.750412  0.750412  0.17765
protocols.relax.FastRelax: CMD: scale:fa_rep  -399.724  0.750412  0.750412  0.3124
core.pack.task: Packer task: initialize from command line() 
core.pack.rotamer_set.RotamerSet_: Using simple Rotamer generation logic for 5TS
core.pack.pack_rotamers: built 4738 rotamers at 126 positions.
core.pack.interaction_graph.interaction_graph_factory: Instantiating DensePDInteractionGraph
protocols.relax.FastRelax: CMD: repack  -400.119  0.750412  0.750412  0.3124
protocols.relax.FastRelax: CMD: scale:fa_rep  -386.99  0.750412  0.750412  0.34815
protocols.relax.FastRelax: CMD: min  -399.796  0.700822  0.700822  0.34815
protocols.relax.FastRelax: CMD: coord_cst_weight  -399.796  0.700822  0.700822  0.34815
protocols.relax.FastRelax: CMD: scale:fa_rep  -350.702  0.700822  0.700822  0.55
core.pack.task: Packer task: initialize from command line() 
core.pack.rotamer_set.RotamerSet_: Using simple Rotamer generation logic for 5TS
core.pack.pack_rotamers: built 4488 rotamers at 126 positions.
core.pack.interaction_graph.interaction_graph_factory: Instantiating DensePDInteractionGraph
protocols.relax.FastRelax: CMD: repack  -350.977  0.700822  0.700822  0.55
protocols.relax.FastRelax: CMD: min  -371.874  0.666034  0.666034  0.55
protocols.relax.FastRelax: MRP: 1  -371.874  -371.874  0.666034  0.666034  
protocols.relax.FastRelax: CMD: accept_to_best  -371.874  0.666034  0.666034  0.55
protocols.relax.FastRelax: CMD: endrepeat  -371.874  0.666034  0.666034  0.55
protocols.relax.FastRelax: CMD: coord_cst_weight  -371.874  0.666034  0.666034  0.55
protocols.relax.FastRelax: CMD: scale:fa_rep  -452.202  0.666034  0.666034  0.03245
core.pack.task: Packer task: initialize from command line() 
core.pack.rotamer_set.RotamerSet_: Using simple Rotamer generation logic for 5TS
core.pack.pack_rotamers: built 5106 rotamers at 126 positions.
core.pack.interaction_graph.interaction_graph_factory: Instantiating DensePDInteractionGraph
protocols.relax.FastRelax: CMD: repack  -459.085  0.666034  0.666034  0.03245
protocols.relax.FastRelax: CMD: scale:fa_rep  -454.458  0.666034  0.666034  0.0506
protocols.relax.FastRelax: CMD: min  -518.509  0.998519  0.998519  0.0506
protocols.relax.FastRelax: CMD: coord_cst_weight  -518.509  0.998519  0.998519  0.0506
protocols.relax.FastRelax: CMD: scale:fa_rep  -422.127  0.998519  0.998519  0.154
core.pack.task: Packer task: initialize from command line() 
core.pack.rotamer_set.RotamerSet_: Using simple Rotamer generation logic for 5TS
core.pack.pack_rotamers: built 5178 rotamers at 126 positions.
core.pack.interaction_graph.interaction_graph_factory: Instantiating DensePDInteractionGraph
protocols.relax.FastRelax: CMD: repack  -430.025  0.998519  0.998519  0.154
protocols.relax.FastRelax: CMD: scale:fa_rep  -410.461  0.998519  0.998519  0.17765
protocols.relax.FastRelax: CMD: min  -451.581  0.829891  0.829891  0.17765
protocols.relax.FastRelax: CMD: coord_cst_weight  -451.581  0.829891  0.829891  0.17765
protocols.relax.FastRelax: CMD: scale:fa_rep  -401.237  0.829891  0.829891  0.3124
core.pack.task: Packer task: initialize from command line() 
core.pack.rotamer_set.RotamerSet_: Using simple Rotamer generation logic for 5TS
core.pack.pack_rotamers: built 4656 rotamers at 126 positions.
core.pack.interaction_graph.interaction_graph_factory: Instantiating DensePDInteractionGraph
protocols.relax.FastRelax: CMD: repack  -401.408  0.829891  0.829891  0.3124
protocols.relax.FastRelax: CMD: scale:fa_rep  -388.148  0.829891  0.829891  0.34815
protocols.relax.FastRelax: CMD: min  -402.69  0.769729  0.769729  0.34815
protocols.relax.FastRelax: CMD: coord_cst_weight  -402.69  0.769729  0.769729  0.34815
protocols.relax.FastRelax: CMD: scale:fa_rep  -353.672  0.769729  0.769729  0.55
core.pack.task: Packer task: initialize from command line() 
core.pack.rotamer_set.RotamerSet_: Using simple Rotamer generation logic for 5TS
core.pack.pack_rotamers: built 4316 rotamers at 126 positions.
core.pack.interaction_graph.interaction_graph_factory: Instantiating DensePDInteractionGraph
protocols.relax.FastRelax: CMD: repack  -353.814  0.769729  0.769729  0.55
protocols.relax.FastRelax: CMD: min  -373.635  0.722106  0.722106  0.55
protocols.relax.FastRelax: MRP: 2  -373.635  -373.635  0.722106  0.722106  
protocols.relax.FastRelax: CMD: accept_to_best  -373.635  0.722106  0.722106  0.55
protocols.relax.FastRelax: CMD: endrepeat  -373.635  0.722106  0.722106  0.55
protocols::checkpoint: Deleting checkpoints of FastRelax
protocols.rosetta_scripts.ParsedProtocol: =======================BEGIN MOVER AddOrRemoveMatchCsts - mv_add_cst=======================
protocols.toolbox.match_enzdes_util.EnzConstraintIO: read enzyme constraints from /home/bunzelh/AIzymes/design/VD/Input/5TS_enzdes_planar_tAB100.cst ... done, 1 cst blocks were read.
protocols.rosetta_scripts.ParsedProtocol: [ ERROR ] Exception while processing procotol: 

File: src/protocols/toolbox/match_enzdes_util/EnzConstraintIO.cc:296
[ ERROR ] UtilityExitException
ERROR: 


protocols.jd2.JobDistributor: [ ERROR ] 

[ERROR] Exception caught by JobDistributor for job 1ohp_33_input_0001
protocols.jd2.JobDistributor: [ WARNING ] 1ohp_33_input_0001 reported failure and will NOT retry
protocols.jd2.JobDistributor: no more batches to process... 
protocols.jd2.JobDistributor: 1 jobs considered, 1 jobs attempted in 520 seconds
