2024-10-19 10:35:45 - DEBUG - Updating scores
2024-10-19 10:35:45 - DEBUG - Parent design not yet done. 1/100 jobs submitted.
2024-10-19 10:35:45 - DEBUG - Child index 0 created for Parent.
2024-10-19 10:35:45 - DEBUG - Run RosettaDesign for index 0 based on index 0.
2024-10-19 10:35:45 - DEBUG - Your job 1644667 ("KSI_neg_RosettaDesign_0") has been submitted
2024-10-19 10:35:45 - DEBUG - Updating scores
2024-10-19 10:35:45 - DEBUG - Parent design not yet done. 2/100 jobs submitted.
2024-10-19 10:35:45 - DEBUG - Child index 1 created for Parent.
2024-10-19 10:35:45 - DEBUG - Run RosettaDesign for index 1 based on index 1.
2024-10-19 10:35:45 - DEBUG - Your job 1644668 ("KSI_neg_RosettaDesign_1") has been submitted
2024-10-19 10:35:45 - DEBUG - Updating scores
2024-10-19 10:35:45 - DEBUG - Parent design not yet done. 3/100 jobs submitted.
2024-10-19 10:35:45 - DEBUG - Child index 2 created for Parent.
2024-10-19 10:35:45 - DEBUG - Run RosettaDesign for index 2 based on index 2.
2024-10-19 10:35:45 - DEBUG - Your job 1644669 ("KSI_neg_RosettaDesign_2") has been submitted
2024-10-19 10:35:46 - DEBUG - Updating scores
2024-10-19 10:35:46 - DEBUG - Parent design not yet done. 4/100 jobs submitted.
2024-10-19 10:35:46 - DEBUG - Child index 3 created for Parent.
2024-10-19 10:35:46 - DEBUG - Run RosettaDesign for index 3 based on index 3.
2024-10-19 10:35:46 - DEBUG - Your job 1644670 ("KSI_neg_RosettaDesign_3") has been submitted
2024-10-19 10:35:46 - DEBUG - Updating scores
2024-10-19 10:35:46 - DEBUG - Parent design not yet done. 5/100 jobs submitted.
2024-10-19 10:35:46 - DEBUG - Child index 4 created for Parent.
2024-10-19 10:35:46 - DEBUG - Run RosettaDesign for index 4 based on index 4.
2024-10-19 10:35:46 - DEBUG - Your job 1644671 ("KSI_neg_RosettaDesign_4") has been submitted
2024-10-19 10:35:46 - DEBUG - Updating scores
2024-10-19 10:35:46 - DEBUG - Parent design not yet done. 6/100 jobs submitted.
2024-10-19 10:35:46 - DEBUG - Child index 5 created for Parent.
2024-10-19 10:35:46 - DEBUG - Run RosettaDesign for index 5 based on index 5.
2024-10-19 10:35:46 - DEBUG - Your job 1644672 ("KSI_neg_RosettaDesign_5") has been submitted
2024-10-19 10:35:46 - DEBUG - Updating scores
2024-10-19 10:35:46 - DEBUG - Parent design not yet done. 7/100 jobs submitted.
2024-10-19 10:35:46 - DEBUG - Child index 6 created for Parent.
2024-10-19 10:35:46 - DEBUG - Run RosettaDesign for index 6 based on index 6.
2024-10-19 10:35:46 - DEBUG - Your job 1644673 ("KSI_neg_RosettaDesign_6") has been submitted
2024-10-19 10:35:46 - DEBUG - Updating scores
2024-10-19 10:35:47 - DEBUG - Parent design not yet done. 8/100 jobs submitted.
2024-10-19 10:35:47 - DEBUG - Child index 7 created for Parent.
2024-10-19 10:35:47 - DEBUG - Run RosettaDesign for index 7 based on index 7.
2024-10-19 10:35:47 - DEBUG - Your job 1644674 ("KSI_neg_RosettaDesign_7") has been submitted
2024-10-19 10:35:47 - DEBUG - Updating scores
2024-10-19 10:35:47 - DEBUG - Parent design not yet done. 9/100 jobs submitted.
2024-10-19 10:35:47 - DEBUG - Child index 8 created for Parent.
2024-10-19 10:35:47 - DEBUG - Run RosettaDesign for index 8 based on index 8.
2024-10-19 10:35:47 - DEBUG - Your job 1644675 ("KSI_neg_RosettaDesign_8") has been submitted
2024-10-19 10:35:47 - DEBUG - Updating scores
2024-10-19 10:35:47 - DEBUG - Parent design not yet done. 10/100 jobs submitted.
2024-10-19 10:35:47 - DEBUG - Child index 9 created for Parent.
2024-10-19 10:35:47 - DEBUG - Run RosettaDesign for index 9 based on index 9.
2024-10-19 10:35:47 - DEBUG - Your job 1644676 ("KSI_neg_RosettaDesign_9") has been submitted
2024-10-19 10:35:47 - DEBUG - Updating scores
2024-10-19 10:35:47 - DEBUG - Parent design not yet done. 11/100 jobs submitted.
2024-10-19 10:35:47 - DEBUG - Child index 10 created for Parent.
2024-10-19 10:35:47 - DEBUG - Run RosettaDesign for index 10 based on index 10.
2024-10-19 10:35:47 - DEBUG - Your job 1644677 ("KSI_neg_RosettaDesign_10") has been submitted
2024-10-19 10:35:47 - DEBUG - Updating scores
2024-10-19 10:35:47 - DEBUG - Parent design not yet done. 12/100 jobs submitted.
2024-10-19 10:35:47 - DEBUG - Child index 11 created for Parent.
2024-10-19 10:35:47 - DEBUG - Run RosettaDesign for index 11 based on index 11.
2024-10-19 10:35:48 - DEBUG - Your job 1644678 ("KSI_neg_RosettaDesign_11") has been submitted
2024-10-19 10:35:48 - DEBUG - Updating scores
2024-10-19 10:35:48 - DEBUG - Parent design not yet done. 13/100 jobs submitted.
2024-10-19 10:35:48 - DEBUG - Child index 12 created for Parent.
2024-10-19 10:35:48 - DEBUG - Run RosettaDesign for index 12 based on index 12.
2024-10-19 10:35:48 - DEBUG - Your job 1644679 ("KSI_neg_RosettaDesign_12") has been submitted
2024-10-19 10:35:48 - DEBUG - Updating scores
2024-10-19 10:35:48 - DEBUG - Parent design not yet done. 14/100 jobs submitted.
2024-10-19 10:35:48 - DEBUG - Child index 13 created for Parent.
2024-10-19 10:35:48 - DEBUG - Run RosettaDesign for index 13 based on index 13.
2024-10-19 10:35:48 - DEBUG - Your job 1644680 ("KSI_neg_RosettaDesign_13") has been submitted
2024-10-19 10:35:48 - DEBUG - Updating scores
2024-10-19 10:35:48 - DEBUG - Parent design not yet done. 15/100 jobs submitted.
2024-10-19 10:35:48 - DEBUG - Child index 14 created for Parent.
2024-10-19 10:35:48 - DEBUG - Run RosettaDesign for index 14 based on index 14.
2024-10-19 10:35:48 - DEBUG - Your job 1644681 ("KSI_neg_RosettaDesign_14") has been submitted
2024-10-19 10:35:48 - DEBUG - Updating scores
2024-10-19 10:35:48 - DEBUG - Parent design not yet done. 16/100 jobs submitted.
2024-10-19 10:35:48 - DEBUG - Child index 15 created for Parent.
2024-10-19 10:35:48 - DEBUG - Run RosettaDesign for index 15 based on index 15.
2024-10-19 10:35:48 - DEBUG - Your job 1644682 ("KSI_neg_RosettaDesign_15") has been submitted
2024-10-19 10:35:49 - DEBUG - Updating scores
2024-10-19 10:35:49 - DEBUG - Parent design not yet done. 17/100 jobs submitted.
2024-10-19 10:35:49 - DEBUG - Child index 16 created for Parent.
2024-10-19 10:35:49 - DEBUG - Run RosettaDesign for index 16 based on index 16.
2024-10-19 10:35:49 - DEBUG - Your job 1644683 ("KSI_neg_RosettaDesign_16") has been submitted
2024-10-19 10:35:49 - DEBUG - Updating scores
2024-10-19 10:35:49 - DEBUG - Parent design not yet done. 18/100 jobs submitted.
2024-10-19 10:35:49 - DEBUG - Child index 17 created for Parent.
2024-10-19 10:35:49 - DEBUG - Run RosettaDesign for index 17 based on index 17.
2024-10-19 10:35:49 - DEBUG - Your job 1644684 ("KSI_neg_RosettaDesign_17") has been submitted
2024-10-19 10:35:49 - DEBUG - Updating scores
2024-10-19 10:35:49 - DEBUG - Parent design not yet done. 19/100 jobs submitted.
2024-10-19 10:35:49 - DEBUG - Child index 18 created for Parent.
2024-10-19 10:35:49 - DEBUG - Run RosettaDesign for index 18 based on index 18.
2024-10-19 10:35:49 - DEBUG - Your job 1644685 ("KSI_neg_RosettaDesign_18") has been submitted
2024-10-19 10:35:49 - DEBUG - Updating scores
2024-10-19 10:35:49 - DEBUG - Parent design not yet done. 20/100 jobs submitted.
2024-10-19 10:35:49 - DEBUG - Child index 19 created for Parent.
2024-10-19 10:35:49 - DEBUG - Run RosettaDesign for index 19 based on index 19.
2024-10-19 10:35:49 - DEBUG - Your job 1644686 ("KSI_neg_RosettaDesign_19") has been submitted
2024-10-19 10:35:50 - DEBUG - Updating scores
2024-10-19 10:35:50 - DEBUG - Parent design not yet done. 21/100 jobs submitted.
2024-10-19 10:35:50 - DEBUG - Child index 20 created for Parent.
2024-10-19 10:35:50 - DEBUG - Run RosettaDesign for index 20 based on index 20.
2024-10-19 10:35:50 - DEBUG - Your job 1644687 ("KSI_neg_RosettaDesign_20") has been submitted
2024-10-19 10:35:50 - DEBUG - Updating scores
2024-10-19 10:35:50 - DEBUG - Parent design not yet done. 22/100 jobs submitted.
2024-10-19 10:35:50 - DEBUG - Child index 21 created for Parent.
2024-10-19 10:35:50 - DEBUG - Run RosettaDesign for index 21 based on index 21.
2024-10-19 10:35:50 - DEBUG - Your job 1644688 ("KSI_neg_RosettaDesign_21") has been submitted
2024-10-19 10:35:50 - DEBUG - Updating scores
2024-10-19 10:35:50 - DEBUG - Parent design not yet done. 23/100 jobs submitted.
2024-10-19 10:35:50 - DEBUG - Child index 22 created for Parent.
2024-10-19 10:35:50 - DEBUG - Run RosettaDesign for index 22 based on index 22.
2024-10-19 10:35:50 - DEBUG - Your job 1644689 ("KSI_neg_RosettaDesign_22") has been submitted
2024-10-19 10:35:50 - DEBUG - Updating scores
2024-10-19 10:35:50 - DEBUG - Parent design not yet done. 24/100 jobs submitted.
2024-10-19 10:35:50 - DEBUG - Child index 23 created for Parent.
2024-10-19 10:35:50 - DEBUG - Run RosettaDesign for index 23 based on index 23.
2024-10-19 10:35:50 - DEBUG - Your job 1644690 ("KSI_neg_RosettaDesign_23") has been submitted
2024-10-19 10:35:50 - DEBUG - Updating scores
2024-10-19 10:35:50 - DEBUG - Parent design not yet done. 25/100 jobs submitted.
2024-10-19 10:35:51 - DEBUG - Child index 24 created for Parent.
2024-10-19 10:35:51 - DEBUG - Run RosettaDesign for index 24 based on index 24.
2024-10-19 10:35:51 - DEBUG - Your job 1644691 ("KSI_neg_RosettaDesign_24") has been submitted
2024-10-19 10:35:51 - DEBUG - Updating scores
2024-10-19 10:35:51 - DEBUG - Parent design not yet done. 26/100 jobs submitted.
2024-10-19 10:35:51 - DEBUG - Child index 25 created for Parent.
2024-10-19 10:35:51 - DEBUG - Run RosettaDesign for index 25 based on index 25.
2024-10-19 10:35:51 - DEBUG - Your job 1644692 ("KSI_neg_RosettaDesign_25") has been submitted
2024-10-19 10:35:51 - DEBUG - Updating scores
2024-10-19 10:35:51 - DEBUG - Parent design not yet done. 27/100 jobs submitted.
2024-10-19 10:35:51 - DEBUG - Child index 26 created for Parent.
2024-10-19 10:35:51 - DEBUG - Run RosettaDesign for index 26 based on index 26.
2024-10-19 10:35:51 - DEBUG - Your job 1644693 ("KSI_neg_RosettaDesign_26") has been submitted
2024-10-19 10:35:51 - DEBUG - Updating scores
2024-10-19 10:35:51 - DEBUG - Parent design not yet done. 28/100 jobs submitted.
2024-10-19 10:35:51 - DEBUG - Child index 27 created for Parent.
2024-10-19 10:35:51 - DEBUG - Run RosettaDesign for index 27 based on index 27.
2024-10-19 10:35:51 - DEBUG - Your job 1644694 ("KSI_neg_RosettaDesign_27") has been submitted
