
CPPTRAJ: Trajectory Analysis. V4.14.0 (AmberTools V19.10)
    ___  ___  ___  ___
     | \/ | \/ | \/ | 
    _|_/\_|_/\_|_/\_|_

| Date/time: 10/08/24 11:32:08
| Available memory: 29.711 GB

INPUT: Reading input from '/home/bunzelh/AIzymes/design/HAB/HAB_refactor_mixed_013/3/RosettaRelax/7vuu_3_CPPTraj_old_bb.in'
  [parm /home/bunzelh/AIzymes/design/HAB/HAB_refactor_mixed_013/3/7vuu_RosettaDesign_3.pdb]
	Reading '/home/bunzelh/AIzymes/design/HAB/HAB_refactor_mixed_013/3/7vuu_RosettaDesign_3.pdb' as PDB File
	Reading bond info from CONECT records.
	Not reading bond info from LINK records.
	Determining bond info from distances.
Warning: 7vuu_RosettaDesign_3.pdb: Determining default bond distances from element types.
  [trajin /home/bunzelh/AIzymes/design/HAB/HAB_refactor_mixed_013/3/7vuu_RosettaDesign_3.pdb]
	Reading '/home/bunzelh/AIzymes/design/HAB/HAB_refactor_mixed_013/3/7vuu_RosettaDesign_3.pdb' as PDB
  [strip :5TS]
    STRIP: Stripping atoms in mask [:5TS]
  [strip !@C,N,O,CA]
    STRIP: Stripping atoms in mask [!@C,N,O,CA]
  [trajout /home/bunzelh/AIzymes/design/HAB/HAB_refactor_mixed_013/3/RosettaRelax/7vuu_3_old_bb.pdb]
	Writing '/home/bunzelh/AIzymes/design/HAB/HAB_refactor_mixed_013/3/RosettaRelax/7vuu_3_old_bb.pdb' as PDB
---------- RUN BEGIN -------------------------------------------------

PARAMETER FILES (1 total):
 0: 7vuu_RosettaDesign_3.pdb, 1012 atoms, 64 res, box: None, 2 mol

INPUT TRAJECTORIES (1 total):
 0: '7vuu_RosettaDesign_3.pdb' is a PDB file, Parm 7vuu_RosettaDesign_3.pdb (reading 1 of 1)
  Coordinate processing will occur on 1 frames.

OUTPUT TRAJECTORIES (1 total):
  '7vuu_3_old_bb.pdb' (1 frames) is a PDB file

BEGIN TRAJECTORY PROCESSING:
.....................................................
ACTION SETUP FOR PARM '7vuu_RosettaDesign_3.pdb' (2 actions):
  0: [strip :5TS]
	Stripping 16 atoms.
	Stripped topology: 996 atoms, 63 res, box: None, 1 mol
  1: [strip !@C,N,O,CA]
	Stripping 744 atoms.
	Stripped topology: 252 atoms, 63 res, box: None, 1 mol
.....................................................
ACTIVE OUTPUT TRAJECTORIES (1):
  /home/bunzelh/AIzymes/design/HAB/HAB_refactor_mixed_013/3/RosettaRelax/7vuu_3_old_bb.pdb (coordinates)
----- 7vuu_RosettaDesign_3.pdb (1-1, 1) -----
100% Complete.

Read 1 frames and processed 1 frames.
TIME: Avg. throughput= 150.7613 frames / second.

ACTION OUTPUT:
TIME: Analyses took 0.0000 seconds.

RUN TIMING:
TIME:		Init               : 0.0000 s (  0.16%)
TIME:		Trajectory Process : 0.0066 s ( 68.10%)
TIME:		Action Post        : 0.0000 s (  0.00%)
TIME:		Analysis           : 0.0000 s (  0.00%)
TIME:		Data File Write    : 0.0000 s (  0.01%)
TIME:		Other              : 0.0031 s (  0.32%)
TIME:	Run Total 0.0097 s
---------- RUN END ---------------------------------------------------
TIME: Total execution time: 0.0425 seconds.
--------------------------------------------------------------------------------
To cite CPPTRAJ use:
Daniel R. Roe and Thomas E. Cheatham, III, "PTRAJ and CPPTRAJ: Software for
  Processing and Analysis of Molecular Dynamics Trajectory Data". J. Chem.
  Theory Comput., 2013, 9 (7), pp 3084-3095.

