##############################################################################################################
#
# Rosetta crash log. Please submit the contents of this file to http://crash.rosettacommons.org/
# or use the script Rosetta/main/source/scripts/python/public/report_crashes.py
#

[START_CRASH_REPORT]
[ROSETTA_VERSION]: 2021.16+release.8ee4f02
[COMMIT_DATE]: 2021-04-20T20:57:38.289184
[APPLICATION]: /home/bunzelh/rosetta_src_2021.16.61629_bundle/main/source//bin/rosetta_scripts.linuxgccrelease
[MODE]: Release
[EXTRAS]: default
[OS]: GNU/Linux
[COMPILER]: GCC version "4.8.5 20150623 (Red Hat 4.8.5-44)"
[STDLIB]: libstdc++ version 20150623
[START_OPTIONS]
 -in:file:s=/home/bunzelh/AIzymes/design/VD/241016_VD_KSI_pos_control/44/RosettaRelax/1ohp_44_input.pdb -in:file:extra_res_fa=/home/bunzelh/AIzymes/design/VD/Input/5TS.params -out:overwrite -out:nstruct=1 -out:file:scorefile=/home/bunzelh/AIzymes/design/VD/241016_VD_KSI_pos_control/44/score_RosettaRelax.sc -run:preserve_header -run:ignore_zero_occupancy=false -parser:protocol=/home/bunzelh/AIzymes/design/VD/241016_VD_KSI_pos_control/44/scripts/RosettaRelax_44.xml -packing:ex1 -packing:ex2 -corrections:beta_nov16

[END_OPTIONS]

[START_BACKTRACE]: RAW_LIBC
/home/bunzelh/rosetta_src_2021.16.61629_bundle/main/source/build/src/release/linux/3.10/64/x86/gcc/4.8/default/libutility.so(backtrace_string(int)+0x3a) [0x2ac61c716efa]
/home/bunzelh/rosetta_src_2021.16.61629_bundle/main/source/build/src/release/linux/3.10/64/x86/gcc/4.8/default/libutility.so(utility::excn::Exception::Exception(char const*, int, std::string const&)+0x51) [0x2ac61c7544b1]
/home/bunzelh/rosetta_src_2021.16.61629_bundle/main/source/build/src/release/linux/3.10/64/x86/gcc/4.8/default/libutility.so(utility::exit(char const*, int, std::string const&, int)+0xa5) [0x2ac61c71ba45]
/home/bunzelh/rosetta_src_2021.16.61629_bundle/main/source/build/src/release/linux/3.10/64/x86/gcc/4.8/default/libprotocols_b.5.so(utility::exit(int, char const*, int)+0x26) [0x2ac612f6a486]
/home/bunzelh/rosetta_src_2021.16.61629_bundle/main/source/build/src/release/linux/3.10/64/x86/gcc/4.8/default/libprotocols.3.so(protocols::toolbox::match_enzdes_util::EnzConstraintIO::process_pdb_header(core::pose::Pose&, bool)+0xbd6) [0x2ac6159d0e66]
/home/bunzelh/rosetta_src_2021.16.61629_bundle/main/source/build/src/release/linux/3.10/64/x86/gcc/4.8/default/libprotocols.3.so(protocols::toolbox::match_enzdes_util::EnzConstraintIO::add_constraints_to_pose(core::pose::Pose&, std::shared_ptr<core::scoring::ScoreFunction const>, bool)+0x14b) [0x2ac6159d206b]
/home/bunzelh/rosetta_src_2021.16.61629_bundle/main/source/build/src/release/linux/3.10/64/x86/gcc/4.8/default/libprotocols.7.so(protocols::enzdes::AddOrRemoveMatchCsts::apply(core::pose::Pose&)+0x20d) [0x2ac60e34ea8d]
/home/bunzelh/rosetta_src_2021.16.61629_bundle/main/source/build/src/release/linux/3.10/64/x86/gcc/4.8/default/libprotocols.1.so(protocols::rosetta_scripts::ParsedProtocol::apply_mover(core::pose::Pose&, protocols::rosetta_scripts::ParsedProtocol::ParsedProtocolStep const&)+0x230) [0x2ac616cdec90]
/home/bunzelh/rosetta_src_2021.16.61629_bundle/main/source/build/src/release/linux/3.10/64/x86/gcc/4.8/default/libprotocols.1.so(protocols::rosetta_scripts::ParsedProtocol::apply_step(core::pose::Pose&, protocols::rosetta_scripts::ParsedProtocol::ParsedProtocolStep const&, bool)+0x1f) [0x2ac616cdf08f]
/home/bunzelh/rosetta_src_2021.16.61629_bundle/main/source/build/src/release/linux/3.10/64/x86/gcc/4.8/default/libprotocols.1.so(protocols::rosetta_scripts::ParsedProtocol::sequence_protocol(core::pose::Pose&, __gnu_cxx::__normal_iterator<protocols::rosetta_scripts::ParsedProtocol::ParsedProtocolStep const*, std::vector<protocols::rosetta_scripts::ParsedProtocol::ParsedProtocolStep, std::allocator<protocols::rosetta_scripts::ParsedProtocol::ParsedProtocolStep> > >)+0x3d) [0x2ac616cdfabd]
/home/bunzelh/rosetta_src_2021.16.61629_bundle/main/source/build/src/release/linux/3.10/64/x86/gcc/4.8/default/libprotocols.1.so(protocols::rosetta_scripts::ParsedProtocol::apply(core::pose::Pose&)+0x1ff) [0x2ac616ce05af]
/home/bunzelh/rosetta_src_2021.16.61629_bundle/main/source/build/src/release/linux/3.10/64/x86/gcc/4.8/default/libprotocols.1.so(protocols::jd2::JobDistributor::run_one_job(std::shared_ptr<protocols::moves::Mover>&, long, std::string&, std::string&, unsigned long&, unsigned long&, bool)+0xc52) [0x2ac616929f62]
/home/bunzelh/rosetta_src_2021.16.61629_bundle/main/source/build/src/release/linux/3.10/64/x86/gcc/4.8/default/libprotocols.1.so(protocols::jd2::JobDistributor::go_main(std::shared_ptr<protocols::moves::Mover>)+0xc1) [0x2ac61692bc81]
/home/bunzelh/rosetta_src_2021.16.61629_bundle/main/source/build/src/release/linux/3.10/64/x86/gcc/4.8/default/libprotocols.1.so(protocols::jd2::FileSystemJobDistributor::go(std::shared_ptr<protocols::moves::Mover>)+0x4a) [0x2ac616919eca]
/home/bunzelh/rosetta_src_2021.16.61629_bundle/main/source//bin/rosetta_scripts.linuxgccrelease() [0x403cae]
/lib64/libc.so.6(__libc_start_main+0xf5) [0x2ac61f56f555]
/home/bunzelh/rosetta_src_2021.16.61629_bundle/main/source//bin/rosetta_scripts.linuxgccrelease() [0x4040a4]

[END_BACKTRACE]

[FILE]: src/protocols/toolbox/match_enzdes_util/EnzConstraintIO.cc
[LINE]: 296
[START_MESSAGE]
[ ERROR ] UtilityExitException
ERROR: 



[END_MESSAGE]
[END_CRASH_REPORT]

