
CPPTRAJ: Trajectory Analysis. V6.4.4 (AmberTools)
    ___  ___  ___  ___
     | \/ | \/ | \/ | 
    _|_/\_|_/\_|_/\_|_

| Date/time: 03/20/24 10:26:07
| Available memory: 1.059 TB

INPUT: Reading input from '/home/lmerlicek/AIzymes/design/LM_MATCH_GRID_Functions_009/MATCH/ESMfold/CPPTraj_Apo_MATCH.in'
  [parm /home/lmerlicek/AIzymes/design/Input/1ohp.pdb]
	Reading '/home/lmerlicek/AIzymes/design/Input/1ohp.pdb' as PDB File
	Reading bond info from CONECT records.
	Not reading bond info from LINK records.
	Determining bond info from distances.
Warning: Determining bond length parameters from element types for '1ohp.pdb'.
  [trajin /home/lmerlicek/AIzymes/design/Input/1ohp.pdb]
	Reading '/home/lmerlicek/AIzymes/design/Input/1ohp.pdb' as PDB
  [strip :5TS]
    STRIP: Stripping atoms in mask [:5TS]
  [strip !@C,N,O,CA]
    STRIP: Stripping atoms in mask [!@C,N,O,CA]
  [trajout /home/lmerlicek/AIzymes/design/LM_MATCH_GRID_Functions_009/MATCH/ESMfold/1ohp_CPPTraj_Apo_MATCH.pdb]
	Writing '/home/lmerlicek/AIzymes/design/LM_MATCH_GRID_Functions_009/MATCH/ESMfold/1ohp_CPPTraj_Apo_MATCH.pdb' as PDB
---------- RUN BEGIN -------------------------------------------------

PARAMETER FILES (1 total):
 0: 1ohp.pdb, 962 atoms, 126 res, box: None, 3 mol

INPUT TRAJECTORIES (1 total):
 0: '1ohp.pdb' is a PDB file, Parm 1ohp.pdb (reading 1 of 1)
  Coordinate processing will occur on 1 frames.

OUTPUT TRAJECTORIES (1 total):
  '1ohp_CPPTraj_Apo_MATCH.pdb' (1 frames) is a PDB file

BEGIN TRAJECTORY PROCESSING:
.....................................................
ACTION SETUP FOR PARM '1ohp.pdb' (2 actions):
  0: [strip :5TS]
	Stripping 16 atoms.
	Stripped topology: 946 atoms, 125 res, box: None, 1 mol
  1: [strip !@C,N,O,CA]
	Stripping 446 atoms.
	Stripped topology: 500 atoms, 125 res, box: None, 1 mol
.....................................................
ACTIVE OUTPUT TRAJECTORIES (1):
  /home/lmerlicek/AIzymes/design/LM_MATCH_GRID_Functions_009/MATCH/ESMfold/1ohp_CPPTraj_Apo_MATCH.pdb (coordinates)
----- 1ohp.pdb (1-1, 1) -----
100% Complete.

Read 1 frames and processed 1 frames.
TIME: Avg. throughput= 135.4096 frames / second.

ACTION OUTPUT:
TIME: Analyses took 0.0000 seconds.

RUN TIMING:
TIME:		Init               : 0.0000 s (  0.16%)
TIME:		Trajectory Process : 0.0074 s ( 69.23%)
TIME:		Action Post        : 0.0000 s (  0.00%)
TIME:		Analysis           : 0.0000 s (  0.01%)
TIME:		Data File Write    : 0.0000 s (  0.05%)
TIME:		Other              : 0.0033 s (  0.31%)
TIME:	Run Total 0.0107 s
---------- RUN END ---------------------------------------------------
TIME: Total execution time: 0.0265 seconds.
--------------------------------------------------------------------------------
To cite CPPTRAJ use:
Daniel R. Roe and Thomas E. Cheatham, III, "PTRAJ and CPPTRAJ: Software for
  Processing and Analysis of Molecular Dynamics Trajectory Data". J. Chem.
  Theory Comput., 2013, 9 (7), pp 3084-3095.

