
CPPTRAJ: Trajectory Analysis. V6.4.4 (AmberTools)
    ___  ___  ___  ___
     | \/ | \/ | \/ | 
    _|_/\_|_/\_|_/\_|_

| Date/time: 03/20/24 10:26:07
| Available memory: 1.059 TB

INPUT: Reading input from '/home/lmerlicek/AIzymes/design/LM_MATCH_GRID_Functions_009/MATCH/ESMfold/CPPTraj_no_hydrogens_MATCH.in'
  [parm /home/lmerlicek/AIzymes/design/LM_MATCH_GRID_Functions_009/MATCH/ESMfold/1ohp_ESMfold_output_MATCH.pdb]
	Reading '/home/lmerlicek/AIzymes/design/LM_MATCH_GRID_Functions_009/MATCH/ESMfold/1ohp_ESMfold_output_MATCH.pdb' as PDB File
	Reading bond info from CONECT records.
	Not reading bond info from LINK records.
	Determining bond info from distances.
Warning: Determining bond length parameters from element types for '1ohp_ESMfold_output_MATCH.pdb'.
  [trajin /home/lmerlicek/AIzymes/design/LM_MATCH_GRID_Functions_009/MATCH/ESMfold/1ohp_ESMfold_output_MATCH.pdb]
	Reading '/home/lmerlicek/AIzymes/design/LM_MATCH_GRID_Functions_009/MATCH/ESMfold/1ohp_ESMfold_output_MATCH.pdb' as PDB
  [strip !@C,N,O,CA]
    STRIP: Stripping atoms in mask [!@C,N,O,CA]
  [trajout /home/lmerlicek/AIzymes/design/LM_MATCH_GRID_Functions_009/MATCH/ESMfold/1ohp_ESMfold_no_hydrogens_MATCH.pdb]
	Writing '/home/lmerlicek/AIzymes/design/LM_MATCH_GRID_Functions_009/MATCH/ESMfold/1ohp_ESMfold_no_hydrogens_MATCH.pdb' as PDB
---------- RUN BEGIN -------------------------------------------------

PARAMETER FILES (1 total):
 0: 1ohp_ESMfold_output_MATCH.pdb, 945 atoms, 125 res, box: None, 1 mol

INPUT TRAJECTORIES (1 total):
 0: '1ohp_ESMfold_output_MATCH.pdb' is a PDB file, Parm 1ohp_ESMfold_output_MATCH.pdb (reading 1 of 1)
  Coordinate processing will occur on 1 frames.

OUTPUT TRAJECTORIES (1 total):
  '1ohp_ESMfold_no_hydrogens_MATCH.pdb' (1 frames) is a PDB file

BEGIN TRAJECTORY PROCESSING:
.....................................................
ACTION SETUP FOR PARM '1ohp_ESMfold_output_MATCH.pdb' (1 actions):
  0: [strip !@C,N,O,CA]
	Stripping 445 atoms.
	Stripped topology: 500 atoms, 125 res, box: None, 1 mol
.....................................................
ACTIVE OUTPUT TRAJECTORIES (1):
  /home/lmerlicek/AIzymes/design/LM_MATCH_GRID_Functions_009/MATCH/ESMfold/1ohp_ESMfold_no_hydrogens_MATCH.pdb (coordinates)
----- 1ohp_ESMfold_output_MATCH.pdb (1-1, 1) -----
100% Complete.

Read 1 frames and processed 1 frames.
TIME: Avg. throughput= 156.0062 frames / second.

ACTION OUTPUT:
TIME: Analyses took 0.0000 seconds.

RUN TIMING:
TIME:		Init               : 0.0000 s (  0.14%)
TIME:		Trajectory Process : 0.0064 s ( 68.33%)
TIME:		Action Post        : 0.0000 s (  0.00%)
TIME:		Analysis           : 0.0000 s (  0.00%)
TIME:		Data File Write    : 0.0000 s (  0.04%)
TIME:		Other              : 0.0030 s (  0.31%)
TIME:	Run Total 0.0094 s
---------- RUN END ---------------------------------------------------
TIME: Total execution time: 0.0223 seconds.
--------------------------------------------------------------------------------
To cite CPPTRAJ use:
Daniel R. Roe and Thomas E. Cheatham, III, "PTRAJ and CPPTRAJ: Software for
  Processing and Analysis of Molecular Dynamics Trajectory Data". J. Chem.
  Theory Comput., 2013, 9 (7), pp 3084-3095.

