
CPPTRAJ: Trajectory Analysis. V4.14.0 (AmberTools V19.10)
    ___  ___  ___  ___
     | \/ | \/ | \/ | 
    _|_/\_|_/\_|_/\_|_

| Date/time: 10/19/24 12:30:40
| Available memory: 29.684 GB

INPUT: Reading input from '/home/bunzelh/AIzymes/design/VD/241016_VD_KSI_pos/16/RosettaRelax/1ohp_16_CPPTraj_lig.in'
  [parm /home/bunzelh/AIzymes/design/VD/241016_VD_KSI_pos/16/1ohp_RosettaDesign_16.pdb]
	Reading '/home/bunzelh/AIzymes/design/VD/241016_VD_KSI_pos/16/1ohp_RosettaDesign_16.pdb' as PDB File
	Reading bond info from CONECT records.
	Not reading bond info from LINK records.
	Determining bond info from distances.
Warning: 1ohp_RosettaDesign_16.pdb: Determining default bond distances from element types.
  [trajin /home/bunzelh/AIzymes/design/VD/241016_VD_KSI_pos/16/1ohp_RosettaDesign_16.pdb]
	Reading '/home/bunzelh/AIzymes/design/VD/241016_VD_KSI_pos/16/1ohp_RosettaDesign_16.pdb' as PDB
  [strip !:5TS]
    STRIP: Stripping atoms in mask [!:5TS]
  [trajout /home/bunzelh/AIzymes/design/VD/241016_VD_KSI_pos/16/RosettaRelax/1ohp_16_lig.pdb]
	Writing '/home/bunzelh/AIzymes/design/VD/241016_VD_KSI_pos/16/RosettaRelax/1ohp_16_lig.pdb' as PDB
---------- RUN BEGIN -------------------------------------------------

PARAMETER FILES (1 total):
 0: 1ohp_RosettaDesign_16.pdb, 1945 atoms, 126 res, box: None, 2 mol

INPUT TRAJECTORIES (1 total):
 0: '1ohp_RosettaDesign_16.pdb' is a PDB file, Parm 1ohp_RosettaDesign_16.pdb (reading 1 of 1)
  Coordinate processing will occur on 1 frames.

OUTPUT TRAJECTORIES (1 total):
  '1ohp_16_lig.pdb' (1 frames) is a PDB file

BEGIN TRAJECTORY PROCESSING:
.....................................................
ACTION SETUP FOR PARM '1ohp_RosettaDesign_16.pdb' (1 actions):
  0: [strip !:5TS]
	Stripping 1929 atoms.
	Stripped topology: 16 atoms, 1 res, box: None, 1 mol
.....................................................
ACTIVE OUTPUT TRAJECTORIES (1):
  /home/bunzelh/AIzymes/design/VD/241016_VD_KSI_pos/16/RosettaRelax/1ohp_16_lig.pdb (coordinates)
----- 1ohp_RosettaDesign_16.pdb (1-1, 1) -----
100% Complete.

Read 1 frames and processed 1 frames.
TIME: Avg. throughput= 257.2678 frames / second.

ACTION OUTPUT:
TIME: Analyses took 0.0000 seconds.

RUN TIMING:
TIME:		Init               : 0.0000 s (  0.31%)
TIME:		Trajectory Process : 0.0039 s ( 75.24%)
TIME:		Action Post        : 0.0000 s (  0.00%)
TIME:		Analysis           : 0.0000 s (  0.00%)
TIME:		Data File Write    : 0.0000 s (  0.02%)
TIME:		Other              : 0.0013 s (  0.24%)
TIME:	Run Total 0.0052 s
---------- RUN END ---------------------------------------------------
TIME: Total execution time: 0.0317 seconds.
--------------------------------------------------------------------------------
To cite CPPTRAJ use:
Daniel R. Roe and Thomas E. Cheatham, III, "PTRAJ and CPPTRAJ: Software for
  Processing and Analysis of Molecular Dynamics Trajectory Data". J. Chem.
  Theory Comput., 2013, 9 (7), pp 3084-3095.

