2024-10-08 10:51:19 - DEBUG - Updating scores
2024-10-08 10:51:19 - DEBUG - Parent design not yet done. 1/10 jobs submitted.
2024-10-08 10:51:19 - DEBUG - Child index 0 created for Parent.
2024-10-08 10:51:19 - DEBUG - Run RosettaDesign for index 0 based on index 0.
2024-10-08 10:51:19 - DEBUG - Your job 1620087 ("MIX_RosettaDesign_0") has been submitted
2024-10-08 10:51:19 - DEBUG - Updating scores
2024-10-08 10:51:19 - DEBUG - Parent design not yet done. 2/10 jobs submitted.
2024-10-08 10:51:19 - DEBUG - Child index 1 created for Parent.
2024-10-08 10:51:19 - DEBUG - Run RosettaDesign for index 1 based on index 1.
2024-10-08 10:51:19 - DEBUG - Your job 1620088 ("MIX_RosettaDesign_1") has been submitted
2024-10-08 10:51:19 - DEBUG - Updating scores
2024-10-08 10:51:19 - DEBUG - Parent design not yet done. 3/10 jobs submitted.
2024-10-08 10:51:19 - DEBUG - Child index 2 created for Parent.
2024-10-08 10:51:19 - DEBUG - Run RosettaDesign for index 2 based on index 2.
2024-10-08 10:51:19 - DEBUG - Your job 1620089 ("MIX_RosettaDesign_2") has been submitted
2024-10-08 10:51:19 - DEBUG - Updating scores
2024-10-08 10:51:19 - DEBUG - Parent design not yet done. 4/10 jobs submitted.
2024-10-08 10:51:19 - DEBUG - Child index 3 created for Parent.
2024-10-08 10:51:19 - DEBUG - Run RosettaDesign for index 3 based on index 3.
2024-10-08 10:51:19 - DEBUG - Your job 1620090 ("MIX_RosettaDesign_3") has been submitted
2024-10-08 10:51:20 - DEBUG - Updating scores
2024-10-08 10:51:20 - DEBUG - Parent design not yet done. 5/10 jobs submitted.
2024-10-08 10:51:20 - DEBUG - Child index 4 created for Parent.
2024-10-08 10:51:20 - DEBUG - Run RosettaDesign for index 4 based on index 4.
2024-10-08 10:51:20 - DEBUG - Your job 1620091 ("MIX_RosettaDesign_4") has been submitted
2024-10-08 10:51:20 - DEBUG - Updating scores
2024-10-08 10:51:20 - DEBUG - Parent design not yet done. 6/10 jobs submitted.
2024-10-08 10:51:20 - DEBUG - Child index 5 created for Parent.
2024-10-08 10:51:20 - DEBUG - Run RosettaDesign for index 5 based on index 5.
2024-10-08 10:51:20 - DEBUG - Your job 1620092 ("MIX_RosettaDesign_5") has been submitted
2024-10-08 10:51:20 - DEBUG - Updating scores
2024-10-08 10:51:20 - DEBUG - Parent design not yet done. 7/10 jobs submitted.
2024-10-08 10:51:20 - DEBUG - Child index 6 created for Parent.
2024-10-08 10:51:20 - DEBUG - Run RosettaDesign for index 6 based on index 6.
2024-10-08 10:51:20 - DEBUG - Your job 1620093 ("MIX_RosettaDesign_6") has been submitted
2024-10-08 10:51:20 - DEBUG - Updating scores
2024-10-08 10:51:20 - DEBUG - Parent design not yet done. 8/10 jobs submitted.
2024-10-08 10:51:20 - DEBUG - Child index 7 created for Parent.
2024-10-08 10:51:20 - DEBUG - Run RosettaDesign for index 7 based on index 7.
2024-10-08 10:51:20 - DEBUG - Your job 1620094 ("MIX_RosettaDesign_7") has been submitted
2024-10-08 10:51:20 - DEBUG - Updating scores
2024-10-08 10:51:20 - DEBUG - Parent design not yet done. 9/10 jobs submitted.
2024-10-08 10:51:20 - DEBUG - Child index 8 created for Parent.
2024-10-08 10:51:20 - DEBUG - Run RosettaDesign for index 8 based on index 8.
2024-10-08 10:51:20 - DEBUG - Your job 1620095 ("MIX_RosettaDesign_8") has been submitted
2024-10-08 10:51:21 - DEBUG - Updating scores
2024-10-08 10:51:21 - DEBUG - Parent design not yet done. 10/10 jobs submitted.
2024-10-08 10:51:21 - DEBUG - Child index 9 created for Parent.
2024-10-08 10:51:21 - DEBUG - Run RosettaDesign for index 9 based on index 9.
2024-10-08 10:51:21 - DEBUG - Your job 1620096 ("MIX_RosettaDesign_9") has been submitted
2024-10-08 10:53:22 - DEBUG - Updating scores
2024-10-08 10:53:23 - INFO - Updated scores and potentials of index 9.
2024-10-08 10:53:23 - DEBUG - Starting new calculation for index 6.
2024-10-08 10:53:23 - INFO - Index 6 has no predicted structure, starting ESMfold.
2024-10-08 10:53:23 - DEBUG - Run ESMfold for index 6.
2024-10-08 10:53:23 - DEBUG - Your job 1620117 ("MIX_ESMfold_6") has been submitted
2024-10-08 10:53:23 - DEBUG - Updating scores
2024-10-08 10:53:23 - INFO - Updated scores and potentials of index 6.
2024-10-08 10:53:23 - DEBUG - Starting new calculation for index 9.
2024-10-08 10:53:23 - INFO - Index 9 has no predicted structure, starting ESMfold.
2024-10-08 10:53:23 - DEBUG - Run ESMfold for index 9.
2024-10-08 10:53:24 - DEBUG - Your job 1620118 ("MIX_ESMfold_9") has been submitted
2024-10-08 10:56:25 - DEBUG - Updating scores
2024-10-08 10:56:26 - INFO - Updated scores and potentials of index 2.
2024-10-08 10:56:26 - DEBUG - Starting new calculation for index 2.
2024-10-08 10:56:26 - INFO - Index 2 has no predicted structure, starting ESMfold.
2024-10-08 10:56:26 - DEBUG - Run ESMfold for index 2.
2024-10-08 10:56:26 - DEBUG - Your job 1620120 ("MIX_ESMfold_2") has been submitted
2024-10-08 10:56:46 - DEBUG - Updating scores
2024-10-08 10:56:47 - INFO - Updated scores and potentials of index 0.
2024-10-08 10:56:47 - INFO - Updated scores and potentials of index 1.
2024-10-08 10:56:48 - INFO - Updated scores and potentials of index 3.
2024-10-08 10:56:48 - INFO - Updated scores and potentials of index 5.
2024-10-08 10:56:48 - DEBUG - Starting new calculation for index 0.
2024-10-08 10:56:48 - INFO - Index 0 has no predicted structure, starting ESMfold.
2024-10-08 10:56:48 - DEBUG - Run ESMfold for index 0.
2024-10-08 10:56:48 - DEBUG - Your job 1620121 ("MIX_ESMfold_0") has been submitted
2024-10-08 10:56:48 - DEBUG - Updating scores
2024-10-08 10:56:48 - DEBUG - Starting new calculation for index 1.
2024-10-08 10:56:48 - INFO - Index 1 has no predicted structure, starting ESMfold.
2024-10-08 10:56:48 - DEBUG - Run ESMfold for index 1.
2024-10-08 10:56:49 - DEBUG - Your job 1620122 ("MIX_ESMfold_1") has been submitted
2024-10-08 10:57:09 - DEBUG - Updating scores
2024-10-08 10:57:09 - DEBUG - Starting new calculation for index 3.
2024-10-08 10:57:09 - INFO - Index 3 has no predicted structure, starting ESMfold.
2024-10-08 10:57:09 - DEBUG - Run ESMfold for index 3.
2024-10-08 10:57:09 - DEBUG - Your job 1620123 ("MIX_ESMfold_3") has been submitted
2024-10-08 10:57:09 - DEBUG - Updating scores
2024-10-08 10:57:09 - DEBUG - Starting new calculation for index 5.
2024-10-08 10:57:09 - INFO - Index 5 has no predicted structure, starting ESMfold.
2024-10-08 10:57:09 - DEBUG - Run ESMfold for index 5.
2024-10-08 10:57:09 - DEBUG - Your job 1620124 ("MIX_ESMfold_5") has been submitted
2024-10-08 10:59:10 - DEBUG - Updating scores
2024-10-08 10:59:11 - INFO - Updated scores and potentials of index 4.
2024-10-08 10:59:11 - INFO - Updated scores and potentials of index 8.
2024-10-08 10:59:11 - DEBUG - Starting new calculation for index 4.
2024-10-08 10:59:11 - INFO - Index 4 has no predicted structure, starting ESMfold.
2024-10-08 10:59:11 - DEBUG - Run ESMfold for index 4.
2024-10-08 10:59:11 - DEBUG - Your job 1620129 ("MIX_ESMfold_4") has been submitted
2024-10-08 10:59:11 - DEBUG - Updating scores
2024-10-08 10:59:11 - DEBUG - Starting new calculation for index 8.
2024-10-08 10:59:11 - INFO - Index 8 has no predicted structure, starting ESMfold.
2024-10-08 10:59:11 - DEBUG - Run ESMfold for index 8.
2024-10-08 10:59:11 - DEBUG - Your job 1620130 ("MIX_ESMfold_8") has been submitted
2024-10-08 11:02:13 - DEBUG - Updating scores
2024-10-08 11:02:13 - INFO - Updated scores and potentials of index 7.
2024-10-08 11:02:13 - DEBUG - Starting new calculation for index 7.
2024-10-08 11:02:13 - INFO - Index 7 has no predicted structure, starting ESMfold.
2024-10-08 11:02:13 - DEBUG - Run ESMfold for index 7.
2024-10-08 11:02:13 - DEBUG - Your job 1620133 ("MIX_ESMfold_7") has been submitted
