2024-10-08 10:51:21 - DEBUG - Updating scores
2024-10-08 10:51:21 - DEBUG - Parent design not yet done. 1/10 jobs submitted.
2024-10-08 10:51:21 - DEBUG - Child index 0 created for Parent.
2024-10-08 10:51:21 - DEBUG - Run ProteinMPNN for index 0.
2024-10-08 10:51:21 - DEBUG - Your job 1620097 ("mpnn_ProteinMPNN_0") has been submitted
2024-10-08 10:51:21 - DEBUG - Updating scores
2024-10-08 10:51:21 - DEBUG - Parent design not yet done. 2/10 jobs submitted.
2024-10-08 10:51:21 - DEBUG - Child index 1 created for Parent.
2024-10-08 10:51:22 - DEBUG - Run ProteinMPNN for index 1.
2024-10-08 10:51:22 - DEBUG - Your job 1620098 ("mpnn_ProteinMPNN_1") has been submitted
2024-10-08 10:51:22 - DEBUG - Updating scores
2024-10-08 10:51:22 - DEBUG - Parent design not yet done. 3/10 jobs submitted.
2024-10-08 10:51:22 - DEBUG - Child index 2 created for Parent.
2024-10-08 10:51:22 - DEBUG - Run ProteinMPNN for index 2.
2024-10-08 10:51:22 - DEBUG - Your job 1620099 ("mpnn_ProteinMPNN_2") has been submitted
2024-10-08 10:51:22 - DEBUG - Updating scores
2024-10-08 10:51:22 - DEBUG - Parent design not yet done. 4/10 jobs submitted.
2024-10-08 10:51:22 - DEBUG - Child index 3 created for Parent.
2024-10-08 10:51:22 - DEBUG - Run ProteinMPNN for index 3.
2024-10-08 10:51:22 - DEBUG - Your job 1620100 ("mpnn_ProteinMPNN_3") has been submitted
2024-10-08 10:51:22 - DEBUG - Updating scores
2024-10-08 10:51:22 - DEBUG - Parent design not yet done. 5/10 jobs submitted.
2024-10-08 10:51:22 - DEBUG - Child index 4 created for Parent.
2024-10-08 10:51:22 - DEBUG - Run ProteinMPNN for index 4.
2024-10-08 10:51:22 - DEBUG - Your job 1620101 ("mpnn_ProteinMPNN_4") has been submitted
2024-10-08 10:51:22 - DEBUG - Updating scores
2024-10-08 10:51:22 - DEBUG - Parent design not yet done. 6/10 jobs submitted.
2024-10-08 10:51:23 - DEBUG - Child index 5 created for Parent.
2024-10-08 10:51:23 - DEBUG - Run ProteinMPNN for index 5.
2024-10-08 10:51:23 - DEBUG - Your job 1620102 ("mpnn_ProteinMPNN_5") has been submitted
2024-10-08 10:51:23 - DEBUG - Updating scores
2024-10-08 10:51:23 - DEBUG - Parent design not yet done. 7/10 jobs submitted.
2024-10-08 10:51:23 - DEBUG - Child index 6 created for Parent.
2024-10-08 10:51:23 - DEBUG - Run ProteinMPNN for index 6.
2024-10-08 10:51:23 - DEBUG - Your job 1620103 ("mpnn_ProteinMPNN_6") has been submitted
2024-10-08 10:51:23 - DEBUG - Updating scores
2024-10-08 10:51:23 - DEBUG - Parent design not yet done. 8/10 jobs submitted.
2024-10-08 10:51:23 - DEBUG - Child index 7 created for Parent.
2024-10-08 10:51:23 - DEBUG - Run ProteinMPNN for index 7.
2024-10-08 10:51:23 - DEBUG - Your job 1620104 ("mpnn_ProteinMPNN_7") has been submitted
2024-10-08 10:51:23 - DEBUG - Updating scores
2024-10-08 10:51:23 - DEBUG - Parent design not yet done. 9/10 jobs submitted.
2024-10-08 10:51:23 - DEBUG - Child index 8 created for Parent.
2024-10-08 10:51:23 - DEBUG - Run ProteinMPNN for index 8.
2024-10-08 10:51:23 - DEBUG - Your job 1620105 ("mpnn_ProteinMPNN_8") has been submitted
2024-10-08 10:51:23 - DEBUG - Updating scores
2024-10-08 10:51:23 - DEBUG - Parent design not yet done. 10/10 jobs submitted.
2024-10-08 10:51:23 - DEBUG - Child index 9 created for Parent.
2024-10-08 10:51:23 - DEBUG - Run ProteinMPNN for index 9.
2024-10-08 10:51:23 - DEBUG - Your job 1620106 ("mpnn_ProteinMPNN_9") has been submitted
