/home/bunzelh/AIzymes/design/HAB/HAB_refactor_no_cst/2
core.init: Checking for fconfig files in pwd and ./rosetta/flags 
core.init: Rosetta version: rosetta.source.release-280 r280 2021.16+release.8ee4f02 8ee4f02ac5768a8a339ffada74cb0ff5f778b3e6 https://www.rosettacommons.org 2021-04-20T20:57:38.289184
core.init: command: /home/bunzelh/rosetta_src_2021.16.61629_bundle/main/source//bin/rosetta_scripts.linuxgccrelease -s /home/bunzelh/AIzymes/design/HAB/HAB_refactor_no_cst/parent/7vuu.pdb -in:file:native /home/bunzelh/AIzymes/design/HAB/HAB_refactor_no_cst/parent/7vuu.pdb -run:preserve_header true -extra_res_fa /home/bunzelh/AIzymes/design/HAB/Input/5TS.params -enzdes:cstfile /home/bunzelh/AIzymes/design/HAB/Input/.cst -enzdes:cst_opt true -parser:protocol /home/bunzelh/AIzymes/design/HAB/HAB_refactor_no_cst/2/scripts/RosettaDesign_2.xml -out:file:scorefile /home/bunzelh/AIzymes/design/HAB/HAB_refactor_no_cst/2/score_RosettaDesign.sc -nstruct 1 -ignore_zero_occupancy false -corrections::beta_nov16 true -overwrite
basic.random.init_random_generator: 'RNG device' seed mode, using '/dev/urandom', seed=1088511366 seed_offset=0 real_seed=1088511366
basic.random.init_random_generator: RandomGenerator:init: Normal mode, seed=1088511366 RG_type=mt19937
core.init: Resolved executable path: /home/bunzelh/rosetta_src_2021.16.61629_bundle/main/source/build/src/release/linux/3.10/64/x86/gcc/4.8/default/rosetta_scripts.default.linuxgccrelease
core.init: Looking for database based on location of executable: /home/bunzelh/rosetta_src_2021.16.61629_bundle/main/database/
protocols.jd2.PDBJobInputter: Instantiate PDBJobInputter
protocols.jd2.PDBJobInputter: PDBJobInputter::fill_jobs
protocols.jd2.PDBJobInputter: pushed /home/bunzelh/AIzymes/design/HAB/HAB_refactor_no_cst/parent/7vuu.pdb nstruct index 1
core.chemical.GlobalResidueTypeSet: Finished initializing fa_standard residue type set.  Created 985 residue types
core.chemical.GlobalResidueTypeSet: Total time to initialize 1.93 seconds.
core.import_pose.import_pose: File '/home/bunzelh/AIzymes/design/HAB/HAB_refactor_no_cst/parent/7vuu.pdb' automatically determined to be of type PDB
core.conformation.Conformation: [ WARNING ] missing heavyatom:  OXT on residue ALA:CtermProteinFull 63
protocols.evaluation.ChiWellRmsdEvaluatorCreator: Evaluation Creator active ... 
protocols.jd2.PDBJobInputter: PDBJobInputter::pose_from_job
protocols.jd2.PDBJobInputter: filling pose from PDB /home/bunzelh/AIzymes/design/HAB/HAB_refactor_no_cst/parent/7vuu.pdb
core.import_pose.import_pose: File '/home/bunzelh/AIzymes/design/HAB/HAB_refactor_no_cst/parent/7vuu.pdb' automatically determined to be of type PDB
core.conformation.Conformation: [ WARNING ] missing heavyatom:  OXT on residue ALA:CtermProteinFull 63
protocols.rosetta_scripts.RosettaScriptsParser: dock_design_filename=/home/bunzelh/AIzymes/design/HAB/HAB_refactor_no_cst/2/scripts/RosettaDesign_2.xml
protocols.rosetta_scripts.RosettaScriptsParser: Generating XML Schema for rosetta_scripts...
protocols.rosetta_scripts.RosettaScriptsParser: ...done
protocols.rosetta_scripts.RosettaScriptsParser: Initializing schema validator...
protocols.rosetta_scripts.RosettaScriptsParser: ...done
protocols.rosetta_scripts.RosettaScriptsParser: Validating input script...
Error: [ ERROR ] ERROR: Exception caught by JobDistributor while trying to get pose from job '7vuu_0001'
Error: [ ERROR ] Treating failure as bad input; canceling similar jobs
protocols.jd2.FileSystemJobDistributor: job failed, reporting bad input; other jobs of same input will be canceled: 7vuu_0001
protocols.jd2.JobDistributor: no more batches to process... 
protocols.jd2.JobDistributor: 1 jobs considered, 1 jobs attempted in 11 seconds
