/home/lmerlicek/AIzymes/design/LM_MATCH_GRID_Functions_009/21
core.init: Checking for fconfig files in pwd and ./rosetta/flags 
core.init: Rosetta version: rosetta.source.release-280 r280 2021.16+release.8ee4f02 8ee4f02ac5768a8a339ffada74cb0ff5f778b3e6 https://www.rosettacommons.org 2021-04-20T20:57:38.289184
core.init: command: /home/bunzelh/rosetta_src_2021.16.61629_bundle/main/source//bin/rosetta_scripts.linuxgccrelease -s /home/lmerlicek/AIzymes/design/LM_MATCH_GRID_Functions_009/MATCH/matches/UM_18_E112_69_1ohp_Rosetta_Relax_aligned_MATCH_APO_5TS_enzdes_1.pdb -in:file:native /home/lmerlicek/AIzymes/design/LM_MATCH_GRID_Functions_009/MATCH/matches/UM_18_E112_69_1ohp_Rosetta_Relax_aligned_MATCH_APO_5TS_enzdes_1.pdb -run:preserve_header true -extra_res_fa /home/lmerlicek/AIzymes/design/Input/5TS.params -parser:protocol /home/lmerlicek/AIzymes/design/LM_MATCH_GRID_Functions_009/21/scripts/Rosetta_Design_21.xml -out:file:scorefile /home/lmerlicek/AIzymes/design/LM_MATCH_GRID_Functions_009/21/score_rosetta_design.sc -nstruct 1 -ignore_zero_occupancy false -corrections::beta_nov16 true -overwrite -ex1 -ex2
basic.random.init_random_generator: 'RNG device' seed mode, using '/dev/urandom', seed=-324795601 seed_offset=0 real_seed=-324795601
basic.random.init_random_generator: RandomGenerator:init: Normal mode, seed=-324795601 RG_type=mt19937
core.init: Resolved executable path: /home/bunzelh/rosetta_src_2021.16.61629_bundle/main/source/build/src/release/linux/3.10/64/x86/gcc/4.8/default/rosetta_scripts.default.linuxgccrelease
core.init: Looking for database based on location of executable: /home/bunzelh/rosetta_src_2021.16.61629_bundle/main/database/
protocols.jd2.PDBJobInputter: Instantiate PDBJobInputter
protocols.jd2.PDBJobInputter: PDBJobInputter::fill_jobs
protocols.jd2.PDBJobInputter: pushed /home/lmerlicek/AIzymes/design/LM_MATCH_GRID_Functions_009/MATCH/matches/UM_18_E112_69_1ohp_Rosetta_Relax_aligned_MATCH_APO_5TS_enzdes_1.pdb nstruct index 1
core.chemical.GlobalResidueTypeSet: Finished initializing fa_standard residue type set.  Created 985 residue types
core.chemical.GlobalResidueTypeSet: Total time to initialize 1.91 seconds.
core.import_pose.import_pose: File '/home/lmerlicek/AIzymes/design/LM_MATCH_GRID_Functions_009/MATCH/matches/UM_18_E112_69_1ohp_Rosetta_Relax_aligned_MATCH_APO_5TS_enzdes_1.pdb' automatically determined to be of type PDB
protocols.evaluation.ChiWellRmsdEvaluatorCreator: Evaluation Creator active ... 
protocols.jd2.PDBJobInputter: PDBJobInputter::pose_from_job
protocols.jd2.PDBJobInputter: filling pose from PDB /home/lmerlicek/AIzymes/design/LM_MATCH_GRID_Functions_009/MATCH/matches/UM_18_E112_69_1ohp_Rosetta_Relax_aligned_MATCH_APO_5TS_enzdes_1.pdb
core.import_pose.import_pose: File '/home/lmerlicek/AIzymes/design/LM_MATCH_GRID_Functions_009/MATCH/matches/UM_18_E112_69_1ohp_Rosetta_Relax_aligned_MATCH_APO_5TS_enzdes_1.pdb' automatically determined to be of type PDB
protocols.rosetta_scripts.RosettaScriptsParser: dock_design_filename=/home/lmerlicek/AIzymes/design/LM_MATCH_GRID_Functions_009/21/scripts/Rosetta_Design_21.xml
protocols.rosetta_scripts.RosettaScriptsParser: Generating XML Schema for rosetta_scripts...
protocols.rosetta_scripts.RosettaScriptsParser: ...done
protocols.rosetta_scripts.RosettaScriptsParser: Initializing schema validator...
protocols.rosetta_scripts.RosettaScriptsParser: ...done
protocols.rosetta_scripts.RosettaScriptsParser: Validating input script...
protocols.rosetta_scripts.RosettaScriptsParser: ...done
protocols.rosetta_scripts.RosettaScriptsParser: Parsed script:
<ROSETTASCRIPTS>
	<SCOREFXNS>
		<ScoreFunction name="score" weights="beta_nov16">
			<Reweight scoretype="atom_pair_constraint" weight="4"/>
			<Reweight scoretype="angle_constraint" weight="2"/>
			<Reweight scoretype="dihedral_constraint" weight="1"/>
			<Reweight scoretype="res_type_constraint" weight="1"/>
		</ScoreFunction>
		<ScoreFunction name="score_unconst" weights="beta_nov16">
			<Reweight scoretype="atom_pair_constraint" weight="0"/>
			<Reweight scoretype="dihedral_constraint" weight="0"/>
			<Reweight scoretype="angle_constraint" weight="0"/>
		</ScoreFunction>
		<ScoreFunction name="score_final" weights="beta_nov16">
			<Reweight scoretype="atom_pair_constraint" weight="4"/>
			<Reweight scoretype="angle_constraint" weight="2"/>
			<Reweight scoretype="dihedral_constraint" weight="1"/>
		</ScoreFunction>
	</SCOREFXNS>
	<RESIDUE_SELECTORS>
		<Index name="sel_design" resnums="7,10,11,14,15,18,26,29,30,38,54,55,58,59,63,65,71,73,78,80,82,84,86,93,95,97,99,101,103,109,112,114,116,121"/>
		<Index name="sel_repack" resnums="36,45,51,67"/>
		<Index name="sel_cat_0" resnums="112"/>
		<Or name="sel_desrep" selectors="sel_design,sel_repack"/>
		<Not name="sel_nothing" selector="sel_desrep"/>
	</RESIDUE_SELECTORS>
	<TASKOPERATIONS>
		<OperateOnResidueSubset name="tsk_design" selector="sel_design">
			<RestrictAbsentCanonicalAASRLT aas="GPAVLIMFYWHKRQNEDST"/>
		</OperateOnResidueSubset>
		<OperateOnResidueSubset name="tsk_cat_0" selector="sel_cat_0">
			<RestrictAbsentCanonicalAASRLT aas="DE"/>
		</OperateOnResidueSubset>
		<OperateOnResidueSubset name="tsk_repack" selector="sel_repack">
			<RestrictToRepackingRLT/>
		</OperateOnResidueSubset>
		<OperateOnResidueSubset name="tsk_nothing" selector="sel_nothing">
			<PreventRepackingRLT/>
		</OperateOnResidueSubset>
	</TASKOPERATIONS>
	<FILTERS>
		<HbondsToResidue backbone="true" confidence="0" from_other_chains="true" from_same_chain="false" name="flt_hbonds" partners="1" residue="1X" scorefxn="score" sidechain="true"/>
	</FILTERS>
	<MOVERS>
		<FavorSequenceProfile matrix="IDENTITY" name="mv_native" scorefxns="score" use_native="true" weight="1.0"/>
		<AddOrRemoveMatchCsts cst_instruction="add_new" cstfile="/home/lmerlicek/AIzymes/design/Input/5TS_enzdes.cst" name="mv_add_cst"/>
		<FastDesign disable_design="false" name="mv_design" ramp_down_constraints="false" repeats="3" scorefxn="score" task_operations="tsk_design,tsk_repack,tsk_nothing,tsk_cat_0"/>
		<FastRelax disable_design="true" name="mv_relax" ramp_down_constraints="false" repeats="1" scorefxn="score_unconst" task_operations="tsk_design,tsk_repack,tsk_nothing,tsk_cat_0"/>
		<InterfaceScoreCalculator chains="X" name="mv_inter" scorefxn="score_final"/>
	</MOVERS>
	<PROTOCOLS>
		<Add mover_name="mv_native"/>
		<Add mover_name="mv_add_cst"/>
		<Add mover_name="mv_design"/>
		<Add mover_name="mv_relax"/>
		<Add mover_name="mv_inter"/>
	</PROTOCOLS>
</ROSETTASCRIPTS>
protocols.rosetta_scripts.RosettaScriptsParser: Loading native resource as native_pose to the datamap 
core.import_pose.import_pose: File '/home/lmerlicek/AIzymes/design/LM_MATCH_GRID_Functions_009/MATCH/matches/UM_18_E112_69_1ohp_Rosetta_Relax_aligned_MATCH_APO_5TS_enzdes_1.pdb' automatically determined to be of type PDB
core.scoring.ScoreFunctionFactory: SCOREFUNCTION: beta_nov16.wts
core.scoring.etable: Starting energy table calculation
core.scoring.etable: smooth_etable: changing atr/rep split to bottom of energy well
core.scoring.etable: smooth_etable: spline smoothing lj etables (maxdis = 6)
core.scoring.etable: smooth_etable: spline smoothing solvation etables (max_dis = 6)
core.scoring.etable: Finished calculating energy tables.
basic.io.database: Database file opened: scoring/score_functions/hbonds/ref2015_params/HBPoly1D.csv
basic.io.database: Database file opened: scoring/score_functions/hbonds/ref2015_params/HBFadeIntervals.csv
basic.io.database: Database file opened: scoring/score_functions/hbonds/ref2015_params/HBEval.csv
basic.io.database: Database file opened: scoring/score_functions/hbonds/ref2015_params/DonStrength.csv
basic.io.database: Database file opened: scoring/score_functions/hbonds/ref2015_params/AccStrength.csv
basic.io.database: Database file opened: scoring/score_functions/rama/fd_beta_nov2016/all.ramaProb
basic.io.database: Database file opened: scoring/score_functions/rama/fd_beta_nov2016/prepro.ramaProb
basic.io.database: Database file opened: scoring/score_functions/omega/omega_ppdep.all.txt
basic.io.database: Database file opened: scoring/score_functions/omega/omega_ppdep.gly.txt
basic.io.database: Database file opened: scoring/score_functions/omega/omega_ppdep.pro.txt
basic.io.database: Database file opened: scoring/score_functions/omega/omega_ppdep.valile.txt
basic.io.database: Database file opened: scoring/score_functions/P_AA_pp/P_AA
basic.io.database: Database file opened: scoring/score_functions/P_AA_pp/P_AA_n
core.scoring.P_AA: shapovalov_lib::shap_p_aa_pp_smooth_level of 1( aka low_smooth ) got activated.
basic.io.database: Database file opened: scoring/score_functions/P_AA_pp/shapovalov/10deg/kappa131/a20.prop
basic.io.database: Database file opened: scoring/score_functions/bondlength_bondangle/hydroxyl_torsion_preference.txt
core.scoring.etable: Starting energy table calculation
core.scoring.etable: smooth_etable: changing atr/rep split to bottom of energy well
core.scoring.etable: smooth_etable: spline smoothing lj etables (maxdis = 6)
core.scoring.etable: smooth_etable: spline smoothing solvation etables (max_dis = 6)
core.scoring.etable: Finished calculating energy tables.
basic.io.database: Database file opened: scoring/score_functions/PairEPotential/pdb_pair_stats_fine
basic.io.database: Database file opened: scoring/score_functions/InterchainPotential/interchain_env_log.txt
basic.io.database: Database file opened: scoring/score_functions/InterchainPotential/interchain_pair_log.txt
basic.io.database: Database file opened: scoring/score_functions/EnvPairPotential/env_log.txt
basic.io.database: Database file opened: scoring/score_functions/EnvPairPotential/cbeta_den.txt
basic.io.database: Database file opened: scoring/score_functions/EnvPairPotential/pair_log.txt
basic.io.database: Database file opened: scoring/score_functions/EnvPairPotential/cenpack_log.txt
core.scoring.ramachandran: shapovalov_lib::shap_rama_smooth_level of 4( aka highest_smooth ) got activated.
basic.io.database: Database file opened: scoring/score_functions/rama/shapovalov/kappa25/all.ramaProb
protocols.jd2.parser.ScoreFunctionLoader: defined score function "score" with weights "beta_nov16"
protocols.jd2.parser.ScoreFunctionLoader:  setting score weight atom_pair_constraint to 4
protocols.jd2.parser.ScoreFunctionLoader:  setting score weight angle_constraint to 2
protocols.jd2.parser.ScoreFunctionLoader:  setting score weight dihedral_constraint to 1
protocols.jd2.parser.ScoreFunctionLoader:  setting score weight res_type_constraint to 1
protocols.jd2.parser.ScoreFunctionLoader: defined score function "score_unconst" with weights "beta_nov16"
protocols.jd2.parser.ScoreFunctionLoader:  setting score_unconst weight atom_pair_constraint to 0
protocols.jd2.parser.ScoreFunctionLoader:  setting score_unconst weight dihedral_constraint to 0
protocols.jd2.parser.ScoreFunctionLoader:  setting score_unconst weight angle_constraint to 0
protocols.jd2.parser.ScoreFunctionLoader: defined score function "score_final" with weights "beta_nov16"
protocols.jd2.parser.ScoreFunctionLoader:  setting score_final weight atom_pair_constraint to 4
protocols.jd2.parser.ScoreFunctionLoader:  setting score_final weight angle_constraint to 2
protocols.jd2.parser.ScoreFunctionLoader:  setting score_final weight dihedral_constraint to 1
protocols.jd2.parser.TaskOperationLoader: Defined TaskOperation named "tsk_design" of type OperateOnResidueSubset
protocols.jd2.parser.TaskOperationLoader: Defined TaskOperation named "tsk_cat_0" of type OperateOnResidueSubset
protocols.jd2.parser.TaskOperationLoader: Defined TaskOperation named "tsk_repack" of type OperateOnResidueSubset
protocols.jd2.parser.TaskOperationLoader: Defined TaskOperation named "tsk_nothing" of type OperateOnResidueSubset
protocols.protein_interface_design.filters.HbondsToResidueFilter: Hbonds to residue filter for resnum 1X with 1 hbonding partners as the cutoff threshold.
protocols.protein_interface_design.filters.HbondsToResidueFilter: Hbonds to other chains, but not to the same chain, will be considered.
protocols.rosetta_scripts.RosettaScriptsParser: Defined filter named "flt_hbonds" of type HbondsToResidue
core.import_pose.import_pose: File '/home/lmerlicek/AIzymes/design/LM_MATCH_GRID_Functions_009/MATCH/matches/UM_18_E112_69_1ohp_Rosetta_Relax_aligned_MATCH_APO_5TS_enzdes_1.pdb' automatically determined to be of type PDB
protocols.rosetta_scripts.RosettaScriptsParser: Defined mover named "mv_native" of type FavorSequenceProfile
protocols.rosetta_scripts.RosettaScriptsParser: Defined mover named "mv_add_cst" of type AddOrRemoveMatchCsts
protocols.relax.RelaxScriptManager: Reading relax scripts list from database.
core.scoring.ScoreFunctionFactory: SCOREFUNCTION: beta_nov16.wts
protocols.relax.RelaxScriptManager: Looking for MonomerRelax2019.txt
protocols.relax.RelaxScriptManager: ================== Reading script file: /home/bunzelh/rosetta_src_2021.16.61629_bundle/main/database/sampling/relax_scripts/MonomerRelax2019.txt ==================
protocols.relax.RelaxScriptManager: repeat %%nrepeats%%
protocols.relax.RelaxScriptManager: coord_cst_weight 1.0
protocols.relax.RelaxScriptManager: scale:fa_rep 0.040
protocols.relax.RelaxScriptManager: repack
protocols.relax.RelaxScriptManager: scale:fa_rep 0.051
protocols.relax.RelaxScriptManager: min 0.01
protocols.relax.RelaxScriptManager: coord_cst_weight 0.5
protocols.relax.RelaxScriptManager: scale:fa_rep 0.265
protocols.relax.RelaxScriptManager: repack
protocols.relax.RelaxScriptManager: scale:fa_rep 0.280
protocols.relax.RelaxScriptManager: min 0.01
protocols.relax.RelaxScriptManager: coord_cst_weight 0.0
protocols.relax.RelaxScriptManager: scale:fa_rep 0.559
protocols.relax.RelaxScriptManager: repack
protocols.relax.RelaxScriptManager: scale:fa_rep 0.581
protocols.relax.RelaxScriptManager: min 0.01
protocols.relax.RelaxScriptManager: coord_cst_weight 0.0
protocols.relax.RelaxScriptManager: scale:fa_rep 1
protocols.relax.RelaxScriptManager: repack
protocols.relax.RelaxScriptManager: min 0.00001
protocols.relax.RelaxScriptManager: accept_to_best
protocols.relax.RelaxScriptManager: endrepeat
core.pack.task.xml_util: Object mv_design reading the following task_operations: Adding the following task operations
tsk_design tsk_repack tsk_nothing tsk_cat_0 
protocols.relax.RelaxScriptManager: Looking for MonomerDesign2019.txt
protocols.relax.RelaxScriptManager: ================== Reading script file: /home/bunzelh/rosetta_src_2021.16.61629_bundle/main/database/sampling/relax_scripts/MonomerDesign2019.txt ==================
protocols.relax.RelaxScriptManager: repeat %%nrepeats%%
protocols.relax.RelaxScriptManager: coord_cst_weight 1.0
protocols.relax.RelaxScriptManager: scale:fa_rep 0.059
protocols.relax.RelaxScriptManager: repack
protocols.relax.RelaxScriptManager: scale:fa_rep 0.092
protocols.relax.RelaxScriptManager: min 0.01
protocols.relax.RelaxScriptManager: coord_cst_weight 0.5
protocols.relax.RelaxScriptManager: scale:fa_rep 0.280
protocols.relax.RelaxScriptManager: repack
protocols.relax.RelaxScriptManager: scale:fa_rep 0.323
protocols.relax.RelaxScriptManager: min 0.01
protocols.relax.RelaxScriptManager: coord_cst_weight 0.0
protocols.relax.RelaxScriptManager: scale:fa_rep 0.568
protocols.relax.RelaxScriptManager: repack
protocols.relax.RelaxScriptManager: scale:fa_rep 0.633
protocols.relax.RelaxScriptManager: min 0.01
protocols.relax.RelaxScriptManager: coord_cst_weight 0.0
protocols.relax.RelaxScriptManager: scale:fa_rep 1
protocols.relax.RelaxScriptManager: repack
protocols.relax.RelaxScriptManager: min 0.00001
protocols.relax.RelaxScriptManager: accept_to_best
protocols.relax.RelaxScriptManager: endrepeat
protocols.rosetta_scripts.RosettaScriptsParser: Defined mover named "mv_design" of type FastDesign
core.scoring.ScoreFunctionFactory: SCOREFUNCTION: beta_nov16.wts
core.pack.task.xml_util: Object mv_relax reading the following task_operations: Adding the following task operations
tsk_design tsk_repack tsk_nothing tsk_cat_0 
protocols.rosetta_scripts.RosettaScriptsParser: Defined mover named "mv_relax" of type FastRelax
core.import_pose.import_pose: File '/home/lmerlicek/AIzymes/design/LM_MATCH_GRID_Functions_009/MATCH/matches/UM_18_E112_69_1ohp_Rosetta_Relax_aligned_MATCH_APO_5TS_enzdes_1.pdb' automatically determined to be of type PDB
protocols.rosetta_scripts.RosettaScriptsParser: Defined mover named "mv_inter" of type InterfaceScoreCalculator
protocols.rosetta_scripts.ParsedProtocol: ParsedProtocol mover with the following settings
protocols.rosetta_scripts.ParsedProtocol: Added mover "mv_native"
protocols.rosetta_scripts.ParsedProtocol: Added mover "mv_add_cst"
protocols.rosetta_scripts.ParsedProtocol: Added mover "mv_design"
protocols.rosetta_scripts.ParsedProtocol: Added mover "mv_relax"
protocols.rosetta_scripts.ParsedProtocol: Added mover "mv_inter"
protocols.jd2.PDBJobInputter: PDBJobInputter::pose_from_job
protocols.jd2.PDBJobInputter: filling pose from saved copy /home/lmerlicek/AIzymes/design/LM_MATCH_GRID_Functions_009/MATCH/matches/UM_18_E112_69_1ohp_Rosetta_Relax_aligned_MATCH_APO_5TS_enzdes_1.pdb
protocols.rosetta_scripts.ParsedProtocol: =======================BEGIN MOVER FavorSequenceProfile - mv_native=======================
protocols.rosetta_scripts.ParsedProtocol: =======================BEGIN MOVER AddOrRemoveMatchCsts - mv_add_cst=======================
protocols.toolbox.match_enzdes_util.EnzConstraintIO: read enzyme constraints from /home/lmerlicek/AIzymes/design/Input/5TS_enzdes.cst ... done, 1 cst blocks were read.
protocols.toolbox.match_enzdes_util.EnzConstraintIO: Generating constraints for pose... 
protocols.toolbox.match_enzdes_util.EnzConstraintParameters: Constraint specified between residues 126 and 112 is ambiguous, 2 different possibilities ( 1 for 126, 2 for 112.)
protocols.toolbox.match_enzdes_util.EnzConstraintParameters: for block 1, 12 newly generated constraints were added 
protocols.toolbox.match_enzdes_util.EnzConstraintIO: checking cst data consistency for block 1...  done
protocols.toolbox.match_enzdes_util.EnzConstraintIO: Cst Block 1done... 
protocols.rosetta_scripts.ParsedProtocol: =======================BEGIN MOVER FastDesign - mv_design=======================
protocols.denovo_design.movers.FastDesign: #Packer_Task
protocols.denovo_design.movers.FastDesign: 
protocols.denovo_design.movers.FastDesign: Threads to request: ALL AVAILABLE
protocols.denovo_design.movers.FastDesign: 
protocols.denovo_design.movers.FastDesign: resid	pack?	design?	allowed_aas
protocols.denovo_design.movers.FastDesign: 1	FALSE	FALSE	
protocols.denovo_design.movers.FastDesign: 2	FALSE	FALSE	
protocols.denovo_design.movers.FastDesign: 3	FALSE	FALSE	
protocols.denovo_design.movers.FastDesign: 4	FALSE	FALSE	
protocols.denovo_design.movers.FastDesign: 5	FALSE	FALSE	
protocols.denovo_design.movers.FastDesign: 6	FALSE	FALSE	
protocols.denovo_design.movers.FastDesign: 7	TRUE	TRUE	ALA,ASP,GLU,PHE,GLY,HIS,HIS_D,ILE,LYS,LEU,MET,ASN,PRO,GLN,ARG,SER,THR,VAL,TRP,TYR
protocols.denovo_design.movers.FastDesign: 8	FALSE	FALSE	
protocols.denovo_design.movers.FastDesign: 9	FALSE	FALSE	
protocols.denovo_design.movers.FastDesign: 10	TRUE	TRUE	ALA,ASP,GLU,PHE,GLY,HIS,HIS_D,ILE,LYS,LEU,MET,ASN,PRO,GLN,ARG,SER,THR,VAL,TRP,TYR
protocols.denovo_design.movers.FastDesign: 11	TRUE	TRUE	ALA,ASP,GLU,PHE,GLY,HIS,HIS_D,ILE,LYS,LEU,MET,ASN,PRO,GLN,ARG,SER,THR,VAL,TRP,TYR
protocols.denovo_design.movers.FastDesign: 12	FALSE	FALSE	
protocols.denovo_design.movers.FastDesign: 13	FALSE	FALSE	
protocols.denovo_design.movers.FastDesign: 14	TRUE	TRUE	ALA,ASP,GLU,PHE,GLY,HIS,HIS_D,ILE,LYS,LEU,MET,ASN,PRO,GLN,ARG,SER,THR,VAL,TRP,TYR
protocols.denovo_design.movers.FastDesign: 15	TRUE	TRUE	ALA,ASP,GLU,PHE,GLY,HIS,HIS_D,ILE,LYS,LEU,MET,ASN,PRO,GLN,ARG,SER,THR,VAL,TRP,TYR
protocols.denovo_design.movers.FastDesign: 16	FALSE	FALSE	
protocols.denovo_design.movers.FastDesign: 17	FALSE	FALSE	
protocols.denovo_design.movers.FastDesign: 18	TRUE	TRUE	ALA,ASP,GLU,PHE,GLY,HIS,HIS_D,ILE,LYS,LEU,MET,ASN,PRO,GLN,ARG,SER,THR,VAL,TRP,TYR
protocols.denovo_design.movers.FastDesign: 19	FALSE	FALSE	
protocols.denovo_design.movers.FastDesign: 20	FALSE	FALSE	
protocols.denovo_design.movers.FastDesign: 21	FALSE	FALSE	
protocols.denovo_design.movers.FastDesign: 22	FALSE	FALSE	
protocols.denovo_design.movers.FastDesign: 23	FALSE	FALSE	
protocols.denovo_design.movers.FastDesign: 24	FALSE	FALSE	
protocols.denovo_design.movers.FastDesign: 25	FALSE	FALSE	
protocols.denovo_design.movers.FastDesign: 26	TRUE	TRUE	ALA,ASP,GLU,PHE,GLY,HIS,HIS_D,ILE,LYS,LEU,MET,ASN,PRO,GLN,ARG,SER,THR,VAL,TRP,TYR
protocols.denovo_design.movers.FastDesign: 27	FALSE	FALSE	
protocols.denovo_design.movers.FastDesign: 28	FALSE	FALSE	
protocols.denovo_design.movers.FastDesign: 29	TRUE	TRUE	ALA,ASP,GLU,PHE,GLY,HIS,HIS_D,ILE,LYS,LEU,MET,ASN,PRO,GLN,ARG,SER,THR,VAL,TRP,TYR
protocols.denovo_design.movers.FastDesign: 30	TRUE	TRUE	ALA,ASP,GLU,PHE,GLY,HIS,HIS_D,ILE,LYS,LEU,MET,ASN,PRO,GLN,ARG,SER,THR,VAL,TRP,TYR
protocols.denovo_design.movers.FastDesign: 31	FALSE	FALSE	
protocols.denovo_design.movers.FastDesign: 32	FALSE	FALSE	
protocols.denovo_design.movers.FastDesign: 33	FALSE	FALSE	
protocols.denovo_design.movers.FastDesign: 34	FALSE	FALSE	
protocols.denovo_design.movers.FastDesign: 35	FALSE	FALSE	
protocols.denovo_design.movers.FastDesign: 36	TRUE	FALSE	VAL
protocols.denovo_design.movers.FastDesign: 37	FALSE	FALSE	
protocols.denovo_design.movers.FastDesign: 38	TRUE	TRUE	ALA,ASP,GLU,PHE,GLY,HIS,HIS_D,ILE,LYS,LEU,MET,ASN,PRO,GLN,ARG,SER,THR,VAL,TRP,TYR
protocols.denovo_design.movers.FastDesign: 39	FALSE	FALSE	
protocols.denovo_design.movers.FastDesign: 40	FALSE	FALSE	
protocols.denovo_design.movers.FastDesign: 41	FALSE	FALSE	
protocols.denovo_design.movers.FastDesign: 42	FALSE	FALSE	
protocols.denovo_design.movers.FastDesign: 43	FALSE	FALSE	
protocols.denovo_design.movers.FastDesign: 44	FALSE	FALSE	
protocols.denovo_design.movers.FastDesign: 45	TRUE	FALSE	ARG
protocols.denovo_design.movers.FastDesign: 46	FALSE	FALSE	
protocols.denovo_design.movers.FastDesign: 47	FALSE	FALSE	
protocols.denovo_design.movers.FastDesign: 48	FALSE	FALSE	
protocols.denovo_design.movers.FastDesign: 49	FALSE	FALSE	
protocols.denovo_design.movers.FastDesign: 50	FALSE	FALSE	
protocols.denovo_design.movers.FastDesign: 51	TRUE	FALSE	ILE
protocols.denovo_design.movers.FastDesign: 52	FALSE	FALSE	
protocols.denovo_design.movers.FastDesign: 53	FALSE	FALSE	
protocols.denovo_design.movers.FastDesign: 54	TRUE	TRUE	ALA,ASP,GLU,PHE,GLY,HIS,HIS_D,ILE,LYS,LEU,MET,ASN,PRO,GLN,ARG,SER,THR,VAL,TRP,TYR
protocols.denovo_design.movers.FastDesign: 55	TRUE	TRUE	ALA,ASP,GLU,PHE,GLY,HIS,HIS_D,ILE,LYS,LEU,MET,ASN,PRO,GLN,ARG,SER,THR,VAL,TRP,TYR
protocols.denovo_design.movers.FastDesign: 56	FALSE	FALSE	
protocols.denovo_design.movers.FastDesign: 57	FALSE	FALSE	
protocols.denovo_design.movers.FastDesign: 58	TRUE	TRUE	ALA,ASP,GLU,PHE,GLY,HIS,HIS_D,ILE,LYS,LEU,MET,ASN,PRO,GLN,ARG,SER,THR,VAL,TRP,TYR
protocols.denovo_design.movers.FastDesign: 59	TRUE	TRUE	ALA,ASP,GLU,PHE,GLY,HIS,HIS_D,ILE,LYS,LEU,MET,ASN,PRO,GLN,ARG,SER,THR,VAL,TRP,TYR
protocols.denovo_design.movers.FastDesign: 60	FALSE	FALSE	
protocols.denovo_design.movers.FastDesign: 61	FALSE	FALSE	
protocols.denovo_design.movers.FastDesign: 62	FALSE	FALSE	
protocols.denovo_design.movers.FastDesign: 63	TRUE	TRUE	ALA,ASP,GLU,PHE,GLY,HIS,HIS_D,ILE,LYS,LEU,MET,ASN,PRO,GLN,ARG,SER,THR,VAL,TRP,TYR
protocols.denovo_design.movers.FastDesign: 64	FALSE	FALSE	
protocols.denovo_design.movers.FastDesign: 65	TRUE	TRUE	ALA,ASP,GLU,PHE,GLY,HIS,HIS_D,ILE,LYS,LEU,MET,ASN,PRO,GLN,ARG,SER,THR,VAL,TRP,TYR
protocols.denovo_design.movers.FastDesign: 66	FALSE	FALSE	
protocols.denovo_design.movers.FastDesign: 67	TRUE	FALSE	LEU
protocols.denovo_design.movers.FastDesign: 68	FALSE	FALSE	
protocols.denovo_design.movers.FastDesign: 69	FALSE	FALSE	
protocols.denovo_design.movers.FastDesign: 70	FALSE	FALSE	
protocols.denovo_design.movers.FastDesign: 71	TRUE	TRUE	ALA,ASP,GLU,PHE,GLY,HIS,HIS_D,ILE,LYS,LEU,MET,ASN,PRO,GLN,ARG,SER,THR,VAL,TRP,TYR
protocols.denovo_design.movers.FastDesign: 72	FALSE	FALSE	
protocols.denovo_design.movers.FastDesign: 73	TRUE	TRUE	ALA,ASP,GLU,PHE,GLY,HIS,HIS_D,ILE,LYS,LEU,MET,ASN,PRO,GLN,ARG,SER,THR,VAL,TRP,TYR
protocols.denovo_design.movers.FastDesign: 74	FALSE	FALSE	
protocols.denovo_design.movers.FastDesign: 75	FALSE	FALSE	
protocols.denovo_design.movers.FastDesign: 76	FALSE	FALSE	
protocols.denovo_design.movers.FastDesign: 77	FALSE	FALSE	
protocols.denovo_design.movers.FastDesign: 78	TRUE	TRUE	ALA,ASP,GLU,PHE,GLY,HIS,HIS_D,ILE,LYS,LEU,MET,ASN,PRO,GLN,ARG,SER,THR,VAL,TRP,TYR
protocols.denovo_design.movers.FastDesign: 79	FALSE	FALSE	
protocols.denovo_design.movers.FastDesign: 80	TRUE	TRUE	ALA,ASP,GLU,PHE,GLY,HIS,HIS_D,ILE,LYS,LEU,MET,ASN,PRO,GLN,ARG,SER,THR,VAL,TRP,TYR
protocols.denovo_design.movers.FastDesign: 81	FALSE	FALSE	
protocols.denovo_design.movers.FastDesign: 82	TRUE	TRUE	ALA,ASP,GLU,PHE,GLY,HIS,HIS_D,ILE,LYS,LEU,MET,ASN,PRO,GLN,ARG,SER,THR,VAL,TRP,TYR
protocols.denovo_design.movers.FastDesign: 83	FALSE	FALSE	
protocols.denovo_design.movers.FastDesign: 84	TRUE	TRUE	ALA,ASP,GLU,PHE,GLY,HIS,HIS_D,ILE,LYS,LEU,MET,ASN,PRO,GLN,ARG,SER,THR,VAL,TRP,TYR
protocols.denovo_design.movers.FastDesign: 85	FALSE	FALSE	
protocols.denovo_design.movers.FastDesign: 86	TRUE	TRUE	ALA,ASP,GLU,PHE,GLY,HIS,HIS_D,ILE,LYS,LEU,MET,ASN,PRO,GLN,ARG,SER,THR,VAL,TRP,TYR
protocols.denovo_design.movers.FastDesign: 87	FALSE	FALSE	
protocols.denovo_design.movers.FastDesign: 88	FALSE	FALSE	
protocols.denovo_design.movers.FastDesign: 89	FALSE	FALSE	
protocols.denovo_design.movers.FastDesign: 90	FALSE	FALSE	
protocols.denovo_design.movers.FastDesign: 91	FALSE	FALSE	
protocols.denovo_design.movers.FastDesign: 92	FALSE	FALSE	
protocols.denovo_design.movers.FastDesign: 93	TRUE	TRUE	ALA,ASP,GLU,PHE,GLY,HIS,HIS_D,ILE,LYS,LEU,MET,ASN,PRO,GLN,ARG,SER,THR,VAL,TRP,TYR
protocols.denovo_design.movers.FastDesign: 94	FALSE	FALSE	
protocols.denovo_design.movers.FastDesign: 95	TRUE	TRUE	ALA,ASP,GLU,PHE,GLY,HIS,HIS_D,ILE,LYS,LEU,MET,ASN,PRO,GLN,ARG,SER,THR,VAL,TRP,TYR
protocols.denovo_design.movers.FastDesign: 96	FALSE	FALSE	
protocols.denovo_design.movers.FastDesign: 97	TRUE	TRUE	ALA,ASP,GLU,PHE,GLY,HIS,HIS_D,ILE,LYS,LEU,MET,ASN,PRO,GLN,ARG,SER,THR,VAL,TRP,TYR
protocols.denovo_design.movers.FastDesign: 98	FALSE	FALSE	
protocols.denovo_design.movers.FastDesign: 99	TRUE	TRUE	ALA,ASP,GLU,PHE,GLY,HIS,HIS_D,ILE,LYS,LEU,MET,ASN,PRO,GLN,ARG,SER,THR,VAL,TRP,TYR
protocols.denovo_design.movers.FastDesign: 100	FALSE	FALSE	
protocols.denovo_design.movers.FastDesign: 101	TRUE	TRUE	ALA,ASP,GLU,PHE,GLY,HIS,HIS_D,ILE,LYS,LEU,MET,ASN,PRO,GLN,ARG,SER,THR,VAL,TRP,TYR
protocols.denovo_design.movers.FastDesign: 102	FALSE	FALSE	
protocols.denovo_design.movers.FastDesign: 103	TRUE	TRUE	ALA,ASP,GLU,PHE,GLY,HIS,HIS_D,ILE,LYS,LEU,MET,ASN,PRO,GLN,ARG,SER,THR,VAL,TRP,TYR
protocols.denovo_design.movers.FastDesign: 104	FALSE	FALSE	
protocols.denovo_design.movers.FastDesign: 105	FALSE	FALSE	
protocols.denovo_design.movers.FastDesign: 106	FALSE	FALSE	
protocols.denovo_design.movers.FastDesign: 107	FALSE	FALSE	
protocols.denovo_design.movers.FastDesign: 108	FALSE	FALSE	
protocols.denovo_design.movers.FastDesign: 109	TRUE	TRUE	ALA,ASP,GLU,PHE,GLY,HIS,HIS_D,ILE,LYS,LEU,MET,ASN,PRO,GLN,ARG,SER,THR,VAL,TRP,TYR
protocols.denovo_design.movers.FastDesign: 110	FALSE	FALSE	
protocols.denovo_design.movers.FastDesign: 111	FALSE	FALSE	
protocols.denovo_design.movers.FastDesign: 112	TRUE	TRUE	ASP,GLU
protocols.denovo_design.movers.FastDesign: 113	FALSE	FALSE	
protocols.denovo_design.movers.FastDesign: 114	TRUE	TRUE	ALA,ASP,GLU,PHE,GLY,HIS,HIS_D,ILE,LYS,LEU,MET,ASN,PRO,GLN,ARG,SER,THR,VAL,TRP,TYR
protocols.denovo_design.movers.FastDesign: 115	FALSE	FALSE	
protocols.denovo_design.movers.FastDesign: 116	TRUE	TRUE	ALA,ASP,GLU,PHE,GLY,HIS,HIS_D,ILE,LYS,LEU,MET,ASN,PRO,GLN,ARG,SER,THR,VAL,TRP,TYR
protocols.denovo_design.movers.FastDesign: 117	FALSE	FALSE	
protocols.denovo_design.movers.FastDesign: 118	FALSE	FALSE	
protocols.denovo_design.movers.FastDesign: 119	FALSE	FALSE	
protocols.denovo_design.movers.FastDesign: 120	FALSE	FALSE	
protocols.denovo_design.movers.FastDesign: 121	TRUE	TRUE	ALA,ASP,GLU,PHE,GLY,HIS,HIS_D,ILE,LYS,LEU,MET,ASN,PRO,GLN,ARG,SER,THR,VAL,TRP,TYR
protocols.denovo_design.movers.FastDesign: 122	FALSE	FALSE	
protocols.denovo_design.movers.FastDesign: 123	FALSE	FALSE	
protocols.denovo_design.movers.FastDesign: 124	FALSE	FALSE	
protocols.denovo_design.movers.FastDesign: 125	FALSE	FALSE	
protocols.denovo_design.movers.FastDesign: 126	FALSE	FALSE	
basic.io.database: Database file opened: scoring/score_functions/elec_cp_reps.dat
core.scoring.elec.util: Read 40 countpair representative atoms
core.pack.dunbrack.RotamerLibrary: shapovalov_lib_fixes_enable option is true.
core.pack.dunbrack.RotamerLibrary: Binary rotamer library selected: /home/bunzelh/rosetta_src_2021.16.61629_bundle/main/database/rotamer/beta_nov2016/Dunbrack10.lib.bin
core.pack.dunbrack.RotamerLibrary: Using Dunbrack library binary file '/home/bunzelh/rosetta_src_2021.16.61629_bundle/main/database/rotamer/beta_nov2016/Dunbrack10.lib.bin'.
core.pack.dunbrack.RotamerLibrary: Dunbrack 2010 library took 0.34 seconds to load from binary
protocols.relax.FastRelax: CMD: repeat  2815.8  0  0  0.55
protocols.relax.FastRelax: CMD: coord_cst_weight  2815.8  0  0  0.55
protocols.relax.FastRelax: CMD: scale:fa_rep  -339.898  0  0  0.03245
core.pack.pack_rotamers: built 12280 rotamers at 38 positions.
core.pack.interaction_graph.interaction_graph_factory: Instantiating PDInteractionGraph
protocols.relax.FastRelax: CMD: repack  -533.884  0  0  0.03245
protocols.relax.FastRelax: CMD: scale:fa_rep  -515.367  0  0  0.0506
protocols.relax.FastRelax: CMD: min  -602.684  0.603415  0.603415  0.0506
protocols.relax.FastRelax: CMD: coord_cst_weight  -602.684  0.603415  0.603415  0.0506
protocols.relax.FastRelax: CMD: scale:fa_rep  -485.325  0.603415  0.603415  0.154
core.pack.pack_rotamers: built 9524 rotamers at 38 positions.
core.pack.interaction_graph.interaction_graph_factory: Instantiating PDInteractionGraph
protocols.relax.FastRelax: CMD: repack  -492.996  0.603415  0.603415  0.154
protocols.relax.FastRelax: CMD: scale:fa_rep  -470.31  0.603415  0.603415  0.17765
protocols.relax.FastRelax: CMD: min  -522.923  0.389658  0.389658  0.17765
protocols.relax.FastRelax: CMD: coord_cst_weight  -522.923  0.389658  0.389658  0.17765
protocols.relax.FastRelax: CMD: scale:fa_rep  -468.098  0.389658  0.389658  0.3124
core.pack.pack_rotamers: built 9172 rotamers at 38 positions.
core.pack.interaction_graph.interaction_graph_factory: Instantiating PDInteractionGraph
protocols.relax.FastRelax: CMD: repack  -468.135  0.389658  0.389658  0.3124
protocols.relax.FastRelax: CMD: scale:fa_rep  -453.595  0.389658  0.389658  0.34815
protocols.relax.FastRelax: CMD: min  -483.292  0.344031  0.344031  0.34815
protocols.relax.FastRelax: CMD: coord_cst_weight  -483.292  0.344031  0.344031  0.34815
protocols.relax.FastRelax: CMD: scale:fa_rep  -438.419  0.344031  0.344031  0.55
core.pack.pack_rotamers: built 8730 rotamers at 38 positions.
core.pack.interaction_graph.interaction_graph_factory: Instantiating PDInteractionGraph
protocols.relax.FastRelax: CMD: repack  -438.482  0.344031  0.344031  0.55
core.optimization.LineMinimizer: Inaccurate G in step= 4.76837e-07 Deriv= -0.0571729 Finite Diff= 0.0226605
protocols.relax.FastRelax: CMD: min  -485.369  0.303812  0.303812  0.55
protocols.relax.FastRelax: MRP: 0  -485.369  -485.369  0.303812  0.303812  
protocols.relax.FastRelax: CMD: accept_to_best  -485.369  0.303812  0.303812  0.55
protocols.relax.FastRelax: CMD: endrepeat  -485.369  0.303812  0.303812  0.55
protocols.relax.FastRelax: CMD: coord_cst_weight  -485.369  0.303812  0.303812  0.55
protocols.relax.FastRelax: CMD: scale:fa_rep  -564.89  0.303812  0.303812  0.03245
core.pack.pack_rotamers: built 12344 rotamers at 38 positions.
core.pack.interaction_graph.interaction_graph_factory: Instantiating PDInteractionGraph
protocols.relax.FastRelax: CMD: repack  -577.119  0.303812  0.303812  0.03245
protocols.relax.FastRelax: CMD: scale:fa_rep  -565.614  0.303812  0.303812  0.0506
protocols.relax.FastRelax: CMD: min  -643.808  0.717394  0.717394  0.0506
protocols.relax.FastRelax: CMD: coord_cst_weight  -643.808  0.717394  0.717394  0.0506
protocols.relax.FastRelax: CMD: scale:fa_rep  -541.354  0.717394  0.717394  0.154
core.pack.pack_rotamers: built 9485 rotamers at 38 positions.
core.pack.interaction_graph.interaction_graph_factory: Instantiating PDInteractionGraph
protocols.relax.FastRelax: CMD: repack  -541.989  0.717394  0.717394  0.154
protocols.relax.FastRelax: CMD: scale:fa_rep  -519.197  0.717394  0.717394  0.17765
protocols.relax.FastRelax: CMD: min  -568.3  0.559407  0.559407  0.17765
protocols.relax.FastRelax: CMD: coord_cst_weight  -568.3  0.559407  0.559407  0.17765
protocols.relax.FastRelax: CMD: scale:fa_rep  -514.235  0.559407  0.559407  0.3124
core.pack.pack_rotamers: built 9223 rotamers at 38 positions.
core.pack.interaction_graph.interaction_graph_factory: Instantiating PDInteractionGraph
protocols.relax.FastRelax: CMD: repack  -514.253  0.559407  0.559407  0.3124
protocols.relax.FastRelax: CMD: scale:fa_rep  -499.907  0.559407  0.559407  0.34815
protocols.relax.FastRelax: CMD: min  -524.357  0.45609  0.45609  0.34815
protocols.relax.FastRelax: CMD: coord_cst_weight  -524.357  0.45609  0.45609  0.34815
protocols.relax.FastRelax: CMD: scale:fa_rep  -477.601  0.45609  0.45609  0.55
core.pack.pack_rotamers: built 8869 rotamers at 38 positions.
core.pack.interaction_graph.interaction_graph_factory: Instantiating PDInteractionGraph
protocols.relax.FastRelax: CMD: repack  -477.626  0.45609  0.45609  0.55
protocols.relax.FastRelax: CMD: min  -492.167  0.362515  0.362515  0.55
protocols.relax.FastRelax: MRP: 1  -492.167  -492.167  0.362515  0.362515  
protocols.relax.FastRelax: CMD: accept_to_best  -492.167  0.362515  0.362515  0.55
protocols.relax.FastRelax: CMD: endrepeat  -492.167  0.362515  0.362515  0.55
protocols.relax.FastRelax: CMD: coord_cst_weight  -492.167  0.362515  0.362515  0.55
protocols.relax.FastRelax: CMD: scale:fa_rep  -574.438  0.362515  0.362515  0.03245
core.pack.pack_rotamers: built 12427 rotamers at 38 positions.
core.pack.interaction_graph.interaction_graph_factory: Instantiating PDInteractionGraph
protocols.relax.FastRelax: CMD: repack  -578.179  0.362515  0.362515  0.03245
protocols.relax.FastRelax: CMD: scale:fa_rep  -569.348  0.362515  0.362515  0.0506
protocols.relax.FastRelax: CMD: min  -647.361  0.744985  0.744985  0.0506
protocols.relax.FastRelax: CMD: coord_cst_weight  -647.361  0.744985  0.744985  0.0506
protocols.relax.FastRelax: CMD: scale:fa_rep  -542.468  0.744985  0.744985  0.154
core.pack.pack_rotamers: built 9617 rotamers at 38 positions.
core.pack.interaction_graph.interaction_graph_factory: Instantiating PDInteractionGraph
protocols.relax.FastRelax: CMD: repack  -544.768  0.744985  0.744985  0.154
protocols.relax.FastRelax: CMD: scale:fa_rep  -523.141  0.744985  0.744985  0.17765
protocols.relax.FastRelax: CMD: min  -572.172  0.576459  0.576459  0.17765
protocols.relax.FastRelax: CMD: coord_cst_weight  -572.172  0.576459  0.576459  0.17765
protocols.relax.FastRelax: CMD: scale:fa_rep  -519.273  0.576459  0.576459  0.3124
core.pack.pack_rotamers: built 9123 rotamers at 38 positions.
core.pack.interaction_graph.interaction_graph_factory: Instantiating PDInteractionGraph
protocols.relax.FastRelax: CMD: repack  -519.286  0.576459  0.576459  0.3124
protocols.relax.FastRelax: CMD: scale:fa_rep  -505.253  0.576459  0.576459  0.34815
protocols.relax.FastRelax: CMD: min  -524.062  0.513605  0.513605  0.34815
protocols.relax.FastRelax: CMD: coord_cst_weight  -524.062  0.513605  0.513605  0.34815
protocols.relax.FastRelax: CMD: scale:fa_rep  -475.237  0.513605  0.513605  0.55
core.pack.pack_rotamers: built 8831 rotamers at 38 positions.
core.pack.interaction_graph.interaction_graph_factory: Instantiating PDInteractionGraph
protocols.relax.FastRelax: CMD: repack  -475.237  0.513605  0.513605  0.55
protocols.relax.FastRelax: CMD: min  -491.675  0.420905  0.420905  0.55
protocols.relax.FastRelax: MRP: 2  -491.675  -492.167  0.362515  0.362515  
protocols.relax.FastRelax: CMD: accept_to_best  -491.675  0.420905  0.420905  0.55
protocols.relax.FastRelax: CMD: endrepeat  -491.675  0.420905  0.420905  0.55
protocols::checkpoint: Deleting checkpoints of FastRelax
protocols.denovo_design.movers.FastDesign: 
------------------------------------------------------------
 Scores                       Weight   Raw Score Wghtd.Score
------------------------------------------------------------
 fa_atr                       1.000    -697.601    -697.601
 fa_rep                       0.550     158.962      87.429
 fa_sol                       1.000     426.586     426.586
 fa_intra_atr_xover4          1.000     -41.402     -41.402
 fa_intra_rep_xover4          0.550      34.858      19.172
 fa_intra_sol_xover4          1.000      28.261      28.261
 lk_ball                      0.920     287.109     264.140
 lk_ball_iso                 -0.380     707.061    -268.683
 lk_ball_bridge              -0.330       2.710      -0.894
 lk_ball_bridge_uncpl        -0.330      17.564      -5.796
 fa_elec                      1.000    -230.098    -230.098
 fa_intra_elec                1.000     -32.398     -32.398
 pro_close                    1.250       0.493       0.617
 hbond_sr_bb                  1.000     -45.169     -45.169
 hbond_lr_bb                  1.000     -54.045     -54.045
 hbond_bb_sc                  1.000     -18.486     -18.486
 hbond_sc                     1.000      -9.164      -9.164
 dslf_fa13                    1.250       0.000       0.000
 atom_pair_constraint         4.000       0.000       0.000
 angle_constraint             2.000       0.018       0.036
 dihedral_constraint          1.000       0.003       0.003
 omega                        0.480      19.057       9.147
 fa_dun_dev                   0.690      18.042      12.449
 fa_dun_rot                   0.760      66.749      50.729
 fa_dun_semi                  0.780     126.320      98.530
 p_aa_pp                      0.610     -53.239     -32.476
 hxl_tors                     1.000      21.779      21.779
 ref                          1.000      26.673      26.673
 rama_prepro                  0.500      18.986       9.493
 res_type_constraint          1.000    -111.000    -111.000
---------------------------------------------------
 Total weighted score:                     -492.167
protocols.rosetta_scripts.ParsedProtocol: =======================BEGIN MOVER FastRelax - mv_relax=======================
protocols.relax.FastRelax: CMD: repeat  -381.206  0.362515  0  0.55
protocols.relax.FastRelax: CMD: coord_cst_weight  -381.206  0.362515  0  0.55
protocols.relax.FastRelax: CMD: scale:fa_rep  -465.138  0.362515  0  0.022
core.pack.pack_rotamers: built 304 rotamers at 38 positions.
core.pack.interaction_graph.interaction_graph_factory: Instantiating DensePDInteractionGraph
protocols.relax.FastRelax: CMD: repack  -468.137  0.362515  0  0.022
protocols.relax.FastRelax: CMD: scale:fa_rep  -466.029  0.362515  0  0.02805
protocols.relax.FastRelax: CMD: min  -567.071  0.934668  0.894635  0.02805
protocols.relax.FastRelax: CMD: coord_cst_weight  -567.071  0.934668  0.894635  0.02805
protocols.relax.FastRelax: CMD: scale:fa_rep  -358.836  0.934668  0.894635  0.14575
core.pack.pack_rotamers: built 241 rotamers at 38 positions.
core.pack.interaction_graph.interaction_graph_factory: Instantiating DensePDInteractionGraph
protocols.relax.FastRelax: CMD: repack  -363.845  0.934668  0.894635  0.14575
protocols.relax.FastRelax: CMD: scale:fa_rep  -349.927  0.934668  0.894635  0.154
protocols.relax.FastRelax: CMD: min  -473.723  0.583144  0.452258  0.154
protocols.relax.FastRelax: CMD: coord_cst_weight  -473.723  0.583144  0.452258  0.154
protocols.relax.FastRelax: CMD: scale:fa_rep  -408.738  0.583144  0.452258  0.30745
core.pack.pack_rotamers: built 233 rotamers at 38 positions.
core.pack.interaction_graph.interaction_graph_factory: Instantiating DensePDInteractionGraph
protocols.relax.FastRelax: CMD: repack  -408.738  0.583144  0.452258  0.30745
protocols.relax.FastRelax: CMD: scale:fa_rep  -403.614  0.583144  0.452258  0.31955
protocols.relax.FastRelax: CMD: min  -417.781  0.526605  0.320958  0.31955
protocols.relax.FastRelax: CMD: coord_cst_weight  -417.781  0.526605  0.320958  0.31955
protocols.relax.FastRelax: CMD: scale:fa_rep  -354.352  0.526605  0.320958  0.55
core.pack.pack_rotamers: built 223 rotamers at 38 positions.
core.pack.interaction_graph.interaction_graph_factory: Instantiating DensePDInteractionGraph
protocols.relax.FastRelax: CMD: repack  -354.406  0.526605  0.320958  0.55
protocols.relax.FastRelax: CMD: min  -385.039  0.440497  0.152056  0.55
protocols.relax.FastRelax: MRP: 0  -385.039  -385.039  0.440497  0.152056  
protocols.relax.FastRelax: CMD: accept_to_best  -385.039  0.440497  0.152056  0.55
protocols.relax.FastRelax: CMD: endrepeat  -385.039  0.440497  0.152056  0.55
protocols::checkpoint: Deleting checkpoints of FastRelax
protocols.rosetta_scripts.ParsedProtocol: =======================BEGIN MOVER InterfaceScoreCalculator - mv_inter=======================
protocols.moves.RigidBodyMover: Translate: Jump (before): RT -0.485697 0.59951 -0.636149 0.254402 0.793198 0.553278 0.836288 0.106888 -0.53777 17.7385 -7.16479 4.81589  
protocols.moves.RigidBodyMover: Translate: Jump (after):  RT -0.485697 0.59951 -0.636149 0.254402 0.793198 0.553278 0.836288 0.106888 -0.53777 17.2647 -7.84809 5.37148  
protocols.moves.RigidBodyMover: Translate: Jump (before): RT -0.485697 0.59951 -0.636149 0.254402 0.793198 0.553278 0.836288 0.106888 -0.53777 17.2647 -7.84809 5.37148  
protocols.moves.RigidBodyMover: Translate: Jump (after):  RT -0.485697 0.59951 -0.636149 0.254402 0.793198 0.553278 0.836288 0.106888 -0.53777 254.135 333.801 -272.421  
protocols.rosetta_scripts.ParsedProtocol: setting status to success
protocols.jd2.JobDistributor: UM_18_E112_69_1ohp_Rosetta_Relax_aligned_MATCH_APO_5TS_enzdes_1_0001 reported success in 1417 seconds
protocols.jd2.JobDistributor: no more batches to process... 
protocols.jd2.JobDistributor: 1 jobs considered, 1 jobs attempted in 1417 seconds
basic.citation_manager.CitationManager: 
The following Rosetta modules were used during this run of Rosetta, and should be cited:

rosetta_scripts Application's citation(s):
Fleishman SJ, Leaver-Fay A, Corn JE, Strauch E-M, Khare SD, Koga N, Ashworth J, Murphy P, Richter F, Lemmon G, Meiler J, and Baker D.  (2011).  RosettaScripts: A Scripting Language Interface to the Rosetta Macromolecular Modeling Suite.  PLoS ONE 6(6):e20161.  doi: 10.1371/journal.pone.0020161.

FastDesign Mover's citation(s):
*Bhardwaj G, *Mulligan VK, *Bahl G, Gilmore JM, Harvey PJ, Cheneval O, Buchko GW, Pulavarti SVSRK, Kaas Q, Eletsky A, Huang P-S, Johnsen PS, Greisen P Jr., Rocklin GJ, Song Y, Linsky TW, Watkins A, Rettie SA, Xu X, Carter LP, Bonneau R, Olson JM, Coutsias E, Correnti CE, Szyperski T, Craik DJ, and Baker D.  (2016).  Accurate de novo design of hyperstable constrained peptides.  Nature 538(7625):329-35.  doi: 10.1038/nature19791.  (*Co-primary authors.)

Maguire JB, Haddox HK, Strickland D, Halabiya SF, Coventry B, Griffin JR, Pulavarti SVSRK, Cummins M, Thieker DF, Klavins E, Szyperski T, DiMaio F, Baker D, and Kuhlman B.  (2020).  Perturbing the energy landscape for improved packing during computational protein design..  Proteins "in press".  doi: 10.1002/prot.26030.

FastRelax Mover's citation(s):
Khatib F, Cooper S, Tyka MD, Xu K, Makedon I, Popovic Z, Baker D, and Players F.  (2011).  Algorithm discovery by protein folding game players.  Proc Natl Acad Sci USA 108(47):18949-53.  doi: 10.1073/pnas.1115898108.

Maguire JB, Haddox HK, Strickland D, Halabiya SF, Coventry B, Griffin JR, Pulavarti SVSRK, Cummins M, Thieker DF, Klavins E, Szyperski T, DiMaio F, Baker D, and Kuhlman B.  (2020).  Perturbing the energy landscape for improved packing during computational protein design..  Proteins "in press".  doi: 10.1002/prot.26030.

InterfaceScoreCalculator Mover's citation(s):
Lemmon G, and Meiler J.  (2012).  Rosetta Ligand docking with flexible XML protocols.  Methods Mol Biol 819:143-55.  doi: 10.1007/978-1-61779-465-0_10.


