
CPPTRAJ: Trajectory Analysis. V4.14.0 (AmberTools V19.10)
    ___  ___  ___  ___
     | \/ | \/ | \/ | 
    _|_/\_|_/\_|_/\_|_

| Date/time: 10/19/24 11:30:26
| Available memory: 29.672 GB

INPUT: Reading input from '/home/bunzelh/AIzymes/design/VD/241016_VD_KSI_pos_control/5/RosettaRelax/1ohp_5_CPPTraj_new_bb.in'
  [parm /home/bunzelh/AIzymes/design/VD/241016_VD_KSI_pos_control/5/1ohp_ESMfold_5.pdb]
	Reading '/home/bunzelh/AIzymes/design/VD/241016_VD_KSI_pos_control/5/1ohp_ESMfold_5.pdb' as PDB File
	Reading bond info from CONECT records.
	Not reading bond info from LINK records.
	Determining bond info from distances.
Warning: 1ohp_ESMfold_5.pdb: Determining default bond distances from element types.
  [trajin /home/bunzelh/AIzymes/design/VD/241016_VD_KSI_pos_control/5/1ohp_ESMfold_5.pdb]
	Reading '/home/bunzelh/AIzymes/design/VD/241016_VD_KSI_pos_control/5/1ohp_ESMfold_5.pdb' as PDB
  [strip !@C,N,O,CA]
    STRIP: Stripping atoms in mask [!@C,N,O,CA]
  [trajout /home/bunzelh/AIzymes/design/VD/241016_VD_KSI_pos_control/5/RosettaRelax/1ohp_5_new_bb.pdb]
	Writing '/home/bunzelh/AIzymes/design/VD/241016_VD_KSI_pos_control/5/RosettaRelax/1ohp_5_new_bb.pdb' as PDB
---------- RUN BEGIN -------------------------------------------------

PARAMETER FILES (1 total):
 0: 1ohp_ESMfold_5.pdb, 960 atoms, 125 res, box: None, 1 mol

INPUT TRAJECTORIES (1 total):
 0: '1ohp_ESMfold_5.pdb' is a PDB file, Parm 1ohp_ESMfold_5.pdb (reading 1 of 1)
  Coordinate processing will occur on 1 frames.

OUTPUT TRAJECTORIES (1 total):
  '1ohp_5_new_bb.pdb' (1 frames) is a PDB file

BEGIN TRAJECTORY PROCESSING:
.....................................................
ACTION SETUP FOR PARM '1ohp_ESMfold_5.pdb' (1 actions):
  0: [strip !@C,N,O,CA]
	Stripping 460 atoms.
	Stripped topology: 500 atoms, 125 res, box: None, 1 mol
.....................................................
ACTIVE OUTPUT TRAJECTORIES (1):
  /home/bunzelh/AIzymes/design/VD/241016_VD_KSI_pos_control/5/RosettaRelax/1ohp_5_new_bb.pdb (coordinates)
----- 1ohp_ESMfold_5.pdb (1-1, 1) -----
100% Complete.

Read 1 frames and processed 1 frames.
TIME: Avg. throughput= 169.4054 frames / second.

ACTION OUTPUT:
TIME: Analyses took 0.0000 seconds.

RUN TIMING:
TIME:		Init               : 0.0000 s (  0.10%)
TIME:		Trajectory Process : 0.0059 s ( 47.37%)
TIME:		Action Post        : 0.0000 s (  0.01%)
TIME:		Analysis           : 0.0000 s (  0.00%)
TIME:		Data File Write    : 0.0000 s (  0.00%)
TIME:		Other              : 0.0065 s (  0.53%)
TIME:	Run Total 0.0125 s
---------- RUN END ---------------------------------------------------
TIME: Total execution time: 0.0557 seconds.
--------------------------------------------------------------------------------
To cite CPPTRAJ use:
Daniel R. Roe and Thomas E. Cheatham, III, "PTRAJ and CPPTRAJ: Software for
  Processing and Analysis of Molecular Dynamics Trajectory Data". J. Chem.
  Theory Comput., 2013, 9 (7), pp 3084-3095.

