/home/bunzelh/AIzymes/design/VD/241016_VD_KSI_pos/69
core.init: Checking for fconfig files in pwd and ./rosetta/flags 
core.init: Rosetta version: rosetta.source.release-280 r280 2021.16+release.8ee4f02 8ee4f02ac5768a8a339ffada74cb0ff5f778b3e6 https://www.rosettacommons.org 2021-04-20T20:57:38.289184
core.init: command: /home/bunzelh/rosetta_src_2021.16.61629_bundle/main/source//bin/rosetta_scripts.linuxgccrelease -s /home/bunzelh/AIzymes/design/VD/241016_VD_KSI_pos/11/1ohp_RosettaRelax_11.pdb -in:file:native /home/bunzelh/AIzymes/design/VD/241016_VD_KSI_pos/11/1ohp_RosettaRelax_11.pdb -run:preserve_header true -extra_res_fa /home/bunzelh/AIzymes/design/VD/Input/5TS.params -enzdes:cstfile /home/bunzelh/AIzymes/design/VD/Input/5TS_enzdes_planar_tAB100.cst -enzdes:cst_opt true -parser:protocol /home/bunzelh/AIzymes/design/VD/241016_VD_KSI_pos/69/scripts/RosettaDesign_69.xml -out:file:scorefile /home/bunzelh/AIzymes/design/VD/241016_VD_KSI_pos/69/score_RosettaDesign.sc -nstruct 1 -ignore_zero_occupancy false -corrections::beta_nov16 true -overwrite -ex1 -ex2
basic.random.init_random_generator: 'RNG device' seed mode, using '/dev/urandom', seed=-535646551 seed_offset=0 real_seed=-535646551
basic.random.init_random_generator: RandomGenerator:init: Normal mode, seed=-535646551 RG_type=mt19937
core.init: Resolved executable path: /home/bunzelh/rosetta_src_2021.16.61629_bundle/main/source/build/src/release/linux/3.10/64/x86/gcc/4.8/default/rosetta_scripts.default.linuxgccrelease
core.init: Looking for database based on location of executable: /home/bunzelh/rosetta_src_2021.16.61629_bundle/main/database/
protocols.jd2.PDBJobInputter: Instantiate PDBJobInputter
protocols.jd2.PDBJobInputter: PDBJobInputter::fill_jobs
protocols.jd2.PDBJobInputter: pushed /home/bunzelh/AIzymes/design/VD/241016_VD_KSI_pos/11/1ohp_RosettaRelax_11.pdb nstruct index 1
core.chemical.GlobalResidueTypeSet: Finished initializing fa_standard residue type set.  Created 985 residue types
core.chemical.GlobalResidueTypeSet: Total time to initialize 2.15 seconds.
core.import_pose.import_pose: File '/home/bunzelh/AIzymes/design/VD/241016_VD_KSI_pos/11/1ohp_RosettaRelax_11.pdb' automatically determined to be of type PDB
protocols.evaluation.ChiWellRmsdEvaluatorCreator: Evaluation Creator active ... 
protocols.jd2.PDBJobInputter: PDBJobInputter::pose_from_job
protocols.jd2.PDBJobInputter: filling pose from PDB /home/bunzelh/AIzymes/design/VD/241016_VD_KSI_pos/11/1ohp_RosettaRelax_11.pdb
core.import_pose.import_pose: File '/home/bunzelh/AIzymes/design/VD/241016_VD_KSI_pos/11/1ohp_RosettaRelax_11.pdb' automatically determined to be of type PDB
protocols.rosetta_scripts.RosettaScriptsParser: dock_design_filename=/home/bunzelh/AIzymes/design/VD/241016_VD_KSI_pos/69/scripts/RosettaDesign_69.xml
protocols.rosetta_scripts.RosettaScriptsParser: Generating XML Schema for rosetta_scripts...
protocols.rosetta_scripts.RosettaScriptsParser: ...done
protocols.rosetta_scripts.RosettaScriptsParser: Initializing schema validator...
protocols.rosetta_scripts.RosettaScriptsParser: ...done
protocols.rosetta_scripts.RosettaScriptsParser: Validating input script...
protocols.rosetta_scripts.RosettaScriptsParser: ...done
protocols.rosetta_scripts.RosettaScriptsParser: Parsed script:
<ROSETTASCRIPTS>
	<SCOREFXNS>
		<ScoreFunction name="score" weights="beta_nov16">
			<Reweight scoretype="atom_pair_constraint" weight="1"/>
			<Reweight scoretype="angle_constraint" weight="1"/>
			<Reweight scoretype="dihedral_constraint" weight="1"/>
			<Reweight scoretype="res_type_constraint" weight="1"/>
		</ScoreFunction>
		<ScoreFunction name="score_unconst" weights="beta_nov16">
			<Reweight scoretype="atom_pair_constraint" weight="0"/>
			<Reweight scoretype="dihedral_constraint" weight="0"/>
			<Reweight scoretype="angle_constraint" weight="0"/>
		</ScoreFunction>
		<ScoreFunction name="score_final" weights="beta_nov16">
			<Reweight scoretype="atom_pair_constraint" weight="1"/>
			<Reweight scoretype="angle_constraint" weight="1"/>
			<Reweight scoretype="dihedral_constraint" weight="1"/>
		</ScoreFunction>
	</SCOREFXNS>
	<RESIDUE_SELECTORS>
		<Index name="sel_design" resnums="7,10,11,14,15,18,26,29,30,38,54,55,58,59,63,65,71,73,78,80,82,84,86,93,95,97,99,101,103,109,112,114,116,121"/>
		<Index name="sel_cat_0" resnums="99"/>
		<Not name="sel_nothing" selector="sel_design"/>
	</RESIDUE_SELECTORS>
	<TASKOPERATIONS>
		<OperateOnResidueSubset name="tsk_design" selector="sel_design">
			<RestrictAbsentCanonicalAASRLT aas="GPAVLIMFYWHKRQNEDST"/>
		</OperateOnResidueSubset>
		<OperateOnResidueSubset name="tsk_cat_0" selector="sel_cat_0">
			<RestrictAbsentCanonicalAASRLT aas="DE"/>
		</OperateOnResidueSubset>
		<OperateOnResidueSubset name="tsk_nothing" selector="sel_nothing">
			<PreventRepackingRLT/>
		</OperateOnResidueSubset>
	</TASKOPERATIONS>
	<FILTERS>
		<HbondsToResidue backbone="true" confidence="0" from_other_chains="true" from_same_chain="false" name="flt_hbonds" partners="1" residue="1X" scorefxn="score" sidechain="true"/>
	</FILTERS>
	<MOVERS>
		<FavorSequenceProfile matrix="IDENTITY" name="mv_native" scorefxns="score" use_native="true" weight="1.0"/>
		<EnzRepackMinimize cst_opt="true" name="mv_cst_opt" scorefxn_minimize="score_final" scorefxn_repack="score" task_operations="tsk_design,tsk_nothing,tsk_cat_0"/>
		<AddOrRemoveMatchCsts cst_instruction="add_new" cstfile="/home/bunzelh/AIzymes/design/VD/Input/5TS_enzdes_planar_tAB100.cst" name="mv_add_cst"/>
		<FastDesign disable_design="false" name="mv_design" ramp_down_constraints="false" repeats="3" scorefxn="score" task_operations="tsk_design,tsk_nothing,tsk_cat_0"/>
		<FastDesign disable_design="false" name="mv_design_no_native" ramp_down_constraints="false" repeats="1" scorefxn="score" task_operations="tsk_design,tsk_nothing,tsk_cat_0"/>
		<FastRelax disable_design="true" name="mv_relax" ramp_down_constraints="false" repeats="1" scorefxn="score_unconst" task_operations="tsk_design,tsk_nothing,tsk_cat_0"/>
		<InterfaceScoreCalculator chains="X" name="mv_inter" scorefxn="score_final"/>
	</MOVERS>
	<PROTOCOLS>
		<Add mover_name="mv_add_cst"/>
		<Add mover_name="mv_cst_opt"/>
		<Add mover_name="mv_native"/>
		<Add mover_name="mv_design"/>
		<Add mover_name="mv_relax"/>
		<Add mover_name="mv_inter"/>
	</PROTOCOLS>
</ROSETTASCRIPTS>
protocols.rosetta_scripts.RosettaScriptsParser: Loading native resource as native_pose to the datamap 
core.import_pose.import_pose: File '/home/bunzelh/AIzymes/design/VD/241016_VD_KSI_pos/11/1ohp_RosettaRelax_11.pdb' automatically determined to be of type PDB
core.scoring.ScoreFunctionFactory: SCOREFUNCTION: beta_nov16.wts
core.scoring.etable: Starting energy table calculation
core.scoring.etable: smooth_etable: changing atr/rep split to bottom of energy well
core.scoring.etable: smooth_etable: spline smoothing lj etables (maxdis = 6)
core.scoring.etable: smooth_etable: spline smoothing solvation etables (max_dis = 6)
core.scoring.etable: Finished calculating energy tables.
basic.io.database: Database file opened: scoring/score_functions/hbonds/ref2015_params/HBPoly1D.csv
basic.io.database: Database file opened: scoring/score_functions/hbonds/ref2015_params/HBFadeIntervals.csv
basic.io.database: Database file opened: scoring/score_functions/hbonds/ref2015_params/HBEval.csv
basic.io.database: Database file opened: scoring/score_functions/hbonds/ref2015_params/DonStrength.csv
basic.io.database: Database file opened: scoring/score_functions/hbonds/ref2015_params/AccStrength.csv
basic.io.database: Database file opened: scoring/score_functions/rama/fd_beta_nov2016/all.ramaProb
basic.io.database: Database file opened: scoring/score_functions/rama/fd_beta_nov2016/prepro.ramaProb
basic.io.database: Database file opened: scoring/score_functions/omega/omega_ppdep.all.txt
basic.io.database: Database file opened: scoring/score_functions/omega/omega_ppdep.gly.txt
basic.io.database: Database file opened: scoring/score_functions/omega/omega_ppdep.pro.txt
basic.io.database: Database file opened: scoring/score_functions/omega/omega_ppdep.valile.txt
basic.io.database: Database file opened: scoring/score_functions/P_AA_pp/P_AA
basic.io.database: Database file opened: scoring/score_functions/P_AA_pp/P_AA_n
core.scoring.P_AA: shapovalov_lib::shap_p_aa_pp_smooth_level of 1( aka low_smooth ) got activated.
basic.io.database: Database file opened: scoring/score_functions/P_AA_pp/shapovalov/10deg/kappa131/a20.prop
basic.io.database: Database file opened: scoring/score_functions/bondlength_bondangle/hydroxyl_torsion_preference.txt
core.scoring.etable: Starting energy table calculation
core.scoring.etable: smooth_etable: changing atr/rep split to bottom of energy well
core.scoring.etable: smooth_etable: spline smoothing lj etables (maxdis = 6)
core.scoring.etable: smooth_etable: spline smoothing solvation etables (max_dis = 6)
core.scoring.etable: Finished calculating energy tables.
basic.io.database: Database file opened: scoring/score_functions/PairEPotential/pdb_pair_stats_fine
basic.io.database: Database file opened: scoring/score_functions/InterchainPotential/interchain_env_log.txt
basic.io.database: Database file opened: scoring/score_functions/InterchainPotential/interchain_pair_log.txt
basic.io.database: Database file opened: scoring/score_functions/EnvPairPotential/env_log.txt
basic.io.database: Database file opened: scoring/score_functions/EnvPairPotential/cbeta_den.txt
basic.io.database: Database file opened: scoring/score_functions/EnvPairPotential/pair_log.txt
basic.io.database: Database file opened: scoring/score_functions/EnvPairPotential/cenpack_log.txt
core.scoring.ramachandran: shapovalov_lib::shap_rama_smooth_level of 4( aka highest_smooth ) got activated.
basic.io.database: Database file opened: scoring/score_functions/rama/shapovalov/kappa25/all.ramaProb
protocols.jd2.parser.ScoreFunctionLoader: defined score function "score" with weights "beta_nov16"
protocols.jd2.parser.ScoreFunctionLoader:  setting score weight atom_pair_constraint to 1
protocols.jd2.parser.ScoreFunctionLoader:  setting score weight angle_constraint to 1
protocols.jd2.parser.ScoreFunctionLoader:  setting score weight dihedral_constraint to 1
protocols.jd2.parser.ScoreFunctionLoader:  setting score weight res_type_constraint to 1
protocols.jd2.parser.ScoreFunctionLoader: defined score function "score_unconst" with weights "beta_nov16"
protocols.jd2.parser.ScoreFunctionLoader:  setting score_unconst weight atom_pair_constraint to 0
protocols.jd2.parser.ScoreFunctionLoader:  setting score_unconst weight dihedral_constraint to 0
protocols.jd2.parser.ScoreFunctionLoader:  setting score_unconst weight angle_constraint to 0
protocols.jd2.parser.ScoreFunctionLoader: defined score function "score_final" with weights "beta_nov16"
protocols.jd2.parser.ScoreFunctionLoader:  setting score_final weight atom_pair_constraint to 1
protocols.jd2.parser.ScoreFunctionLoader:  setting score_final weight angle_constraint to 1
protocols.jd2.parser.ScoreFunctionLoader:  setting score_final weight dihedral_constraint to 1
protocols.jd2.parser.TaskOperationLoader: Defined TaskOperation named "tsk_design" of type OperateOnResidueSubset
protocols.jd2.parser.TaskOperationLoader: Defined TaskOperation named "tsk_cat_0" of type OperateOnResidueSubset
protocols.jd2.parser.TaskOperationLoader: Defined TaskOperation named "tsk_nothing" of type OperateOnResidueSubset
protocols.protein_interface_design.filters.HbondsToResidueFilter: Hbonds to residue filter for resnum 1X with 1 hbonding partners as the cutoff threshold.
protocols.protein_interface_design.filters.HbondsToResidueFilter: Hbonds to other chains, but not to the same chain, will be considered.
protocols.rosetta_scripts.RosettaScriptsParser: Defined filter named "flt_hbonds" of type HbondsToResidue
core.import_pose.import_pose: File '/home/bunzelh/AIzymes/design/VD/241016_VD_KSI_pos/11/1ohp_RosettaRelax_11.pdb' automatically determined to be of type PDB
protocols.rosetta_scripts.RosettaScriptsParser: Defined mover named "mv_native" of type FavorSequenceProfile
core.pack.task.xml_util: Object mv_cst_opt reading the following task_operations: Adding the following task operations
tsk_design tsk_nothing tsk_cat_0 
protocols.enzdes.EnzRepackMinimize: design=0, with repack scorefxn score and minimize scorefxn score_final
protocols.rosetta_scripts.RosettaScriptsParser: Defined mover named "mv_cst_opt" of type EnzRepackMinimize
protocols.rosetta_scripts.RosettaScriptsParser: Defined mover named "mv_add_cst" of type AddOrRemoveMatchCsts
protocols.relax.RelaxScriptManager: Reading relax scripts list from database.
core.scoring.ScoreFunctionFactory: SCOREFUNCTION: beta_nov16.wts
protocols.relax.RelaxScriptManager: Looking for MonomerRelax2019.txt
protocols.relax.RelaxScriptManager: ================== Reading script file: /home/bunzelh/rosetta_src_2021.16.61629_bundle/main/database/sampling/relax_scripts/MonomerRelax2019.txt ==================
protocols.relax.RelaxScriptManager: repeat %%nrepeats%%
protocols.relax.RelaxScriptManager: coord_cst_weight 1.0
protocols.relax.RelaxScriptManager: scale:fa_rep 0.040
protocols.relax.RelaxScriptManager: repack
protocols.relax.RelaxScriptManager: scale:fa_rep 0.051
protocols.relax.RelaxScriptManager: min 0.01
protocols.relax.RelaxScriptManager: coord_cst_weight 0.5
protocols.relax.RelaxScriptManager: scale:fa_rep 0.265
protocols.relax.RelaxScriptManager: repack
protocols.relax.RelaxScriptManager: scale:fa_rep 0.280
protocols.relax.RelaxScriptManager: min 0.01
protocols.relax.RelaxScriptManager: coord_cst_weight 0.0
protocols.relax.RelaxScriptManager: scale:fa_rep 0.559
protocols.relax.RelaxScriptManager: repack
protocols.relax.RelaxScriptManager: scale:fa_rep 0.581
protocols.relax.RelaxScriptManager: min 0.01
protocols.relax.RelaxScriptManager: coord_cst_weight 0.0
protocols.relax.RelaxScriptManager: scale:fa_rep 1
protocols.relax.RelaxScriptManager: repack
protocols.relax.RelaxScriptManager: min 0.00001
protocols.relax.RelaxScriptManager: accept_to_best
protocols.relax.RelaxScriptManager: endrepeat
core.pack.task.xml_util: Object mv_design reading the following task_operations: Adding the following task operations
tsk_design tsk_nothing tsk_cat_0 
protocols.relax.RelaxScriptManager: Looking for MonomerDesign2019.txt
protocols.relax.RelaxScriptManager: ================== Reading script file: /home/bunzelh/rosetta_src_2021.16.61629_bundle/main/database/sampling/relax_scripts/MonomerDesign2019.txt ==================
protocols.relax.RelaxScriptManager: repeat %%nrepeats%%
protocols.relax.RelaxScriptManager: coord_cst_weight 1.0
protocols.relax.RelaxScriptManager: scale:fa_rep 0.059
protocols.relax.RelaxScriptManager: repack
protocols.relax.RelaxScriptManager: scale:fa_rep 0.092
protocols.relax.RelaxScriptManager: min 0.01
protocols.relax.RelaxScriptManager: coord_cst_weight 0.5
protocols.relax.RelaxScriptManager: scale:fa_rep 0.280
protocols.relax.RelaxScriptManager: repack
protocols.relax.RelaxScriptManager: scale:fa_rep 0.323
protocols.relax.RelaxScriptManager: min 0.01
protocols.relax.RelaxScriptManager: coord_cst_weight 0.0
protocols.relax.RelaxScriptManager: scale:fa_rep 0.568
protocols.relax.RelaxScriptManager: repack
protocols.relax.RelaxScriptManager: scale:fa_rep 0.633
protocols.relax.RelaxScriptManager: min 0.01
protocols.relax.RelaxScriptManager: coord_cst_weight 0.0
protocols.relax.RelaxScriptManager: scale:fa_rep 1
protocols.relax.RelaxScriptManager: repack
protocols.relax.RelaxScriptManager: min 0.00001
protocols.relax.RelaxScriptManager: accept_to_best
protocols.relax.RelaxScriptManager: endrepeat
protocols.rosetta_scripts.RosettaScriptsParser: Defined mover named "mv_design" of type FastDesign
core.scoring.ScoreFunctionFactory: SCOREFUNCTION: beta_nov16.wts
core.pack.task.xml_util: Object mv_design_no_native reading the following task_operations: Adding the following task operations
tsk_design tsk_nothing tsk_cat_0 
protocols.rosetta_scripts.RosettaScriptsParser: Defined mover named "mv_design_no_native" of type FastDesign
core.scoring.ScoreFunctionFactory: SCOREFUNCTION: beta_nov16.wts
core.pack.task.xml_util: Object mv_relax reading the following task_operations: Adding the following task operations
tsk_design tsk_nothing tsk_cat_0 
protocols.rosetta_scripts.RosettaScriptsParser: Defined mover named "mv_relax" of type FastRelax
core.import_pose.import_pose: File '/home/bunzelh/AIzymes/design/VD/241016_VD_KSI_pos/11/1ohp_RosettaRelax_11.pdb' automatically determined to be of type PDB
protocols.rosetta_scripts.RosettaScriptsParser: Defined mover named "mv_inter" of type InterfaceScoreCalculator
protocols.rosetta_scripts.ParsedProtocol: ParsedProtocol mover with the following settings
protocols.rosetta_scripts.ParsedProtocol: Added mover "mv_add_cst"
protocols.rosetta_scripts.ParsedProtocol: Added mover "mv_cst_opt"
protocols.rosetta_scripts.ParsedProtocol: Added mover "mv_native"
protocols.rosetta_scripts.ParsedProtocol: Added mover "mv_design"
protocols.rosetta_scripts.ParsedProtocol: Added mover "mv_relax"
protocols.rosetta_scripts.ParsedProtocol: Added mover "mv_inter"
protocols.jd2.PDBJobInputter: PDBJobInputter::pose_from_job
protocols.jd2.PDBJobInputter: filling pose from saved copy /home/bunzelh/AIzymes/design/VD/241016_VD_KSI_pos/11/1ohp_RosettaRelax_11.pdb
protocols.rosetta_scripts.ParsedProtocol: =======================BEGIN MOVER AddOrRemoveMatchCsts - mv_add_cst=======================
protocols.toolbox.match_enzdes_util.EnzConstraintIO: read enzyme constraints from /home/bunzelh/AIzymes/design/VD/Input/5TS_enzdes_planar_tAB100.cst ... done, 1 cst blocks were read.
protocols.toolbox.match_enzdes_util.EnzConstraintIO: Generating constraints for pose... 
protocols.toolbox.match_enzdes_util.EnzConstraintParameters: Constraint specified between residues 126 and 99 is ambiguous, 2 different possibilities ( 1 for 126, 2 for 99.)
protocols.toolbox.match_enzdes_util.EnzConstraintParameters: for block 1, 12 newly generated constraints were added 
protocols.toolbox.match_enzdes_util.EnzConstraintIO: checking cst data consistency for block 1...  done
protocols.toolbox.match_enzdes_util.EnzConstraintIO: Cst Block 1done... 
protocols.rosetta_scripts.ParsedProtocol: =======================BEGIN MOVER EnzRepackMinimize - mv_cst_opt=======================
core.scoring.ScoreFunctionFactory: SCOREFUNCTION: beta_nov16.wts
core.import_pose.import_pose: File '/home/bunzelh/AIzymes/design/VD/241016_VD_KSI_pos/11/1ohp_RosettaRelax_11.pdb' automatically determined to be of type PDB
basic.io.database: Database file opened: scoring/score_functions/elec_cp_reps.dat
core.scoring.elec.util: Read 40 countpair representative atoms
core.pack.dunbrack.RotamerLibrary: shapovalov_lib_fixes_enable option is true.
core.pack.dunbrack.RotamerLibrary: Binary rotamer library selected: /home/bunzelh/rosetta_src_2021.16.61629_bundle/main/database/rotamer/beta_nov2016/Dunbrack10.lib.bin
core.pack.dunbrack.RotamerLibrary: Using Dunbrack library binary file '/home/bunzelh/rosetta_src_2021.16.61629_bundle/main/database/rotamer/beta_nov2016/Dunbrack10.lib.bin'.
core.pack.dunbrack.RotamerLibrary: Dunbrack 2010 library took 0.38 seconds to load from binary
protocols.enzdes.EnzRepackMinimize: Creating packer task based on specified task operations...
core.pack.task: Packer task: initialize from command line() 
protocols.enzdes.EnzRepackMinimize: Starting PolyAla CstOptimization...
protocols.enzdes.EnzRepackMinimize: Finished Cyle#1 of EnzRepackMinimize
protocols.enzdes.EnzRepackMinimize: Finished EnzRepackMinimize
protocols.rosetta_scripts.ParsedProtocol: =======================BEGIN MOVER FavorSequenceProfile - mv_native=======================
protocols.rosetta_scripts.ParsedProtocol: =======================BEGIN MOVER FastDesign - mv_design=======================
protocols.denovo_design.movers.FastDesign: #Packer_Task
protocols.denovo_design.movers.FastDesign: 
protocols.denovo_design.movers.FastDesign: Threads to request: ALL AVAILABLE
protocols.denovo_design.movers.FastDesign: 
protocols.denovo_design.movers.FastDesign: resid	pack?	design?	allowed_aas
protocols.denovo_design.movers.FastDesign: 1	FALSE	FALSE	
protocols.denovo_design.movers.FastDesign: 2	FALSE	FALSE	
protocols.denovo_design.movers.FastDesign: 3	FALSE	FALSE	
protocols.denovo_design.movers.FastDesign: 4	FALSE	FALSE	
protocols.denovo_design.movers.FastDesign: 5	FALSE	FALSE	
protocols.denovo_design.movers.FastDesign: 6	FALSE	FALSE	
protocols.denovo_design.movers.FastDesign: 7	TRUE	TRUE	ALA,ASP,GLU,PHE,GLY,HIS,HIS_D,ILE,LYS,LEU,MET,ASN,PRO,GLN,ARG,SER,THR,VAL,TRP,TYR
protocols.denovo_design.movers.FastDesign: 8	FALSE	FALSE	
protocols.denovo_design.movers.FastDesign: 9	FALSE	FALSE	
protocols.denovo_design.movers.FastDesign: 10	TRUE	TRUE	ALA,ASP,GLU,PHE,GLY,HIS,HIS_D,ILE,LYS,LEU,MET,ASN,PRO,GLN,ARG,SER,THR,VAL,TRP,TYR
protocols.denovo_design.movers.FastDesign: 11	TRUE	TRUE	ALA,ASP,GLU,PHE,GLY,HIS,HIS_D,ILE,LYS,LEU,MET,ASN,PRO,GLN,ARG,SER,THR,VAL,TRP,TYR
protocols.denovo_design.movers.FastDesign: 12	FALSE	FALSE	
protocols.denovo_design.movers.FastDesign: 13	FALSE	FALSE	
protocols.denovo_design.movers.FastDesign: 14	TRUE	TRUE	ALA,ASP,GLU,PHE,GLY,HIS,HIS_D,ILE,LYS,LEU,MET,ASN,PRO,GLN,ARG,SER,THR,VAL,TRP,TYR
protocols.denovo_design.movers.FastDesign: 15	TRUE	TRUE	ALA,ASP,GLU,PHE,GLY,HIS,HIS_D,ILE,LYS,LEU,MET,ASN,PRO,GLN,ARG,SER,THR,VAL,TRP,TYR
protocols.denovo_design.movers.FastDesign: 16	FALSE	FALSE	
protocols.denovo_design.movers.FastDesign: 17	FALSE	FALSE	
protocols.denovo_design.movers.FastDesign: 18	TRUE	TRUE	ALA,ASP,GLU,PHE,GLY,HIS,HIS_D,ILE,LYS,LEU,MET,ASN,PRO,GLN,ARG,SER,THR,VAL,TRP,TYR
protocols.denovo_design.movers.FastDesign: 19	FALSE	FALSE	
protocols.denovo_design.movers.FastDesign: 20	FALSE	FALSE	
protocols.denovo_design.movers.FastDesign: 21	FALSE	FALSE	
protocols.denovo_design.movers.FastDesign: 22	FALSE	FALSE	
protocols.denovo_design.movers.FastDesign: 23	FALSE	FALSE	
protocols.denovo_design.movers.FastDesign: 24	FALSE	FALSE	
protocols.denovo_design.movers.FastDesign: 25	FALSE	FALSE	
protocols.denovo_design.movers.FastDesign: 26	TRUE	TRUE	ALA,ASP,GLU,PHE,GLY,HIS,HIS_D,ILE,LYS,LEU,MET,ASN,PRO,GLN,ARG,SER,THR,VAL,TRP,TYR
protocols.denovo_design.movers.FastDesign: 27	FALSE	FALSE	
protocols.denovo_design.movers.FastDesign: 28	FALSE	FALSE	
protocols.denovo_design.movers.FastDesign: 29	TRUE	TRUE	ALA,ASP,GLU,PHE,GLY,HIS,HIS_D,ILE,LYS,LEU,MET,ASN,PRO,GLN,ARG,SER,THR,VAL,TRP,TYR
protocols.denovo_design.movers.FastDesign: 30	TRUE	TRUE	ALA,ASP,GLU,PHE,GLY,HIS,HIS_D,ILE,LYS,LEU,MET,ASN,PRO,GLN,ARG,SER,THR,VAL,TRP,TYR
protocols.denovo_design.movers.FastDesign: 31	FALSE	FALSE	
protocols.denovo_design.movers.FastDesign: 32	FALSE	FALSE	
protocols.denovo_design.movers.FastDesign: 33	FALSE	FALSE	
protocols.denovo_design.movers.FastDesign: 34	FALSE	FALSE	
protocols.denovo_design.movers.FastDesign: 35	FALSE	FALSE	
protocols.denovo_design.movers.FastDesign: 36	FALSE	FALSE	
protocols.denovo_design.movers.FastDesign: 37	FALSE	FALSE	
protocols.denovo_design.movers.FastDesign: 38	TRUE	TRUE	ALA,ASP,GLU,PHE,GLY,HIS,HIS_D,ILE,LYS,LEU,MET,ASN,PRO,GLN,ARG,SER,THR,VAL,TRP,TYR
protocols.denovo_design.movers.FastDesign: 39	FALSE	FALSE	
protocols.denovo_design.movers.FastDesign: 40	FALSE	FALSE	
protocols.denovo_design.movers.FastDesign: 41	FALSE	FALSE	
protocols.denovo_design.movers.FastDesign: 42	FALSE	FALSE	
protocols.denovo_design.movers.FastDesign: 43	FALSE	FALSE	
protocols.denovo_design.movers.FastDesign: 44	FALSE	FALSE	
protocols.denovo_design.movers.FastDesign: 45	FALSE	FALSE	
protocols.denovo_design.movers.FastDesign: 46	FALSE	FALSE	
protocols.denovo_design.movers.FastDesign: 47	FALSE	FALSE	
protocols.denovo_design.movers.FastDesign: 48	FALSE	FALSE	
protocols.denovo_design.movers.FastDesign: 49	FALSE	FALSE	
protocols.denovo_design.movers.FastDesign: 50	FALSE	FALSE	
protocols.denovo_design.movers.FastDesign: 51	FALSE	FALSE	
protocols.denovo_design.movers.FastDesign: 52	FALSE	FALSE	
protocols.denovo_design.movers.FastDesign: 53	FALSE	FALSE	
protocols.denovo_design.movers.FastDesign: 54	TRUE	TRUE	ALA,ASP,GLU,PHE,GLY,HIS,HIS_D,ILE,LYS,LEU,MET,ASN,PRO,GLN,ARG,SER,THR,VAL,TRP,TYR
protocols.denovo_design.movers.FastDesign: 55	TRUE	TRUE	ALA,ASP,GLU,PHE,GLY,HIS,HIS_D,ILE,LYS,LEU,MET,ASN,PRO,GLN,ARG,SER,THR,VAL,TRP,TYR
protocols.denovo_design.movers.FastDesign: 56	FALSE	FALSE	
protocols.denovo_design.movers.FastDesign: 57	FALSE	FALSE	
protocols.denovo_design.movers.FastDesign: 58	TRUE	TRUE	ALA,ASP,GLU,PHE,GLY,HIS,HIS_D,ILE,LYS,LEU,MET,ASN,PRO,GLN,ARG,SER,THR,VAL,TRP,TYR
protocols.denovo_design.movers.FastDesign: 59	TRUE	TRUE	ALA,ASP,GLU,PHE,GLY,HIS,HIS_D,ILE,LYS,LEU,MET,ASN,PRO,GLN,ARG,SER,THR,VAL,TRP,TYR
protocols.denovo_design.movers.FastDesign: 60	FALSE	FALSE	
protocols.denovo_design.movers.FastDesign: 61	FALSE	FALSE	
protocols.denovo_design.movers.FastDesign: 62	FALSE	FALSE	
protocols.denovo_design.movers.FastDesign: 63	TRUE	TRUE	ALA,ASP,GLU,PHE,GLY,HIS,HIS_D,ILE,LYS,LEU,MET,ASN,PRO,GLN,ARG,SER,THR,VAL,TRP,TYR
protocols.denovo_design.movers.FastDesign: 64	FALSE	FALSE	
protocols.denovo_design.movers.FastDesign: 65	TRUE	TRUE	ALA,ASP,GLU,PHE,GLY,HIS,HIS_D,ILE,LYS,LEU,MET,ASN,PRO,GLN,ARG,SER,THR,VAL,TRP,TYR
protocols.denovo_design.movers.FastDesign: 66	FALSE	FALSE	
protocols.denovo_design.movers.FastDesign: 67	FALSE	FALSE	
protocols.denovo_design.movers.FastDesign: 68	FALSE	FALSE	
protocols.denovo_design.movers.FastDesign: 69	FALSE	FALSE	
protocols.denovo_design.movers.FastDesign: 70	FALSE	FALSE	
protocols.denovo_design.movers.FastDesign: 71	TRUE	TRUE	ALA,ASP,GLU,PHE,GLY,HIS,HIS_D,ILE,LYS,LEU,MET,ASN,PRO,GLN,ARG,SER,THR,VAL,TRP,TYR
protocols.denovo_design.movers.FastDesign: 72	FALSE	FALSE	
protocols.denovo_design.movers.FastDesign: 73	TRUE	TRUE	ALA,ASP,GLU,PHE,GLY,HIS,HIS_D,ILE,LYS,LEU,MET,ASN,PRO,GLN,ARG,SER,THR,VAL,TRP,TYR
protocols.denovo_design.movers.FastDesign: 74	FALSE	FALSE	
protocols.denovo_design.movers.FastDesign: 75	FALSE	FALSE	
protocols.denovo_design.movers.FastDesign: 76	FALSE	FALSE	
protocols.denovo_design.movers.FastDesign: 77	FALSE	FALSE	
protocols.denovo_design.movers.FastDesign: 78	TRUE	TRUE	ALA,ASP,GLU,PHE,GLY,HIS,HIS_D,ILE,LYS,LEU,MET,ASN,PRO,GLN,ARG,SER,THR,VAL,TRP,TYR
protocols.denovo_design.movers.FastDesign: 79	FALSE	FALSE	
protocols.denovo_design.movers.FastDesign: 80	TRUE	TRUE	ALA,ASP,GLU,PHE,GLY,HIS,HIS_D,ILE,LYS,LEU,MET,ASN,PRO,GLN,ARG,SER,THR,VAL,TRP,TYR
protocols.denovo_design.movers.FastDesign: 81	FALSE	FALSE	
protocols.denovo_design.movers.FastDesign: 82	TRUE	TRUE	ALA,ASP,GLU,PHE,GLY,HIS,HIS_D,ILE,LYS,LEU,MET,ASN,PRO,GLN,ARG,SER,THR,VAL,TRP,TYR
protocols.denovo_design.movers.FastDesign: 83	FALSE	FALSE	
protocols.denovo_design.movers.FastDesign: 84	TRUE	TRUE	ALA,ASP,GLU,PHE,GLY,HIS,HIS_D,ILE,LYS,LEU,MET,ASN,PRO,GLN,ARG,SER,THR,VAL,TRP,TYR
protocols.denovo_design.movers.FastDesign: 85	FALSE	FALSE	
protocols.denovo_design.movers.FastDesign: 86	TRUE	TRUE	ALA,ASP,GLU,PHE,GLY,HIS,HIS_D,ILE,LYS,LEU,MET,ASN,PRO,GLN,ARG,SER,THR,VAL,TRP,TYR
protocols.denovo_design.movers.FastDesign: 87	FALSE	FALSE	
protocols.denovo_design.movers.FastDesign: 88	FALSE	FALSE	
protocols.denovo_design.movers.FastDesign: 89	FALSE	FALSE	
protocols.denovo_design.movers.FastDesign: 90	FALSE	FALSE	
protocols.denovo_design.movers.FastDesign: 91	FALSE	FALSE	
protocols.denovo_design.movers.FastDesign: 92	FALSE	FALSE	
protocols.denovo_design.movers.FastDesign: 93	TRUE	TRUE	ALA,ASP,GLU,PHE,GLY,HIS,HIS_D,ILE,LYS,LEU,MET,ASN,PRO,GLN,ARG,SER,THR,VAL,TRP,TYR
protocols.denovo_design.movers.FastDesign: 94	FALSE	FALSE	
protocols.denovo_design.movers.FastDesign: 95	TRUE	TRUE	ALA,ASP,GLU,PHE,GLY,HIS,HIS_D,ILE,LYS,LEU,MET,ASN,PRO,GLN,ARG,SER,THR,VAL,TRP,TYR
protocols.denovo_design.movers.FastDesign: 96	FALSE	FALSE	
protocols.denovo_design.movers.FastDesign: 97	TRUE	TRUE	ALA,ASP,GLU,PHE,GLY,HIS,HIS_D,ILE,LYS,LEU,MET,ASN,PRO,GLN,ARG,SER,THR,VAL,TRP,TYR
protocols.denovo_design.movers.FastDesign: 98	FALSE	FALSE	
protocols.denovo_design.movers.FastDesign: 99	TRUE	TRUE	ASP,GLU
protocols.denovo_design.movers.FastDesign: 100	FALSE	FALSE	
protocols.denovo_design.movers.FastDesign: 101	TRUE	TRUE	ALA,ASP,GLU,PHE,GLY,HIS,HIS_D,ILE,LYS,LEU,MET,ASN,PRO,GLN,ARG,SER,THR,VAL,TRP,TYR
protocols.denovo_design.movers.FastDesign: 102	FALSE	FALSE	
protocols.denovo_design.movers.FastDesign: 103	TRUE	TRUE	ALA,ASP,GLU,PHE,GLY,HIS,HIS_D,ILE,LYS,LEU,MET,ASN,PRO,GLN,ARG,SER,THR,VAL,TRP,TYR
protocols.denovo_design.movers.FastDesign: 104	FALSE	FALSE	
protocols.denovo_design.movers.FastDesign: 105	FALSE	FALSE	
protocols.denovo_design.movers.FastDesign: 106	FALSE	FALSE	
protocols.denovo_design.movers.FastDesign: 107	FALSE	FALSE	
protocols.denovo_design.movers.FastDesign: 108	FALSE	FALSE	
protocols.denovo_design.movers.FastDesign: 109	TRUE	TRUE	ALA,ASP,GLU,PHE,GLY,HIS,HIS_D,ILE,LYS,LEU,MET,ASN,PRO,GLN,ARG,SER,THR,VAL,TRP,TYR
protocols.denovo_design.movers.FastDesign: 110	FALSE	FALSE	
protocols.denovo_design.movers.FastDesign: 111	FALSE	FALSE	
protocols.denovo_design.movers.FastDesign: 112	TRUE	TRUE	ALA,ASP,GLU,PHE,GLY,HIS,HIS_D,ILE,LYS,LEU,MET,ASN,PRO,GLN,ARG,SER,THR,VAL,TRP,TYR
protocols.denovo_design.movers.FastDesign: 113	FALSE	FALSE	
protocols.denovo_design.movers.FastDesign: 114	TRUE	TRUE	ALA,ASP,GLU,PHE,GLY,HIS,HIS_D,ILE,LYS,LEU,MET,ASN,PRO,GLN,ARG,SER,THR,VAL,TRP,TYR
protocols.denovo_design.movers.FastDesign: 115	FALSE	FALSE	
protocols.denovo_design.movers.FastDesign: 116	TRUE	TRUE	ALA,ASP,GLU,PHE,GLY,HIS,HIS_D,ILE,LYS,LEU,MET,ASN,PRO,GLN,ARG,SER,THR,VAL,TRP,TYR
protocols.denovo_design.movers.FastDesign: 117	FALSE	FALSE	
protocols.denovo_design.movers.FastDesign: 118	FALSE	FALSE	
protocols.denovo_design.movers.FastDesign: 119	FALSE	FALSE	
protocols.denovo_design.movers.FastDesign: 120	FALSE	FALSE	
protocols.denovo_design.movers.FastDesign: 121	TRUE	TRUE	ALA,ASP,GLU,PHE,GLY,HIS,HIS_D,ILE,LYS,LEU,MET,ASN,PRO,GLN,ARG,SER,THR,VAL,TRP,TYR
protocols.denovo_design.movers.FastDesign: 122	FALSE	FALSE	
protocols.denovo_design.movers.FastDesign: 123	FALSE	FALSE	
protocols.denovo_design.movers.FastDesign: 124	FALSE	FALSE	
protocols.denovo_design.movers.FastDesign: 125	FALSE	FALSE	
protocols.denovo_design.movers.FastDesign: 126	FALSE	FALSE	
protocols.relax.FastRelax: CMD: repeat  -92.4747  0  0  0.55
protocols.relax.FastRelax: CMD: coord_cst_weight  -92.4747  0  0  0.55
protocols.relax.FastRelax: CMD: scale:fa_rep  -522.56  0  0  0.03245
core.pack.pack_rotamers: built 12095 rotamers at 34 positions.
core.pack.interaction_graph.interaction_graph_factory: Instantiating PDInteractionGraph
protocols.relax.FastRelax: CMD: repack  -541.044  0  0  0.03245
protocols.relax.FastRelax: CMD: scale:fa_rep  -527.361  0  0  0.0506
protocols.relax.FastRelax: CMD: min  -613.05  0.640408  0.640408  0.0506
protocols.relax.FastRelax: CMD: coord_cst_weight  -613.05  0.640408  0.640408  0.0506
protocols.relax.FastRelax: CMD: scale:fa_rep  -501.572  0.640408  0.640408  0.154
core.pack.pack_rotamers: built 8819 rotamers at 34 positions.
core.pack.interaction_graph.interaction_graph_factory: Instantiating PDInteractionGraph
protocols.relax.FastRelax: CMD: repack  -506.555  0.640408  0.640408  0.154
protocols.relax.FastRelax: CMD: scale:fa_rep  -484.587  0.640408  0.640408  0.17765
protocols.relax.FastRelax: CMD: min  -538.076  0.431142  0.431142  0.17765
protocols.relax.FastRelax: CMD: coord_cst_weight  -538.076  0.431142  0.431142  0.17765
protocols.relax.FastRelax: CMD: scale:fa_rep  -487.879  0.431142  0.431142  0.3124
core.pack.pack_rotamers: built 8555 rotamers at 34 positions.
core.pack.interaction_graph.interaction_graph_factory: Instantiating PDInteractionGraph
protocols.relax.FastRelax: CMD: repack  -487.913  0.431142  0.431142  0.3124
protocols.relax.FastRelax: CMD: scale:fa_rep  -474.612  0.431142  0.431142  0.34815
protocols.relax.FastRelax: CMD: min  -487.444  0.329453  0.329453  0.34815
protocols.relax.FastRelax: CMD: coord_cst_weight  -487.444  0.329453  0.329453  0.34815
protocols.relax.FastRelax: CMD: scale:fa_rep  -437.737  0.329453  0.329453  0.55
core.pack.pack_rotamers: built 8294 rotamers at 34 positions.
core.pack.interaction_graph.interaction_graph_factory: Instantiating PDInteractionGraph
protocols.relax.FastRelax: CMD: repack  -437.738  0.329453  0.329453  0.55
protocols.relax.FastRelax: CMD: min  -485.875  0.399259  0.399259  0.55
protocols.relax.FastRelax: MRP: 0  -485.875  -485.875  0.399259  0.399259  
protocols.relax.FastRelax: CMD: accept_to_best  -485.875  0.399259  0.399259  0.55
protocols.relax.FastRelax: CMD: endrepeat  -485.875  0.399259  0.399259  0.55
protocols.relax.FastRelax: CMD: coord_cst_weight  -485.875  0.399259  0.399259  0.55
protocols.relax.FastRelax: CMD: scale:fa_rep  -570.819  0.399259  0.399259  0.03245
core.pack.pack_rotamers: built 11997 rotamers at 34 positions.
core.pack.interaction_graph.interaction_graph_factory: Instantiating PDInteractionGraph
protocols.relax.FastRelax: CMD: repack  -576.806  0.399259  0.399259  0.03245
protocols.relax.FastRelax: CMD: scale:fa_rep  -568.539  0.399259  0.399259  0.0506
protocols.relax.FastRelax: CMD: min  -644.408  0.723878  0.723878  0.0506
protocols.relax.FastRelax: CMD: coord_cst_weight  -644.408  0.723878  0.723878  0.0506
protocols.relax.FastRelax: CMD: scale:fa_rep  -534.991  0.723878  0.723878  0.154
core.pack.pack_rotamers: built 9066 rotamers at 34 positions.
core.pack.interaction_graph.interaction_graph_factory: Instantiating PDInteractionGraph
protocols.relax.FastRelax: CMD: repack  -538.287  0.723878  0.723878  0.154
protocols.relax.FastRelax: CMD: scale:fa_rep  -517.371  0.723878  0.723878  0.17765
protocols.relax.FastRelax: CMD: min  -572.859  0.524266  0.524266  0.17765
protocols.relax.FastRelax: CMD: coord_cst_weight  -572.859  0.524266  0.524266  0.17765
protocols.relax.FastRelax: CMD: scale:fa_rep  -523.953  0.524266  0.524266  0.3124
core.pack.pack_rotamers: built 8620 rotamers at 34 positions.
core.pack.interaction_graph.interaction_graph_factory: Instantiating PDInteractionGraph
protocols.relax.FastRelax: CMD: repack  -523.953  0.524266  0.524266  0.3124
protocols.relax.FastRelax: CMD: scale:fa_rep  -510.978  0.524266  0.524266  0.34815
protocols.relax.FastRelax: CMD: min  -522.708  0.433034  0.433034  0.34815
protocols.relax.FastRelax: CMD: coord_cst_weight  -522.708  0.433034  0.433034  0.34815
protocols.relax.FastRelax: CMD: scale:fa_rep  -472.181  0.433034  0.433034  0.55
core.pack.pack_rotamers: built 8364 rotamers at 34 positions.
core.pack.interaction_graph.interaction_graph_factory: Instantiating PDInteractionGraph
protocols.relax.FastRelax: CMD: repack  -472.187  0.433034  0.433034  0.55
protocols.relax.FastRelax: CMD: min  -491.253  0.436209  0.436209  0.55
protocols.relax.FastRelax: MRP: 1  -491.253  -491.253  0.436209  0.436209  
protocols.relax.FastRelax: CMD: accept_to_best  -491.253  0.436209  0.436209  0.55
protocols.relax.FastRelax: CMD: endrepeat  -491.253  0.436209  0.436209  0.55
protocols.relax.FastRelax: CMD: coord_cst_weight  -491.253  0.436209  0.436209  0.55
protocols.relax.FastRelax: CMD: scale:fa_rep  -575.08  0.436209  0.436209  0.03245
core.pack.pack_rotamers: built 12145 rotamers at 34 positions.
core.pack.interaction_graph.interaction_graph_factory: Instantiating PDInteractionGraph
protocols.relax.FastRelax: CMD: repack  -584.975  0.436209  0.436209  0.03245
protocols.relax.FastRelax: CMD: scale:fa_rep  -569.034  0.436209  0.436209  0.0506
protocols.relax.FastRelax: CMD: min  -648.763  0.662093  0.662093  0.0506
protocols.relax.FastRelax: CMD: coord_cst_weight  -648.763  0.662093  0.662093  0.0506
protocols.relax.FastRelax: CMD: scale:fa_rep  -531.05  0.662093  0.662093  0.154
core.pack.pack_rotamers: built 9072 rotamers at 34 positions.
core.pack.interaction_graph.interaction_graph_factory: Instantiating PDInteractionGraph
protocols.relax.FastRelax: CMD: repack  -537.074  0.662093  0.662093  0.154
protocols.relax.FastRelax: CMD: scale:fa_rep  -514.916  0.662093  0.662093  0.17765
protocols.relax.FastRelax: CMD: min  -567.81  0.428182  0.428182  0.17765
protocols.relax.FastRelax: CMD: coord_cst_weight  -567.81  0.428182  0.428182  0.17765
protocols.relax.FastRelax: CMD: scale:fa_rep  -513.867  0.428182  0.428182  0.3124
core.pack.pack_rotamers: built 8540 rotamers at 34 positions.
core.pack.interaction_graph.interaction_graph_factory: Instantiating PDInteractionGraph
protocols.relax.FastRelax: CMD: repack  -513.945  0.428182  0.428182  0.3124
protocols.relax.FastRelax: CMD: scale:fa_rep  -499.663  0.428182  0.428182  0.34815
protocols.relax.FastRelax: CMD: min  -522.792  0.321539  0.321539  0.34815
protocols.relax.FastRelax: CMD: coord_cst_weight  -522.792  0.321539  0.321539  0.34815
protocols.relax.FastRelax: CMD: scale:fa_rep  -476.947  0.321539  0.321539  0.55
core.pack.pack_rotamers: built 8435 rotamers at 34 positions.
core.pack.interaction_graph.interaction_graph_factory: Instantiating PDInteractionGraph
protocols.relax.FastRelax: CMD: repack  -476.947  0.321539  0.321539  0.55
protocols.relax.FastRelax: CMD: min  -492.285  0.39238  0.39238  0.55
protocols.relax.FastRelax: MRP: 2  -492.285  -492.285  0.39238  0.39238  
protocols.relax.FastRelax: CMD: accept_to_best  -492.285  0.39238  0.39238  0.55
protocols.relax.FastRelax: CMD: endrepeat  -492.285  0.39238  0.39238  0.55
protocols::checkpoint: Deleting checkpoints of FastRelax
protocols.denovo_design.movers.FastDesign: 
------------------------------------------------------------
 Scores                       Weight   Raw Score Wghtd.Score
------------------------------------------------------------
 fa_atr                       1.000    -684.021    -684.021
 fa_rep                       0.550     162.289      89.259
 fa_sol                       1.000     428.885     428.885
 fa_intra_atr_xover4          1.000     -41.768     -41.768
 fa_intra_rep_xover4          0.550      37.494      20.622
 fa_intra_sol_xover4          1.000      27.783      27.783
 lk_ball                      0.920     290.161     266.948
 lk_ball_iso                 -0.380     705.388    -268.048
 lk_ball_bridge              -0.330       2.202      -0.727
 lk_ball_bridge_uncpl        -0.330      13.839      -4.567
 fa_elec                      1.000    -239.012    -239.012
 fa_intra_elec                1.000     -32.983     -32.983
 pro_close                    1.250       0.308       0.385
 hbond_sr_bb                  1.000     -46.229     -46.229
 hbond_lr_bb                  1.000     -55.085     -55.085
 hbond_bb_sc                  1.000     -18.408     -18.408
 hbond_sc                     1.000      -5.893      -5.893
 dslf_fa13                    1.250       0.000       0.000
 atom_pair_constraint         1.000       1.321       1.321
 angle_constraint             1.000       0.180       0.180
 dihedral_constraint          1.000       0.205       0.205
 omega                        0.480      22.148      10.631
 fa_dun_dev                   0.690      20.182      13.926
 fa_dun_rot                   0.760      65.808      50.014
 fa_dun_semi                  0.780     120.173      93.735
 p_aa_pp                      0.610     -54.814     -33.437
 hxl_tors                     1.000      19.311      19.311
 ref                          1.000      28.927      28.927
 rama_prepro                  0.500      13.525       6.762
 res_type_constraint          1.000    -121.000    -121.000
---------------------------------------------------
 Total weighted score:                     -492.285
protocols.rosetta_scripts.ParsedProtocol: =======================BEGIN MOVER FastRelax - mv_relax=======================
protocols.relax.FastRelax: CMD: repeat  -372.99  0.39238  0  0.55
protocols.relax.FastRelax: CMD: coord_cst_weight  -372.99  0.39238  0  0.55
protocols.relax.FastRelax: CMD: scale:fa_rep  -458.679  0.39238  0  0.022
core.pack.pack_rotamers: built 230 rotamers at 34 positions.
core.pack.interaction_graph.interaction_graph_factory: Instantiating DensePDInteractionGraph
protocols.relax.FastRelax: CMD: repack  -463.149  0.39238  0  0.022
protocols.relax.FastRelax: CMD: scale:fa_rep  -461.641  0.39238  0  0.02805
protocols.relax.FastRelax: CMD: min  -552.212  0.914949  0.850688  0.02805
protocols.relax.FastRelax: CMD: coord_cst_weight  -552.212  0.914949  0.850688  0.02805
protocols.relax.FastRelax: CMD: scale:fa_rep  -350.415  0.914949  0.850688  0.14575
core.pack.pack_rotamers: built 168 rotamers at 34 positions.
core.pack.interaction_graph.interaction_graph_factory: Instantiating DensePDInteractionGraph
protocols.relax.FastRelax: CMD: repack  -351.17  0.914949  0.850688  0.14575
protocols.relax.FastRelax: CMD: scale:fa_rep  -337.096  0.914949  0.850688  0.154
protocols.relax.FastRelax: CMD: min  -465.248  0.513115  0.366286  0.154
protocols.relax.FastRelax: CMD: coord_cst_weight  -465.248  0.513115  0.366286  0.154
protocols.relax.FastRelax: CMD: scale:fa_rep  -403.234  0.513115  0.366286  0.30745
core.pack.pack_rotamers: built 169 rotamers at 34 positions.
core.pack.interaction_graph.interaction_graph_factory: Instantiating DensePDInteractionGraph
protocols.relax.FastRelax: CMD: repack  -403.247  0.513115  0.366286  0.30745
protocols.relax.FastRelax: CMD: scale:fa_rep  -398.36  0.513115  0.366286  0.31955
protocols.relax.FastRelax: CMD: min  -414.068  0.429101  0.200852  0.31955
protocols.relax.FastRelax: CMD: coord_cst_weight  -414.068  0.429101  0.200852  0.31955
protocols.relax.FastRelax: CMD: scale:fa_rep  -355.831  0.429101  0.200852  0.55
core.pack.pack_rotamers: built 166 rotamers at 34 positions.
core.pack.interaction_graph.interaction_graph_factory: Instantiating DensePDInteractionGraph
protocols.relax.FastRelax: CMD: repack  -355.831  0.429101  0.200852  0.55
protocols.relax.FastRelax: CMD: min  -375.534  0.398744  0.0680271  0.55
protocols.relax.FastRelax: MRP: 0  -375.534  -375.534  0.398744  0.0680271  
protocols.relax.FastRelax: CMD: accept_to_best  -375.534  0.398744  0.0680271  0.55
protocols.relax.FastRelax: CMD: endrepeat  -375.534  0.398744  0.0680271  0.55
protocols::checkpoint: Deleting checkpoints of FastRelax
protocols.rosetta_scripts.ParsedProtocol: =======================BEGIN MOVER InterfaceScoreCalculator - mv_inter=======================
protocols.moves.RigidBodyMover: Translate: Jump (before): RT -0.873057 0.279606 -0.39949 -0.459652 -0.198446 0.865644 0.162762 0.939383 0.301776 14.6573 -11.3717 10.5479  
protocols.moves.RigidBodyMover: Translate: Jump (after):  RT -0.873057 0.279606 -0.39949 -0.459652 -0.198446 0.865644 0.162762 0.939383 0.301776 13.6605 -11.2918 10.5522  
protocols.moves.RigidBodyMover: Translate: Jump (before): RT -0.873057 0.279606 -0.39949 -0.459652 -0.198446 0.865644 0.162762 0.939383 0.301776 13.6605 -11.2918 10.5522  
protocols.moves.RigidBodyMover: Translate: Jump (after):  RT -0.873057 0.279606 -0.39949 -0.459652 -0.198446 0.865644 0.162762 0.939383 0.301776 512.058 -51.2342 8.3764  
protocols.rosetta_scripts.ParsedProtocol: setting status to success
protocols.jd2.JobDistributor: 1ohp_RosettaRelax_11_0001 reported success in 1326 seconds
protocols.jd2.JobDistributor: no more batches to process... 
protocols.jd2.JobDistributor: 1 jobs considered, 1 jobs attempted in 1332 seconds
protocols.jd2.JobDistributor: [ WARNING ] The following options have been set, but have not yet been used:
	-enzdes:cst_opt 

basic.citation_manager.CitationManager: 
The following Rosetta modules were used during this run of Rosetta, and should be cited:

rosetta_scripts Application's citation(s):
Fleishman SJ, Leaver-Fay A, Corn JE, Strauch E-M, Khare SD, Koga N, Ashworth J, Murphy P, Richter F, Lemmon G, Meiler J, and Baker D.  (2011).  RosettaScripts: A Scripting Language Interface to the Rosetta Macromolecular Modeling Suite.  PLoS ONE 6(6):e20161.  doi: 10.1371/journal.pone.0020161.

FastDesign Mover's citation(s):
*Bhardwaj G, *Mulligan VK, *Bahl G, Gilmore JM, Harvey PJ, Cheneval O, Buchko GW, Pulavarti SVSRK, Kaas Q, Eletsky A, Huang P-S, Johnsen PS, Greisen P Jr., Rocklin GJ, Song Y, Linsky TW, Watkins A, Rettie SA, Xu X, Carter LP, Bonneau R, Olson JM, Coutsias E, Correnti CE, Szyperski T, Craik DJ, and Baker D.  (2016).  Accurate de novo design of hyperstable constrained peptides.  Nature 538(7625):329-35.  doi: 10.1038/nature19791.  (*Co-primary authors.)

Maguire JB, Haddox HK, Strickland D, Halabiya SF, Coventry B, Griffin JR, Pulavarti SVSRK, Cummins M, Thieker DF, Klavins E, Szyperski T, DiMaio F, Baker D, and Kuhlman B.  (2020).  Perturbing the energy landscape for improved packing during computational protein design..  Proteins "in press".  doi: 10.1002/prot.26030.

FastRelax Mover's citation(s):
Khatib F, Cooper S, Tyka MD, Xu K, Makedon I, Popovic Z, Baker D, and Players F.  (2011).  Algorithm discovery by protein folding game players.  Proc Natl Acad Sci USA 108(47):18949-53.  doi: 10.1073/pnas.1115898108.

Maguire JB, Haddox HK, Strickland D, Halabiya SF, Coventry B, Griffin JR, Pulavarti SVSRK, Cummins M, Thieker DF, Klavins E, Szyperski T, DiMaio F, Baker D, and Kuhlman B.  (2020).  Perturbing the energy landscape for improved packing during computational protein design..  Proteins "in press".  doi: 10.1002/prot.26030.

InterfaceScoreCalculator Mover's citation(s):
Lemmon G, and Meiler J.  (2012).  Rosetta Ligand docking with flexible XML protocols.  Methods Mol Biol 819:143-55.  doi: 10.1007/978-1-61779-465-0_10.


