2024-10-08 10:51:19 - DEBUG - Updating scores
2024-10-08 10:51:19 - DEBUG - Parent design not yet done. 1/10 jobs submitted.
2024-10-08 10:51:19 - DEBUG - Child index 0 created for Parent.
2024-10-08 10:51:19 - DEBUG - Run RosettaDesign for index 0 based on index 0.
2024-10-08 10:51:19 - DEBUG - Your job 1620087 ("MIX_RosettaDesign_0") has been submitted
2024-10-08 10:51:19 - DEBUG - Updating scores
2024-10-08 10:51:19 - DEBUG - Parent design not yet done. 2/10 jobs submitted.
2024-10-08 10:51:19 - DEBUG - Child index 1 created for Parent.
2024-10-08 10:51:19 - DEBUG - Run RosettaDesign for index 1 based on index 1.
2024-10-08 10:51:19 - DEBUG - Your job 1620088 ("MIX_RosettaDesign_1") has been submitted
2024-10-08 10:51:19 - DEBUG - Updating scores
2024-10-08 10:51:19 - DEBUG - Parent design not yet done. 3/10 jobs submitted.
2024-10-08 10:51:19 - DEBUG - Child index 2 created for Parent.
2024-10-08 10:51:19 - DEBUG - Run RosettaDesign for index 2 based on index 2.
2024-10-08 10:51:19 - DEBUG - Your job 1620089 ("MIX_RosettaDesign_2") has been submitted
2024-10-08 10:51:19 - DEBUG - Updating scores
2024-10-08 10:51:19 - DEBUG - Parent design not yet done. 4/10 jobs submitted.
2024-10-08 10:51:19 - DEBUG - Child index 3 created for Parent.
2024-10-08 10:51:19 - DEBUG - Run RosettaDesign for index 3 based on index 3.
2024-10-08 10:51:19 - DEBUG - Your job 1620090 ("MIX_RosettaDesign_3") has been submitted
2024-10-08 10:51:20 - DEBUG - Updating scores
2024-10-08 10:51:20 - DEBUG - Parent design not yet done. 5/10 jobs submitted.
2024-10-08 10:51:20 - DEBUG - Child index 4 created for Parent.
2024-10-08 10:51:20 - DEBUG - Run RosettaDesign for index 4 based on index 4.
2024-10-08 10:51:20 - DEBUG - Your job 1620091 ("MIX_RosettaDesign_4") has been submitted
2024-10-08 10:51:20 - DEBUG - Updating scores
2024-10-08 10:51:20 - DEBUG - Parent design not yet done. 6/10 jobs submitted.
2024-10-08 10:51:20 - DEBUG - Child index 5 created for Parent.
2024-10-08 10:51:20 - DEBUG - Run RosettaDesign for index 5 based on index 5.
2024-10-08 10:51:20 - DEBUG - Your job 1620092 ("MIX_RosettaDesign_5") has been submitted
2024-10-08 10:51:20 - DEBUG - Updating scores
2024-10-08 10:51:20 - DEBUG - Parent design not yet done. 7/10 jobs submitted.
2024-10-08 10:51:20 - DEBUG - Child index 6 created for Parent.
2024-10-08 10:51:20 - DEBUG - Run RosettaDesign for index 6 based on index 6.
2024-10-08 10:51:20 - DEBUG - Your job 1620093 ("MIX_RosettaDesign_6") has been submitted
2024-10-08 10:51:20 - DEBUG - Updating scores
2024-10-08 10:51:20 - DEBUG - Parent design not yet done. 8/10 jobs submitted.
2024-10-08 10:51:20 - DEBUG - Child index 7 created for Parent.
2024-10-08 10:51:20 - DEBUG - Run RosettaDesign for index 7 based on index 7.
2024-10-08 10:51:20 - DEBUG - Your job 1620094 ("MIX_RosettaDesign_7") has been submitted
2024-10-08 10:51:20 - DEBUG - Updating scores
2024-10-08 10:51:20 - DEBUG - Parent design not yet done. 9/10 jobs submitted.
2024-10-08 10:51:20 - DEBUG - Child index 8 created for Parent.
2024-10-08 10:51:20 - DEBUG - Run RosettaDesign for index 8 based on index 8.
2024-10-08 10:51:20 - DEBUG - Your job 1620095 ("MIX_RosettaDesign_8") has been submitted
2024-10-08 10:51:21 - DEBUG - Updating scores
2024-10-08 10:51:21 - DEBUG - Parent design not yet done. 10/10 jobs submitted.
2024-10-08 10:51:21 - DEBUG - Child index 9 created for Parent.
2024-10-08 10:51:21 - DEBUG - Run RosettaDesign for index 9 based on index 9.
2024-10-08 10:51:21 - DEBUG - Your job 1620096 ("MIX_RosettaDesign_9") has been submitted
2024-10-08 10:53:22 - DEBUG - Updating scores
2024-10-08 10:53:23 - INFO - Updated scores and potentials of index 9.
2024-10-08 10:53:23 - DEBUG - Starting new calculation for index 6.
2024-10-08 10:53:23 - INFO - Index 6 has no predicted structure, starting ESMfold.
2024-10-08 10:53:23 - DEBUG - Run ESMfold for index 6.
2024-10-08 10:53:23 - DEBUG - Your job 1620117 ("MIX_ESMfold_6") has been submitted
2024-10-08 10:53:23 - DEBUG - Updating scores
2024-10-08 10:53:23 - INFO - Updated scores and potentials of index 6.
2024-10-08 10:53:23 - DEBUG - Starting new calculation for index 9.
2024-10-08 10:53:23 - INFO - Index 9 has no predicted structure, starting ESMfold.
2024-10-08 10:53:23 - DEBUG - Run ESMfold for index 9.
2024-10-08 10:53:24 - DEBUG - Your job 1620118 ("MIX_ESMfold_9") has been submitted
2024-10-08 10:56:25 - DEBUG - Updating scores
2024-10-08 10:56:26 - INFO - Updated scores and potentials of index 2.
2024-10-08 10:56:26 - DEBUG - Starting new calculation for index 2.
2024-10-08 10:56:26 - INFO - Index 2 has no predicted structure, starting ESMfold.
2024-10-08 10:56:26 - DEBUG - Run ESMfold for index 2.
2024-10-08 10:56:26 - DEBUG - Your job 1620120 ("MIX_ESMfold_2") has been submitted
2024-10-08 10:56:46 - DEBUG - Updating scores
2024-10-08 10:56:47 - INFO - Updated scores and potentials of index 0.
2024-10-08 10:56:47 - INFO - Updated scores and potentials of index 1.
2024-10-08 10:56:48 - INFO - Updated scores and potentials of index 3.
2024-10-08 10:56:48 - INFO - Updated scores and potentials of index 5.
2024-10-08 10:56:48 - DEBUG - Starting new calculation for index 0.
2024-10-08 10:56:48 - INFO - Index 0 has no predicted structure, starting ESMfold.
2024-10-08 10:56:48 - DEBUG - Run ESMfold for index 0.
2024-10-08 10:56:48 - DEBUG - Your job 1620121 ("MIX_ESMfold_0") has been submitted
2024-10-08 10:56:48 - DEBUG - Updating scores
2024-10-08 10:56:48 - DEBUG - Starting new calculation for index 1.
2024-10-08 10:56:48 - INFO - Index 1 has no predicted structure, starting ESMfold.
2024-10-08 10:56:48 - DEBUG - Run ESMfold for index 1.
2024-10-08 10:56:49 - DEBUG - Your job 1620122 ("MIX_ESMfold_1") has been submitted
2024-10-08 10:57:09 - DEBUG - Updating scores
2024-10-08 10:57:09 - DEBUG - Starting new calculation for index 3.
2024-10-08 10:57:09 - INFO - Index 3 has no predicted structure, starting ESMfold.
2024-10-08 10:57:09 - DEBUG - Run ESMfold for index 3.
2024-10-08 10:57:09 - DEBUG - Your job 1620123 ("MIX_ESMfold_3") has been submitted
2024-10-08 10:57:09 - DEBUG - Updating scores
2024-10-08 10:57:09 - DEBUG - Starting new calculation for index 5.
2024-10-08 10:57:09 - INFO - Index 5 has no predicted structure, starting ESMfold.
2024-10-08 10:57:09 - DEBUG - Run ESMfold for index 5.
2024-10-08 10:57:09 - DEBUG - Your job 1620124 ("MIX_ESMfold_5") has been submitted
2024-10-08 10:59:10 - DEBUG - Updating scores
2024-10-08 10:59:11 - INFO - Updated scores and potentials of index 4.
2024-10-08 10:59:11 - INFO - Updated scores and potentials of index 8.
2024-10-08 10:59:11 - DEBUG - Starting new calculation for index 4.
2024-10-08 10:59:11 - INFO - Index 4 has no predicted structure, starting ESMfold.
2024-10-08 10:59:11 - DEBUG - Run ESMfold for index 4.
2024-10-08 10:59:11 - DEBUG - Your job 1620129 ("MIX_ESMfold_4") has been submitted
2024-10-08 10:59:11 - DEBUG - Updating scores
2024-10-08 10:59:11 - DEBUG - Starting new calculation for index 8.
2024-10-08 10:59:11 - INFO - Index 8 has no predicted structure, starting ESMfold.
2024-10-08 10:59:11 - DEBUG - Run ESMfold for index 8.
2024-10-08 10:59:11 - DEBUG - Your job 1620130 ("MIX_ESMfold_8") has been submitted
2024-10-08 11:02:13 - DEBUG - Updating scores
2024-10-08 11:02:13 - INFO - Updated scores and potentials of index 7.
2024-10-08 11:02:13 - DEBUG - Starting new calculation for index 7.
2024-10-08 11:02:13 - INFO - Index 7 has no predicted structure, starting ESMfold.
2024-10-08 11:02:13 - DEBUG - Run ESMfold for index 7.
2024-10-08 11:02:13 - DEBUG - Your job 1620133 ("MIX_ESMfold_7") has been submitted
2024-10-08 11:19:41 - DEBUG - Updating scores
2024-10-08 11:19:42 - DEBUG - Unblocked ESMfold index 9.
2024-10-08 11:19:42 - DEBUG - Starting new calculation for index 9.
2024-10-08 11:19:42 - INFO - Index 9 has no relaxed structure, starting RosettaRelax.
2024-10-08 11:19:42 - DEBUG - Run RosettaRelax for index 9.
2024-10-08 11:19:42 - DEBUG - Your job 1620229 ("MIX_RosettaRelax_9") has been submitted
2024-10-08 11:24:44 - DEBUG - Updating scores
2024-10-08 11:24:44 - DEBUG - Unblocked RosettaRelax index 9.
2024-10-08 11:24:46 - INFO - Updated scores and potentials of index 9.
2024-10-08 11:24:46 - INFO - 9 selected because its relaxed but nothing was designed from it.
2024-10-08 11:24:46 - DEBUG - Starting new calculation for index 9.
2024-10-08 11:24:46 - DEBUG - Child index 10 created for 9.
2024-10-08 11:24:46 - DEBUG - Run RosettaDesign for index 10 based on index 10.
2024-10-08 11:24:46 - DEBUG - Your job 1620250 ("MIX_RosettaDesign_10") has been submitted
2024-10-08 11:25:46 - DEBUG - Updating scores
2024-10-08 11:25:46 - DEBUG - Unblocked ESMfold index 1.
2024-10-08 11:25:46 - DEBUG - Unblocked ESMfold index 2.
2024-10-08 11:25:46 - DEBUG - Starting new calculation for index 1.
2024-10-08 11:25:46 - INFO - Index 1 has no relaxed structure, starting RosettaRelax.
2024-10-08 11:25:46 - DEBUG - Run RosettaRelax for index 1.
2024-10-08 11:25:46 - DEBUG - Your job 1620251 ("MIX_RosettaRelax_1") has been submitted
2024-10-08 11:25:46 - DEBUG - Updating scores
2024-10-08 11:25:46 - DEBUG - Starting new calculation for index 2.
2024-10-08 11:25:46 - INFO - Index 2 has no relaxed structure, starting RosettaRelax.
2024-10-08 11:25:46 - DEBUG - Run RosettaRelax for index 2.
2024-10-08 11:25:46 - DEBUG - Your job 1620252 ("MIX_RosettaRelax_2") has been submitted
2024-10-08 11:26:27 - DEBUG - Updating scores
2024-10-08 11:26:32 - INFO - Updated scores and potentials of index 10.
2024-10-08 11:26:32 - DEBUG - Starting new calculation for index 10.
2024-10-08 11:26:32 - INFO - Index 10 has no predicted structure, starting ESMfold.
2024-10-08 11:26:32 - DEBUG - Run ESMfold for index 10.
2024-10-08 11:26:32 - DEBUG - Your job 1620257 ("MIX_ESMfold_10") has been submitted
2024-10-08 11:27:13 - DEBUG - Updating scores
2024-10-08 11:27:13 - DEBUG - Unblocked RosettaRelax index 1.
2024-10-08 11:27:13 - INFO - Updated scores and potentials of index 1.
2024-10-08 11:27:13 - DEBUG - Unblocked RosettaRelax index 2.
2024-10-08 11:27:14 - INFO - Updated scores and potentials of index 2.
2024-10-08 11:27:14 - DEBUG - Unblocked ESMfold index 5.
2024-10-08 11:27:14 - DEBUG - Unblocked ESMfold index 6.
2024-10-08 11:27:14 - DEBUG - Starting new calculation for index 5.
2024-10-08 11:27:14 - INFO - Index 5 has no relaxed structure, starting RosettaRelax.
2024-10-08 11:27:14 - DEBUG - Run RosettaRelax for index 5.
2024-10-08 11:27:14 - DEBUG - Your job 1620259 ("MIX_RosettaRelax_5") has been submitted
2024-10-08 11:27:14 - DEBUG - Updating scores
2024-10-08 11:27:14 - DEBUG - Starting new calculation for index 6.
2024-10-08 11:27:14 - INFO - Index 6 has no relaxed structure, starting RosettaRelax.
2024-10-08 11:27:14 - DEBUG - Run RosettaRelax for index 6.
2024-10-08 11:27:14 - DEBUG - Your job 1620260 ("MIX_RosettaRelax_6") has been submitted
2024-10-08 11:27:14 - DEBUG - Updating scores
2024-10-08 11:27:14 - INFO - 1 selected because its relaxed but nothing was designed from it.
2024-10-08 11:27:14 - DEBUG - Starting new calculation for index 1.
2024-10-08 11:27:14 - DEBUG - Child index 11 created for 1.
2024-10-08 11:27:14 - DEBUG - Run RosettaDesign for index 11 based on index 11.
2024-10-08 11:27:14 - DEBUG - Your job 1620261 ("MIX_RosettaDesign_11") has been submitted
2024-10-08 11:28:35 - DEBUG - Updating scores
2024-10-08 11:28:35 - INFO - 2 selected because its relaxed but nothing was designed from it.
2024-10-08 11:28:35 - DEBUG - Starting new calculation for index 2.
2024-10-08 11:28:35 - DEBUG - Child index 12 created for 2.
2024-10-08 11:28:35 - DEBUG - Run RosettaDesign for index 12 based on index 12.
2024-10-08 11:28:35 - DEBUG - Your job 1620262 ("MIX_RosettaDesign_12") has been submitted
2024-10-08 11:31:57 - DEBUG - Updating scores
2024-10-08 11:31:57 - DEBUG - Unblocked ESMfold index 0.
2024-10-08 11:31:57 - DEBUG - Unblocked ESMfold index 3.
2024-10-08 11:31:57 - DEBUG - Unblocked RosettaRelax index 6.
2024-10-08 11:31:59 - INFO - Updated scores and potentials of index 6.
2024-10-08 11:31:59 - DEBUG - Starting new calculation for index 0.
2024-10-08 11:31:59 - INFO - Index 0 has no relaxed structure, starting RosettaRelax.
2024-10-08 11:31:59 - DEBUG - Run RosettaRelax for index 0.
2024-10-08 11:31:59 - DEBUG - Your job 1620270 ("MIX_RosettaRelax_0") has been submitted
2024-10-08 11:31:59 - DEBUG - Updating scores
2024-10-08 11:31:59 - DEBUG - Starting new calculation for index 3.
2024-10-08 11:31:59 - INFO - Index 3 has no relaxed structure, starting RosettaRelax.
2024-10-08 11:31:59 - DEBUG - Run RosettaRelax for index 3.
2024-10-08 11:31:59 - DEBUG - Your job 1620271 ("MIX_RosettaRelax_3") has been submitted
2024-10-08 11:32:20 - DEBUG - Updating scores
2024-10-08 11:32:20 - DEBUG - Unblocked RosettaRelax index 5.
2024-10-08 11:32:20 - INFO - Updated scores and potentials of index 5.
2024-10-08 11:32:21 - INFO - Updated scores and potentials of index 11.
2024-10-08 11:32:21 - DEBUG - Starting new calculation for index 11.
2024-10-08 11:32:21 - INFO - Index 11 has no predicted structure, starting ESMfold.
2024-10-08 11:32:21 - DEBUG - Run ESMfold for index 11.
2024-10-08 11:32:21 - DEBUG - Your job 1620273 ("MIX_ESMfold_11") has been submitted
2024-10-08 11:32:21 - DEBUG - Updating scores
2024-10-08 11:32:21 - INFO - 5 selected because its relaxed but nothing was designed from it.
2024-10-08 11:32:21 - DEBUG - Starting new calculation for index 5.
2024-10-08 11:32:21 - DEBUG - Child index 13 created for 5.
2024-10-08 11:32:21 - DEBUG - Run RosettaDesign for index 13 based on index 13.
2024-10-08 11:32:21 - DEBUG - Your job 1620274 ("MIX_RosettaDesign_13") has been submitted
2024-10-08 11:32:41 - DEBUG - Updating scores
2024-10-08 11:32:41 - DEBUG - Unblocked ESMfold index 4.
2024-10-08 11:32:41 - DEBUG - Unblocked ESMfold index 8.
2024-10-08 11:32:42 - DEBUG - Starting new calculation for index 4.
2024-10-08 11:32:42 - INFO - Index 4 has no relaxed structure, starting RosettaRelax.
2024-10-08 11:32:42 - DEBUG - Run RosettaRelax for index 4.
2024-10-08 11:32:42 - DEBUG - Your job 1620275 ("MIX_RosettaRelax_4") has been submitted
2024-10-08 11:33:22 - DEBUG - Updating scores
2024-10-08 11:33:22 - DEBUG - Unblocked RosettaRelax index 3.
2024-10-08 11:33:24 - INFO - Updated scores and potentials of index 3.
2024-10-08 11:33:24 - DEBUG - Starting new calculation for index 8.
2024-10-08 11:33:24 - INFO - Index 8 has no relaxed structure, starting RosettaRelax.
2024-10-08 11:33:24 - DEBUG - Run RosettaRelax for index 8.
2024-10-08 11:33:24 - DEBUG - Your job 1620278 ("MIX_RosettaRelax_8") has been submitted
2024-10-08 11:33:24 - DEBUG - Updating scores
2024-10-08 11:33:24 - INFO - 3 selected because its relaxed but nothing was designed from it.
2024-10-08 11:33:24 - DEBUG - Starting new calculation for index 3.
2024-10-08 11:33:24 - DEBUG - Child index 14 created for 3.
2024-10-08 11:33:24 - DEBUG - Run ProteinMPNN for index 14.
2024-10-08 11:33:24 - DEBUG - Your job 1620279 ("MIX_ProteinMPNN_14") has been submitted
2024-10-08 11:33:25 - DEBUG - Updating scores
2024-10-08 11:33:25 - INFO - 6 selected because its relaxed but nothing was designed from it.
2024-10-08 11:33:25 - DEBUG - Starting new calculation for index 6.
2024-10-08 11:33:25 - DEBUG - Child index 15 created for 6.
2024-10-08 11:33:25 - DEBUG - Run RosettaDesign for index 15 based on index 15.
2024-10-08 11:33:25 - DEBUG - Your job 1620280 ("MIX_RosettaDesign_15") has been submitted
2024-10-08 11:34:06 - DEBUG - Updating scores
2024-10-08 11:34:06 - DEBUG - Unblocked RosettaRelax index 4.
2024-10-08 11:34:06 - INFO - Updated scores and potentials of index 4.
2024-10-08 11:34:06 - DEBUG - Unblocked ESMfold index 7.
2024-10-08 11:34:07 - INFO - Updated scores and potentials of index 12.
2024-10-08 11:34:07 - DEBUG - Starting new calculation for index 7.
2024-10-08 11:34:07 - INFO - Index 7 has no relaxed structure, starting RosettaRelax.
2024-10-08 11:34:07 - DEBUG - Run RosettaRelax for index 7.
2024-10-08 11:34:07 - DEBUG - Your job 1620284 ("MIX_RosettaRelax_7") has been submitted
2024-10-08 11:34:07 - DEBUG - Updating scores
2024-10-08 11:34:08 - INFO - Updated scores and potentials of index 13.
2024-10-08 11:34:08 - DEBUG - Starting new calculation for index 12.
2024-10-08 11:34:08 - INFO - Index 12 has no predicted structure, starting ESMfold.
2024-10-08 11:34:08 - DEBUG - Run ESMfold for index 12.
2024-10-08 11:34:08 - DEBUG - Your job 1620285 ("MIX_ESMfold_12") has been submitted
2024-10-08 11:34:08 - DEBUG - Updating scores
2024-10-08 11:34:08 - DEBUG - Starting new calculation for index 13.
2024-10-08 11:34:08 - INFO - Index 13 has no predicted structure, starting ESMfold.
2024-10-08 11:34:08 - DEBUG - Run ESMfold for index 13.
2024-10-08 11:34:08 - DEBUG - Your job 1620286 ("MIX_ESMfold_13") has been submitted
2024-10-08 11:34:28 - DEBUG - Updating scores
2024-10-08 11:34:28 - DEBUG - Unblocked RosettaRelax index 8.
2024-10-08 11:34:30 - INFO - Updated scores and potentials of index 8.
2024-10-08 11:34:30 - INFO - 4 selected because its relaxed but nothing was designed from it.
2024-10-08 11:34:30 - DEBUG - Starting new calculation for index 4.
2024-10-08 11:34:30 - DEBUG - Child index 16 created for 4.
2024-10-08 11:34:30 - DEBUG - Run RosettaDesign for index 16 based on index 16.
2024-10-08 11:34:30 - DEBUG - Your job 1620288 ("MIX_RosettaDesign_16") has been submitted
2024-10-08 11:34:50 - DEBUG - Updating scores
2024-10-08 11:34:50 - INFO - 8 selected because its relaxed but nothing was designed from it.
2024-10-08 11:34:50 - DEBUG - Starting new calculation for index 8.
2024-10-08 11:34:50 - DEBUG - Child index 17 created for 8.
2024-10-08 11:34:50 - DEBUG - Run RosettaDesign for index 17 based on index 17.
2024-10-08 11:34:51 - DEBUG - Your job 1620291 ("MIX_RosettaDesign_17") has been submitted
2024-10-08 11:35:31 - DEBUG - Updating scores
