2024-10-08 10:51:25 - DEBUG - Updating scores
2024-10-08 10:51:25 - DEBUG - Parent design not yet done. 1/10 jobs submitted.
2024-10-08 10:51:25 - DEBUG - Child index 0 created for Parent.
2024-10-08 10:51:25 - DEBUG - Run RosettaDesign for index 0 based on index 0.
2024-10-08 10:51:25 - DEBUG - Your job 1620107 ("REF_RosettaDesign_0") has been submitted
2024-10-08 10:51:25 - DEBUG - Updating scores
2024-10-08 10:51:25 - DEBUG - Parent design not yet done. 2/10 jobs submitted.
2024-10-08 10:51:25 - DEBUG - Child index 1 created for Parent.
2024-10-08 10:51:25 - DEBUG - Run RosettaDesign for index 1 based on index 1.
2024-10-08 10:51:25 - DEBUG - Your job 1620108 ("REF_RosettaDesign_1") has been submitted
2024-10-08 10:51:25 - DEBUG - Updating scores
2024-10-08 10:51:25 - DEBUG - Parent design not yet done. 3/10 jobs submitted.
2024-10-08 10:51:25 - DEBUG - Child index 2 created for Parent.
2024-10-08 10:51:25 - DEBUG - Run RosettaDesign for index 2 based on index 2.
2024-10-08 10:51:25 - DEBUG - Your job 1620109 ("REF_RosettaDesign_2") has been submitted
2024-10-08 10:51:25 - DEBUG - Updating scores
2024-10-08 10:51:25 - DEBUG - Parent design not yet done. 4/10 jobs submitted.
2024-10-08 10:51:25 - DEBUG - Child index 3 created for Parent.
2024-10-08 10:51:25 - DEBUG - Run RosettaDesign for index 3 based on index 3.
2024-10-08 10:51:25 - DEBUG - Your job 1620110 ("REF_RosettaDesign_3") has been submitted
2024-10-08 10:51:25 - DEBUG - Updating scores
2024-10-08 10:51:25 - DEBUG - Parent design not yet done. 5/10 jobs submitted.
2024-10-08 10:51:25 - DEBUG - Child index 4 created for Parent.
2024-10-08 10:51:25 - DEBUG - Run RosettaDesign for index 4 based on index 4.
2024-10-08 10:51:25 - DEBUG - Your job 1620111 ("REF_RosettaDesign_4") has been submitted
2024-10-08 10:51:26 - DEBUG - Updating scores
2024-10-08 10:51:26 - DEBUG - Parent design not yet done. 6/10 jobs submitted.
2024-10-08 10:51:26 - DEBUG - Child index 5 created for Parent.
2024-10-08 10:51:26 - DEBUG - Run RosettaDesign for index 5 based on index 5.
2024-10-08 10:51:26 - DEBUG - Your job 1620112 ("REF_RosettaDesign_5") has been submitted
2024-10-08 10:51:26 - DEBUG - Updating scores
2024-10-08 10:51:26 - DEBUG - Parent design not yet done. 7/10 jobs submitted.
2024-10-08 10:51:26 - DEBUG - Child index 6 created for Parent.
2024-10-08 10:51:26 - DEBUG - Run RosettaDesign for index 6 based on index 6.
2024-10-08 10:51:26 - DEBUG - Your job 1620113 ("REF_RosettaDesign_6") has been submitted
2024-10-08 10:51:26 - DEBUG - Updating scores
2024-10-08 10:51:26 - DEBUG - Parent design not yet done. 8/10 jobs submitted.
2024-10-08 10:51:26 - DEBUG - Child index 7 created for Parent.
2024-10-08 10:51:26 - DEBUG - Run RosettaDesign for index 7 based on index 7.
2024-10-08 10:51:26 - DEBUG - Your job 1620114 ("REF_RosettaDesign_7") has been submitted
2024-10-08 10:51:26 - DEBUG - Updating scores
2024-10-08 10:51:26 - DEBUG - Parent design not yet done. 9/10 jobs submitted.
2024-10-08 10:51:26 - DEBUG - Child index 8 created for Parent.
2024-10-08 10:51:26 - DEBUG - Run RosettaDesign for index 8 based on index 8.
2024-10-08 10:51:26 - DEBUG - Your job 1620115 ("REF_RosettaDesign_8") has been submitted
2024-10-08 10:51:26 - DEBUG - Updating scores
2024-10-08 10:51:26 - DEBUG - Parent design not yet done. 10/10 jobs submitted.
2024-10-08 10:51:26 - DEBUG - Child index 9 created for Parent.
2024-10-08 10:51:26 - DEBUG - Run RosettaDesign for index 9 based on index 9.
2024-10-08 10:51:26 - DEBUG - Your job 1620116 ("REF_RosettaDesign_9") has been submitted
2024-10-08 10:53:48 - DEBUG - Updating scores
2024-10-08 10:53:48 - DEBUG - Starting new calculation for index 2.
2024-10-08 10:53:48 - INFO - Index 2 has no predicted structure, starting ESMfold.
2024-10-08 10:53:48 - DEBUG - Run ESMfold for index 2.
2024-10-08 10:53:48 - DEBUG - Your job 1620119 ("REF_ESMfold_2") has been submitted
2024-10-08 10:57:09 - DEBUG - Updating scores
2024-10-08 10:57:10 - INFO - Updated scores and potentials of index 2.
2024-10-08 10:57:10 - INFO - Updated scores and potentials of index 8.
2024-10-08 10:57:11 - INFO - Updated scores and potentials of index 9.
2024-10-08 10:57:11 - DEBUG - Starting new calculation for index 8.
2024-10-08 10:57:11 - INFO - Index 8 has no predicted structure, starting ESMfold.
2024-10-08 10:57:11 - DEBUG - Run ESMfold for index 8.
2024-10-08 10:57:11 - DEBUG - Your job 1620125 ("REF_ESMfold_8") has been submitted
2024-10-08 10:57:11 - DEBUG - Updating scores
2024-10-08 10:57:11 - DEBUG - Starting new calculation for index 9.
2024-10-08 10:57:11 - INFO - Index 9 has no predicted structure, starting ESMfold.
2024-10-08 10:57:11 - DEBUG - Run ESMfold for index 9.
2024-10-08 10:57:11 - DEBUG - Your job 1620126 ("REF_ESMfold_9") has been submitted
2024-10-08 10:58:12 - DEBUG - Updating scores
2024-10-08 10:58:12 - INFO - Updated scores and potentials of index 1.
2024-10-08 10:58:13 - INFO - Updated scores and potentials of index 6.
2024-10-08 10:58:13 - DEBUG - Starting new calculation for index 1.
2024-10-08 10:58:13 - INFO - Index 1 has no predicted structure, starting ESMfold.
2024-10-08 10:58:13 - DEBUG - Run ESMfold for index 1.
2024-10-08 10:58:13 - DEBUG - Your job 1620127 ("REF_ESMfold_1") has been submitted
2024-10-08 10:58:53 - DEBUG - Updating scores
2024-10-08 10:58:53 - DEBUG - Starting new calculation for index 6.
2024-10-08 10:58:53 - INFO - Index 6 has no predicted structure, starting ESMfold.
2024-10-08 10:58:53 - DEBUG - Run ESMfold for index 6.
2024-10-08 10:58:53 - DEBUG - Your job 1620128 ("REF_ESMfold_6") has been submitted
2024-10-08 11:01:55 - DEBUG - Updating scores
2024-10-08 11:01:56 - INFO - Updated scores and potentials of index 0.
2024-10-08 11:01:56 - INFO - Updated scores and potentials of index 3.
2024-10-08 11:01:57 - INFO - Updated scores and potentials of index 4.
2024-10-08 11:01:57 - INFO - Updated scores and potentials of index 7.
2024-10-08 11:01:57 - DEBUG - Starting new calculation for index 0.
2024-10-08 11:01:57 - INFO - Index 0 has no predicted structure, starting ESMfold.
2024-10-08 11:01:57 - DEBUG - Run ESMfold for index 0.
2024-10-08 11:01:57 - DEBUG - Your job 1620131 ("REF_ESMfold_0") has been submitted
2024-10-08 11:01:58 - DEBUG - Updating scores
2024-10-08 11:01:58 - DEBUG - Starting new calculation for index 3.
2024-10-08 11:01:58 - INFO - Index 3 has no predicted structure, starting ESMfold.
2024-10-08 11:01:58 - DEBUG - Run ESMfold for index 3.
2024-10-08 11:01:58 - DEBUG - Your job 1620132 ("REF_ESMfold_3") has been submitted
2024-10-08 11:02:18 - DEBUG - Updating scores
2024-10-08 11:02:18 - DEBUG - Starting new calculation for index 4.
2024-10-08 11:02:18 - INFO - Index 4 has no predicted structure, starting ESMfold.
2024-10-08 11:02:18 - DEBUG - Run ESMfold for index 4.
2024-10-08 11:02:18 - DEBUG - Your job 1620134 ("REF_ESMfold_4") has been submitted
2024-10-08 11:02:18 - DEBUG - Updating scores
2024-10-08 11:02:18 - DEBUG - Starting new calculation for index 7.
2024-10-08 11:02:18 - INFO - Index 7 has no predicted structure, starting ESMfold.
2024-10-08 11:02:18 - DEBUG - Run ESMfold for index 7.
2024-10-08 11:02:18 - DEBUG - Your job 1620135 ("REF_ESMfold_7") has been submitted
