2024-11-05 10:56:12 - DEBUG - Updating scores
2024-11-05 10:56:12 - DEBUG - Parent design not yet done. 1/10 jobs submitted.
2024-11-05 10:56:12 - DEBUG - Child index 0 created for Parent.
2024-11-05 10:56:12 - DEBUG - Run RosettaDesign for index 0 based on index 0.
2024-11-05 10:56:12 - DEBUG - Calculating ElectricFields for index 0.
2024-11-05 10:56:12 - DEBUG - Your job 1676321 ("Ref_RosettaDesign_ElectricFields_0") has been submitted
2024-11-05 10:56:12 - DEBUG - Updating scores
2024-11-05 10:56:12 - DEBUG - Parent design not yet done. 2/10 jobs submitted.
2024-11-05 10:56:12 - DEBUG - Child index 1 created for Parent.
2024-11-05 10:56:12 - DEBUG - Run RosettaDesign for index 1 based on index 1.
2024-11-05 10:56:13 - DEBUG - Calculating ElectricFields for index 1.
2024-11-05 10:56:13 - DEBUG - Your job 1676322 ("Ref_RosettaDesign_ElectricFields_1") has been submitted
2024-11-05 10:56:13 - DEBUG - Updating scores
2024-11-05 10:56:13 - DEBUG - Parent design not yet done. 3/10 jobs submitted.
2024-11-05 10:56:13 - DEBUG - Child index 2 created for Parent.
2024-11-05 10:56:13 - DEBUG - Run RosettaDesign for index 2 based on index 2.
2024-11-05 10:56:13 - DEBUG - Calculating ElectricFields for index 2.
2024-11-05 10:56:13 - DEBUG - Your job 1676324 ("Ref_RosettaDesign_ElectricFields_2") has been submitted
2024-11-05 10:56:53 - DEBUG - Updating scores
2024-11-05 10:56:53 - DEBUG - Parent design not yet done. 4/10 jobs submitted.
2024-11-05 10:56:53 - DEBUG - Child index 3 created for Parent.
2024-11-05 10:56:53 - DEBUG - Run RosettaDesign for index 3 based on index 3.
2024-11-05 10:56:53 - DEBUG - Calculating ElectricFields for index 3.
2024-11-05 10:56:53 - DEBUG - Your job 1676329 ("Ref_RosettaDesign_ElectricFields_3") has been submitted
2024-11-05 10:56:53 - DEBUG - Updating scores
2024-11-05 10:56:53 - DEBUG - Parent design not yet done. 5/10 jobs submitted.
2024-11-05 10:56:53 - DEBUG - Child index 4 created for Parent.
2024-11-05 10:56:53 - DEBUG - Run RosettaDesign for index 4 based on index 4.
2024-11-05 10:56:53 - DEBUG - Calculating ElectricFields for index 4.
2024-11-05 10:56:54 - DEBUG - Your job 1676330 ("Ref_RosettaDesign_ElectricFields_4") has been submitted
2024-11-05 10:57:14 - DEBUG - Updating scores
2024-11-05 10:57:14 - DEBUG - Parent design not yet done. 6/10 jobs submitted.
2024-11-05 10:57:14 - DEBUG - Child index 5 created for Parent.
2024-11-05 10:57:14 - DEBUG - Run RosettaDesign for index 5 based on index 5.
2024-11-05 10:57:14 - DEBUG - Calculating ElectricFields for index 5.
2024-11-05 10:57:14 - DEBUG - Your job 1676332 ("Ref_RosettaDesign_ElectricFields_5") has been submitted
2024-11-05 10:57:14 - DEBUG - Updating scores
2024-11-05 10:57:14 - DEBUG - Parent design not yet done. 7/10 jobs submitted.
2024-11-05 10:57:14 - DEBUG - Child index 6 created for Parent.
2024-11-05 10:57:14 - DEBUG - Run RosettaDesign for index 6 based on index 6.
2024-11-05 10:57:14 - DEBUG - Calculating ElectricFields for index 6.
2024-11-05 10:57:14 - DEBUG - Your job 1676333 ("Ref_RosettaDesign_ElectricFields_6") has been submitted
2024-11-05 10:57:55 - DEBUG - Updating scores
2024-11-05 10:57:55 - DEBUG - Parent design not yet done. 8/10 jobs submitted.
2024-11-05 10:57:55 - DEBUG - Child index 7 created for Parent.
2024-11-05 10:57:55 - DEBUG - Run RosettaDesign for index 7 based on index 7.
2024-11-05 10:57:55 - DEBUG - Calculating ElectricFields for index 7.
2024-11-05 10:57:55 - DEBUG - Your job 1676338 ("Ref_RosettaDesign_ElectricFields_7") has been submitted
2024-11-05 10:57:55 - DEBUG - Updating scores
2024-11-05 10:57:55 - DEBUG - Parent design not yet done. 9/10 jobs submitted.
2024-11-05 10:57:55 - DEBUG - Child index 8 created for Parent.
2024-11-05 10:57:55 - DEBUG - Run RosettaDesign for index 8 based on index 8.
2024-11-05 10:57:55 - DEBUG - Calculating ElectricFields for index 8.
2024-11-05 10:57:55 - DEBUG - Your job 1676339 ("Ref_RosettaDesign_ElectricFields_8") has been submitted
2024-11-05 10:57:55 - DEBUG - Updating scores
2024-11-05 10:57:55 - DEBUG - Parent design not yet done. 10/10 jobs submitted.
2024-11-05 10:57:55 - DEBUG - Child index 9 created for Parent.
2024-11-05 10:57:55 - DEBUG - Run RosettaDesign for index 9 based on index 9.
2024-11-05 10:57:55 - DEBUG - Calculating ElectricFields for index 9.
2024-11-05 10:57:55 - DEBUG - Your job 1676340 ("Ref_RosettaDesign_ElectricFields_9") has been submitted
2024-11-05 10:57:55 - DEBUG - Updating scores
2024-11-05 10:57:55 - DEBUG - Starting new calculation for index 0.
2024-11-05 10:57:55 - INFO - Index 0 has no predicted structure, starting ESMfold.
2024-11-05 10:57:55 - DEBUG - Run ESMfold for index 0.
2024-11-05 10:57:55 - DEBUG - Your job 1676341 ("Ref_ESMfold_0") has been submitted
2024-11-05 10:58:16 - DEBUG - Updating scores
2024-11-05 10:58:16 - DEBUG - Starting new calculation for index 1.
2024-11-05 10:58:16 - INFO - Index 1 has no predicted structure, starting ESMfold.
2024-11-05 10:58:16 - DEBUG - Run ESMfold for index 1.
2024-11-05 10:58:16 - DEBUG - Your job 1676343 ("Ref_ESMfold_1") has been submitted
