
CPPTRAJ: Trajectory Analysis. V4.14.0 (AmberTools V19.10)
    ___  ___  ___  ___
     | \/ | \/ | \/ | 
    _|_/\_|_/\_|_/\_|_

| Date/time: 10/19/24 14:59:28
| Available memory: 1.054 TB

INPUT: Reading input from '/home/bunzelh/AIzymes/design/VD/241016_VD_KSI_pos/52/RosettaRelax/1ohp_52_CPPTraj_lig.in'
  [parm /home/bunzelh/AIzymes/design/VD/241016_VD_KSI_pos/52/1ohp_RosettaDesign_52.pdb]
	Reading '/home/bunzelh/AIzymes/design/VD/241016_VD_KSI_pos/52/1ohp_RosettaDesign_52.pdb' as PDB File
	Reading bond info from CONECT records.
	Not reading bond info from LINK records.
	Determining bond info from distances.
Warning: 1ohp_RosettaDesign_52.pdb: Determining default bond distances from element types.
  [trajin /home/bunzelh/AIzymes/design/VD/241016_VD_KSI_pos/52/1ohp_RosettaDesign_52.pdb]
	Reading '/home/bunzelh/AIzymes/design/VD/241016_VD_KSI_pos/52/1ohp_RosettaDesign_52.pdb' as PDB
  [strip !:5TS]
    STRIP: Stripping atoms in mask [!:5TS]
  [trajout /home/bunzelh/AIzymes/design/VD/241016_VD_KSI_pos/52/RosettaRelax/1ohp_52_lig.pdb]
	Writing '/home/bunzelh/AIzymes/design/VD/241016_VD_KSI_pos/52/RosettaRelax/1ohp_52_lig.pdb' as PDB
---------- RUN BEGIN -------------------------------------------------

PARAMETER FILES (1 total):
 0: 1ohp_RosettaDesign_52.pdb, 1942 atoms, 126 res, box: None, 2 mol

INPUT TRAJECTORIES (1 total):
 0: '1ohp_RosettaDesign_52.pdb' is a PDB file, Parm 1ohp_RosettaDesign_52.pdb (reading 1 of 1)
  Coordinate processing will occur on 1 frames.

OUTPUT TRAJECTORIES (1 total):
  '1ohp_52_lig.pdb' (1 frames) is a PDB file

BEGIN TRAJECTORY PROCESSING:
.....................................................
ACTION SETUP FOR PARM '1ohp_RosettaDesign_52.pdb' (1 actions):
  0: [strip !:5TS]
	Stripping 1926 atoms.
	Stripped topology: 16 atoms, 1 res, box: None, 1 mol
.....................................................
ACTIVE OUTPUT TRAJECTORIES (1):
  /home/bunzelh/AIzymes/design/VD/241016_VD_KSI_pos/52/RosettaRelax/1ohp_52_lig.pdb (coordinates)
----- 1ohp_RosettaDesign_52.pdb (1-1, 1) -----
100% Complete.

Read 1 frames and processed 1 frames.
TIME: Avg. throughput= 0.1878 frames / second.

ACTION OUTPUT:
TIME: Analyses took 0.0000 seconds.

RUN TIMING:
TIME:		Init               : 0.0000 s (  0.00%)
TIME:		Trajectory Process : 5.3238 s ( 99.98%)
TIME:		Action Post        : 0.0000 s (  0.00%)
TIME:		Analysis           : 0.0000 s (  0.00%)
TIME:		Data File Write    : 0.0000 s (  0.00%)
TIME:		Other              : 0.0010 s (  0.00%)
TIME:	Run Total 5.3249 s
---------- RUN END ---------------------------------------------------
TIME: Total execution time: 42.4731 seconds.
--------------------------------------------------------------------------------
To cite CPPTRAJ use:
Daniel R. Roe and Thomas E. Cheatham, III, "PTRAJ and CPPTRAJ: Software for
  Processing and Analysis of Molecular Dynamics Trajectory Data". J. Chem.
  Theory Comput., 2013, 9 (7), pp 3084-3095.

